#! /usr/bin/vvp
:ivl_version "10.3 (stable)";
:ivl_delay_selection "TYPICAL";
:vpi_time_precision - 9;
:vpi_module "system";
:vpi_module "vhdl_sys";
:vpi_module "v2005_math";
:vpi_module "va_math";
S_0x5561cf149a50 .scope module, "testbench" "testbench" 2 9;
 .timescale -9 -9;
v0x5561cf1e7d30_0 .var "clock_tb", 0 0;
v0x5561cf1e7df0_0 .net "exp_dif_tb", 7 0, L_0x5561cf1e8ae0;  1 drivers
v0x5561cf1e7eb0_0 .var "operando_a_tb", 31 0;
v0x5561cf1e7f50_0 .var "operando_b_tb", 31 0;
v0x5561cf1e8020_0 .net "resultado_tb", 31 0, L_0x5561cf1e9060;  1 drivers
v0x5561cf1e8110_0 .net "round_fract_tb", 26 0, L_0x5561cf1e8d20;  1 drivers
v0x5561cf1e81e0_0 .var "sinalIncOrDec_tb", 8 0;
v0x5561cf1e82d0_0 .var "sinalMuxFP1_tb", 0 0;
v0x5561cf1e83c0_0 .var "sinalMuxFP2_tb", 0 0;
v0x5561cf1e8460_0 .var "sinalMuxFP3_tb", 0 0;
v0x5561cf1e8550_0 .var "sinalMuxFP4_tb", 0 0;
v0x5561cf1e8640_0 .var "sinalMuxFP5_tb", 0 0;
v0x5561cf1e8730_0 .var "sinalRound_tb", 0 0;
v0x5561cf1e8820_0 .var "sinalShiftFract_tb", 7 0;
v0x5561cf1e8910_0 .var "sinalShiftRes_tb", 8 0;
v0x5561cf1e8a20_0 .net "ula_tb", 26 0, L_0x5561cf1e8c10;  1 drivers
S_0x5561cf149690 .scope module, "fd" "fd" 2 23, 3 1 0, S_0x5561cf149a50;
 .timescale 0 0;
    .port_info 0 /INPUT 1 "clock"
    .port_info 1 /INPUT 32 "operando_a"
    .port_info 2 /INPUT 32 "operando_b"
    .port_info 3 /INPUT 1 "sinalMuxFP1"
    .port_info 4 /INPUT 1 "sinalMuxFP2"
    .port_info 5 /INPUT 1 "sinalMuxFP3"
    .port_info 6 /INPUT 1 "sinalMuxFP4"
    .port_info 7 /INPUT 1 "sinalMuxFP5"
    .port_info 8 /INPUT 8 "sinalShiftFract"
    .port_info 9 /INPUT 9 "sinalShiftRes"
    .port_info 10 /INPUT 9 "sinalIncOrDec"
    .port_info 11 /INPUT 1 "sinalRound"
    .port_info 12 /OUTPUT 8 "exp_dif"
    .port_info 13 /OUTPUT 27 "ula"
    .port_info 14 /OUTPUT 27 "round_fract"
    .port_info 15 /OUTPUT 32 "resultado"
L_0x5561cf1e8ae0 .functor BUFZ 8, v0x5561cf1d8530_0, C4<00000000>, C4<00000000>, C4<00000000>;
v0x5561cf1e5340_0 .net *"_s11", 22 0, L_0x5561cf1e8fc0;  1 drivers
v0x5561cf1e5420_0 .net *"_s23", 0 0, L_0x5561cf1ea380;  1 drivers
L_0x7fd315dca210 .functor BUFT 1, C4<1>, C4<0>, C4<0>, C4<0>;
v0x5561cf1e5500_0 .net/2u *"_s24", 0 0, L_0x7fd315dca210;  1 drivers
v0x5561cf1e55f0_0 .net *"_s27", 22 0, L_0x5561cf1ea510;  1 drivers
v0x5561cf1e56d0_0 .net *"_s31", 0 0, L_0x5561cf1ea760;  1 drivers
L_0x7fd315dca258 .functor BUFT 1, C4<1>, C4<0>, C4<0>, C4<0>;
v0x5561cf1e57b0_0 .net/2u *"_s32", 0 0, L_0x7fd315dca258;  1 drivers
v0x5561cf1e5890_0 .net *"_s35", 22 0, L_0x5561cf1ea920;  1 drivers
v0x5561cf1e5970_0 .net *"_s39", 0 0, L_0x5561cf1eacc0;  1 drivers
L_0x7fd315dca2e8 .functor BUFT 1, C4<1>, C4<0>, C4<0>, C4<0>;
v0x5561cf1e5a50_0 .net/2u *"_s40", 0 0, L_0x7fd315dca2e8;  1 drivers
v0x5561cf1e5b30_0 .net *"_s43", 22 0, L_0x5561cf1eadf0;  1 drivers
v0x5561cf1e5c10_0 .net *"_s47", 0 0, L_0x5561cf1eb110;  1 drivers
L_0x7fd315dca330 .functor BUFT 1, C4<1>, C4<0>, C4<0>, C4<0>;
v0x5561cf1e5cf0_0 .net/2u *"_s48", 0 0, L_0x7fd315dca330;  1 drivers
v0x5561cf1e5dd0_0 .net *"_s51", 22 0, L_0x5561cf1eb1b0;  1 drivers
L_0x7fd315dcacc0 .functor BUFT 1, C4<1>, C4<0>, C4<0>, C4<0>;
v0x5561cf1e5eb0_0 .net/2u *"_s54", 0 0, L_0x7fd315dcacc0;  1 drivers
L_0x7fd315dca018 .functor BUFT 1, C4<0>, C4<0>, C4<0>, C4<0>;
v0x5561cf1e5f90_0 .net *"_s7", 0 0, L_0x7fd315dca018;  1 drivers
v0x5561cf1e6070_0 .net *"_s9", 0 0, L_0x5561cf1e8ed0;  1 drivers
v0x5561cf1e6150_0 .net "clock", 0 0, v0x5561cf1e7d30_0;  1 drivers
v0x5561cf1e61f0_0 .net "exp_dif", 7 0, L_0x5561cf1e8ae0;  alias, 1 drivers
v0x5561cf1e62d0_0 .net "mux1_out", 7 0, L_0x5561cf1e9bb0;  1 drivers
v0x5561cf1e63e0_0 .net "mux2_out", 27 0, L_0x5561cf1ea1f0;  1 drivers
v0x5561cf1e64f0_0 .net "mux3_out", 24 0, L_0x5561cf1eabd0;  1 drivers
v0x5561cf1e6600_0 .net "mux4_out", 7 0, L_0x5561cf2038c0;  1 drivers
v0x5561cf1e6710_0 .net "mux5_out", 27 0, L_0x5561cf203510;  1 drivers
v0x5561cf1e6820_0 .net "operando_a", 31 0, v0x5561cf1e7eb0_0;  1 drivers
v0x5561cf1e6900_0 .net "operando_b", 31 0, v0x5561cf1e7f50_0;  1 drivers
v0x5561cf1e69e0_0 .net "reg_exp_out", 7 0, v0x5561cf1d8530_0;  1 drivers
v0x5561cf1e6aa0_0 .net "resultado", 31 0, L_0x5561cf1e9060;  alias, 1 drivers
v0x5561cf1e6b60_0 .net "round_exp_out", 7 0, v0x5561cf1daf50_0;  1 drivers
v0x5561cf1e6c70_0 .net "round_fract", 26 0, L_0x5561cf1e8d20;  alias, 1 drivers
v0x5561cf1e6d50_0 .net "round_fract_out", 25 0, v0x5561cf1db0e0_0;  1 drivers
v0x5561cf1e6e10_0 .net "shift_res_out", 27 0, L_0x5561cf204d80;  1 drivers
v0x5561cf1e6eb0_0 .net "shift_right_out", 27 0, L_0x5561cf1ff640;  1 drivers
v0x5561cf1e6fa0_0 .net "sinalIncOrDec", 8 0, v0x5561cf1e81e0_0;  1 drivers
v0x5561cf1e7270_0 .net "sinalMuxFP1", 0 0, v0x5561cf1e82d0_0;  1 drivers
v0x5561cf1e7310_0 .net "sinalMuxFP2", 0 0, v0x5561cf1e83c0_0;  1 drivers
v0x5561cf1e73b0_0 .net "sinalMuxFP3", 0 0, v0x5561cf1e8460_0;  1 drivers
v0x5561cf1e7450_0 .net "sinalMuxFP4", 0 0, v0x5561cf1e8550_0;  1 drivers
v0x5561cf1e74f0_0 .net "sinalMuxFP5", 0 0, v0x5561cf1e8640_0;  1 drivers
v0x5561cf1e7590_0 .net "sinalRound", 0 0, v0x5561cf1e8730_0;  1 drivers
v0x5561cf1e7660_0 .net "sinalShiftFract", 7 0, v0x5561cf1e8820_0;  1 drivers
v0x5561cf1e7730_0 .net "sinalShiftRes", 8 0, v0x5561cf1e8910_0;  1 drivers
v0x5561cf1e7800_0 .net "ula", 26 0, L_0x5561cf1e8c10;  alias, 1 drivers
v0x5561cf1e78a0_0 .net "ula_exp_one_out", 7 0, L_0x5561cf203e40;  1 drivers
v0x5561cf1e7990_0 .net "ula_exp_out", 7 0, L_0x5561cf1e94e0;  1 drivers
v0x5561cf1e7a80_0 .net "ula_out", 27 0, L_0x5561cf2033d0;  1 drivers
L_0x5561cf1e8c10 .part L_0x5561cf2033d0, 0, 27;
L_0x5561cf1e8d20 .concat [ 26 1 0 0], v0x5561cf1db0e0_0, L_0x7fd315dca018;
L_0x5561cf1e8ed0 .part L_0x5561cf204d80, 27, 1;
L_0x5561cf1e8fc0 .part v0x5561cf1db0e0_0, 3, 23;
L_0x5561cf1e9060 .concat [ 23 8 1 0], L_0x5561cf1e8fc0, v0x5561cf1daf50_0, L_0x5561cf1e8ed0;
L_0x5561cf1e9670 .part v0x5561cf1e7f50_0, 23, 8;
L_0x5561cf1e97e0 .part v0x5561cf1e7eb0_0, 23, 8;
L_0x5561cf1e9d40 .part v0x5561cf1e7eb0_0, 23, 8;
L_0x5561cf1e9e80 .part v0x5561cf1e7f50_0, 23, 8;
L_0x5561cf1ea380 .part v0x5561cf1e7eb0_0, 31, 1;
L_0x5561cf1ea510 .part v0x5561cf1e7eb0_0, 0, 23;
L_0x5561cf1ea5b0 .concat [ 23 1 1 0], L_0x5561cf1ea510, L_0x7fd315dca210, L_0x5561cf1ea380;
L_0x5561cf1ea760 .part v0x5561cf1e7f50_0, 31, 1;
L_0x5561cf1ea920 .part v0x5561cf1e7f50_0, 0, 23;
L_0x5561cf1eaa40 .concat [ 23 1 1 0], L_0x5561cf1ea920, L_0x7fd315dca258, L_0x5561cf1ea760;
L_0x5561cf1eacc0 .part v0x5561cf1e7eb0_0, 31, 1;
L_0x5561cf1eadf0 .part v0x5561cf1e7eb0_0, 0, 23;
L_0x5561cf1eae90 .concat [ 23 1 1 0], L_0x5561cf1eadf0, L_0x7fd315dca2e8, L_0x5561cf1eacc0;
L_0x5561cf1eb110 .part v0x5561cf1e7f50_0, 31, 1;
L_0x5561cf1eb1b0 .part v0x5561cf1e7f50_0, 0, 23;
L_0x5561cf1eb070 .concat [ 23 1 1 0], L_0x5561cf1eb1b0, L_0x7fd315dca330, L_0x5561cf1eb110;
L_0x5561cf203600 .concat [ 27 1 0 0], L_0x5561cf1e8d20, L_0x7fd315dcacc0;
L_0x5561cf207360 .part L_0x5561cf204d80, 1, 26;
S_0x5561cf14c020 .scope module, "mux_fp1" "MuxFP1" 3 47, 3 229 0, S_0x5561cf149690;
 .timescale 0 0;
    .port_info 0 /INPUT 8 "exp1"
    .port_info 1 /INPUT 8 "exp2"
    .port_info 2 /INPUT 1 "sinalMuxFP1"
    .port_info 3 /OUTPUT 8 "greatestExp"
L_0x7fd315dca060 .functor BUFT 1, C4<0>, C4<0>, C4<0>, C4<0>;
L_0x5561cf1e9330 .functor XNOR 1, v0x5561cf1e82d0_0, L_0x7fd315dca060, C4<0>, C4<0>;
v0x5561cf1b51c0_0 .net/2u *"_s0", 0 0, L_0x7fd315dca060;  1 drivers
v0x5561cf1d5530_0 .net *"_s10", 7 0, L_0x5561cf1e9ac0;  1 drivers
v0x5561cf1d5610_0 .net *"_s2", 0 0, L_0x5561cf1e9330;  1 drivers
L_0x7fd315dca0a8 .functor BUFT 1, C4<00000001>, C4<0>, C4<0>, C4<0>;
v0x5561cf1d56b0_0 .net/2u *"_s4", 7 0, L_0x7fd315dca0a8;  1 drivers
v0x5561cf1d5790_0 .net *"_s6", 7 0, L_0x5561cf1e9960;  1 drivers
L_0x7fd315dca0f0 .functor BUFT 1, C4<00000001>, C4<0>, C4<0>, C4<0>;
v0x5561cf1d58c0_0 .net/2u *"_s8", 7 0, L_0x7fd315dca0f0;  1 drivers
v0x5561cf1d59a0_0 .net "exp1", 7 0, L_0x5561cf1e9d40;  1 drivers
v0x5561cf1d5a80_0 .net "exp2", 7 0, L_0x5561cf1e9e80;  1 drivers
v0x5561cf1d5b60_0 .net "greatestExp", 7 0, L_0x5561cf1e9bb0;  alias, 1 drivers
v0x5561cf1d5c40_0 .net "sinalMuxFP1", 0 0, v0x5561cf1e82d0_0;  alias, 1 drivers
L_0x5561cf1e9960 .arith/sum 8, L_0x5561cf1e9d40, L_0x7fd315dca0a8;
L_0x5561cf1e9ac0 .arith/sum 8, L_0x5561cf1e9e80, L_0x7fd315dca0f0;
L_0x5561cf1e9bb0 .functor MUXZ 8, L_0x5561cf1e9ac0, L_0x5561cf1e9960, L_0x5561cf1e9330, C4<>;
S_0x5561cf1d5d80 .scope module, "mux_fp2" "MuxFP2" 3 54, 3 240 0, S_0x5561cf149690;
 .timescale 0 0;
    .port_info 0 /INPUT 25 "fraction1"
    .port_info 1 /INPUT 25 "fraction2"
    .port_info 2 /INPUT 1 "sinalMuxFP2"
    .port_info 3 /OUTPUT 28 "biggerNumber"
L_0x7fd315dca138 .functor BUFT 1, C4<0>, C4<0>, C4<0>, C4<0>;
L_0x5561cf1e9a00 .functor XNOR 1, v0x5561cf1e83c0_0, L_0x7fd315dca138, C4<0>, C4<0>;
v0x5561cf1d5f90_0 .net/2u *"_s0", 0 0, L_0x7fd315dca138;  1 drivers
v0x5561cf1d6070_0 .net *"_s10", 27 0, L_0x5561cf1ea100;  1 drivers
v0x5561cf1d6150_0 .net *"_s2", 0 0, L_0x5561cf1e9a00;  1 drivers
L_0x7fd315dca180 .functor BUFT 1, C4<000>, C4<0>, C4<0>, C4<0>;
v0x5561cf1d61f0_0 .net/2u *"_s4", 2 0, L_0x7fd315dca180;  1 drivers
v0x5561cf1d62d0_0 .net *"_s6", 27 0, L_0x5561cf1ea010;  1 drivers
L_0x7fd315dca1c8 .functor BUFT 1, C4<000>, C4<0>, C4<0>, C4<0>;
v0x5561cf1d6400_0 .net/2u *"_s8", 2 0, L_0x7fd315dca1c8;  1 drivers
v0x5561cf1d64e0_0 .net "biggerNumber", 27 0, L_0x5561cf1ea1f0;  alias, 1 drivers
v0x5561cf1d65c0_0 .net "fraction1", 24 0, L_0x5561cf1ea5b0;  1 drivers
v0x5561cf1d66a0_0 .net "fraction2", 24 0, L_0x5561cf1eaa40;  1 drivers
v0x5561cf1d6780_0 .net "sinalMuxFP2", 0 0, v0x5561cf1e83c0_0;  alias, 1 drivers
L_0x5561cf1ea010 .concat [ 3 25 0 0], L_0x7fd315dca180, L_0x5561cf1ea5b0;
L_0x5561cf1ea100 .concat [ 3 25 0 0], L_0x7fd315dca1c8, L_0x5561cf1eaa40;
L_0x5561cf1ea1f0 .functor MUXZ 28, L_0x5561cf1ea100, L_0x5561cf1ea010, L_0x5561cf1e9a00, C4<>;
S_0x5561cf1d68c0 .scope module, "mux_fp3" "MuxFP3" 3 61, 3 251 0, S_0x5561cf149690;
 .timescale 0 0;
    .port_info 0 /INPUT 25 "fraction1"
    .port_info 1 /INPUT 25 "fraction2"
    .port_info 2 /INPUT 1 "sinalMuxFP3"
    .port_info 3 /OUTPUT 25 "smallerNumber"
L_0x7fd315dca2a0 .functor BUFT 1, C4<0>, C4<0>, C4<0>, C4<0>;
L_0x5561cf1ea6f0 .functor XNOR 1, v0x5561cf1e8460_0, L_0x7fd315dca2a0, C4<0>, C4<0>;
v0x5561cf1d6ab0_0 .net/2u *"_s0", 0 0, L_0x7fd315dca2a0;  1 drivers
v0x5561cf1d6b90_0 .net *"_s2", 0 0, L_0x5561cf1ea6f0;  1 drivers
v0x5561cf1d6c50_0 .net "fraction1", 24 0, L_0x5561cf1eae90;  1 drivers
v0x5561cf1d6d10_0 .net "fraction2", 24 0, L_0x5561cf1eb070;  1 drivers
v0x5561cf1d6df0_0 .net "sinalMuxFP3", 0 0, v0x5561cf1e8460_0;  alias, 1 drivers
v0x5561cf1d6f00_0 .net "smallerNumber", 24 0, L_0x5561cf1eabd0;  alias, 1 drivers
L_0x5561cf1eabd0 .functor MUXZ 25, L_0x5561cf1eb070, L_0x5561cf1eae90, L_0x5561cf1ea6f0, C4<>;
S_0x5561cf1d7060 .scope module, "mux_fp4" "MuxFP4" 3 87, 3 262 0, S_0x5561cf149690;
 .timescale 0 0;
    .port_info 0 /INPUT 8 "exp1"
    .port_info 1 /INPUT 8 "exp2"
    .port_info 2 /INPUT 1 "sinalMuxFP4"
    .port_info 3 /OUTPUT 8 "exp"
L_0x7fd315dcad08 .functor BUFT 1, C4<0>, C4<0>, C4<0>, C4<0>;
L_0x5561cf203800 .functor XNOR 1, v0x5561cf1e8550_0, L_0x7fd315dcad08, C4<0>, C4<0>;
v0x5561cf1d72a0_0 .net/2u *"_s0", 0 0, L_0x7fd315dcad08;  1 drivers
v0x5561cf1d73a0_0 .net *"_s2", 0 0, L_0x5561cf203800;  1 drivers
v0x5561cf1d7460_0 .net "exp", 7 0, L_0x5561cf2038c0;  alias, 1 drivers
v0x5561cf1d7550_0 .net "exp1", 7 0, L_0x5561cf1e9bb0;  alias, 1 drivers
v0x5561cf1d7640_0 .net "exp2", 7 0, v0x5561cf1daf50_0;  alias, 1 drivers
v0x5561cf1d7750_0 .net "sinalMuxFP4", 0 0, v0x5561cf1e8550_0;  alias, 1 drivers
L_0x5561cf2038c0 .functor MUXZ 8, v0x5561cf1daf50_0, L_0x5561cf1e9bb0, L_0x5561cf203800, C4<>;
S_0x5561cf1d7890 .scope module, "mux_fp5" "MuxFP5" 3 80, 3 273 0, S_0x5561cf149690;
 .timescale 0 0;
    .port_info 0 /INPUT 28 "fraction1"
    .port_info 1 /INPUT 28 "fraction2"
    .port_info 2 /INPUT 1 "sinalMuxFP5"
    .port_info 3 /OUTPUT 28 "fraction"
L_0x7fd315dcac78 .functor BUFT 1, C4<0>, C4<0>, C4<0>, C4<0>;
L_0x5561cf202010 .functor XNOR 1, v0x5561cf1e8640_0, L_0x7fd315dcac78, C4<0>, C4<0>;
v0x5561cf1d7b20_0 .net/2u *"_s0", 0 0, L_0x7fd315dcac78;  1 drivers
v0x5561cf1d7c20_0 .net *"_s2", 0 0, L_0x5561cf202010;  1 drivers
v0x5561cf1d7ce0_0 .net "fraction", 27 0, L_0x5561cf203510;  alias, 1 drivers
v0x5561cf1d7da0_0 .net "fraction1", 27 0, L_0x5561cf2033d0;  alias, 1 drivers
v0x5561cf1d7e80_0 .net "fraction2", 27 0, L_0x5561cf203600;  1 drivers
v0x5561cf1d7fb0_0 .net "sinalMuxFP5", 0 0, v0x5561cf1e8640_0;  alias, 1 drivers
L_0x5561cf203510 .functor MUXZ 28, L_0x5561cf203600, L_0x5561cf2033d0, L_0x5561cf202010, C4<>;
S_0x5561cf1d80f0 .scope module, "registrador" "registrador" 3 40, 3 150 0, S_0x5561cf149690;
 .timescale 0 0;
    .port_info 0 /INPUT 1 "clock"
    .port_info 1 /INPUT 8 "data_in"
    .port_info 2 /OUTPUT 8 "data_out"
v0x5561cf1d8370_0 .net "clock", 0 0, v0x5561cf1e7d30_0;  alias, 1 drivers
v0x5561cf1d8450_0 .net "data_in", 7 0, L_0x5561cf1e94e0;  alias, 1 drivers
v0x5561cf1d8530_0 .var "data_out", 7 0;
E_0x5561cf16d040 .event posedge, v0x5561cf1d8370_0;
S_0x5561cf1d8670 .scope module, "round" "round" 3 108, 3 120 0, S_0x5561cf149690;
 .timescale 0 0;
    .port_info 0 /INPUT 8 "exp_inicial"
    .port_info 1 /INPUT 26 "fract_inicial"
    .port_info 2 /OUTPUT 8 "exp_final"
    .port_info 3 /OUTPUT 26 "fract_final"
    .port_info 4 /INPUT 1 "sinal"
    .port_info 5 /INPUT 1 "clock"
L_0x7fd315dcb0f8 .functor BUFT 1, C4<1>, C4<0>, C4<0>, C4<0>;
L_0x5561cf205ca0 .functor XNOR 1, L_0x5561cf206320, L_0x7fd315dcb0f8, C4<0>, C4<0>;
L_0x5561cf204bd0 .functor AND 1, L_0x5561cf2061e0, L_0x5561cf205ca0, C4<1>, C4<1>;
v0x5561cf1d88e0_0 .net *"_s1", 2 0, L_0x5561cf204f90;  1 drivers
v0x5561cf1d89c0_0 .net *"_s10", 22 0, L_0x5561cf205260;  1 drivers
L_0x7fd315dcaeb8 .functor BUFT 1, C4<000>, C4<0>, C4<0>, C4<0>;
v0x5561cf1d8aa0_0 .net/2u *"_s12", 2 0, L_0x7fd315dcaeb8;  1 drivers
v0x5561cf1d8b90_0 .net *"_s14", 25 0, L_0x5561cf2053a0;  1 drivers
v0x5561cf1d8c70_0 .net *"_s17", 2 0, L_0x5561cf2054e0;  1 drivers
L_0x7fd315dcaf00 .functor BUFT 1, C4<101>, C4<0>, C4<0>, C4<0>;
v0x5561cf1d8da0_0 .net/2u *"_s18", 2 0, L_0x7fd315dcaf00;  1 drivers
L_0x7fd315dcae28 .functor BUFT 1, C4<111>, C4<0>, C4<0>, C4<0>;
v0x5561cf1d8e80_0 .net/2u *"_s2", 2 0, L_0x7fd315dcae28;  1 drivers
v0x5561cf1d8f60_0 .net *"_s20", 0 0, L_0x5561cf2055c0;  1 drivers
v0x5561cf1d9020_0 .net *"_s23", 22 0, L_0x5561cf205700;  1 drivers
L_0x7fd315dcaf48 .functor BUFT 1, C4<00000000000000000000001>, C4<0>, C4<0>, C4<0>;
v0x5561cf1d9190_0 .net/2u *"_s24", 22 0, L_0x7fd315dcaf48;  1 drivers
v0x5561cf1d9270_0 .net *"_s26", 22 0, L_0x5561cf205880;  1 drivers
L_0x7fd315dcaf90 .functor BUFT 1, C4<000>, C4<0>, C4<0>, C4<0>;
v0x5561cf1d9350_0 .net/2u *"_s28", 2 0, L_0x7fd315dcaf90;  1 drivers
v0x5561cf1d9430_0 .net *"_s30", 25 0, L_0x5561cf205970;  1 drivers
v0x5561cf1d9510_0 .net *"_s33", 2 0, L_0x5561cf205b10;  1 drivers
L_0x7fd315dcafd8 .functor BUFT 1, C4<110>, C4<0>, C4<0>, C4<0>;
v0x5561cf1d95f0_0 .net/2u *"_s34", 2 0, L_0x7fd315dcafd8;  1 drivers
v0x5561cf1d96d0_0 .net *"_s36", 0 0, L_0x5561cf205bb0;  1 drivers
v0x5561cf1d9790_0 .net *"_s39", 22 0, L_0x5561cf205d10;  1 drivers
v0x5561cf1d9870_0 .net *"_s4", 0 0, L_0x5561cf205030;  1 drivers
L_0x7fd315dcb020 .functor BUFT 1, C4<00000000000000000000001>, C4<0>, C4<0>, C4<0>;
v0x5561cf1d9930_0 .net/2u *"_s40", 22 0, L_0x7fd315dcb020;  1 drivers
v0x5561cf1d9a10_0 .net *"_s42", 22 0, L_0x5561cf205db0;  1 drivers
L_0x7fd315dcb068 .functor BUFT 1, C4<000>, C4<0>, C4<0>, C4<0>;
v0x5561cf1d9af0_0 .net/2u *"_s44", 2 0, L_0x7fd315dcb068;  1 drivers
v0x5561cf1d9bd0_0 .net *"_s46", 25 0, L_0x5561cf205f70;  1 drivers
v0x5561cf1d9cb0_0 .net *"_s49", 2 0, L_0x5561cf2060b0;  1 drivers
L_0x7fd315dcb0b0 .functor BUFT 1, C4<100>, C4<0>, C4<0>, C4<0>;
v0x5561cf1d9d90_0 .net/2u *"_s50", 2 0, L_0x7fd315dcb0b0;  1 drivers
v0x5561cf1d9e70_0 .net *"_s52", 0 0, L_0x5561cf2061e0;  1 drivers
v0x5561cf1d9f30_0 .net *"_s55", 0 0, L_0x5561cf206320;  1 drivers
v0x5561cf1da010_0 .net/2u *"_s56", 0 0, L_0x7fd315dcb0f8;  1 drivers
v0x5561cf1da0f0_0 .net *"_s58", 0 0, L_0x5561cf205ca0;  1 drivers
v0x5561cf1da1b0_0 .net *"_s60", 0 0, L_0x5561cf204bd0;  1 drivers
v0x5561cf1da270_0 .net *"_s63", 22 0, L_0x5561cf2065a0;  1 drivers
L_0x7fd315dcb140 .functor BUFT 1, C4<00000000000000000000001>, C4<0>, C4<0>, C4<0>;
v0x5561cf1da350_0 .net/2u *"_s64", 22 0, L_0x7fd315dcb140;  1 drivers
v0x5561cf1da430_0 .net *"_s66", 22 0, L_0x5561cf206640;  1 drivers
L_0x7fd315dcb188 .functor BUFT 1, C4<000>, C4<0>, C4<0>, C4<0>;
v0x5561cf1da510_0 .net/2u *"_s68", 2 0, L_0x7fd315dcb188;  1 drivers
v0x5561cf1da5f0_0 .net *"_s7", 22 0, L_0x5561cf205170;  1 drivers
v0x5561cf1da6d0_0 .net *"_s70", 25 0, L_0x5561cf2063c0;  1 drivers
v0x5561cf1da7b0_0 .net *"_s73", 22 0, L_0x5561cf2068d0;  1 drivers
L_0x7fd315dcb1d0 .functor BUFT 1, C4<000>, C4<0>, C4<0>, C4<0>;
v0x5561cf1da890_0 .net/2u *"_s74", 2 0, L_0x7fd315dcb1d0;  1 drivers
v0x5561cf1da970_0 .net *"_s76", 25 0, L_0x5561cf206a30;  1 drivers
v0x5561cf1daa50_0 .net *"_s78", 25 0, L_0x5561cf206b70;  1 drivers
L_0x7fd315dcae70 .functor BUFT 1, C4<00000000000000000000001>, C4<0>, C4<0>, C4<0>;
v0x5561cf1dab30_0 .net/2u *"_s8", 22 0, L_0x7fd315dcae70;  1 drivers
v0x5561cf1dac10_0 .net *"_s80", 25 0, L_0x5561cf206dd0;  1 drivers
v0x5561cf1dacf0_0 .net *"_s82", 25 0, L_0x5561cf206f60;  1 drivers
v0x5561cf1dadd0_0 .net "arredondado", 25 0, L_0x5561cf2071d0;  1 drivers
v0x5561cf1daeb0_0 .net "clock", 0 0, v0x5561cf1e7d30_0;  alias, 1 drivers
v0x5561cf1daf50_0 .var "exp_final", 7 0;
v0x5561cf1db020_0 .net "exp_inicial", 7 0, L_0x5561cf203e40;  alias, 1 drivers
v0x5561cf1db0e0_0 .var "fract_final", 25 0;
v0x5561cf1db1c0_0 .net "fract_inicial", 25 0, L_0x5561cf207360;  1 drivers
v0x5561cf1db2a0_0 .net "sinal", 0 0, v0x5561cf1e8730_0;  alias, 1 drivers
L_0x5561cf204f90 .part L_0x5561cf207360, 0, 3;
L_0x5561cf205030 .cmp/eq 3, L_0x5561cf204f90, L_0x7fd315dcae28;
L_0x5561cf205170 .part L_0x5561cf207360, 3, 23;
L_0x5561cf205260 .arith/sum 23, L_0x5561cf205170, L_0x7fd315dcae70;
L_0x5561cf2053a0 .concat [ 3 23 0 0], L_0x7fd315dcaeb8, L_0x5561cf205260;
L_0x5561cf2054e0 .part L_0x5561cf207360, 0, 3;
L_0x5561cf2055c0 .cmp/eq 3, L_0x5561cf2054e0, L_0x7fd315dcaf00;
L_0x5561cf205700 .part L_0x5561cf207360, 3, 23;
L_0x5561cf205880 .arith/sum 23, L_0x5561cf205700, L_0x7fd315dcaf48;
L_0x5561cf205970 .concat [ 3 23 0 0], L_0x7fd315dcaf90, L_0x5561cf205880;
L_0x5561cf205b10 .part L_0x5561cf207360, 0, 3;
L_0x5561cf205bb0 .cmp/eq 3, L_0x5561cf205b10, L_0x7fd315dcafd8;
L_0x5561cf205d10 .part L_0x5561cf207360, 3, 23;
L_0x5561cf205db0 .arith/sum 23, L_0x5561cf205d10, L_0x7fd315dcb020;
L_0x5561cf205f70 .concat [ 3 23 0 0], L_0x7fd315dcb068, L_0x5561cf205db0;
L_0x5561cf2060b0 .part L_0x5561cf207360, 0, 3;
L_0x5561cf2061e0 .cmp/eq 3, L_0x5561cf2060b0, L_0x7fd315dcb0b0;
L_0x5561cf206320 .part L_0x5561cf207360, 3, 1;
L_0x5561cf2065a0 .part L_0x5561cf207360, 3, 23;
L_0x5561cf206640 .arith/sum 23, L_0x5561cf2065a0, L_0x7fd315dcb140;
L_0x5561cf2063c0 .concat [ 3 23 0 0], L_0x7fd315dcb188, L_0x5561cf206640;
L_0x5561cf2068d0 .part L_0x5561cf207360, 3, 23;
L_0x5561cf206a30 .concat [ 3 23 0 0], L_0x7fd315dcb1d0, L_0x5561cf2068d0;
L_0x5561cf206b70 .functor MUXZ 26, L_0x5561cf206a30, L_0x5561cf2063c0, L_0x5561cf204bd0, C4<>;
L_0x5561cf206dd0 .functor MUXZ 26, L_0x5561cf206b70, L_0x5561cf205f70, L_0x5561cf205bb0, C4<>;
L_0x5561cf206f60 .functor MUXZ 26, L_0x5561cf206dd0, L_0x5561cf205970, L_0x5561cf2055c0, C4<>;
L_0x5561cf2071d0 .functor MUXZ 26, L_0x5561cf206f60, L_0x5561cf2053a0, L_0x5561cf205030, C4<>;
S_0x5561cf1db420 .scope module, "shift_fraction" "shift_fraction" 3 68, 3 193 0, S_0x5561cf149690;
 .timescale 0 0;
    .port_info 0 /INPUT 25 "b"
    .port_info 1 /INPUT 8 "sinal"
    .port_info 2 /OUTPUT 28 "res"
v0x5561cf1db610_0 .net *"_s0", 31 0, L_0x5561cf1eb440;  1 drivers
v0x5561cf1db710_0 .net *"_s100", 31 0, L_0x5561cf1fe110;  1 drivers
L_0x7fd315dca840 .functor BUFT 1, C4<000000000000000000000000>, C4<0>, C4<0>, C4<0>;
v0x5561cf1db7f0_0 .net *"_s103", 23 0, L_0x7fd315dca840;  1 drivers
L_0x7fd315dca888 .functor BUFT 1, C4<00000000000000000000000000000010>, C4<0>, C4<0>, C4<0>;
v0x5561cf1db8e0_0 .net/2u *"_s104", 31 0, L_0x7fd315dca888;  1 drivers
v0x5561cf1db9c0_0 .net *"_s106", 31 0, L_0x5561cf1fe320;  1 drivers
v0x5561cf1dbaf0_0 .net *"_s109", 0 0, L_0x5561cf1fe490;  1 drivers
v0x5561cf1dbbd0_0 .net *"_s11", 23 0, L_0x5561cf1fb720;  1 drivers
v0x5561cf1dbcb0_0 .net *"_s110", 31 0, L_0x5561cf1fe1b0;  1 drivers
L_0x7fd315dca8d0 .functor BUFT 1, C4<000000000000000000000000>, C4<0>, C4<0>, C4<0>;
v0x5561cf1dbd90_0 .net *"_s113", 23 0, L_0x7fd315dca8d0;  1 drivers
L_0x7fd315dca918 .functor BUFT 1, C4<00000000000000000000000000000011>, C4<0>, C4<0>, C4<0>;
v0x5561cf1dbe70_0 .net/2u *"_s114", 31 0, L_0x7fd315dca918;  1 drivers
v0x5561cf1dbf50_0 .net *"_s116", 31 0, L_0x5561cf1fead0;  1 drivers
v0x5561cf1dc030_0 .net *"_s119", 0 0, L_0x5561cf1fed50;  1 drivers
v0x5561cf1dc110_0 .net *"_s12", 23 0, L_0x5561cf1fb7c0;  1 drivers
v0x5561cf1dc1f0_0 .net *"_s120", 27 0, L_0x5561cf1fee40;  1 drivers
v0x5561cf1dc2d0_0 .net *"_s122", 27 0, L_0x5561cf1ff1c0;  1 drivers
v0x5561cf1dc3b0_0 .net *"_s124", 27 0, L_0x5561cf1ff350;  1 drivers
L_0x7fd315dca408 .functor BUFT 1, C4<000>, C4<0>, C4<0>, C4<0>;
v0x5561cf1dc490_0 .net/2u *"_s14", 2 0, L_0x7fd315dca408;  1 drivers
v0x5561cf1dc570_0 .net *"_s16", 27 0, L_0x5561cf1fb8f0;  1 drivers
v0x5561cf1dc650_0 .net *"_s18", 31 0, L_0x5561cf1fba70;  1 drivers
L_0x7fd315dca450 .functor BUFT 1, C4<000000000000000000000000>, C4<0>, C4<0>, C4<0>;
v0x5561cf1dc730_0 .net *"_s21", 23 0, L_0x7fd315dca450;  1 drivers
L_0x7fd315dca498 .functor BUFT 1, C4<00000000000000000000000000000001>, C4<0>, C4<0>, C4<0>;
v0x5561cf1dc810_0 .net/2u *"_s22", 31 0, L_0x7fd315dca498;  1 drivers
v0x5561cf1dc8f0_0 .net *"_s24", 0 0, L_0x5561cf1fbb60;  1 drivers
v0x5561cf1dc9b0_0 .net *"_s27", 0 0, L_0x5561cf1fbcf0;  1 drivers
v0x5561cf1dca90_0 .net *"_s29", 23 0, L_0x5561cf1fbd90;  1 drivers
L_0x7fd315dca378 .functor BUFT 1, C4<000000000000000000000000>, C4<0>, C4<0>, C4<0>;
v0x5561cf1dcb70_0 .net *"_s3", 23 0, L_0x7fd315dca378;  1 drivers
v0x5561cf1dcc50_0 .net *"_s30", 23 0, L_0x5561cf1fbe90;  1 drivers
v0x5561cf1dcd30_0 .net *"_s32", 31 0, L_0x5561cf1fbf30;  1 drivers
L_0x7fd315dca4e0 .functor BUFT 1, C4<000000000000000000000000>, C4<0>, C4<0>, C4<0>;
v0x5561cf1dce10_0 .net *"_s35", 23 0, L_0x7fd315dca4e0;  1 drivers
L_0x7fd315dca528 .functor BUFT 1, C4<00000000000000000000000000000001>, C4<0>, C4<0>, C4<0>;
v0x5561cf1dcef0_0 .net/2u *"_s36", 31 0, L_0x7fd315dca528;  1 drivers
v0x5561cf1dcfd0_0 .net *"_s38", 31 0, L_0x5561cf1fc090;  1 drivers
L_0x7fd315dca3c0 .functor BUFT 1, C4<00000000000000000000000000000000>, C4<0>, C4<0>, C4<0>;
v0x5561cf1dd0b0_0 .net/2u *"_s4", 31 0, L_0x7fd315dca3c0;  1 drivers
v0x5561cf1dd190_0 .net *"_s41", 0 0, L_0x5561cf1fc240;  1 drivers
L_0x7fd315dca570 .functor BUFT 1, C4<00>, C4<0>, C4<0>, C4<0>;
v0x5561cf1dd270_0 .net/2u *"_s42", 1 0, L_0x7fd315dca570;  1 drivers
v0x5561cf1dd560_0 .net *"_s44", 27 0, L_0x5561cf1fc4c0;  1 drivers
v0x5561cf1dd640_0 .net *"_s46", 31 0, L_0x5561cf1fc6a0;  1 drivers
L_0x7fd315dca5b8 .functor BUFT 1, C4<000000000000000000000000>, C4<0>, C4<0>, C4<0>;
v0x5561cf1dd720_0 .net *"_s49", 23 0, L_0x7fd315dca5b8;  1 drivers
L_0x7fd315dca600 .functor BUFT 1, C4<00000000000000000000000000000010>, C4<0>, C4<0>, C4<0>;
v0x5561cf1dd800_0 .net/2u *"_s50", 31 0, L_0x7fd315dca600;  1 drivers
v0x5561cf1dd8e0_0 .net *"_s52", 0 0, L_0x5561cf1fc930;  1 drivers
v0x5561cf1dd9a0_0 .net *"_s55", 0 0, L_0x5561cf1fca70;  1 drivers
v0x5561cf1dda80_0 .net *"_s57", 23 0, L_0x5561cf1fcbb0;  1 drivers
v0x5561cf1ddb60_0 .net *"_s58", 23 0, L_0x5561cf1fcc50;  1 drivers
v0x5561cf1ddc40_0 .net *"_s6", 0 0, L_0x5561cf1fb540;  1 drivers
v0x5561cf1ddd00_0 .net *"_s60", 31 0, L_0x5561cf1fcb10;  1 drivers
L_0x7fd315dca648 .functor BUFT 1, C4<000000000000000000000000>, C4<0>, C4<0>, C4<0>;
v0x5561cf1ddde0_0 .net *"_s63", 23 0, L_0x7fd315dca648;  1 drivers
L_0x7fd315dca690 .functor BUFT 1, C4<00000000000000000000000000000001>, C4<0>, C4<0>, C4<0>;
v0x5561cf1ddec0_0 .net/2u *"_s64", 31 0, L_0x7fd315dca690;  1 drivers
v0x5561cf1ddfa0_0 .net *"_s66", 31 0, L_0x5561cf1fce70;  1 drivers
v0x5561cf1de080_0 .net *"_s69", 0 0, L_0x5561cf1fd0a0;  1 drivers
v0x5561cf1de160_0 .net *"_s70", 31 0, L_0x5561cf1fd190;  1 drivers
L_0x7fd315dca6d8 .functor BUFT 1, C4<000000000000000000000000>, C4<0>, C4<0>, C4<0>;
v0x5561cf1de240_0 .net *"_s73", 23 0, L_0x7fd315dca6d8;  1 drivers
L_0x7fd315dca720 .functor BUFT 1, C4<00000000000000000000000000000010>, C4<0>, C4<0>, C4<0>;
v0x5561cf1de320_0 .net/2u *"_s74", 31 0, L_0x7fd315dca720;  1 drivers
v0x5561cf1de400_0 .net *"_s76", 31 0, L_0x5561cf1fd350;  1 drivers
v0x5561cf1de4e0_0 .net *"_s79", 0 0, L_0x5561cf1fd4c0;  1 drivers
L_0x7fd315dca768 .functor BUFT 1, C4<0>, C4<0>, C4<0>, C4<0>;
v0x5561cf1de5c0_0 .net/2u *"_s80", 0 0, L_0x7fd315dca768;  1 drivers
v0x5561cf1de6a0_0 .net *"_s82", 27 0, L_0x5561cf1fd690;  1 drivers
v0x5561cf1de780_0 .net *"_s85", 0 0, L_0x5561cf1fd8c0;  1 drivers
v0x5561cf1de860_0 .net *"_s87", 23 0, L_0x5561cf1fda50;  1 drivers
v0x5561cf1de940_0 .net *"_s88", 23 0, L_0x5561cf1fdaf0;  1 drivers
v0x5561cf1dea20_0 .net *"_s9", 0 0, L_0x5561cf1fb680;  1 drivers
v0x5561cf1deb00_0 .net *"_s90", 31 0, L_0x5561cf1fdce0;  1 drivers
L_0x7fd315dca7b0 .functor BUFT 1, C4<000000000000000000000000>, C4<0>, C4<0>, C4<0>;
v0x5561cf1debe0_0 .net *"_s93", 23 0, L_0x7fd315dca7b0;  1 drivers
L_0x7fd315dca7f8 .functor BUFT 1, C4<00000000000000000000000000000001>, C4<0>, C4<0>, C4<0>;
v0x5561cf1decc0_0 .net/2u *"_s94", 31 0, L_0x7fd315dca7f8;  1 drivers
v0x5561cf1deda0_0 .net *"_s96", 31 0, L_0x5561cf1fddd0;  1 drivers
v0x5561cf1dee80_0 .net *"_s99", 0 0, L_0x5561cf1fe020;  1 drivers
v0x5561cf1def60_0 .net "b", 24 0, L_0x5561cf1eabd0;  alias, 1 drivers
v0x5561cf1df020_0 .net "res", 27 0, L_0x5561cf1ff640;  alias, 1 drivers
v0x5561cf1df4f0_0 .net "sinal", 7 0, v0x5561cf1e8820_0;  alias, 1 drivers
L_0x5561cf1eb440 .concat [ 8 24 0 0], v0x5561cf1e8820_0, L_0x7fd315dca378;
L_0x5561cf1fb540 .cmp/eq 32, L_0x5561cf1eb440, L_0x7fd315dca3c0;
L_0x5561cf1fb680 .part L_0x5561cf1eabd0, 24, 1;
L_0x5561cf1fb720 .part L_0x5561cf1eabd0, 0, 24;
L_0x5561cf1fb7c0 .shift/r 24, L_0x5561cf1fb720, v0x5561cf1e8820_0;
L_0x5561cf1fb8f0 .concat [ 3 24 1 0], L_0x7fd315dca408, L_0x5561cf1fb7c0, L_0x5561cf1fb680;
L_0x5561cf1fba70 .concat [ 8 24 0 0], v0x5561cf1e8820_0, L_0x7fd315dca450;
L_0x5561cf1fbb60 .cmp/eq 32, L_0x5561cf1fba70, L_0x7fd315dca498;
L_0x5561cf1fbcf0 .part L_0x5561cf1eabd0, 24, 1;
L_0x5561cf1fbd90 .part L_0x5561cf1eabd0, 0, 24;
L_0x5561cf1fbe90 .shift/r 24, L_0x5561cf1fbd90, v0x5561cf1e8820_0;
L_0x5561cf1fbf30 .concat [ 8 24 0 0], v0x5561cf1e8820_0, L_0x7fd315dca4e0;
L_0x5561cf1fc090 .arith/sub 32, L_0x5561cf1fbf30, L_0x7fd315dca528;
L_0x5561cf1fc240 .part/v L_0x5561cf1eabd0, L_0x5561cf1fc090, 1;
L_0x5561cf1fc4c0 .concat [ 2 1 24 1], L_0x7fd315dca570, L_0x5561cf1fc240, L_0x5561cf1fbe90, L_0x5561cf1fbcf0;
L_0x5561cf1fc6a0 .concat [ 8 24 0 0], v0x5561cf1e8820_0, L_0x7fd315dca5b8;
L_0x5561cf1fc930 .cmp/eq 32, L_0x5561cf1fc6a0, L_0x7fd315dca600;
L_0x5561cf1fca70 .part L_0x5561cf1eabd0, 24, 1;
L_0x5561cf1fcbb0 .part L_0x5561cf1eabd0, 0, 24;
L_0x5561cf1fcc50 .shift/r 24, L_0x5561cf1fcbb0, v0x5561cf1e8820_0;
L_0x5561cf1fcb10 .concat [ 8 24 0 0], v0x5561cf1e8820_0, L_0x7fd315dca648;
L_0x5561cf1fce70 .arith/sub 32, L_0x5561cf1fcb10, L_0x7fd315dca690;
L_0x5561cf1fd0a0 .part/v L_0x5561cf1eabd0, L_0x5561cf1fce70, 1;
L_0x5561cf1fd190 .concat [ 8 24 0 0], v0x5561cf1e8820_0, L_0x7fd315dca6d8;
L_0x5561cf1fd350 .arith/sub 32, L_0x5561cf1fd190, L_0x7fd315dca720;
L_0x5561cf1fd4c0 .part/v L_0x5561cf1eabd0, L_0x5561cf1fd350, 1;
LS_0x5561cf1fd690_0_0 .concat [ 1 1 1 24], L_0x7fd315dca768, L_0x5561cf1fd4c0, L_0x5561cf1fd0a0, L_0x5561cf1fcc50;
LS_0x5561cf1fd690_0_4 .concat [ 1 0 0 0], L_0x5561cf1fca70;
L_0x5561cf1fd690 .concat [ 27 1 0 0], LS_0x5561cf1fd690_0_0, LS_0x5561cf1fd690_0_4;
L_0x5561cf1fd8c0 .part L_0x5561cf1eabd0, 24, 1;
L_0x5561cf1fda50 .part L_0x5561cf1eabd0, 0, 24;
L_0x5561cf1fdaf0 .shift/r 24, L_0x5561cf1fda50, v0x5561cf1e8820_0;
L_0x5561cf1fdce0 .concat [ 8 24 0 0], v0x5561cf1e8820_0, L_0x7fd315dca7b0;
L_0x5561cf1fddd0 .arith/sub 32, L_0x5561cf1fdce0, L_0x7fd315dca7f8;
L_0x5561cf1fe020 .part/v L_0x5561cf1eabd0, L_0x5561cf1fddd0, 1;
L_0x5561cf1fe110 .concat [ 8 24 0 0], v0x5561cf1e8820_0, L_0x7fd315dca840;
L_0x5561cf1fe320 .arith/sub 32, L_0x5561cf1fe110, L_0x7fd315dca888;
L_0x5561cf1fe490 .part/v L_0x5561cf1eabd0, L_0x5561cf1fe320, 1;
L_0x5561cf1fe1b0 .concat [ 8 24 0 0], v0x5561cf1e8820_0, L_0x7fd315dca8d0;
L_0x5561cf1fead0 .arith/sub 32, L_0x5561cf1fe1b0, L_0x7fd315dca918;
L_0x5561cf1fed50 .part/v L_0x5561cf1eabd0, L_0x5561cf1fead0, 1;
LS_0x5561cf1fee40_0_0 .concat [ 1 1 1 24], L_0x5561cf1fed50, L_0x5561cf1fe490, L_0x5561cf1fe020, L_0x5561cf1fdaf0;
LS_0x5561cf1fee40_0_4 .concat [ 1 0 0 0], L_0x5561cf1fd8c0;
L_0x5561cf1fee40 .concat [ 27 1 0 0], LS_0x5561cf1fee40_0_0, LS_0x5561cf1fee40_0_4;
L_0x5561cf1ff1c0 .functor MUXZ 28, L_0x5561cf1fee40, L_0x5561cf1fd690, L_0x5561cf1fc930, C4<>;
L_0x5561cf1ff350 .functor MUXZ 28, L_0x5561cf1ff1c0, L_0x5561cf1fc4c0, L_0x5561cf1fbb60, C4<>;
L_0x5561cf1ff640 .functor MUXZ 28, L_0x5561cf1ff350, L_0x5561cf1fb8f0, L_0x5561cf1fb540, C4<>;
S_0x5561cf1df650 .scope module, "shift_res" "shift_res" 3 102, 3 207 0, S_0x5561cf149690;
 .timescale 0 0;
    .port_info 0 /INPUT 28 "b"
    .port_info 1 /INPUT 9 "sinal"
    .port_info 2 /OUTPUT 28 "res"
v0x5561cf1df7d0_0 .net *"_s1", 0 0, L_0x5561cf204010;  1 drivers
v0x5561cf1df8d0_0 .net *"_s11", 0 0, L_0x5561cf204330;  1 drivers
v0x5561cf1df9b0_0 .net *"_s13", 26 0, L_0x5561cf204460;  1 drivers
v0x5561cf1dfaa0_0 .net *"_s15", 7 0, L_0x5561cf204500;  1 drivers
v0x5561cf1dfb80_0 .net *"_s16", 26 0, L_0x5561cf204670;  1 drivers
v0x5561cf1dfcb0_0 .net *"_s18", 27 0, L_0x5561cf204710;  1 drivers
v0x5561cf1dfd90_0 .net *"_s2", 31 0, L_0x5561cf2040b0;  1 drivers
v0x5561cf1dfe70_0 .net *"_s21", 0 0, L_0x5561cf2048a0;  1 drivers
v0x5561cf1dff50_0 .net *"_s23", 26 0, L_0x5561cf204940;  1 drivers
v0x5561cf1e00c0_0 .net *"_s25", 7 0, L_0x5561cf204a40;  1 drivers
v0x5561cf1e01a0_0 .net *"_s26", 26 0, L_0x5561cf204ae0;  1 drivers
v0x5561cf1e0280_0 .net *"_s28", 27 0, L_0x5561cf204c40;  1 drivers
L_0x7fd315dcad98 .functor BUFT 1, C4<0000000000000000000000000000000>, C4<0>, C4<0>, C4<0>;
v0x5561cf1e0360_0 .net *"_s5", 30 0, L_0x7fd315dcad98;  1 drivers
L_0x7fd315dcade0 .functor BUFT 1, C4<00000000000000000000000000000001>, C4<0>, C4<0>, C4<0>;
v0x5561cf1e0440_0 .net/2u *"_s6", 31 0, L_0x7fd315dcade0;  1 drivers
v0x5561cf1e0520_0 .net *"_s8", 0 0, L_0x5561cf2041f0;  1 drivers
v0x5561cf1e05e0_0 .net "b", 27 0, L_0x5561cf203510;  alias, 1 drivers
v0x5561cf1e06a0_0 .net "res", 27 0, L_0x5561cf204d80;  alias, 1 drivers
v0x5561cf1e0760_0 .net "sinal", 8 0, v0x5561cf1e8910_0;  alias, 1 drivers
L_0x5561cf204010 .part v0x5561cf1e8910_0, 8, 1;
L_0x5561cf2040b0 .concat [ 1 31 0 0], L_0x5561cf204010, L_0x7fd315dcad98;
L_0x5561cf2041f0 .cmp/eq 32, L_0x5561cf2040b0, L_0x7fd315dcade0;
L_0x5561cf204330 .part L_0x5561cf203510, 27, 1;
L_0x5561cf204460 .part L_0x5561cf203510, 0, 27;
L_0x5561cf204500 .part v0x5561cf1e8910_0, 0, 8;
L_0x5561cf204670 .shift/l 27, L_0x5561cf204460, L_0x5561cf204500;
L_0x5561cf204710 .concat [ 27 1 0 0], L_0x5561cf204670, L_0x5561cf204330;
L_0x5561cf2048a0 .part L_0x5561cf203510, 27, 1;
L_0x5561cf204940 .part L_0x5561cf203510, 0, 27;
L_0x5561cf204a40 .part v0x5561cf1e8910_0, 0, 8;
L_0x5561cf204ae0 .shift/r 27, L_0x5561cf204940, L_0x5561cf204a40;
L_0x5561cf204c40 .concat [ 27 1 0 0], L_0x5561cf204ae0, L_0x5561cf2048a0;
L_0x5561cf204d80 .functor MUXZ 28, L_0x5561cf204c40, L_0x5561cf204710, L_0x5561cf2041f0, C4<>;
S_0x5561cf1e08c0 .scope module, "ula_exp" "ULA_exp" 3 34, 3 165 0, S_0x5561cf149690;
 .timescale 0 0;
    .port_info 0 /INPUT 8 "b"
    .port_info 1 /INPUT 8 "a"
    .port_info 2 /OUTPUT 8 "sub"
v0x5561cf1e0a90_0 .net *"_s0", 0 0, L_0x5561cf1e91f0;  1 drivers
v0x5561cf1e0b70_0 .net *"_s2", 7 0, L_0x5561cf1e9290;  1 drivers
v0x5561cf1e0c50_0 .net *"_s4", 7 0, L_0x5561cf1e9440;  1 drivers
v0x5561cf1e0d40_0 .net "a", 7 0, L_0x5561cf1e97e0;  1 drivers
v0x5561cf1e0e20_0 .net "b", 7 0, L_0x5561cf1e9670;  1 drivers
v0x5561cf1e0f50_0 .net "sub", 7 0, L_0x5561cf1e94e0;  alias, 1 drivers
L_0x5561cf1e91f0 .cmp/gt 8, L_0x5561cf1e97e0, L_0x5561cf1e9670;
L_0x5561cf1e9290 .arith/sub 8, L_0x5561cf1e97e0, L_0x5561cf1e9670;
L_0x5561cf1e9440 .arith/sub 8, L_0x5561cf1e9670, L_0x5561cf1e97e0;
L_0x5561cf1e94e0 .functor MUXZ 8, L_0x5561cf1e9440, L_0x5561cf1e9290, L_0x5561cf1e91f0, C4<>;
S_0x5561cf1e1070 .scope module, "ula_exp_one" "ULA_exp_one" 3 95, 3 218 0, S_0x5561cf149690;
 .timescale 0 0;
    .port_info 0 /INPUT 8 "b"
    .port_info 1 /INPUT 9 "sinal"
    .port_info 2 /OUTPUT 8 "res"
L_0x7fd315dcad50 .functor BUFT 1, C4<0>, C4<0>, C4<0>, C4<0>;
L_0x5561cf203a50 .functor XNOR 1, L_0x5561cf2039b0, L_0x7fd315dcad50, C4<0>, C4<0>;
v0x5561cf1e1290_0 .net *"_s1", 0 0, L_0x5561cf2039b0;  1 drivers
v0x5561cf1e1390_0 .net *"_s11", 7 0, L_0x5561cf203d00;  1 drivers
v0x5561cf1e1470_0 .net *"_s12", 7 0, L_0x5561cf203da0;  1 drivers
v0x5561cf1e1560_0 .net/2u *"_s2", 0 0, L_0x7fd315dcad50;  1 drivers
v0x5561cf1e1640_0 .net *"_s4", 0 0, L_0x5561cf203a50;  1 drivers
v0x5561cf1e1750_0 .net *"_s7", 7 0, L_0x5561cf203ac0;  1 drivers
v0x5561cf1e1830_0 .net *"_s8", 7 0, L_0x5561cf203b60;  1 drivers
v0x5561cf1e1910_0 .net/s "b", 7 0, L_0x5561cf2038c0;  alias, 1 drivers
v0x5561cf1e19d0_0 .net/s "res", 7 0, L_0x5561cf203e40;  alias, 1 drivers
v0x5561cf1e1aa0_0 .net "sinal", 8 0, v0x5561cf1e81e0_0;  alias, 1 drivers
L_0x5561cf2039b0 .part v0x5561cf1e81e0_0, 8, 1;
L_0x5561cf203ac0 .part v0x5561cf1e81e0_0, 0, 8;
L_0x5561cf203b60 .arith/sum 8, L_0x5561cf2038c0, L_0x5561cf203ac0;
L_0x5561cf203d00 .part v0x5561cf1e81e0_0, 0, 8;
L_0x5561cf203da0 .arith/sub 8, L_0x5561cf2038c0, L_0x5561cf203d00;
L_0x5561cf203e40 .functor MUXZ 8, L_0x5561cf203da0, L_0x5561cf203b60, L_0x5561cf203a50, C4<>;
S_0x5561cf1e1be0 .scope module, "ula_fraction" "ULA_fraction" 3 74, 3 174 0, S_0x5561cf149690;
 .timescale 0 0;
    .port_info 0 /INPUT 28 "b"
    .port_info 1 /INPUT 28 "a"
    .port_info 2 /OUTPUT 28 "add"
L_0x7fd315dca960 .functor BUFT 1, C4<0>, C4<0>, C4<0>, C4<0>;
L_0x5561cf1fbfd0 .functor XNOR 1, L_0x5561cf1ffaa0, L_0x7fd315dca960, C4<0>, C4<0>;
L_0x5561cf1fc130 .functor OR 1, L_0x5561cf1ffa00, L_0x5561cf1fbfd0, C4<0>, C4<0>;
L_0x7fd315dca9f0 .functor BUFT 1, C4<1>, C4<0>, C4<0>, C4<0>;
L_0x5561cf1ffc80 .functor XNOR 1, L_0x5561cf1ffe70, L_0x7fd315dca9f0, C4<0>, C4<0>;
L_0x5561cf200290 .functor AND 1, L_0x5561cf1ffc80, L_0x5561cf2001a0, C4<1>, C4<1>;
L_0x7fd315dcaa80 .functor BUFT 1, C4<1>, C4<0>, C4<0>, C4<0>;
L_0x5561cf2004b0 .functor XNOR 1, L_0x5561cf200660, L_0x7fd315dcaa80, C4<0>, C4<0>;
L_0x5561cf200440 .functor AND 1, L_0x5561cf2004b0, L_0x5561cf2009f0, C4<1>, C4<1>;
L_0x7fd315dcab10 .functor BUFT 1, C4<1>, C4<0>, C4<0>, C4<0>;
L_0x5561cf200cb0 .functor XNOR 1, L_0x5561cf200f00, L_0x7fd315dcab10, C4<0>, C4<0>;
L_0x5561cf201390 .functor AND 1, L_0x5561cf200cb0, L_0x5561cf201250, C4<1>, C4<1>;
L_0x7fd315dcaba0 .functor BUFT 1, C4<1>, C4<0>, C4<0>, C4<0>;
L_0x5561cf201590 .functor XNOR 1, L_0x5561cf201810, L_0x7fd315dcaba0, C4<0>, C4<0>;
L_0x5561cf201e00 .functor AND 1, L_0x5561cf201590, L_0x5561cf201c90, C4<1>, C4<1>;
v0x5561cf1e1db0_0 .net *"_s10", 0 0, L_0x5561cf1fbfd0;  1 drivers
L_0x7fd315dcac30 .functor BUFT 1, C4<0>, C4<0>, C4<0>, C4<0>;
v0x5561cf1e1e90_0 .net/2u *"_s100", 0 0, L_0x7fd315dcac30;  1 drivers
v0x5561cf1e1f70_0 .net *"_s102", 27 0, L_0x5561cf202270;  1 drivers
v0x5561cf1e2060_0 .net *"_s104", 28 0, L_0x5561cf202840;  1 drivers
v0x5561cf1e2140_0 .net *"_s106", 28 0, L_0x5561cf2029b0;  1 drivers
v0x5561cf1e2270_0 .net *"_s108", 28 0, L_0x5561cf202c60;  1 drivers
v0x5561cf1e2350_0 .net *"_s110", 28 0, L_0x5561cf202df0;  1 drivers
v0x5561cf1e2430_0 .net *"_s112", 28 0, L_0x5561cf202fc0;  1 drivers
v0x5561cf1e2510_0 .net *"_s114", 28 0, L_0x5561cf203150;  1 drivers
v0x5561cf1e2680_0 .net *"_s12", 0 0, L_0x5561cf1fc130;  1 drivers
L_0x7fd315dca9a8 .functor BUFT 1, C4<0>, C4<0>, C4<0>, C4<0>;
v0x5561cf1e2760_0 .net/2u *"_s14", 0 0, L_0x7fd315dca9a8;  1 drivers
v0x5561cf1e2840_0 .net *"_s16", 27 0, L_0x5561cf1ffbe0;  1 drivers
v0x5561cf1e2920_0 .net *"_s18", 28 0, L_0x5561cf1ffd30;  1 drivers
v0x5561cf1e2a00_0 .net *"_s21", 0 0, L_0x5561cf1ffe70;  1 drivers
v0x5561cf1e2ae0_0 .net/2u *"_s22", 0 0, L_0x7fd315dca9f0;  1 drivers
v0x5561cf1e2bc0_0 .net *"_s24", 0 0, L_0x5561cf1ffc80;  1 drivers
v0x5561cf1e2c80_0 .net *"_s27", 26 0, L_0x5561cf200000;  1 drivers
v0x5561cf1e2d60_0 .net *"_s29", 26 0, L_0x5561cf2000a0;  1 drivers
v0x5561cf1e2e40_0 .net *"_s30", 0 0, L_0x5561cf2001a0;  1 drivers
v0x5561cf1e2f00_0 .net *"_s32", 0 0, L_0x5561cf200290;  1 drivers
L_0x7fd315dcaa38 .functor BUFT 1, C4<1>, C4<0>, C4<0>, C4<0>;
v0x5561cf1e2fc0_0 .net/2u *"_s34", 0 0, L_0x7fd315dcaa38;  1 drivers
v0x5561cf1e30a0_0 .net *"_s36", 27 0, L_0x5561cf2003a0;  1 drivers
v0x5561cf1e3180_0 .net *"_s38", 28 0, L_0x5561cf200520;  1 drivers
v0x5561cf1e3260_0 .net *"_s41", 0 0, L_0x5561cf200660;  1 drivers
v0x5561cf1e3340_0 .net/2u *"_s42", 0 0, L_0x7fd315dcaa80;  1 drivers
v0x5561cf1e3420_0 .net *"_s44", 0 0, L_0x5561cf2004b0;  1 drivers
v0x5561cf1e34e0_0 .net *"_s47", 26 0, L_0x5561cf200820;  1 drivers
v0x5561cf1e35c0_0 .net *"_s49", 26 0, L_0x5561cf2008c0;  1 drivers
v0x5561cf1e36a0_0 .net *"_s5", 0 0, L_0x5561cf1ffa00;  1 drivers
v0x5561cf1e3780_0 .net *"_s50", 0 0, L_0x5561cf2009f0;  1 drivers
v0x5561cf1e3840_0 .net *"_s52", 0 0, L_0x5561cf200440;  1 drivers
L_0x7fd315dcaac8 .functor BUFT 1, C4<1>, C4<0>, C4<0>, C4<0>;
v0x5561cf1e3900_0 .net/2u *"_s54", 0 0, L_0x7fd315dcaac8;  1 drivers
v0x5561cf1e39e0_0 .net *"_s56", 27 0, L_0x5561cf200c10;  1 drivers
v0x5561cf1e3ac0_0 .net *"_s58", 28 0, L_0x5561cf200dc0;  1 drivers
v0x5561cf1e3ba0_0 .net *"_s61", 0 0, L_0x5561cf200f00;  1 drivers
v0x5561cf1e3c80_0 .net/2u *"_s62", 0 0, L_0x7fd315dcab10;  1 drivers
v0x5561cf1e3d60_0 .net *"_s64", 0 0, L_0x5561cf200cb0;  1 drivers
v0x5561cf1e3e20_0 .net *"_s67", 26 0, L_0x5561cf200d20;  1 drivers
v0x5561cf1e3f00_0 .net *"_s69", 26 0, L_0x5561cf2010f0;  1 drivers
v0x5561cf1e3fe0_0 .net *"_s7", 0 0, L_0x5561cf1ffaa0;  1 drivers
v0x5561cf1e40c0_0 .net *"_s70", 0 0, L_0x5561cf201250;  1 drivers
v0x5561cf1e4180_0 .net *"_s72", 0 0, L_0x5561cf201390;  1 drivers
L_0x7fd315dcab58 .functor BUFT 1, C4<0>, C4<0>, C4<0>, C4<0>;
v0x5561cf1e4240_0 .net/2u *"_s74", 0 0, L_0x7fd315dcab58;  1 drivers
v0x5561cf1e4320_0 .net *"_s76", 27 0, L_0x5561cf2014f0;  1 drivers
v0x5561cf1e4400_0 .net *"_s78", 28 0, L_0x5561cf2016d0;  1 drivers
v0x5561cf1e44e0_0 .net/2u *"_s8", 0 0, L_0x7fd315dca960;  1 drivers
v0x5561cf1e45c0_0 .net *"_s81", 0 0, L_0x5561cf201810;  1 drivers
v0x5561cf1e46a0_0 .net/2u *"_s82", 0 0, L_0x7fd315dcaba0;  1 drivers
v0x5561cf1e4780_0 .net *"_s84", 0 0, L_0x5561cf201590;  1 drivers
v0x5561cf1e4840_0 .net *"_s87", 26 0, L_0x5561cf201a60;  1 drivers
v0x5561cf1e4920_0 .net *"_s89", 26 0, L_0x5561cf201b00;  1 drivers
v0x5561cf1e4a00_0 .net *"_s90", 0 0, L_0x5561cf201c90;  1 drivers
v0x5561cf1e4ac0_0 .net *"_s92", 0 0, L_0x5561cf201e00;  1 drivers
L_0x7fd315dcabe8 .functor BUFT 1, C4<0>, C4<0>, C4<0>, C4<0>;
v0x5561cf1e4b80_0 .net/2u *"_s94", 0 0, L_0x7fd315dcabe8;  1 drivers
v0x5561cf1e4c60_0 .net *"_s96", 27 0, L_0x5561cf201f70;  1 drivers
v0x5561cf1e4d40_0 .net *"_s98", 28 0, L_0x5561cf202180;  1 drivers
v0x5561cf1e4e20_0 .net "a", 27 0, L_0x5561cf1ea1f0;  alias, 1 drivers
v0x5561cf1e4ee0_0 .net "add", 27 0, L_0x5561cf2033d0;  alias, 1 drivers
v0x5561cf1e4fb0_0 .net "b", 27 0, L_0x5561cf1ff640;  alias, 1 drivers
v0x5561cf1e5080_0 .net "overflow", 0 0, L_0x5561cf1ff870;  1 drivers
v0x5561cf1e5120_0 .net "sinal", 0 0, L_0x5561cf1ff7d0;  1 drivers
v0x5561cf1e51e0_0 .net "soma", 26 0, L_0x5561cf1ff960;  1 drivers
L_0x5561cf1ff7d0 .part L_0x5561cf203150, 28, 1;
L_0x5561cf1ff870 .part L_0x5561cf203150, 27, 1;
L_0x5561cf1ff960 .part L_0x5561cf203150, 0, 27;
L_0x5561cf1ffa00 .part L_0x5561cf1ea1f0, 27, 1;
L_0x5561cf1ffaa0 .part L_0x5561cf1ff640, 27, 1;
L_0x5561cf1ffbe0 .arith/sum 28, L_0x5561cf1ea1f0, L_0x5561cf1ff640;
L_0x5561cf1ffd30 .concat [ 28 1 0 0], L_0x5561cf1ffbe0, L_0x7fd315dca9a8;
L_0x5561cf1ffe70 .part L_0x5561cf1ea1f0, 27, 1;
L_0x5561cf200000 .part L_0x5561cf1ea1f0, 0, 27;
L_0x5561cf2000a0 .part L_0x5561cf1ff640, 0, 27;
L_0x5561cf2001a0 .cmp/gt 27, L_0x5561cf200000, L_0x5561cf2000a0;
L_0x5561cf2003a0 .arith/sub 28, L_0x5561cf1ea1f0, L_0x5561cf1ff640;
L_0x5561cf200520 .concat [ 28 1 0 0], L_0x5561cf2003a0, L_0x7fd315dcaa38;
L_0x5561cf200660 .part L_0x5561cf1ff640, 27, 1;
L_0x5561cf200820 .part L_0x5561cf1ff640, 0, 27;
L_0x5561cf2008c0 .part L_0x5561cf1ea1f0, 0, 27;
L_0x5561cf2009f0 .cmp/gt 27, L_0x5561cf200820, L_0x5561cf2008c0;
L_0x5561cf200c10 .arith/sub 28, L_0x5561cf1ff640, L_0x5561cf1ea1f0;
L_0x5561cf200dc0 .concat [ 28 1 0 0], L_0x5561cf200c10, L_0x7fd315dcaac8;
L_0x5561cf200f00 .part L_0x5561cf1ea1f0, 27, 1;
L_0x5561cf200d20 .part L_0x5561cf1ea1f0, 0, 27;
L_0x5561cf2010f0 .part L_0x5561cf1ff640, 0, 27;
L_0x5561cf201250 .cmp/gt 27, L_0x5561cf2010f0, L_0x5561cf200d20;
L_0x5561cf2014f0 .arith/sub 28, L_0x5561cf1ff640, L_0x5561cf1ea1f0;
L_0x5561cf2016d0 .concat [ 28 1 0 0], L_0x5561cf2014f0, L_0x7fd315dcab58;
L_0x5561cf201810 .part L_0x5561cf1ff640, 27, 1;
L_0x5561cf201a60 .part L_0x5561cf1ff640, 0, 27;
L_0x5561cf201b00 .part L_0x5561cf1ea1f0, 0, 27;
L_0x5561cf201c90 .cmp/gt 27, L_0x5561cf201b00, L_0x5561cf201a60;
L_0x5561cf201f70 .arith/sub 28, L_0x5561cf1ea1f0, L_0x5561cf1ff640;
L_0x5561cf202180 .concat [ 28 1 0 0], L_0x5561cf201f70, L_0x7fd315dcabe8;
L_0x5561cf202270 .arith/sum 28, L_0x5561cf1ea1f0, L_0x5561cf1ff640;
L_0x5561cf202840 .concat [ 28 1 0 0], L_0x5561cf202270, L_0x7fd315dcac30;
L_0x5561cf2029b0 .functor MUXZ 29, L_0x5561cf202840, L_0x5561cf202180, L_0x5561cf201e00, C4<>;
L_0x5561cf202c60 .functor MUXZ 29, L_0x5561cf2029b0, L_0x5561cf2016d0, L_0x5561cf201390, C4<>;
L_0x5561cf202df0 .functor MUXZ 29, L_0x5561cf202c60, L_0x5561cf200dc0, L_0x5561cf200440, C4<>;
L_0x5561cf202fc0 .functor MUXZ 29, L_0x5561cf202df0, L_0x5561cf200520, L_0x5561cf200290, C4<>;
L_0x5561cf203150 .functor MUXZ 29, L_0x5561cf202fc0, L_0x5561cf1ffd30, L_0x5561cf1fc130, C4<>;
L_0x5561cf2033d0 .concat [ 27 1 0 0], L_0x5561cf1ff960, L_0x5561cf1ff7d0;
    .scope S_0x5561cf1d80f0;
T_0 ;
    %wait E_0x5561cf16d040;
    %load/vec4 v0x5561cf1d8450_0;
    %assign/vec4 v0x5561cf1d8530_0, 0;
    %jmp T_0;
    .thread T_0;
    .scope S_0x5561cf1d8670;
T_1 ;
    %wait E_0x5561cf16d040;
    %load/vec4 v0x5561cf1db2a0_0;
    %flag_set/vec4 8;
    %jmp/0xz  T_1.0, 8;
    %load/vec4 v0x5561cf1dadd0_0;
    %assign/vec4 v0x5561cf1db0e0_0, 0;
    %jmp T_1.1;
T_1.0 ;
    %load/vec4 v0x5561cf1db1c0_0;
    %assign/vec4 v0x5561cf1db0e0_0, 0;
T_1.1 ;
    %load/vec4 v0x5561cf1db020_0;
    %assign/vec4 v0x5561cf1daf50_0, 0;
    %jmp T_1;
    .thread T_1;
    .scope S_0x5561cf149a50;
T_2 ;
    %vpi_call 2 42 "$dumpfile", "testbench.vcd" {0 0 0};
    %end;
    .thread T_2;
    .scope S_0x5561cf149a50;
T_3 ;
    %vpi_call 2 43 "$dumpvars", 32'sb00000000000000000000000000000000, S_0x5561cf149a50 {0 0 0};
    %end;
    .thread T_3;
    .scope S_0x5561cf149a50;
T_4 ;
    %pushi/vec4 0, 0, 1;
    %store/vec4 v0x5561cf1e7d30_0, 0, 1;
    %pushi/vec4 1069547520, 0, 32;
    %store/vec4 v0x5561cf1e7eb0_0, 0, 32;
    %pushi/vec4 1056964608, 0, 32;
    %store/vec4 v0x5561cf1e7f50_0, 0, 32;
    %pushi/vec4 0, 0, 1;
    %store/vec4 v0x5561cf1e82d0_0, 0, 1;
    %pushi/vec4 0, 0, 1;
    %store/vec4 v0x5561cf1e83c0_0, 0, 1;
    %pushi/vec4 1, 0, 1;
    %store/vec4 v0x5561cf1e8460_0, 0, 1;
    %pushi/vec4 0, 0, 1;
    %store/vec4 v0x5561cf1e8640_0, 0, 1;
    %pushi/vec4 1, 0, 8;
    %store/vec4 v0x5561cf1e8820_0, 0, 8;
    %pushi/vec4 256, 0, 9;
    %store/vec4 v0x5561cf1e8910_0, 0, 9;
    %pushi/vec4 0, 0, 9;
    %store/vec4 v0x5561cf1e81e0_0, 0, 9;
    %pushi/vec4 0, 0, 1;
    %store/vec4 v0x5561cf1e8550_0, 0, 1;
    %pushi/vec4 0, 0, 1;
    %store/vec4 v0x5561cf1e8730_0, 0, 1;
    %delay 50, 0;
    %vpi_call 2 63 "$display", "Resultado de 1,5 + 0,5: %b", v0x5561cf1e8020_0 {0 0 0};
    %pushi/vec4 1067601363, 0, 32;
    %store/vec4 v0x5561cf1e7eb0_0, 0, 32;
    %pushi/vec4 1075654427, 0, 32;
    %store/vec4 v0x5561cf1e7f50_0, 0, 32;
    %pushi/vec4 1, 0, 1;
    %store/vec4 v0x5561cf1e82d0_0, 0, 1;
    %pushi/vec4 1, 0, 1;
    %store/vec4 v0x5561cf1e83c0_0, 0, 1;
    %pushi/vec4 0, 0, 1;
    %store/vec4 v0x5561cf1e8460_0, 0, 1;
    %pushi/vec4 0, 0, 1;
    %store/vec4 v0x5561cf1e8640_0, 0, 1;
    %pushi/vec4 1, 0, 8;
    %store/vec4 v0x5561cf1e8820_0, 0, 8;
    %pushi/vec4 257, 0, 9;
    %store/vec4 v0x5561cf1e8910_0, 0, 9;
    %pushi/vec4 257, 0, 9;
    %store/vec4 v0x5561cf1e81e0_0, 0, 9;
    %pushi/vec4 0, 0, 1;
    %store/vec4 v0x5561cf1e8550_0, 0, 1;
    %pushi/vec4 0, 0, 1;
    %store/vec4 v0x5561cf1e8730_0, 0, 1;
    %delay 50, 0;
    %vpi_call 2 77 "$display", "Resultado de 1,268 + 2,456 %b", v0x5561cf1e8020_0 {0 0 0};
    %pushi/vec4 3215085011, 0, 32;
    %store/vec4 v0x5561cf1e7eb0_0, 0, 32;
    %pushi/vec4 1075654427, 0, 32;
    %store/vec4 v0x5561cf1e7f50_0, 0, 32;
    %pushi/vec4 1, 0, 1;
    %store/vec4 v0x5561cf1e82d0_0, 0, 1;
    %pushi/vec4 1, 0, 1;
    %store/vec4 v0x5561cf1e83c0_0, 0, 1;
    %pushi/vec4 0, 0, 1;
    %store/vec4 v0x5561cf1e8460_0, 0, 1;
    %pushi/vec4 0, 0, 1;
    %store/vec4 v0x5561cf1e8640_0, 0, 1;
    %pushi/vec4 1, 0, 8;
    %store/vec4 v0x5561cf1e8820_0, 0, 8;
    %pushi/vec4 258, 0, 9;
    %store/vec4 v0x5561cf1e8910_0, 0, 9;
    %pushi/vec4 258, 0, 9;
    %store/vec4 v0x5561cf1e81e0_0, 0, 9;
    %pushi/vec4 0, 0, 1;
    %store/vec4 v0x5561cf1e8550_0, 0, 1;
    %pushi/vec4 0, 0, 1;
    %store/vec4 v0x5561cf1e8730_0, 0, 1;
    %delay 100, 0;
    %vpi_call 2 92 "$display", "Resultado de - 1,268 + 2,456 %b", v0x5561cf1e8020_0 {0 0 0};
    %pushi/vec4 1101356073, 0, 32;
    %store/vec4 v0x5561cf1e7eb0_0, 0, 32;
    %pushi/vec4 1059816735, 0, 32;
    %store/vec4 v0x5561cf1e7f50_0, 0, 32;
    %pushi/vec4 0, 0, 1;
    %store/vec4 v0x5561cf1e82d0_0, 0, 1;
    %pushi/vec4 0, 0, 1;
    %store/vec4 v0x5561cf1e83c0_0, 0, 1;
    %pushi/vec4 1, 0, 1;
    %store/vec4 v0x5561cf1e8460_0, 0, 1;
    %pushi/vec4 0, 0, 1;
    %store/vec4 v0x5561cf1e8640_0, 0, 1;
    %pushi/vec4 5, 0, 8;
    %store/vec4 v0x5561cf1e8820_0, 0, 8;
    %pushi/vec4 257, 0, 9;
    %store/vec4 v0x5561cf1e8910_0, 0, 9;
    %pushi/vec4 257, 0, 9;
    %store/vec4 v0x5561cf1e81e0_0, 0, 9;
    %pushi/vec4 0, 0, 1;
    %store/vec4 v0x5561cf1e8550_0, 0, 1;
    %pushi/vec4 1, 0, 1;
    %store/vec4 v0x5561cf1e8730_0, 0, 1;
    %delay 100, 0;
    %vpi_call 2 107 "$display", "Resultado de 20.67 + 0.67  %b", v0x5561cf1e8020_0 {0 0 0};
    %vpi_call 2 109 "$display", "Fim da simula\303\247\303\243o" {0 0 0};
    %vpi_call 2 110 "$finish" {0 0 0};
    %end;
    .thread T_4;
    .scope S_0x5561cf149a50;
T_5 ;
    %delay 10, 0;
    %load/vec4 v0x5561cf1e7d30_0;
    %inv;
    %store/vec4 v0x5561cf1e7d30_0, 0, 1;
    %jmp T_5;
    .thread T_5;
# The file index is used to find the file name in the following table.
:file_names 4;
    "N/A";
    "<interactive>";
    "testbench_add.v";
    "fd.v";
