#! /usr/bin/vvp
:ivl_version "10.3 (stable)";
:ivl_delay_selection "TYPICAL";
:vpi_time_precision - 9;
:vpi_module "system";
:vpi_module "vhdl_sys";
:vpi_module "v2005_math";
:vpi_module "va_math";
S_0x55c534bd9b20 .scope module, "testbench" "testbench" 2 3;
 .timescale -9 -9;
v0x55c534c6c710_0 .net "C_tb", 31 0, L_0x55c534c8b170;  1 drivers
v0x55c534c6c840_0 .net "IR_tb", 31 0, L_0x55c534c87de0;  1 drivers
v0x55c534c6c900_0 .net "PC_tb", 31 0, v0x55c534c61160_0;  1 drivers
v0x55c534c6c9a0_0 .net "Ra_tb", 4 0, L_0x55c534c88080;  1 drivers
v0x55c534c6ca60_0 .net "Rb_tb", 4 0, L_0x55c534c88250;  1 drivers
v0x55c534c6cbc0_0 .net "Rw_tb", 4 0, L_0x55c534c87ef0;  1 drivers
v0x55c534c6ccd0_0 .net/s "S1_tb", 63 0, L_0x55c534c87aa0;  1 drivers
v0x55c534c6cde0_0 .net/s "S2_tb", 63 0, L_0x55c534c87c50;  1 drivers
v0x55c534c6cef0_0 .var "clock_tb", 0 0;
v0x55c534c6d020_0 .net/s "doutA_tb", 63 0, v0x55c534c62870_0;  1 drivers
v0x55c534c6d0c0_0 .net/s "doutB_tb", 63 0, v0x55c534c62950_0;  1 drivers
v0x55c534c6d180_0 .net "doutIR_tb", 31 0, v0x55c534c5f750_0;  1 drivers
v0x55c534c6d290_0 .net "doutMem_tb", 63 0, L_0x55c534c878a0;  1 drivers
v0x55c534c6d3a0_0 .net "flag_tb", 0 0, L_0x55c534c87670;  1 drivers
v0x55c534c6d490_0 .net/s "imm_tb", 63 0, L_0x55c534c8ad60;  1 drivers
v0x55c534c6d550_0 .net "opcode_tb", 6 0, L_0x55c534c88430;  1 drivers
v0x55c534c6d660_0 .net/s "res_tb", 63 0, L_0x55c534c808b0;  1 drivers
v0x55c534c6d720_0 .var "sinalMux1_tb", 0 0;
v0x55c534c6d7c0_0 .var "sinalMux2_tb", 0 0;
v0x55c534c6d860_0 .net "somafour_tb", 31 0, L_0x55c534c8aef0;  1 drivers
v0x55c534c6d950_0 .net "somaimm_tb", 31 0, L_0x55c534c8b080;  1 drivers
v0x55c534c6da40_0 .var "weIR_tb", 0 0;
v0x55c534c6dae0_0 .var "weMem_tb", 0 0;
v0x55c534c6db80_0 .var "wePC_tb", 0 0;
v0x55c534c6dc20_0 .var "weReg_tb", 0 0;
S_0x55c534be2aa0 .scope module, "hii" "imm_generator" 2 96, 3 224 0, S_0x55c534bd9b20;
 .timescale 0 0;
    .port_info 0 /INPUT 32 "palavra"
    .port_info 1 /INPUT 7 "opcode"
    .port_info 2 /OUTPUT 64 "imm"
L_0x7fc62ae21b10 .functor BUFT 1, C4<0000011>, C4<0>, C4<0>, C4<0>;
v0x55c534c2de10_0 .net/2u *"_s0", 6 0, L_0x7fc62ae21b10;  1 drivers
v0x55c534c35350_0 .net *"_s11", 6 0, L_0x55c534c88750;  1 drivers
v0x55c534c5d100_0 .net *"_s13", 4 0, L_0x55c534c88880;  1 drivers
v0x55c534c5d1c0_0 .net *"_s14", 11 0, L_0x55c534c88920;  1 drivers
L_0x7fc62ae21ba0 .functor BUFT 1, C4<1100011>, C4<0>, C4<0>, C4<0>;
v0x55c534c5d2a0_0 .net/2u *"_s16", 6 0, L_0x7fc62ae21ba0;  1 drivers
v0x55c534c5d3d0_0 .net *"_s18", 0 0, L_0x55c534c88a50;  1 drivers
v0x55c534c5d490_0 .net *"_s2", 0 0, L_0x55c534c88520;  1 drivers
v0x55c534c5d550_0 .net *"_s21", 6 0, L_0x55c534c88b40;  1 drivers
v0x55c534c5d630_0 .net *"_s23", 4 0, L_0x55c534c88c30;  1 drivers
v0x55c534c5d710_0 .net *"_s24", 11 0, L_0x55c534c88cd0;  1 drivers
L_0x7fc62ae21be8 .functor BUFT 1, C4<0010011>, C4<0>, C4<0>, C4<0>;
v0x55c534c5d7f0_0 .net/2u *"_s26", 6 0, L_0x7fc62ae21be8;  1 drivers
v0x55c534c5d8d0_0 .net *"_s28", 0 0, L_0x55c534c88e70;  1 drivers
v0x55c534c5d990_0 .net *"_s31", 11 0, L_0x55c534c88f10;  1 drivers
v0x55c534c5da70_0 .net *"_s33", 11 0, L_0x55c534c89020;  1 drivers
v0x55c534c5db50_0 .net *"_s34", 11 0, L_0x55c534c890c0;  1 drivers
v0x55c534c5dc30_0 .net *"_s36", 11 0, L_0x55c534c892d0;  1 drivers
v0x55c534c5dd10_0 .net *"_s38", 11 0, L_0x55c534c89460;  1 drivers
L_0x7fc62ae21c30 .functor BUFT 1, C4<1100011>, C4<0>, C4<0>, C4<0>;
v0x55c534c5ddf0_0 .net/2u *"_s42", 6 0, L_0x7fc62ae21c30;  1 drivers
v0x55c534c5ded0_0 .net *"_s44", 0 0, L_0x55c534c89810;  1 drivers
v0x55c534c5df90_0 .net *"_s47", 0 0, L_0x55c534c899a0;  1 drivers
v0x55c534c5e070_0 .net *"_s48", 31 0, L_0x55c534c89a90;  1 drivers
v0x55c534c5e150_0 .net *"_s5", 11 0, L_0x55c534c885c0;  1 drivers
v0x55c534c5e230_0 .net *"_s50", 43 0, L_0x55c534c89900;  1 drivers
v0x55c534c5e310_0 .net *"_s52", 63 0, L_0x55c534c89e50;  1 drivers
L_0x7fc62ae21c78 .functor BUFT 1, C4<00000000000000000000>, C4<0>, C4<0>, C4<0>;
v0x55c534c5e3f0_0 .net *"_s55", 19 0, L_0x7fc62ae21c78;  1 drivers
v0x55c534c5e4d0_0 .net *"_s56", 63 0, L_0x55c534c8a140;  1 drivers
v0x55c534c5e5b0_0 .net *"_s58", 61 0, L_0x55c534c8a050;  1 drivers
L_0x7fc62ae21b58 .functor BUFT 1, C4<0100011>, C4<0>, C4<0>, C4<0>;
v0x55c534c5e690_0 .net/2u *"_s6", 6 0, L_0x7fc62ae21b58;  1 drivers
L_0x7fc62ae21cc0 .functor BUFT 1, C4<00>, C4<0>, C4<0>, C4<0>;
v0x55c534c5e770_0 .net *"_s60", 1 0, L_0x7fc62ae21cc0;  1 drivers
v0x55c534c5e850_0 .net *"_s63", 0 0, L_0x55c534c8a350;  1 drivers
v0x55c534c5e930_0 .net *"_s64", 31 0, L_0x55c534c8a3f0;  1 drivers
v0x55c534c5ea10_0 .net *"_s66", 43 0, L_0x55c534c8aa90;  1 drivers
v0x55c534c5eaf0_0 .net *"_s68", 63 0, L_0x55c534c8ab30;  1 drivers
L_0x7fc62ae21d08 .functor BUFT 1, C4<00000000000000000000>, C4<0>, C4<0>, C4<0>;
v0x55c534c5ede0_0 .net *"_s71", 19 0, L_0x7fc62ae21d08;  1 drivers
v0x55c534c5eec0_0 .net *"_s8", 0 0, L_0x55c534c88660;  1 drivers
v0x55c534c5ef80_0 .net/s "imm", 63 0, L_0x55c534c8ad60;  alias, 1 drivers
v0x55c534c5f060_0 .net "imm_field", 11 0, L_0x55c534c89680;  1 drivers
v0x55c534c5f140_0 .net "opcode", 6 0, L_0x55c534c88430;  alias, 1 drivers
v0x55c534c5f220_0 .net "palavra", 31 0, v0x55c534c5f750_0;  alias, 1 drivers
L_0x55c534c88520 .cmp/eq 7, L_0x55c534c88430, L_0x7fc62ae21b10;
L_0x55c534c885c0 .part v0x55c534c5f750_0, 20, 12;
L_0x55c534c88660 .cmp/eq 7, L_0x55c534c88430, L_0x7fc62ae21b58;
L_0x55c534c88750 .part v0x55c534c5f750_0, 25, 7;
L_0x55c534c88880 .part v0x55c534c5f750_0, 7, 5;
L_0x55c534c88920 .concat [ 5 7 0 0], L_0x55c534c88880, L_0x55c534c88750;
L_0x55c534c88a50 .cmp/eq 7, L_0x55c534c88430, L_0x7fc62ae21ba0;
L_0x55c534c88b40 .part v0x55c534c5f750_0, 25, 7;
L_0x55c534c88c30 .part v0x55c534c5f750_0, 7, 5;
L_0x55c534c88cd0 .concat [ 5 7 0 0], L_0x55c534c88c30, L_0x55c534c88b40;
L_0x55c534c88e70 .cmp/eq 7, L_0x55c534c88430, L_0x7fc62ae21be8;
L_0x55c534c88f10 .part v0x55c534c5f750_0, 20, 12;
L_0x55c534c89020 .part v0x55c534c5f750_0, 20, 12;
L_0x55c534c890c0 .functor MUXZ 12, L_0x55c534c89020, L_0x55c534c88f10, L_0x55c534c88e70, C4<>;
L_0x55c534c892d0 .functor MUXZ 12, L_0x55c534c890c0, L_0x55c534c88cd0, L_0x55c534c88a50, C4<>;
L_0x55c534c89460 .functor MUXZ 12, L_0x55c534c892d0, L_0x55c534c88920, L_0x55c534c88660, C4<>;
L_0x55c534c89680 .functor MUXZ 12, L_0x55c534c89460, L_0x55c534c885c0, L_0x55c534c88520, C4<>;
L_0x55c534c89810 .cmp/eq 7, L_0x55c534c88430, L_0x7fc62ae21c30;
L_0x55c534c899a0 .part L_0x55c534c89680, 11, 1;
LS_0x55c534c89a90_0_0 .concat [ 1 1 1 1], L_0x55c534c899a0, L_0x55c534c899a0, L_0x55c534c899a0, L_0x55c534c899a0;
LS_0x55c534c89a90_0_4 .concat [ 1 1 1 1], L_0x55c534c899a0, L_0x55c534c899a0, L_0x55c534c899a0, L_0x55c534c899a0;
LS_0x55c534c89a90_0_8 .concat [ 1 1 1 1], L_0x55c534c899a0, L_0x55c534c899a0, L_0x55c534c899a0, L_0x55c534c899a0;
LS_0x55c534c89a90_0_12 .concat [ 1 1 1 1], L_0x55c534c899a0, L_0x55c534c899a0, L_0x55c534c899a0, L_0x55c534c899a0;
LS_0x55c534c89a90_0_16 .concat [ 1 1 1 1], L_0x55c534c899a0, L_0x55c534c899a0, L_0x55c534c899a0, L_0x55c534c899a0;
LS_0x55c534c89a90_0_20 .concat [ 1 1 1 1], L_0x55c534c899a0, L_0x55c534c899a0, L_0x55c534c899a0, L_0x55c534c899a0;
LS_0x55c534c89a90_0_24 .concat [ 1 1 1 1], L_0x55c534c899a0, L_0x55c534c899a0, L_0x55c534c899a0, L_0x55c534c899a0;
LS_0x55c534c89a90_0_28 .concat [ 1 1 1 1], L_0x55c534c899a0, L_0x55c534c899a0, L_0x55c534c899a0, L_0x55c534c899a0;
LS_0x55c534c89a90_1_0 .concat [ 4 4 4 4], LS_0x55c534c89a90_0_0, LS_0x55c534c89a90_0_4, LS_0x55c534c89a90_0_8, LS_0x55c534c89a90_0_12;
LS_0x55c534c89a90_1_4 .concat [ 4 4 4 4], LS_0x55c534c89a90_0_16, LS_0x55c534c89a90_0_20, LS_0x55c534c89a90_0_24, LS_0x55c534c89a90_0_28;
L_0x55c534c89a90 .concat [ 16 16 0 0], LS_0x55c534c89a90_1_0, LS_0x55c534c89a90_1_4;
L_0x55c534c89900 .concat [ 12 32 0 0], L_0x55c534c89680, L_0x55c534c89a90;
L_0x55c534c89e50 .concat [ 44 20 0 0], L_0x55c534c89900, L_0x7fc62ae21c78;
L_0x55c534c8a050 .part L_0x55c534c89e50, 0, 62;
L_0x55c534c8a140 .concat [ 2 62 0 0], L_0x7fc62ae21cc0, L_0x55c534c8a050;
L_0x55c534c8a350 .part L_0x55c534c89680, 11, 1;
LS_0x55c534c8a3f0_0_0 .concat [ 1 1 1 1], L_0x55c534c8a350, L_0x55c534c8a350, L_0x55c534c8a350, L_0x55c534c8a350;
LS_0x55c534c8a3f0_0_4 .concat [ 1 1 1 1], L_0x55c534c8a350, L_0x55c534c8a350, L_0x55c534c8a350, L_0x55c534c8a350;
LS_0x55c534c8a3f0_0_8 .concat [ 1 1 1 1], L_0x55c534c8a350, L_0x55c534c8a350, L_0x55c534c8a350, L_0x55c534c8a350;
LS_0x55c534c8a3f0_0_12 .concat [ 1 1 1 1], L_0x55c534c8a350, L_0x55c534c8a350, L_0x55c534c8a350, L_0x55c534c8a350;
LS_0x55c534c8a3f0_0_16 .concat [ 1 1 1 1], L_0x55c534c8a350, L_0x55c534c8a350, L_0x55c534c8a350, L_0x55c534c8a350;
LS_0x55c534c8a3f0_0_20 .concat [ 1 1 1 1], L_0x55c534c8a350, L_0x55c534c8a350, L_0x55c534c8a350, L_0x55c534c8a350;
LS_0x55c534c8a3f0_0_24 .concat [ 1 1 1 1], L_0x55c534c8a350, L_0x55c534c8a350, L_0x55c534c8a350, L_0x55c534c8a350;
LS_0x55c534c8a3f0_0_28 .concat [ 1 1 1 1], L_0x55c534c8a350, L_0x55c534c8a350, L_0x55c534c8a350, L_0x55c534c8a350;
LS_0x55c534c8a3f0_1_0 .concat [ 4 4 4 4], LS_0x55c534c8a3f0_0_0, LS_0x55c534c8a3f0_0_4, LS_0x55c534c8a3f0_0_8, LS_0x55c534c8a3f0_0_12;
LS_0x55c534c8a3f0_1_4 .concat [ 4 4 4 4], LS_0x55c534c8a3f0_0_16, LS_0x55c534c8a3f0_0_20, LS_0x55c534c8a3f0_0_24, LS_0x55c534c8a3f0_0_28;
L_0x55c534c8a3f0 .concat [ 16 16 0 0], LS_0x55c534c8a3f0_1_0, LS_0x55c534c8a3f0_1_4;
L_0x55c534c8aa90 .concat [ 12 32 0 0], L_0x55c534c89680, L_0x55c534c8a3f0;
L_0x55c534c8ab30 .concat [ 44 20 0 0], L_0x55c534c8aa90, L_0x7fc62ae21d08;
L_0x55c534c8ad60 .functor MUXZ 64, L_0x55c534c8ab30, L_0x55c534c8a140, L_0x55c534c89810, C4<>;
S_0x55c534c5f380 .scope module, "huu" "IR" 2 88, 3 206 0, S_0x55c534bd9b20;
 .timescale 0 0;
    .port_info 0 /INPUT 1 "clock"
    .port_info 1 /INPUT 1 "r_enable"
    .port_info 2 /INPUT 32 "data_in"
    .port_info 3 /OUTPUT 32 "data_out"
v0x55c534c5f590_0 .net "clock", 0 0, v0x55c534c6cef0_0;  1 drivers
v0x55c534c5f670_0 .net "data_in", 31 0, L_0x55c534c87de0;  alias, 1 drivers
v0x55c534c5f750_0 .var "data_out", 31 0;
v0x55c534c5f7f0_0 .var "opcode", 6 0;
v0x55c534c5f8b0_0 .net "r_enable", 0 0, v0x55c534c6da40_0;  1 drivers
E_0x55c534bfc4e0 .event posedge, v0x55c534c5f590_0;
S_0x55c534c5fa40 .scope module, "ihs" "Mux3" 2 115, 3 328 0, S_0x55c534bd9b20;
 .timescale 0 0;
    .port_info 0 /INPUT 32 "imm_some"
    .port_info 1 /INPUT 32 "four_some"
    .port_info 2 /INPUT 1 "flag"
    .port_info 3 /OUTPUT 32 "S3"
L_0x7fc62ae21d98 .functor BUFT 1, C4<0>, C4<0>, C4<0>, C4<0>;
L_0x55c534c88fb0 .functor XNOR 1, L_0x55c534c87670, L_0x7fc62ae21d98, C4<0>, C4<0>;
v0x55c534c5fc80_0 .net "S3", 31 0, L_0x55c534c8b170;  alias, 1 drivers
v0x55c534c5fd60_0 .net/2u *"_s0", 0 0, L_0x7fc62ae21d98;  1 drivers
v0x55c534c5fe40_0 .net *"_s2", 0 0, L_0x55c534c88fb0;  1 drivers
v0x55c534c5fee0_0 .net "flag", 0 0, L_0x55c534c87670;  alias, 1 drivers
v0x55c534c5ffa0_0 .net "four_some", 31 0, L_0x55c534c8aef0;  alias, 1 drivers
v0x55c534c600d0_0 .net "imm_some", 31 0, L_0x55c534c8b080;  alias, 1 drivers
L_0x55c534c8b170 .functor MUXZ 32, L_0x55c534c8b080, L_0x55c534c8aef0, L_0x55c534c88fb0, C4<>;
S_0x55c534c60230 .scope module, "its" "somador_imm" 2 109, 3 63 0, S_0x55c534bd9b20;
 .timescale 0 0;
    .port_info 0 /INPUT 32 "dout_pc"
    .port_info 1 /INPUT 64 "imm"
    .port_info 2 /OUTPUT 32 "soma"
v0x55c534c60470_0 .net *"_s1", 31 0, L_0x55c534c8afe0;  1 drivers
v0x55c534c60570_0 .net "dout_pc", 31 0, v0x55c534c61160_0;  alias, 1 drivers
v0x55c534c60650_0 .net "imm", 63 0, L_0x55c534c8ad60;  alias, 1 drivers
v0x55c534c60720_0 .net "soma", 31 0, L_0x55c534c8b080;  alias, 1 drivers
L_0x55c534c8afe0 .part L_0x55c534c8ad60, 0, 32;
L_0x55c534c8b080 .arith/sum 32, v0x55c534c61160_0, L_0x55c534c8afe0;
S_0x55c534c60850 .scope module, "itt" "somador_four" 2 103, 3 54 0, S_0x55c534bd9b20;
 .timescale 0 0;
    .port_info 0 /INPUT 32 "dout_pc"
    .port_info 1 /OUTPUT 32 "soma"
L_0x7fc62ae21d50 .functor BUFT 1, C4<00000000000000000000000000000100>, C4<0>, C4<0>, C4<0>;
v0x55c534c60a70_0 .net/2u *"_s0", 31 0, L_0x7fc62ae21d50;  1 drivers
v0x55c534c60b70_0 .net "dout_pc", 31 0, v0x55c534c61160_0;  alias, 1 drivers
v0x55c534c60c30_0 .net "soma", 31 0, L_0x55c534c8aef0;  alias, 1 drivers
L_0x55c534c8aef0 .arith/sum 32, v0x55c534c61160_0, L_0x7fc62ae21d50;
S_0x55c534c60d50 .scope module, "uhh" "PC" 2 81, 3 185 0, S_0x55c534bd9b20;
 .timescale 0 0;
    .port_info 0 /INPUT 1 "clock"
    .port_info 1 /INPUT 1 "r_enable"
    .port_info 2 /INPUT 32 "data_in"
    .port_info 3 /OUTPUT 32 "data_out"
v0x55c534c60fc0_0 .net "clock", 0 0, v0x55c534c6cef0_0;  alias, 1 drivers
v0x55c534c61090_0 .net "data_in", 31 0, L_0x55c534c8b170;  alias, 1 drivers
v0x55c534c61160_0 .var "data_out", 31 0;
v0x55c534c61280_0 .net "r_enable", 0 0, v0x55c534c6db80_0;  1 drivers
S_0x55c534c613a0 .scope module, "utH" "memoria_ins" 2 71, 3 114 0, S_0x55c534bd9b20;
 .timescale 0 0;
    .port_info 0 /INPUT 32 "ads"
    .port_info 1 /OUTPUT 32 "dout"
    .port_info 2 /OUTPUT 5 "rs1"
    .port_info 3 /OUTPUT 5 "rs2"
    .port_info 4 /OUTPUT 5 "rd"
    .port_info 5 /OUTPUT 7 "opcode"
L_0x55c534c87de0 .functor BUFZ 32, L_0x55c534c87d40, C4<00000000000000000000000000000000>, C4<00000000000000000000000000000000>, C4<00000000000000000000000000000000>;
v0x55c534c61610_0 .net *"_s0", 31 0, L_0x55c534c87d40;  1 drivers
v0x55c534c61710_0 .net *"_s12", 31 0, L_0x55c534c88170;  1 drivers
v0x55c534c617f0_0 .net *"_s16", 31 0, L_0x55c534c88340;  1 drivers
v0x55c534c618b0_0 .net *"_s4", 31 0, L_0x55c534c87e50;  1 drivers
v0x55c534c61990_0 .net *"_s8", 31 0, L_0x55c534c87fe0;  1 drivers
v0x55c534c61ac0_0 .net "ads", 31 0, v0x55c534c61160_0;  alias, 1 drivers
v0x55c534c61b80_0 .net "dout", 31 0, L_0x55c534c87de0;  alias, 1 drivers
v0x55c534c61c40_0 .net "opcode", 6 0, L_0x55c534c88430;  alias, 1 drivers
v0x55c534c61d10_0 .net "rd", 4 0, L_0x55c534c87ef0;  alias, 1 drivers
v0x55c534c61dd0 .array/s "registradores", 0 31, 31 0;
v0x55c534c61e90_0 .net "rs1", 4 0, L_0x55c534c88080;  alias, 1 drivers
v0x55c534c61f70_0 .net "rs2", 4 0, L_0x55c534c88250;  alias, 1 drivers
L_0x55c534c87d40 .array/port v0x55c534c61dd0, v0x55c534c61160_0;
L_0x55c534c87e50 .array/port v0x55c534c61dd0, v0x55c534c61160_0;
L_0x55c534c87ef0 .part L_0x55c534c87e50, 7, 5;
L_0x55c534c87fe0 .array/port v0x55c534c61dd0, v0x55c534c61160_0;
L_0x55c534c88080 .part L_0x55c534c87fe0, 15, 5;
L_0x55c534c88170 .array/port v0x55c534c61dd0, v0x55c534c61160_0;
L_0x55c534c88250 .part L_0x55c534c88170, 20, 5;
L_0x55c534c88340 .array/port v0x55c534c61dd0, v0x55c534c61160_0;
L_0x55c534c88430 .part L_0x55c534c88340, 0, 7;
S_0x55c534c62110 .scope module, "utt" "registrador" 2 37, 3 251 0, S_0x55c534bd9b20;
 .timescale 0 0;
    .port_info 0 /INPUT 1 "clk"
    .port_info 1 /INPUT 64 "din"
    .port_info 2 /INPUT 1 "we"
    .port_info 3 /INPUT 5 "Rw"
    .port_info 4 /INPUT 5 "Ra"
    .port_info 5 /INPUT 5 "Rb"
    .port_info 6 /OUTPUT 64 "doutA"
    .port_info 7 /OUTPUT 64 "doutB"
v0x55c534c623b0_0 .net "Ra", 4 0, L_0x55c534c88080;  alias, 1 drivers
v0x55c534c624c0_0 .net "Rb", 4 0, L_0x55c534c88250;  alias, 1 drivers
v0x55c534c62590_0 .net "Rw", 4 0, L_0x55c534c87ef0;  alias, 1 drivers
v0x55c534c62690_0 .net "clk", 0 0, v0x55c534c6cef0_0;  alias, 1 drivers
v0x55c534c62780_0 .net/s "din", 63 0, L_0x55c534c87c50;  alias, 1 drivers
v0x55c534c62870_0 .var/s "doutA", 63 0;
v0x55c534c62950_0 .var/s "doutB", 63 0;
v0x55c534c62a30 .array/s "registradores", 0 31, 63 0;
v0x55c534c62af0_0 .net "we", 0 0, v0x55c534c6dc20_0;  1 drivers
S_0x55c534c62cb0 .scope module, "utu" "memoria" 2 49, 3 74 0, S_0x55c534bd9b20;
 .timescale 0 0;
    .port_info 0 /INPUT 64 "ads"
    .port_info 1 /INPUT 1 "we"
    .port_info 2 /INPUT 64 "din"
    .port_info 3 /OUTPUT 64 "dout"
v0x55c534c62f70_0 .net *"_s0", 63 0, L_0x55c534c87800;  1 drivers
v0x55c534c63070_0 .net "ads", 63 0, L_0x55c534c808b0;  alias, 1 drivers
v0x55c534c63150_0 .net/s "din", 63 0, v0x55c534c62950_0;  alias, 1 drivers
v0x55c534c63220_0 .net/s "dout", 63 0, L_0x55c534c878a0;  alias, 1 drivers
v0x55c534c632e0 .array/s "registradores", 0 31, 63 0;
v0x55c534c633a0_0 .net "we", 0 0, v0x55c534c6dae0_0;  1 drivers
E_0x55c534c424a0 .event posedge, v0x55c534c633a0_0;
L_0x55c534c87800 .array/port v0x55c534c632e0, L_0x55c534c808b0;
L_0x55c534c878a0 .functor MUXZ 64, L_0x55c534c87800, v0x55c534c62950_0, v0x55c534c6dae0_0, C4<>;
S_0x55c534c634e0 .scope module, "utv" "Mux1" 2 57, 3 304 0, S_0x55c534bd9b20;
 .timescale 0 0;
    .port_info 0 /INPUT 64 "imm"
    .port_info 1 /INPUT 64 "doutB"
    .port_info 2 /INPUT 1 "sinalMux"
    .port_info 3 /OUTPUT 64 "S1"
L_0x7fc62ae21a80 .functor BUFT 1, C4<0>, C4<0>, C4<0>, C4<0>;
L_0x55c534c879e0 .functor XNOR 1, v0x55c534c6d720_0, L_0x7fc62ae21a80, C4<0>, C4<0>;
v0x55c534c63720_0 .net/s "S1", 63 0, L_0x55c534c87aa0;  alias, 1 drivers
v0x55c534c63820_0 .net/2u *"_s0", 0 0, L_0x7fc62ae21a80;  1 drivers
v0x55c534c63900_0 .net *"_s2", 0 0, L_0x55c534c879e0;  1 drivers
v0x55c534c639d0_0 .net/s "doutB", 63 0, v0x55c534c62950_0;  alias, 1 drivers
v0x55c534c63ae0_0 .net/s "imm", 63 0, L_0x55c534c8ad60;  alias, 1 drivers
v0x55c534c63c40_0 .net "sinalMux", 0 0, v0x55c534c6d720_0;  1 drivers
L_0x55c534c87aa0 .functor MUXZ 64, v0x55c534c62950_0, L_0x55c534c8ad60, L_0x55c534c879e0, C4<>;
S_0x55c534c63d80 .scope module, "uut" "ULA" 2 29, 3 1 0, S_0x55c534bd9b20;
 .timescale 0 0;
    .port_info 0 /INPUT 64 "b"
    .port_info 1 /INPUT 64 "a"
    .port_info 2 /INPUT 32 "sinal"
    .port_info 3 /OUTPUT 64 "soma"
    .port_info 4 /OUTPUT 1 "flag"
L_0x55c534c6dcc0 .functor BUFZ 64, v0x55c534c62870_0, C4<0000000000000000000000000000000000000000000000000000000000000000>, C4<0000000000000000000000000000000000000000000000000000000000000000>, C4<0000000000000000000000000000000000000000000000000000000000000000>;
L_0x55c534c6dd30 .functor BUFZ 64, L_0x55c534c87aa0, C4<0000000000000000000000000000000000000000000000000000000000000000>, C4<0000000000000000000000000000000000000000000000000000000000000000>, C4<0000000000000000000000000000000000000000000000000000000000000000>;
L_0x55c534c6dfd0 .functor AND 1, L_0x55c534c6e450, L_0x55c534c7e890, C4<1>, C4<1>;
L_0x55c534c7eb80 .functor AND 1, L_0x55c534c7f080, L_0x55c534c7f330, C4<1>, C4<1>;
L_0x55c534c7eb10 .functor AND 1, L_0x55c534c7f760, L_0x55c534c7f9b0, C4<1>, C4<1>;
L_0x55c534c7fd00 .functor AND 1, L_0x55c534c82290, L_0x55c534c82600, C4<1>, C4<1>;
L_0x55c534c830f0 .functor AND 1, L_0x55c534c82a60, L_0x55c534c82df0, C4<1>, C4<1>;
L_0x55c534c83a60 .functor AND 1, L_0x55c534c83560, L_0x55c534c83920, C4<1>, C4<1>;
L_0x55c534c84370 .functor AND 1, L_0x55c534c83e50, L_0x55c534c84230, C4<1>, C4<1>;
L_0x55c534c851d0 .functor AND 1, L_0x55c534c84a30, L_0x55c534c84e30, C4<1>, C4<1>;
L_0x55c534c85b70 .functor AND 1, L_0x55c534c853e0, L_0x55c534c857b0, C4<1>, C4<1>;
v0x55c534c63fd0_0 .net *"_s10", 63 0, L_0x55c534c6df30;  1 drivers
L_0x7fc62ae21378 .functor BUFT 1, C4<00>, C4<0>, C4<0>, C4<0>;
v0x55c534c640d0_0 .net/2s *"_s100", 1 0, L_0x7fc62ae21378;  1 drivers
v0x55c534c641b0_0 .net *"_s102", 1 0, L_0x55c534c80c40;  1 drivers
L_0x7fc62ae213c0 .functor BUFT 1, C4<0000000000000000000000000000000000000000000000000000000000000000>, C4<0>, C4<0>, C4<0>;
v0x55c534c64270_0 .net/2s *"_s106", 63 0, L_0x7fc62ae213c0;  1 drivers
v0x55c534c64350_0 .net *"_s108", 0 0, L_0x55c534c80fe0;  1 drivers
L_0x7fc62ae21408 .functor BUFT 1, C4<01>, C4<0>, C4<0>, C4<0>;
v0x55c534c64460_0 .net/2s *"_s110", 1 0, L_0x7fc62ae21408;  1 drivers
L_0x7fc62ae21450 .functor BUFT 1, C4<00>, C4<0>, C4<0>, C4<0>;
v0x55c534c64540_0 .net/2s *"_s112", 1 0, L_0x7fc62ae21450;  1 drivers
v0x55c534c64620_0 .net *"_s114", 1 0, L_0x55c534c80ce0;  1 drivers
v0x55c534c64700_0 .net *"_s119", 6 0, L_0x55c534c814d0;  1 drivers
L_0x7fc62ae21498 .functor BUFT 1, C4<0000011>, C4<0>, C4<0>, C4<0>;
v0x55c534c64870_0 .net/2u *"_s120", 6 0, L_0x7fc62ae21498;  1 drivers
v0x55c534c64950_0 .net *"_s122", 0 0, L_0x55c534c81570;  1 drivers
L_0x7fc62ae214e0 .functor BUFT 1, C4<0>, C4<0>, C4<0>, C4<0>;
v0x55c534c64a10_0 .net/2u *"_s124", 0 0, L_0x7fc62ae214e0;  1 drivers
v0x55c534c64af0_0 .net *"_s127", 6 0, L_0x55c534c81800;  1 drivers
L_0x7fc62ae21528 .functor BUFT 1, C4<0100011>, C4<0>, C4<0>, C4<0>;
v0x55c534c64bd0_0 .net/2u *"_s128", 6 0, L_0x7fc62ae21528;  1 drivers
v0x55c534c64cb0_0 .net *"_s13", 6 0, L_0x55c534c6e160;  1 drivers
v0x55c534c64d90_0 .net *"_s130", 0 0, L_0x55c534c818a0;  1 drivers
L_0x7fc62ae21570 .functor BUFT 1, C4<0>, C4<0>, C4<0>, C4<0>;
v0x55c534c64e50_0 .net/2u *"_s132", 0 0, L_0x7fc62ae21570;  1 drivers
v0x55c534c64f30_0 .net *"_s135", 6 0, L_0x55c534c81b40;  1 drivers
L_0x7fc62ae215b8 .functor BUFT 1, C4<0110011>, C4<0>, C4<0>, C4<0>;
v0x55c534c65010_0 .net/2u *"_s136", 6 0, L_0x7fc62ae215b8;  1 drivers
v0x55c534c650f0_0 .net *"_s138", 0 0, L_0x55c534c81be0;  1 drivers
L_0x7fc62ae21060 .functor BUFT 1, C4<0100011>, C4<0>, C4<0>, C4<0>;
v0x55c534c651b0_0 .net/2u *"_s14", 6 0, L_0x7fc62ae21060;  1 drivers
L_0x7fc62ae21600 .functor BUFT 1, C4<0>, C4<0>, C4<0>, C4<0>;
v0x55c534c65290_0 .net/2u *"_s140", 0 0, L_0x7fc62ae21600;  1 drivers
v0x55c534c65370_0 .net *"_s143", 6 0, L_0x55c534c81e90;  1 drivers
L_0x7fc62ae21648 .functor BUFT 1, C4<0010011>, C4<0>, C4<0>, C4<0>;
v0x55c534c65450_0 .net/2u *"_s144", 6 0, L_0x7fc62ae21648;  1 drivers
v0x55c534c65530_0 .net *"_s146", 0 0, L_0x55c534c81f30;  1 drivers
L_0x7fc62ae21690 .functor BUFT 1, C4<0>, C4<0>, C4<0>, C4<0>;
v0x55c534c655f0_0 .net/2u *"_s148", 0 0, L_0x7fc62ae21690;  1 drivers
v0x55c534c656d0_0 .net *"_s151", 6 0, L_0x55c534c821f0;  1 drivers
L_0x7fc62ae216d8 .functor BUFT 1, C4<1100011>, C4<0>, C4<0>, C4<0>;
v0x55c534c657b0_0 .net/2u *"_s152", 6 0, L_0x7fc62ae216d8;  1 drivers
v0x55c534c65890_0 .net *"_s154", 0 0, L_0x55c534c82290;  1 drivers
v0x55c534c65950_0 .net *"_s157", 2 0, L_0x55c534c82560;  1 drivers
L_0x7fc62ae21720 .functor BUFT 1, C4<000>, C4<0>, C4<0>, C4<0>;
v0x55c534c65a30_0 .net/2u *"_s158", 2 0, L_0x7fc62ae21720;  1 drivers
v0x55c534c65b10_0 .net *"_s16", 0 0, L_0x55c534c6e230;  1 drivers
v0x55c534c65bd0_0 .net *"_s160", 0 0, L_0x55c534c82600;  1 drivers
v0x55c534c65ea0_0 .net *"_s162", 0 0, L_0x55c534c7fd00;  1 drivers
v0x55c534c65f60_0 .net *"_s165", 6 0, L_0x55c534c829c0;  1 drivers
L_0x7fc62ae21768 .functor BUFT 1, C4<1100011>, C4<0>, C4<0>, C4<0>;
v0x55c534c66040_0 .net/2u *"_s166", 6 0, L_0x7fc62ae21768;  1 drivers
v0x55c534c66120_0 .net *"_s168", 0 0, L_0x55c534c82a60;  1 drivers
v0x55c534c661e0_0 .net *"_s171", 2 0, L_0x55c534c82d50;  1 drivers
L_0x7fc62ae217b0 .functor BUFT 1, C4<001>, C4<0>, C4<0>, C4<0>;
v0x55c534c662c0_0 .net/2u *"_s172", 2 0, L_0x7fc62ae217b0;  1 drivers
v0x55c534c663a0_0 .net *"_s174", 0 0, L_0x55c534c82df0;  1 drivers
v0x55c534c66460_0 .net *"_s176", 0 0, L_0x55c534c830f0;  1 drivers
v0x55c534c66520_0 .net *"_s179", 0 0, L_0x55c534c83200;  1 drivers
v0x55c534c665e0_0 .net *"_s18", 63 0, L_0x55c534c6e2d0;  1 drivers
v0x55c534c666c0_0 .net *"_s181", 6 0, L_0x55c534c832f0;  1 drivers
L_0x7fc62ae217f8 .functor BUFT 1, C4<1100011>, C4<0>, C4<0>, C4<0>;
v0x55c534c667a0_0 .net/2u *"_s182", 6 0, L_0x7fc62ae217f8;  1 drivers
v0x55c534c66880_0 .net *"_s184", 0 0, L_0x55c534c83560;  1 drivers
v0x55c534c66940_0 .net *"_s187", 2 0, L_0x55c534c836a0;  1 drivers
L_0x7fc62ae21840 .functor BUFT 1, C4<100>, C4<0>, C4<0>, C4<0>;
v0x55c534c66a20_0 .net/2u *"_s188", 2 0, L_0x7fc62ae21840;  1 drivers
v0x55c534c66b00_0 .net *"_s190", 0 0, L_0x55c534c83920;  1 drivers
v0x55c534c66bc0_0 .net *"_s192", 0 0, L_0x55c534c83a60;  1 drivers
v0x55c534c66c80_0 .net *"_s195", 6 0, L_0x55c534c83bc0;  1 drivers
L_0x7fc62ae21888 .functor BUFT 1, C4<1100011>, C4<0>, C4<0>, C4<0>;
v0x55c534c66d60_0 .net/2u *"_s196", 6 0, L_0x7fc62ae21888;  1 drivers
v0x55c534c66e40_0 .net *"_s198", 0 0, L_0x55c534c83e50;  1 drivers
v0x55c534c66f00_0 .net *"_s201", 2 0, L_0x55c534c83f90;  1 drivers
L_0x7fc62ae218d0 .functor BUFT 1, C4<101>, C4<0>, C4<0>, C4<0>;
v0x55c534c66fe0_0 .net/2u *"_s202", 2 0, L_0x7fc62ae218d0;  1 drivers
v0x55c534c670c0_0 .net *"_s204", 0 0, L_0x55c534c84230;  1 drivers
v0x55c534c67180_0 .net *"_s206", 0 0, L_0x55c534c84370;  1 drivers
v0x55c534c67240_0 .net *"_s209", 0 0, L_0x55c534c84480;  1 drivers
v0x55c534c67300_0 .net *"_s21", 6 0, L_0x55c534c6e3b0;  1 drivers
v0x55c534c673e0_0 .net *"_s211", 6 0, L_0x55c534c84780;  1 drivers
L_0x7fc62ae21918 .functor BUFT 1, C4<1100011>, C4<0>, C4<0>, C4<0>;
v0x55c534c674c0_0 .net/2u *"_s212", 6 0, L_0x7fc62ae21918;  1 drivers
v0x55c534c675a0_0 .net *"_s214", 0 0, L_0x55c534c84a30;  1 drivers
v0x55c534c67660_0 .net *"_s217", 2 0, L_0x55c534c84d90;  1 drivers
L_0x7fc62ae21960 .functor BUFT 1, C4<110>, C4<0>, C4<0>, C4<0>;
v0x55c534c67740_0 .net/2u *"_s218", 2 0, L_0x7fc62ae21960;  1 drivers
L_0x7fc62ae210a8 .functor BUFT 1, C4<0110011>, C4<0>, C4<0>, C4<0>;
v0x55c534c67820_0 .net/2u *"_s22", 6 0, L_0x7fc62ae210a8;  1 drivers
v0x55c534c67d10_0 .net *"_s220", 0 0, L_0x55c534c84e30;  1 drivers
v0x55c534c67dd0_0 .net *"_s222", 0 0, L_0x55c534c851d0;  1 drivers
v0x55c534c67e90_0 .net *"_s225", 6 0, L_0x55c534c85340;  1 drivers
L_0x7fc62ae219a8 .functor BUFT 1, C4<1100011>, C4<0>, C4<0>, C4<0>;
v0x55c534c67f70_0 .net/2u *"_s226", 6 0, L_0x7fc62ae219a8;  1 drivers
v0x55c534c68050_0 .net *"_s228", 0 0, L_0x55c534c853e0;  1 drivers
v0x55c534c68110_0 .net *"_s231", 2 0, L_0x55c534c85710;  1 drivers
L_0x7fc62ae219f0 .functor BUFT 1, C4<111>, C4<0>, C4<0>, C4<0>;
v0x55c534c681f0_0 .net/2u *"_s232", 2 0, L_0x7fc62ae219f0;  1 drivers
v0x55c534c682d0_0 .net *"_s234", 0 0, L_0x55c534c857b0;  1 drivers
v0x55c534c68390_0 .net *"_s236", 0 0, L_0x55c534c85b70;  1 drivers
v0x55c534c68450_0 .net *"_s239", 0 0, L_0x55c534c85c80;  1 drivers
v0x55c534c68510_0 .net *"_s24", 0 0, L_0x55c534c6e450;  1 drivers
L_0x7fc62ae21a38 .functor BUFT 1, C4<0>, C4<0>, C4<0>, C4<0>;
v0x55c534c685d0_0 .net/2u *"_s240", 0 0, L_0x7fc62ae21a38;  1 drivers
v0x55c534c686b0_0 .net *"_s242", 0 0, L_0x55c534c85d20;  1 drivers
v0x55c534c68790_0 .net *"_s244", 0 0, L_0x55c534c86110;  1 drivers
v0x55c534c68870_0 .net *"_s246", 0 0, L_0x55c534c86250;  1 drivers
v0x55c534c68950_0 .net *"_s248", 0 0, L_0x55c534c86600;  1 drivers
v0x55c534c68a30_0 .net *"_s250", 0 0, L_0x55c534c86740;  1 drivers
v0x55c534c68b10_0 .net *"_s252", 0 0, L_0x55c534c86b50;  1 drivers
v0x55c534c68bf0_0 .net *"_s254", 0 0, L_0x55c534c86c90;  1 drivers
v0x55c534c68cd0_0 .net *"_s256", 0 0, L_0x55c534c870b0;  1 drivers
v0x55c534c68db0_0 .net *"_s258", 0 0, L_0x55c534c87240;  1 drivers
v0x55c534c68e90_0 .net *"_s27", 6 0, L_0x55c534c6e610;  1 drivers
v0x55c534c68f70_0 .net *"_s28", 31 0, L_0x55c534c6e6b0;  1 drivers
L_0x7fc62ae210f0 .functor BUFT 1, C4<0000000000000000000000000>, C4<0>, C4<0>, C4<0>;
v0x55c534c69050_0 .net *"_s31", 24 0, L_0x7fc62ae210f0;  1 drivers
L_0x7fc62ae21138 .functor BUFT 1, C4<00000000000000000000000000000000>, C4<0>, C4<0>, C4<0>;
v0x55c534c69130_0 .net/2u *"_s32", 31 0, L_0x7fc62ae21138;  1 drivers
v0x55c534c69210_0 .net *"_s34", 0 0, L_0x55c534c7e890;  1 drivers
v0x55c534c692d0_0 .net *"_s36", 0 0, L_0x55c534c6dfd0;  1 drivers
v0x55c534c69390_0 .net *"_s38", 63 0, L_0x55c534c7ea70;  1 drivers
v0x55c534c69470_0 .net *"_s41", 6 0, L_0x55c534c7ebf0;  1 drivers
L_0x7fc62ae21180 .functor BUFT 1, C4<0010011>, C4<0>, C4<0>, C4<0>;
v0x55c534c69550_0 .net/2u *"_s42", 6 0, L_0x7fc62ae21180;  1 drivers
v0x55c534c69630_0 .net *"_s44", 0 0, L_0x55c534c7ec90;  1 drivers
v0x55c534c696f0_0 .net *"_s46", 63 0, L_0x55c534c7ee80;  1 drivers
v0x55c534c697d0_0 .net *"_s49", 6 0, L_0x55c534c7ef20;  1 drivers
v0x55c534c698b0_0 .net *"_s5", 6 0, L_0x55c534c6dda0;  1 drivers
L_0x7fc62ae211c8 .functor BUFT 1, C4<1100011>, C4<0>, C4<0>, C4<0>;
v0x55c534c69990_0 .net/2u *"_s50", 6 0, L_0x7fc62ae211c8;  1 drivers
v0x55c534c69a70_0 .net *"_s52", 0 0, L_0x55c534c7f080;  1 drivers
v0x55c534c69b30_0 .net *"_s55", 2 0, L_0x55c534c7f1f0;  1 drivers
L_0x7fc62ae21210 .functor BUFT 1, C4<110>, C4<0>, C4<0>, C4<0>;
v0x55c534c69c10_0 .net/2u *"_s56", 2 0, L_0x7fc62ae21210;  1 drivers
v0x55c534c69cf0_0 .net *"_s58", 0 0, L_0x55c534c7f330;  1 drivers
L_0x7fc62ae21018 .functor BUFT 1, C4<0000011>, C4<0>, C4<0>, C4<0>;
v0x55c534c69db0_0 .net/2u *"_s6", 6 0, L_0x7fc62ae21018;  1 drivers
v0x55c534c69e90_0 .net *"_s60", 0 0, L_0x55c534c7eb80;  1 drivers
v0x55c534c69f50_0 .net *"_s62", 63 0, L_0x55c534c7f570;  1 drivers
v0x55c534c6a030_0 .net *"_s65", 6 0, L_0x55c534c7f290;  1 drivers
L_0x7fc62ae21258 .functor BUFT 1, C4<1100011>, C4<0>, C4<0>, C4<0>;
v0x55c534c6a110_0 .net/2u *"_s66", 6 0, L_0x7fc62ae21258;  1 drivers
v0x55c534c6a1f0_0 .net *"_s68", 0 0, L_0x55c534c7f760;  1 drivers
v0x55c534c6a2b0_0 .net *"_s71", 2 0, L_0x55c534c7f910;  1 drivers
L_0x7fc62ae212a0 .functor BUFT 1, C4<111>, C4<0>, C4<0>, C4<0>;
v0x55c534c6a390_0 .net/2u *"_s72", 2 0, L_0x7fc62ae212a0;  1 drivers
v0x55c534c6a470_0 .net *"_s74", 0 0, L_0x55c534c7f9b0;  1 drivers
v0x55c534c6a530_0 .net *"_s76", 0 0, L_0x55c534c7eb10;  1 drivers
v0x55c534c6a5f0_0 .net *"_s78", 63 0, L_0x55c534c7fc60;  1 drivers
v0x55c534c6a6d0_0 .net *"_s8", 0 0, L_0x55c534c6de40;  1 drivers
v0x55c534c6a790_0 .net *"_s80", 63 0, L_0x55c534c7fd70;  1 drivers
v0x55c534c6a870_0 .net *"_s82", 63 0, L_0x55c534c7fef0;  1 drivers
v0x55c534c6a950_0 .net *"_s84", 63 0, L_0x55c534c80080;  1 drivers
v0x55c534c6aa30_0 .net *"_s86", 63 0, L_0x55c534c80300;  1 drivers
v0x55c534c6ab10_0 .net *"_s88", 63 0, L_0x55c534c80490;  1 drivers
v0x55c534c6abf0_0 .net *"_s90", 63 0, L_0x55c534c80720;  1 drivers
L_0x7fc62ae212e8 .functor BUFT 1, C4<0000000000000000000000000000000000000000000000000000000000000000>, C4<0>, C4<0>, C4<0>;
v0x55c534c6acd0_0 .net/2s *"_s94", 63 0, L_0x7fc62ae212e8;  1 drivers
v0x55c534c6adb0_0 .net *"_s96", 0 0, L_0x55c534c80b50;  1 drivers
L_0x7fc62ae21330 .functor BUFT 1, C4<01>, C4<0>, C4<0>, C4<0>;
v0x55c534c6ae70_0 .net/2s *"_s98", 1 0, L_0x7fc62ae21330;  1 drivers
v0x55c534c6af50_0 .net/s "a", 63 0, v0x55c534c62870_0;  alias, 1 drivers
v0x55c534c6b010_0 .net "au", 63 0, L_0x55c534c6dcc0;  1 drivers
v0x55c534c6b0d0_0 .net/s "b", 63 0, L_0x55c534c87aa0;  alias, 1 drivers
v0x55c534c6b190_0 .net "bu", 63 0, L_0x55c534c6dd30;  1 drivers
v0x55c534c6ba60_0 .net "flag", 0 0, L_0x55c534c87670;  alias, 1 drivers
v0x55c534c6bb30_0 .net "flagBEQ", 0 0, L_0x55c534c80ef0;  1 drivers
v0x55c534c6bbd0_0 .net "flagBLT", 0 0, L_0x55c534c812a0;  1 drivers
v0x55c534c6bc90_0 .net "sinal", 31 0, L_0x55c534c87de0;  alias, 1 drivers
v0x55c534c6bd50_0 .net/s "soma", 63 0, L_0x55c534c808b0;  alias, 1 drivers
L_0x55c534c6dda0 .part L_0x55c534c87de0, 0, 7;
L_0x55c534c6de40 .cmp/eq 7, L_0x55c534c6dda0, L_0x7fc62ae21018;
L_0x55c534c6df30 .arith/sum 64, v0x55c534c62870_0, L_0x55c534c87aa0;
L_0x55c534c6e160 .part L_0x55c534c87de0, 0, 7;
L_0x55c534c6e230 .cmp/eq 7, L_0x55c534c6e160, L_0x7fc62ae21060;
L_0x55c534c6e2d0 .arith/sum 64, v0x55c534c62870_0, L_0x55c534c87aa0;
L_0x55c534c6e3b0 .part L_0x55c534c87de0, 0, 7;
L_0x55c534c6e450 .cmp/eq 7, L_0x55c534c6e3b0, L_0x7fc62ae210a8;
L_0x55c534c6e610 .part L_0x55c534c87de0, 25, 7;
L_0x55c534c6e6b0 .concat [ 7 25 0 0], L_0x55c534c6e610, L_0x7fc62ae210f0;
L_0x55c534c7e890 .cmp/eq 32, L_0x55c534c6e6b0, L_0x7fc62ae21138;
L_0x55c534c7ea70 .arith/sum 64, v0x55c534c62870_0, L_0x55c534c87aa0;
L_0x55c534c7ebf0 .part L_0x55c534c87de0, 0, 7;
L_0x55c534c7ec90 .cmp/eq 7, L_0x55c534c7ebf0, L_0x7fc62ae21180;
L_0x55c534c7ee80 .arith/sum 64, v0x55c534c62870_0, L_0x55c534c87aa0;
L_0x55c534c7ef20 .part L_0x55c534c87de0, 0, 7;
L_0x55c534c7f080 .cmp/eq 7, L_0x55c534c7ef20, L_0x7fc62ae211c8;
L_0x55c534c7f1f0 .part L_0x55c534c87de0, 12, 3;
L_0x55c534c7f330 .cmp/eq 3, L_0x55c534c7f1f0, L_0x7fc62ae21210;
L_0x55c534c7f570 .arith/sub 64, L_0x55c534c6dcc0, L_0x55c534c6dd30;
L_0x55c534c7f290 .part L_0x55c534c87de0, 0, 7;
L_0x55c534c7f760 .cmp/eq 7, L_0x55c534c7f290, L_0x7fc62ae21258;
L_0x55c534c7f910 .part L_0x55c534c87de0, 12, 3;
L_0x55c534c7f9b0 .cmp/eq 3, L_0x55c534c7f910, L_0x7fc62ae212a0;
L_0x55c534c7fc60 .arith/sub 64, L_0x55c534c6dcc0, L_0x55c534c6dd30;
L_0x55c534c7fd70 .arith/sub 64, v0x55c534c62870_0, L_0x55c534c87aa0;
L_0x55c534c7fef0 .functor MUXZ 64, L_0x55c534c7fd70, L_0x55c534c7fc60, L_0x55c534c7eb10, C4<>;
L_0x55c534c80080 .functor MUXZ 64, L_0x55c534c7fef0, L_0x55c534c7f570, L_0x55c534c7eb80, C4<>;
L_0x55c534c80300 .functor MUXZ 64, L_0x55c534c80080, L_0x55c534c7ee80, L_0x55c534c7ec90, C4<>;
L_0x55c534c80490 .functor MUXZ 64, L_0x55c534c80300, L_0x55c534c7ea70, L_0x55c534c6dfd0, C4<>;
L_0x55c534c80720 .functor MUXZ 64, L_0x55c534c80490, L_0x55c534c6e2d0, L_0x55c534c6e230, C4<>;
L_0x55c534c808b0 .functor MUXZ 64, L_0x55c534c80720, L_0x55c534c6df30, L_0x55c534c6de40, C4<>;
L_0x55c534c80b50 .cmp/eq 64, L_0x55c534c808b0, L_0x7fc62ae212e8;
L_0x55c534c80c40 .functor MUXZ 2, L_0x7fc62ae21378, L_0x7fc62ae21330, L_0x55c534c80b50, C4<>;
L_0x55c534c80ef0 .part L_0x55c534c80c40, 0, 1;
L_0x55c534c80fe0 .cmp/gt.s 64, L_0x7fc62ae213c0, L_0x55c534c808b0;
L_0x55c534c80ce0 .functor MUXZ 2, L_0x7fc62ae21450, L_0x7fc62ae21408, L_0x55c534c80fe0, C4<>;
L_0x55c534c812a0 .part L_0x55c534c80ce0, 0, 1;
L_0x55c534c814d0 .part L_0x55c534c87de0, 0, 7;
L_0x55c534c81570 .cmp/eq 7, L_0x55c534c814d0, L_0x7fc62ae21498;
L_0x55c534c81800 .part L_0x55c534c87de0, 0, 7;
L_0x55c534c818a0 .cmp/eq 7, L_0x55c534c81800, L_0x7fc62ae21528;
L_0x55c534c81b40 .part L_0x55c534c87de0, 0, 7;
L_0x55c534c81be0 .cmp/eq 7, L_0x55c534c81b40, L_0x7fc62ae215b8;
L_0x55c534c81e90 .part L_0x55c534c87de0, 0, 7;
L_0x55c534c81f30 .cmp/eq 7, L_0x55c534c81e90, L_0x7fc62ae21648;
L_0x55c534c821f0 .part L_0x55c534c87de0, 0, 7;
L_0x55c534c82290 .cmp/eq 7, L_0x55c534c821f0, L_0x7fc62ae216d8;
L_0x55c534c82560 .part L_0x55c534c87de0, 12, 3;
L_0x55c534c82600 .cmp/eq 3, L_0x55c534c82560, L_0x7fc62ae21720;
L_0x55c534c829c0 .part L_0x55c534c87de0, 0, 7;
L_0x55c534c82a60 .cmp/eq 7, L_0x55c534c829c0, L_0x7fc62ae21768;
L_0x55c534c82d50 .part L_0x55c534c87de0, 12, 3;
L_0x55c534c82df0 .cmp/eq 3, L_0x55c534c82d50, L_0x7fc62ae217b0;
L_0x55c534c83200 .reduce/nor L_0x55c534c80ef0;
L_0x55c534c832f0 .part L_0x55c534c87de0, 0, 7;
L_0x55c534c83560 .cmp/eq 7, L_0x55c534c832f0, L_0x7fc62ae217f8;
L_0x55c534c836a0 .part L_0x55c534c87de0, 12, 3;
L_0x55c534c83920 .cmp/eq 3, L_0x55c534c836a0, L_0x7fc62ae21840;
L_0x55c534c83bc0 .part L_0x55c534c87de0, 0, 7;
L_0x55c534c83e50 .cmp/eq 7, L_0x55c534c83bc0, L_0x7fc62ae21888;
L_0x55c534c83f90 .part L_0x55c534c87de0, 12, 3;
L_0x55c534c84230 .cmp/eq 3, L_0x55c534c83f90, L_0x7fc62ae218d0;
L_0x55c534c84480 .reduce/nor L_0x55c534c812a0;
L_0x55c534c84780 .part L_0x55c534c87de0, 0, 7;
L_0x55c534c84a30 .cmp/eq 7, L_0x55c534c84780, L_0x7fc62ae21918;
L_0x55c534c84d90 .part L_0x55c534c87de0, 12, 3;
L_0x55c534c84e30 .cmp/eq 3, L_0x55c534c84d90, L_0x7fc62ae21960;
L_0x55c534c85340 .part L_0x55c534c87de0, 0, 7;
L_0x55c534c853e0 .cmp/eq 7, L_0x55c534c85340, L_0x7fc62ae219a8;
L_0x55c534c85710 .part L_0x55c534c87de0, 12, 3;
L_0x55c534c857b0 .cmp/eq 3, L_0x55c534c85710, L_0x7fc62ae219f0;
L_0x55c534c85c80 .reduce/nor L_0x55c534c812a0;
L_0x55c534c85d20 .functor MUXZ 1, L_0x7fc62ae21a38, L_0x55c534c85c80, L_0x55c534c85b70, C4<>;
L_0x55c534c86110 .functor MUXZ 1, L_0x55c534c85d20, L_0x55c534c812a0, L_0x55c534c851d0, C4<>;
L_0x55c534c86250 .functor MUXZ 1, L_0x55c534c86110, L_0x55c534c84480, L_0x55c534c84370, C4<>;
L_0x55c534c86600 .functor MUXZ 1, L_0x55c534c86250, L_0x55c534c812a0, L_0x55c534c83a60, C4<>;
L_0x55c534c86740 .functor MUXZ 1, L_0x55c534c86600, L_0x55c534c83200, L_0x55c534c830f0, C4<>;
L_0x55c534c86b50 .functor MUXZ 1, L_0x55c534c86740, L_0x55c534c80ef0, L_0x55c534c7fd00, C4<>;
L_0x55c534c86c90 .functor MUXZ 1, L_0x55c534c86b50, L_0x7fc62ae21690, L_0x55c534c81f30, C4<>;
L_0x55c534c870b0 .functor MUXZ 1, L_0x55c534c86c90, L_0x7fc62ae21600, L_0x55c534c81be0, C4<>;
L_0x55c534c87240 .functor MUXZ 1, L_0x55c534c870b0, L_0x7fc62ae21570, L_0x55c534c818a0, C4<>;
L_0x55c534c87670 .functor MUXZ 1, L_0x55c534c87240, L_0x7fc62ae214e0, L_0x55c534c81570, C4<>;
S_0x55c534c6bec0 .scope module, "uvv" "Mux2" 2 64, 3 317 0, S_0x55c534bd9b20;
 .timescale 0 0;
    .port_info 0 /INPUT 64 "dout"
    .port_info 1 /INPUT 64 "soma"
    .port_info 2 /INPUT 1 "sinalMux"
    .port_info 3 /OUTPUT 64 "S2"
L_0x7fc62ae21ac8 .functor BUFT 1, C4<0>, C4<0>, C4<0>, C4<0>;
L_0x55c534c87b90 .functor XNOR 1, v0x55c534c6d7c0_0, L_0x7fc62ae21ac8, C4<0>, C4<0>;
v0x55c534c6c100_0 .net/s "S2", 63 0, L_0x55c534c87c50;  alias, 1 drivers
v0x55c534c6c210_0 .net/2u *"_s0", 0 0, L_0x7fc62ae21ac8;  1 drivers
v0x55c534c6c2d0_0 .net *"_s2", 0 0, L_0x55c534c87b90;  1 drivers
v0x55c534c6c3a0_0 .net/s "dout", 63 0, L_0x55c534c878a0;  alias, 1 drivers
v0x55c534c6c490_0 .net "sinalMux", 0 0, v0x55c534c6d7c0_0;  1 drivers
v0x55c534c6c580_0 .net/s "soma", 63 0, L_0x55c534c808b0;  alias, 1 drivers
L_0x55c534c87c50 .functor MUXZ 64, L_0x55c534c808b0, L_0x55c534c878a0, L_0x55c534c87b90, C4<>;
    .scope S_0x55c534c62110;
T_0 ;
    %pushi/vec4 1, 0, 64;
    %ix/load 4, 0, 0;
    %flag_set/imm 4, 0;
    %store/vec4a v0x55c534c62a30, 4, 0;
    %pushi/vec4 1, 0, 64;
    %ix/load 4, 1, 0;
    %flag_set/imm 4, 0;
    %store/vec4a v0x55c534c62a30, 4, 0;
    %pushi/vec4 1, 0, 64;
    %ix/load 4, 2, 0;
    %flag_set/imm 4, 0;
    %store/vec4a v0x55c534c62a30, 4, 0;
    %pushi/vec4 0, 0, 64;
    %ix/load 4, 3, 0;
    %flag_set/imm 4, 0;
    %store/vec4a v0x55c534c62a30, 4, 0;
    %pushi/vec4 2, 0, 64;
    %ix/load 4, 5, 0;
    %flag_set/imm 4, 0;
    %store/vec4a v0x55c534c62a30, 4, 0;
    %pushi/vec4 36, 0, 64;
    %ix/load 4, 6, 0;
    %flag_set/imm 4, 0;
    %store/vec4a v0x55c534c62a30, 4, 0;
    %end;
    .thread T_0;
    .scope S_0x55c534c62110;
T_1 ;
    %wait E_0x55c534bfc4e0;
    %load/vec4 v0x55c534c62af0_0;
    %flag_set/vec4 8;
    %jmp/0xz  T_1.0, 8;
    %load/vec4 v0x55c534c62780_0;
    %load/vec4 v0x55c534c62590_0;
    %pad/u 7;
    %ix/vec4 3;
    %ix/load 4, 0, 0; Constant delay
    %assign/vec4/a/d v0x55c534c62a30, 0, 4;
T_1.0 ;
    %load/vec4 v0x55c534c623b0_0;
    %pad/u 7;
    %ix/vec4 4;
    %load/vec4a v0x55c534c62a30, 4;
    %assign/vec4 v0x55c534c62870_0, 0;
    %load/vec4 v0x55c534c624c0_0;
    %pad/u 7;
    %ix/vec4 4;
    %load/vec4a v0x55c534c62a30, 4;
    %assign/vec4 v0x55c534c62950_0, 0;
    %jmp T_1;
    .thread T_1;
    .scope S_0x55c534c62cb0;
T_2 ;
    %pushi/vec4 45, 0, 64;
    %ix/load 4, 0, 0;
    %flag_set/imm 4, 0;
    %store/vec4a v0x55c534c632e0, 4, 0;
    %pushi/vec4 11, 0, 64;
    %ix/load 4, 1, 0;
    %flag_set/imm 4, 0;
    %store/vec4a v0x55c534c632e0, 4, 0;
    %end;
    .thread T_2;
    .scope S_0x55c534c62cb0;
T_3 ;
    %wait E_0x55c534c424a0;
    %load/vec4 v0x55c534c63150_0;
    %ix/getv 3, v0x55c534c63070_0;
    %ix/load 4, 0, 0; Constant delay
    %assign/vec4/a/d v0x55c534c632e0, 0, 4;
    %jmp T_3;
    .thread T_3;
    .scope S_0x55c534c613a0;
T_4 ;
    %pushi/vec4 5353603, 0, 32;
    %ix/load 4, 0, 0;
    %flag_set/imm 4, 0;
    %store/vec4a v0x55c534c61dd0, 4, 0;
    %pushi/vec4 2175523, 0, 32;
    %ix/load 4, 1, 0;
    %flag_set/imm 4, 0;
    %store/vec4a v0x55c534c61dd0, 4, 0;
    %pushi/vec4 2130355, 0, 32;
    %ix/load 4, 2, 0;
    %flag_set/imm 4, 0;
    %store/vec4a v0x55c534c61dd0, 4, 0;
    %pushi/vec4 1075872307, 0, 32;
    %ix/load 4, 3, 0;
    %flag_set/imm 4, 0;
    %store/vec4a v0x55c534c61dd0, 4, 0;
    %pushi/vec4 3179155, 0, 32;
    %ix/load 4, 4, 0;
    %flag_set/imm 4, 0;
    %store/vec4a v0x55c534c61dd0, 4, 0;
    %pushi/vec4 1065315, 0, 32;
    %ix/load 4, 5, 0;
    %flag_set/imm 4, 0;
    %store/vec4a v0x55c534c61dd0, 4, 0;
    %pushi/vec4 2130019, 0, 32;
    %ix/load 4, 6, 0;
    %flag_set/imm 4, 0;
    %store/vec4a v0x55c534c61dd0, 4, 0;
    %pushi/vec4 1067107, 0, 32;
    %ix/load 4, 7, 0;
    %flag_set/imm 4, 0;
    %store/vec4a v0x55c534c61dd0, 4, 0;
    %end;
    .thread T_4;
    .scope S_0x55c534c60d50;
T_5 ;
    %pushi/vec4 5, 0, 32;
    %assign/vec4 v0x55c534c61160_0, 0;
    %end;
    .thread T_5;
    .scope S_0x55c534c60d50;
T_6 ;
    %wait E_0x55c534bfc4e0;
    %load/vec4 v0x55c534c61280_0;
    %flag_set/vec4 8;
    %jmp/0xz  T_6.0, 8;
    %load/vec4 v0x55c534c61090_0;
    %parti/s 6, 2, 3;
    %pad/u 32;
    %assign/vec4 v0x55c534c61160_0, 0;
T_6.0 ;
    %jmp T_6;
    .thread T_6;
    .scope S_0x55c534c5f380;
T_7 ;
    %wait E_0x55c534bfc4e0;
    %load/vec4 v0x55c534c5f8b0_0;
    %flag_set/vec4 8;
    %jmp/0xz  T_7.0, 8;
    %load/vec4 v0x55c534c5f670_0;
    %assign/vec4 v0x55c534c5f750_0, 0;
T_7.0 ;
    %jmp T_7;
    .thread T_7;
    .scope S_0x55c534bd9b20;
T_8 ;
    %vpi_call 2 123 "$dumpfile", "testbench.vcd" {0 0 0};
    %end;
    .thread T_8;
    .scope S_0x55c534bd9b20;
T_9 ;
    %vpi_call 2 124 "$dumpvars", 32'sb00000000000000000000000000000000, S_0x55c534bd9b20 {0 0 0};
    %end;
    .thread T_9;
    .scope S_0x55c534bd9b20;
T_10 ;
    %pushi/vec4 0, 0, 1;
    %store/vec4 v0x55c534c6d720_0, 0, 1;
    %pushi/vec4 0, 0, 1;
    %store/vec4 v0x55c534c6cef0_0, 0, 1;
    %pushi/vec4 0, 0, 1;
    %store/vec4 v0x55c534c6d7c0_0, 0, 1;
    %pushi/vec4 1, 0, 1;
    %store/vec4 v0x55c534c6da40_0, 0, 1;
    %pushi/vec4 0, 0, 1;
    %store/vec4 v0x55c534c6dae0_0, 0, 1;
    %pushi/vec4 0, 0, 1;
    %store/vec4 v0x55c534c6db80_0, 0, 1;
    %delay 10, 0;
    %delay 10, 0;
    %delay 10, 0;
    %delay 10, 0;
    %delay 10, 0;
    %vpi_call 2 145 "$display", "%d", v0x55c534c6d3a0_0 {0 0 0};
    %delay 10, 0;
    %delay 10, 0;
    %pushi/vec4 1, 0, 1;
    %store/vec4 v0x55c534c6dae0_0, 0, 1;
    %delay 10, 0;
    %vpi_call 2 162 "$finish" {0 0 0};
    %end;
    .thread T_10;
    .scope S_0x55c534bd9b20;
T_11 ;
    %delay 10, 0;
    %load/vec4 v0x55c534c6cef0_0;
    %inv;
    %store/vec4 v0x55c534c6cef0_0, 0, 1;
    %jmp T_11;
    .thread T_11;
# The file index is used to find the file name in the following table.
:file_names 4;
    "N/A";
    "<interactive>";
    "testbench.v";
    "Dataflow.v";
