#! /usr/bin/vvp
:ivl_version "11.0 (stable)";
:ivl_delay_selection "TYPICAL";
:vpi_time_precision + 0;
:vpi_module "/usr/lib/x86_64-linux-gnu/ivl/system.vpi";
:vpi_module "/usr/lib/x86_64-linux-gnu/ivl/vhdl_sys.vpi";
:vpi_module "/usr/lib/x86_64-linux-gnu/ivl/vhdl_textio.vpi";
:vpi_module "/usr/lib/x86_64-linux-gnu/ivl/v2005_math.vpi";
:vpi_module "/usr/lib/x86_64-linux-gnu/ivl/va_math.vpi";
S_0x5568a0e4f2a0 .scope module, "memoria" "memoria" 2 1;
 .timescale 0 0;
    .port_info 0 /INPUT 5 "ads";
    .port_info 1 /INPUT 1 "clk";
    .port_info 2 /INPUT 1 "we";
    .port_info 3 /INPUT 64 "din";
    .port_info 4 /OUTPUT 64 "dout";
o0x7fd540bcc018 .functor BUFZ 5, C4<zzzzz>; HiZ drive
v0x5568a0e15040_0 .net "ads", 4 0, o0x7fd540bcc018;  0 drivers
o0x7fd540bcc048 .functor BUFZ 1, C4<z>; HiZ drive
v0x5568a0e667c0_0 .net "clk", 0 0, o0x7fd540bcc048;  0 drivers
o0x7fd540bcc078 .functor BUFZ 64, C4<zzzzzzzzzzzzzzzzzzzzzzzzzzzzzzzzzzzzzzzzzzzzzzzzzzzzzzzzzzzzzzzz>; HiZ drive
v0x5568a0e66880_0 .net "din", 63 0, o0x7fd540bcc078;  0 drivers
v0x5568a0e66970_0 .var "dout", 63 0;
v0x5568a0e66a50 .array "registradores", 0 31, 63 0;
o0x7fd540bcc0d8 .functor BUFZ 1, C4<z>; HiZ drive
v0x5568a0e66b60_0 .net "we", 0 0, o0x7fd540bcc0d8;  0 drivers
E_0x5568a0e53dd0 .event posedge, v0x5568a0e667c0_0;
S_0x5568a0e4f430 .scope module, "registrador" "registrador" 3 1;
 .timescale 0 0;
    .port_info 0 /INPUT 1 "clk";
    .port_info 1 /INPUT 64 "din";
    .port_info 2 /INPUT 1 "we";
    .port_info 3 /INPUT 5 "Rw";
    .port_info 4 /INPUT 5 "Ra";
    .port_info 5 /INPUT 5 "Rb";
    .port_info 6 /OUTPUT 64 "doutA";
    .port_info 7 /OUTPUT 64 "doutB";
P_0x5568a0e158c0 .param/l "PARAM_BITS" 0 3 11, +C4<00000000000000000000000001000000>;
o0x7fd540bcc1f8 .functor BUFZ 5, C4<zzzzz>; HiZ drive
v0x5568a0e66d00_0 .net "Ra", 4 0, o0x7fd540bcc1f8;  0 drivers
o0x7fd540bcc228 .functor BUFZ 5, C4<zzzzz>; HiZ drive
v0x5568a0e66e00_0 .net "Rb", 4 0, o0x7fd540bcc228;  0 drivers
o0x7fd540bcc258 .functor BUFZ 5, C4<zzzzz>; HiZ drive
v0x5568a0e66ee0_0 .net "Rw", 4 0, o0x7fd540bcc258;  0 drivers
o0x7fd540bcc288 .functor BUFZ 1, C4<z>; HiZ drive
v0x5568a0e66fa0_0 .net "clk", 0 0, o0x7fd540bcc288;  0 drivers
o0x7fd540bcc2b8 .functor BUFZ 64, C4<zzzzzzzzzzzzzzzzzzzzzzzzzzzzzzzzzzzzzzzzzzzzzzzzzzzzzzzzzzzzzzzz>; HiZ drive
v0x5568a0e67060_0 .net "din", 63 0, o0x7fd540bcc2b8;  0 drivers
v0x5568a0e67190_0 .var "doutA", 63 0;
v0x5568a0e67270_0 .var "doutB", 63 0;
v0x5568a0e67350 .array "registradores", 0 31, 63 0;
o0x7fd540bcc348 .functor BUFZ 1, C4<z>; HiZ drive
v0x5568a0e67410_0 .net "we", 0 0, o0x7fd540bcc348;  0 drivers
E_0x5568a0e389b0 .event posedge, v0x5568a0e66fa0_0;
S_0x5568a0e14dc0 .scope module, "somador" "somador" 4 1;
 .timescale 0 0;
    .port_info 0 /INPUT 8 "a";
    .port_info 1 /INPUT 8 "b";
    .port_info 2 /INPUT 1 "sinal";
    .port_info 3 /OUTPUT 9 "soma";
o0x7fd540bcc4f8 .functor BUFZ 8, C4<zzzzzzzz>; HiZ drive
v0x5568a0e67610_0 .net "a", 7 0, o0x7fd540bcc4f8;  0 drivers
o0x7fd540bcc528 .functor BUFZ 8, C4<zzzzzzzz>; HiZ drive
v0x5568a0e67710_0 .net "b", 7 0, o0x7fd540bcc528;  0 drivers
o0x7fd540bcc558 .functor BUFZ 1, C4<z>; HiZ drive
v0x5568a0e677f0_0 .net "sinal", 0 0, o0x7fd540bcc558;  0 drivers
v0x5568a0e67890_0 .var "soma", 8 0;
E_0x5568a0e389f0 .event edge, v0x5568a0e67710_0, v0x5568a0e67610_0;
    .scope S_0x5568a0e4f2a0;
T_0 ;
    %wait E_0x5568a0e53dd0;
    %load/vec4 v0x5568a0e66b60_0;
    %flag_set/vec4 8;
    %jmp/0xz  T_0.0, 8;
    %load/vec4 v0x5568a0e66880_0;
    %load/vec4 v0x5568a0e15040_0;
    %pad/u 7;
    %ix/vec4 3;
    %ix/load 4, 0, 0; Constant delay
    %assign/vec4/a/d v0x5568a0e66a50, 0, 4;
    %jmp T_0.1;
T_0.0 ;
    %load/vec4 v0x5568a0e15040_0;
    %pad/u 7;
    %ix/vec4 4;
    %load/vec4a v0x5568a0e66a50, 4;
    %assign/vec4 v0x5568a0e66970_0, 0;
T_0.1 ;
    %jmp T_0;
    .thread T_0;
    .scope S_0x5568a0e4f430;
T_1 ;
    %wait E_0x5568a0e389b0;
    %load/vec4 v0x5568a0e67410_0;
    %flag_set/vec4 8;
    %jmp/0xz  T_1.0, 8;
    %load/vec4 v0x5568a0e67060_0;
    %load/vec4 v0x5568a0e66ee0_0;
    %pad/u 7;
    %ix/vec4 3;
    %ix/load 4, 0, 0; Constant delay
    %assign/vec4/a/d v0x5568a0e67350, 0, 4;
T_1.0 ;
    %load/vec4 v0x5568a0e66d00_0;
    %pad/u 7;
    %ix/vec4 4;
    %load/vec4a v0x5568a0e67350, 4;
    %assign/vec4 v0x5568a0e67190_0, 0;
    %load/vec4 v0x5568a0e66e00_0;
    %pad/u 7;
    %ix/vec4 4;
    %load/vec4a v0x5568a0e67350, 4;
    %assign/vec4 v0x5568a0e67270_0, 0;
    %jmp T_1;
    .thread T_1;
    .scope S_0x5568a0e14dc0;
T_2 ;
    %wait E_0x5568a0e389f0;
    %load/vec4 v0x5568a0e677f0_0;
    %cmpi/e 0, 0, 1;
    %jmp/0xz  T_2.0, 4;
    %load/vec4 v0x5568a0e67610_0;
    %pad/u 9;
    %load/vec4 v0x5568a0e67710_0;
    %pad/u 9;
    %add;
    %store/vec4 v0x5568a0e67890_0, 0, 9;
    %jmp T_2.1;
T_2.0 ;
    %load/vec4 v0x5568a0e67610_0;
    %pad/u 9;
    %load/vec4 v0x5568a0e67710_0;
    %pad/u 9;
    %sub;
    %assign/vec4 v0x5568a0e67890_0, 0;
T_2.1 ;
    %jmp T_2;
    .thread T_2, $push;
# The file index is used to find the file name in the following table.
:file_names 5;
    "N/A";
    "<interactive>";
    "memoria.v";
    "registrador.v";
    "somador.v";
