#! /usr/bin/vvp
:ivl_version "10.3 (stable)";
:ivl_delay_selection "TYPICAL";
:vpi_time_precision + 0;
:vpi_module "system";
:vpi_module "vhdl_sys";
:vpi_module "v2005_math";
:vpi_module "va_math";
S_0x564a3fef10f0 .scope module, "tb" "tb" 2 2;
 .timescale 0 0;
v0x564a3ff02770_0 .var "clock", 0 0;
v0x564a3ff02830_0 .var "enable", 0 0;
v0x564a3ff02900_0 .var "value_in", 15 0;
v0x564a3ff02a00_0 .net "value_out", 15 0, v0x564a3ff02510_0;  1 drivers
S_0x564a3fef1270 .scope module, "r" "Register" 2 14, 3 1 0, S_0x564a3fef10f0;
 .timescale 0 0;
    .port_info 0 /INPUT 1 "clock"
    .port_info 1 /INPUT 1 "r_enable"
    .port_info 2 /INPUT 16 "data_in"
    .port_info 3 /OUTPUT 16 "data_out"
v0x564a3febb100_0 .net "clock", 0 0, v0x564a3ff02770_0;  1 drivers
v0x564a3ff02430_0 .net "data_in", 15 0, v0x564a3ff02900_0;  1 drivers
v0x564a3ff02510_0 .var "data_out", 15 0;
v0x564a3ff02600_0 .net "r_enable", 0 0, v0x564a3ff02830_0;  1 drivers
E_0x564a3febb9e0 .event posedge, v0x564a3febb100_0;
    .scope S_0x564a3fef1270;
T_0 ;
    %wait E_0x564a3febb9e0;
    %load/vec4 v0x564a3ff02600_0;
    %flag_set/vec4 8;
    %jmp/0xz  T_0.0, 8;
    %load/vec4 v0x564a3ff02430_0;
    %assign/vec4 v0x564a3ff02510_0, 0;
T_0.0 ;
    %jmp T_0;
    .thread T_0;
    .scope S_0x564a3fef10f0;
T_1 ;
    %pushi/vec4 0, 0, 1;
    %store/vec4 v0x564a3ff02770_0, 0, 1;
    %pushi/vec4 1, 0, 1;
    %store/vec4 v0x564a3ff02830_0, 0, 1;
    %end;
    .thread T_1;
    .scope S_0x564a3fef10f0;
T_2 ;
    %delay 1, 0;
    %load/vec4 v0x564a3ff02770_0;
    %nor/r;
    %store/vec4 v0x564a3ff02770_0, 0, 1;
    %jmp T_2;
    .thread T_2;
    .scope S_0x564a3fef10f0;
T_3 ;
    %vpi_call 2 11 "$dumpfile", "registertestbench.vcd" {0 0 0};
    %end;
    .thread T_3;
    .scope S_0x564a3fef10f0;
T_4 ;
    %vpi_call 2 12 "$dumpvars", 32'sb00000000000000000000000000000000, S_0x564a3fef10f0 {0 0 0};
    %end;
    .thread T_4;
    .scope S_0x564a3fef10f0;
T_5 ;
    %delay 5, 0;
    %pushi/vec4 31, 0, 16;
    %store/vec4 v0x564a3ff02900_0, 0, 16;
    %delay 5, 0;
    %pushi/vec4 127, 0, 16;
    %store/vec4 v0x564a3ff02900_0, 0, 16;
    %delay 5, 0;
    %pushi/vec4 0, 0, 1;
    %store/vec4 v0x564a3ff02830_0, 0, 1;
    %delay 5, 0;
    %pushi/vec4 1023, 0, 16;
    %store/vec4 v0x564a3ff02900_0, 0, 16;
    %delay 5, 0;
    %vpi_call 2 22 "$finish" {0 0 0};
    %end;
    .thread T_5;
# The file index is used to find the file name in the following table.
:file_names 4;
    "N/A";
    "<interactive>";
    "tb.v";
    "./reg.v";
