#! /usr/bin/vvp
:ivl_version "11.0 (stable)";
:ivl_delay_selection "TYPICAL";
:vpi_time_precision - 9;
:vpi_module "/usr/lib/x86_64-linux-gnu/ivl/system.vpi";
:vpi_module "/usr/lib/x86_64-linux-gnu/ivl/vhdl_sys.vpi";
:vpi_module "/usr/lib/x86_64-linux-gnu/ivl/vhdl_textio.vpi";
:vpi_module "/usr/lib/x86_64-linux-gnu/ivl/v2005_math.vpi";
:vpi_module "/usr/lib/x86_64-linux-gnu/ivl/va_math.vpi";
S_0x5617e6295f60 .scope module, "testbench" "testbench" 2 9;
 .timescale -9 -9;
v0x5617e62e37a0_0 .net "C_tb", 31 0, L_0x5617e62fe440;  1 drivers
v0x5617e62e38d0_0 .net "IR_tb", 31 0, L_0x5617e62e6ee0;  1 drivers
v0x5617e62e39e0_0 .net "PC_tb", 31 0, v0x5617e62de5f0_0;  1 drivers
v0x5617e62e3b10_0 .net "Ra_tb", 4 0, L_0x5617e62e6ff0;  1 drivers
v0x5617e62e3bd0_0 .net "Rb_tb", 4 0, L_0x5617e62e7120;  1 drivers
v0x5617e62e3d30_0 .net "Rw_tb", 4 0, L_0x5617e62e6f50;  1 drivers
v0x5617e62e3e40_0 .net/s "S1_tb", 63 0, L_0x5617e62e62c0;  1 drivers
v0x5617e62e3f50_0 .net/s "S2_tb", 63 0, L_0x5617e62e6c20;  1 drivers
v0x5617e62e4060_0 .net/s "S4_tb", 63 0, L_0x5617e62fe910;  1 drivers
v0x5617e62e41b0_0 .net "S5_tb", 31 0, L_0x5617e62feba0;  1 drivers
v0x5617e62e42c0_0 .net "aluop_tb", 1 0, L_0x5617e6300430;  1 drivers
v0x5617e62e43d0_0 .var "clock_tb", 0 0;
v0x5617e62e4470_0 .net "control_tb", 3 0, L_0x5617e62ffcd0;  1 drivers
v0x5617e62e4580_0 .net/s "doutA_tb", 63 0, v0x5617e62dfa40_0;  1 drivers
v0x5617e62e4640_0 .net/s "doutB_tb", 63 0, v0x5617e62dfb00_0;  1 drivers
v0x5617e62e4700_0 .net "doutIR_tb", 31 0, v0x5617e62d96e0_0;  1 drivers
v0x5617e62e4810_0 .net "doutMem_tb", 63 0, L_0x5617e62e6140;  1 drivers
L_0x7ff6a04450a8 .functor BUFT 1, C4<0>, C4<0>, C4<0>, C4<0>;
v0x5617e62e4920_0 .net "flag_tb", 0 0, L_0x7ff6a04450a8;  1 drivers
v0x5617e62e4a10_0 .net "funct3_tb", 2 0, L_0x5617e62e7390;  1 drivers
v0x5617e62e4b20_0 .net "funct7_tb", 0 0, L_0x5617e62e72f0;  1 drivers
v0x5617e62e4c10_0 .net/s "imm_tb", 63 0, L_0x5617e62fd9f0;  1 drivers
v0x5617e62e4cd0_0 .var "instruction_tb", 31 0;
v0x5617e62e4d90_0 .net "opcode_tb", 6 0, L_0x5617e62e71c0;  1 drivers
v0x5617e62e4e30_0 .net/s "res_tb", 63 0, L_0x5617e62e5ed0;  1 drivers
v0x5617e62e4ef0_0 .var "reset_tb", 0 0;
v0x5617e62e4f90_0 .net "sinalMux1_tb", 0 0, L_0x5617e6300300;  1 drivers
v0x5617e62e5080_0 .net "sinalMux2_tb", 1 0, L_0x5617e63001d0;  1 drivers
v0x5617e62e5170_0 .net "sinalMux4_tb", 0 0, L_0x5617e63000a0;  1 drivers
v0x5617e62e5260_0 .var "sinalMux5_tb", 0 0;
v0x5617e62e5300_0 .net "somafour_tb", 31 0, L_0x5617e62fde50;  1 drivers
v0x5617e62e53a0_0 .net "somaimm_tb", 31 0, L_0x5617e62fe350;  1 drivers
v0x5617e62e5460_0 .net "state_reg_tb", 3 0, v0x5617e62dcd70_0;  1 drivers
v0x5617e62e5570_0 .net "weIR_tb", 0 0, v0x5617e62ddd70_0;  1 drivers
v0x5617e62e5660_0 .net "weMem_tb", 0 0, L_0x5617e62fff70;  1 drivers
v0x5617e62e5750_0 .net "wePC_tb", 0 0, v0x5617e62ddeb0_0;  1 drivers
v0x5617e62e5840_0 .net "weReg_tb", 0 0, L_0x5617e62ffed0;  1 drivers
S_0x5617e62955c0 .scope module, "alu" "ALUControl" 2 160, 3 136 0, S_0x5617e6295f60;
 .timescale 0 0;
    .port_info 0 /INPUT 2 "aluop";
    .port_info 1 /INPUT 1 "funct7";
    .port_info 2 /INPUT 3 "funct3";
    .port_info 3 /OUTPUT 4 "control";
L_0x5617e62ff070 .functor AND 1, L_0x5617e62fed20, L_0x5617e62fefd0, C4<1>, C4<1>;
L_0x5617e62ff4d0 .functor AND 1, L_0x5617e62ff180, L_0x5617e62ff350, C4<1>, C4<1>;
L_0x7ff6a0445888 .functor BUFT 1, C4<10>, C4<0>, C4<0>, C4<0>;
v0x5617e6267ce0_0 .net/2u *"_ivl_0", 1 0, L_0x7ff6a0445888;  1 drivers
v0x5617e627dcc0_0 .net *"_ivl_11", 0 0, L_0x5617e62ff070;  1 drivers
L_0x7ff6a0445918 .functor BUFT 1, C4<0010>, C4<0>, C4<0>, C4<0>;
v0x5617e627ee30_0 .net/2u *"_ivl_12", 3 0, L_0x7ff6a0445918;  1 drivers
L_0x7ff6a0445960 .functor BUFT 1, C4<10>, C4<0>, C4<0>, C4<0>;
v0x5617e6283700_0 .net/2u *"_ivl_14", 1 0, L_0x7ff6a0445960;  1 drivers
v0x5617e628d7a0_0 .net *"_ivl_16", 0 0, L_0x5617e62ff180;  1 drivers
v0x5617e62bc540_0 .net *"_ivl_18", 3 0, L_0x5617e62ff2b0;  1 drivers
v0x5617e62ba3a0_0 .net *"_ivl_2", 0 0, L_0x5617e62fed20;  1 drivers
L_0x7ff6a04459a8 .functor BUFT 1, C4<0110>, C4<0>, C4<0>, C4<0>;
v0x5617e62d3030_0 .net/2u *"_ivl_20", 3 0, L_0x7ff6a04459a8;  1 drivers
v0x5617e62d3110_0 .net *"_ivl_22", 0 0, L_0x5617e62ff350;  1 drivers
v0x5617e62d31d0_0 .net *"_ivl_25", 0 0, L_0x5617e62ff4d0;  1 drivers
L_0x7ff6a04459f0 .functor BUFT 1, C4<0110>, C4<0>, C4<0>, C4<0>;
v0x5617e62d3290_0 .net/2u *"_ivl_26", 3 0, L_0x7ff6a04459f0;  1 drivers
L_0x7ff6a0445a38 .functor BUFT 1, C4<00>, C4<0>, C4<0>, C4<0>;
v0x5617e62d3370_0 .net/2u *"_ivl_28", 1 0, L_0x7ff6a0445a38;  1 drivers
v0x5617e62d3450_0 .net *"_ivl_30", 0 0, L_0x5617e62ff5e0;  1 drivers
L_0x7ff6a0445a80 .functor BUFT 1, C4<0010>, C4<0>, C4<0>, C4<0>;
v0x5617e62d3510_0 .net/2u *"_ivl_32", 3 0, L_0x7ff6a0445a80;  1 drivers
L_0x7ff6a0445ac8 .functor BUFT 1, C4<01>, C4<0>, C4<0>, C4<0>;
v0x5617e62d35f0_0 .net/2u *"_ivl_34", 1 0, L_0x7ff6a0445ac8;  1 drivers
v0x5617e62d36d0_0 .net *"_ivl_36", 0 0, L_0x5617e62ff6d0;  1 drivers
L_0x7ff6a0445b10 .functor BUFT 1, C4<0110>, C4<0>, C4<0>, C4<0>;
v0x5617e62d3790_0 .net/2u *"_ivl_38", 3 0, L_0x7ff6a0445b10;  1 drivers
v0x5617e62d3870_0 .net *"_ivl_4", 3 0, L_0x5617e62fee10;  1 drivers
L_0x7ff6a0445b58 .functor BUFT 1, C4<xxxx>, C4<0>, C4<0>, C4<0>;
v0x5617e62d3950_0 .net *"_ivl_40", 3 0, L_0x7ff6a0445b58;  1 drivers
v0x5617e62d3a30_0 .net *"_ivl_42", 3 0, L_0x5617e62ff810;  1 drivers
v0x5617e62d3b10_0 .net *"_ivl_44", 3 0, L_0x5617e62ff9a0;  1 drivers
v0x5617e62d3bf0_0 .net *"_ivl_46", 3 0, L_0x5617e62ffb40;  1 drivers
L_0x7ff6a04458d0 .functor BUFT 1, C4<0000>, C4<0>, C4<0>, C4<0>;
v0x5617e62d3cd0_0 .net/2u *"_ivl_6", 3 0, L_0x7ff6a04458d0;  1 drivers
v0x5617e62d3db0_0 .net *"_ivl_8", 0 0, L_0x5617e62fefd0;  1 drivers
v0x5617e62d3e70_0 .net "aluop", 1 0, L_0x5617e6300430;  alias, 1 drivers
v0x5617e62d3f50_0 .net "control", 3 0, L_0x5617e62ffcd0;  alias, 1 drivers
v0x5617e62d4030_0 .net "funct3", 2 0, L_0x5617e62e7390;  alias, 1 drivers
v0x5617e62d4110_0 .net "funct7", 0 0, L_0x5617e62e72f0;  alias, 1 drivers
L_0x5617e62fed20 .cmp/eq 2, L_0x5617e6300430, L_0x7ff6a0445888;
L_0x5617e62fee10 .concat [ 3 1 0 0], L_0x5617e62e7390, L_0x5617e62e72f0;
L_0x5617e62fefd0 .cmp/eq 4, L_0x5617e62fee10, L_0x7ff6a04458d0;
L_0x5617e62ff180 .cmp/eq 2, L_0x5617e6300430, L_0x7ff6a0445960;
L_0x5617e62ff2b0 .concat [ 3 1 0 0], L_0x5617e62e7390, L_0x5617e62e72f0;
L_0x5617e62ff350 .cmp/eq 4, L_0x5617e62ff2b0, L_0x7ff6a04459a8;
L_0x5617e62ff5e0 .cmp/eq 2, L_0x5617e6300430, L_0x7ff6a0445a38;
L_0x5617e62ff6d0 .cmp/eq 2, L_0x5617e6300430, L_0x7ff6a0445ac8;
L_0x5617e62ff810 .functor MUXZ 4, L_0x7ff6a0445b58, L_0x7ff6a0445b10, L_0x5617e62ff6d0, C4<>;
L_0x5617e62ff9a0 .functor MUXZ 4, L_0x5617e62ff810, L_0x7ff6a0445a80, L_0x5617e62ff5e0, C4<>;
L_0x5617e62ffb40 .functor MUXZ 4, L_0x5617e62ff9a0, L_0x7ff6a04459f0, L_0x5617e62ff4d0, C4<>;
L_0x5617e62ffcd0 .functor MUXZ 4, L_0x5617e62ffb40, L_0x7ff6a0445918, L_0x5617e62ff070, C4<>;
S_0x5617e62d4250 .scope module, "hhh" "Mux5" 2 153, 4 325 0, S_0x5617e6295f60;
 .timescale 0 0;
    .port_info 0 /INPUT 32 "dout_PC";
    .port_info 1 /INPUT 32 "tb";
    .port_info 2 /INPUT 1 "sinalMux";
    .port_info 3 /OUTPUT 32 "S5";
L_0x7ff6a0445840 .functor BUFT 1, C4<0>, C4<0>, C4<0>, C4<0>;
L_0x5617e62fea90 .functor XNOR 1, v0x5617e62e5260_0, L_0x7ff6a0445840, C4<0>, C4<0>;
v0x5617e62d4400_0 .net "S5", 31 0, L_0x5617e62feba0;  alias, 1 drivers
v0x5617e62d44e0_0 .net/2u *"_ivl_0", 0 0, L_0x7ff6a0445840;  1 drivers
v0x5617e62d45c0_0 .net *"_ivl_2", 0 0, L_0x5617e62fea90;  1 drivers
v0x5617e62d4660_0 .net "dout_PC", 31 0, v0x5617e62de5f0_0;  alias, 1 drivers
v0x5617e62d4740_0 .net "sinalMux", 0 0, v0x5617e62e5260_0;  1 drivers
v0x5617e62d4850_0 .net "tb", 31 0, v0x5617e62e4cd0_0;  1 drivers
L_0x5617e62feba0 .functor MUXZ 32, v0x5617e62e4cd0_0, v0x5617e62de5f0_0, L_0x5617e62fea90, C4<>;
S_0x5617e62d49b0 .scope module, "hii" "imm_generator" 2 120, 4 173 0, S_0x5617e6295f60;
 .timescale 0 0;
    .port_info 0 /INPUT 32 "palavra";
    .port_info 1 /INPUT 7 "opcode";
    .port_info 2 /OUTPUT 64 "imm";
L_0x7ff6a0445210 .functor BUFT 1, C4<0000011>, C4<0>, C4<0>, C4<0>;
v0x5617e62d4be0_0 .net/2u *"_ivl_0", 6 0, L_0x7ff6a0445210;  1 drivers
v0x5617e62d4ce0_0 .net *"_ivl_100", 51 0, L_0x5617e62eb5b0;  1 drivers
v0x5617e62d4dc0_0 .net *"_ivl_102", 63 0, L_0x5617e62eb650;  1 drivers
L_0x7ff6a04454e0 .functor BUFT 1, C4<000000000000>, C4<0>, C4<0>, C4<0>;
v0x5617e62d4e80_0 .net *"_ivl_105", 11 0, L_0x7ff6a04454e0;  1 drivers
v0x5617e62d4f60_0 .net *"_ivl_106", 63 0, L_0x5617e62fb9f0;  1 drivers
v0x5617e62d5090_0 .net *"_ivl_108", 51 0, L_0x5617e62fb900;  1 drivers
v0x5617e62d5170_0 .net *"_ivl_11", 6 0, L_0x5617e62e7650;  1 drivers
L_0x7ff6a0445528 .functor BUFT 1, C4<000000000000>, C4<0>, C4<0>, C4<0>;
v0x5617e62d5250_0 .net *"_ivl_110", 11 0, L_0x7ff6a0445528;  1 drivers
L_0x7ff6a0445570 .functor BUFT 1, C4<1101111>, C4<0>, C4<0>, C4<0>;
v0x5617e62d5330_0 .net/2u *"_ivl_112", 6 0, L_0x7ff6a0445570;  1 drivers
v0x5617e62d5410_0 .net *"_ivl_114", 0 0, L_0x5617e62fbca0;  1 drivers
v0x5617e62d54d0_0 .net *"_ivl_117", 0 0, L_0x5617e62fbd90;  1 drivers
v0x5617e62d55b0_0 .net *"_ivl_118", 42 0, L_0x5617e62fbfb0;  1 drivers
v0x5617e62d5690_0 .net *"_ivl_120", 62 0, L_0x5617e62fc460;  1 drivers
v0x5617e62d5770_0 .net *"_ivl_122", 63 0, L_0x5617e62fc690;  1 drivers
L_0x7ff6a04455b8 .functor BUFT 1, C4<0>, C4<0>, C4<0>, C4<0>;
v0x5617e62d5850_0 .net *"_ivl_125", 0 0, L_0x7ff6a04455b8;  1 drivers
v0x5617e62d5930_0 .net *"_ivl_126", 63 0, L_0x5617e62fca60;  1 drivers
v0x5617e62d5a10_0 .net *"_ivl_128", 62 0, L_0x5617e62fc7d0;  1 drivers
v0x5617e62d5af0_0 .net *"_ivl_13", 4 0, L_0x5617e62e76f0;  1 drivers
L_0x7ff6a0445600 .functor BUFT 1, C4<0>, C4<0>, C4<0>, C4<0>;
v0x5617e62d5bd0_0 .net *"_ivl_130", 0 0, L_0x7ff6a0445600;  1 drivers
v0x5617e62d5cb0_0 .net *"_ivl_133", 0 0, L_0x5617e62fcba0;  1 drivers
v0x5617e62d5d90_0 .net *"_ivl_134", 51 0, L_0x5617e62fcdf0;  1 drivers
v0x5617e62d5e70_0 .net *"_ivl_136", 63 0, L_0x5617e62fd2a0;  1 drivers
v0x5617e62d5f50_0 .net *"_ivl_138", 63 0, L_0x5617e62fd500;  1 drivers
v0x5617e62d6030_0 .net *"_ivl_14", 11 0, L_0x5617e62e7790;  1 drivers
v0x5617e62d6110_0 .net *"_ivl_140", 63 0, L_0x5617e62fd690;  1 drivers
L_0x7ff6a04452a0 .functor BUFT 1, C4<1100011>, C4<0>, C4<0>, C4<0>;
v0x5617e62d61f0_0 .net/2u *"_ivl_16", 6 0, L_0x7ff6a04452a0;  1 drivers
v0x5617e62d62d0_0 .net *"_ivl_18", 0 0, L_0x5617e62e78c0;  1 drivers
v0x5617e62d6390_0 .net *"_ivl_2", 0 0, L_0x5617e62e7470;  1 drivers
v0x5617e62d6450_0 .net *"_ivl_21", 0 0, L_0x5617e62e79b0;  1 drivers
v0x5617e62d6530_0 .net *"_ivl_23", 0 0, L_0x5617e62e7aa0;  1 drivers
v0x5617e62d6610_0 .net *"_ivl_25", 5 0, L_0x5617e62e7b40;  1 drivers
v0x5617e62d66f0_0 .net *"_ivl_27", 3 0, L_0x5617e62e7c40;  1 drivers
v0x5617e62d67d0_0 .net *"_ivl_28", 11 0, L_0x5617e62e7ce0;  1 drivers
L_0x7ff6a04452e8 .functor BUFT 1, C4<0010011>, C4<0>, C4<0>, C4<0>;
v0x5617e62d6ac0_0 .net/2u *"_ivl_30", 6 0, L_0x7ff6a04452e8;  1 drivers
v0x5617e62d6ba0_0 .net *"_ivl_32", 0 0, L_0x5617e62e7ee0;  1 drivers
v0x5617e62d6c60_0 .net *"_ivl_35", 11 0, L_0x5617e62e7fd0;  1 drivers
v0x5617e62d6d40_0 .net *"_ivl_37", 11 0, L_0x5617e62e8300;  1 drivers
v0x5617e62d6e20_0 .net *"_ivl_38", 11 0, L_0x5617e62e83a0;  1 drivers
v0x5617e62d6f00_0 .net *"_ivl_40", 11 0, L_0x5617e62e85c0;  1 drivers
v0x5617e62d6fe0_0 .net *"_ivl_42", 11 0, L_0x5617e62e8750;  1 drivers
L_0x7ff6a0445330 .functor BUFT 1, C4<0010111>, C4<0>, C4<0>, C4<0>;
v0x5617e62d70c0_0 .net/2u *"_ivl_46", 6 0, L_0x7ff6a0445330;  1 drivers
v0x5617e62d71a0_0 .net *"_ivl_48", 0 0, L_0x5617e62e8b10;  1 drivers
v0x5617e62d7260_0 .net *"_ivl_5", 11 0, L_0x5617e62e7510;  1 drivers
v0x5617e62d7340_0 .net *"_ivl_51", 19 0, L_0x5617e62e87f0;  1 drivers
L_0x7ff6a0445378 .functor BUFT 1, C4<1101111>, C4<0>, C4<0>, C4<0>;
v0x5617e62d7420_0 .net/2u *"_ivl_52", 6 0, L_0x7ff6a0445378;  1 drivers
v0x5617e62d7500_0 .net *"_ivl_54", 0 0, L_0x5617e62e8cb0;  1 drivers
v0x5617e62d75c0_0 .net *"_ivl_57", 0 0, L_0x5617e62e8e60;  1 drivers
v0x5617e62d76a0_0 .net *"_ivl_59", 7 0, L_0x5617e62e8f00;  1 drivers
L_0x7ff6a0445258 .functor BUFT 1, C4<0100011>, C4<0>, C4<0>, C4<0>;
v0x5617e62d7780_0 .net/2u *"_ivl_6", 6 0, L_0x7ff6a0445258;  1 drivers
v0x5617e62d7860_0 .net *"_ivl_61", 0 0, L_0x5617e62e9070;  1 drivers
v0x5617e62d7940_0 .net *"_ivl_63", 9 0, L_0x5617e62e9110;  1 drivers
v0x5617e62d7a20_0 .net *"_ivl_64", 19 0, L_0x5617e62e9290;  1 drivers
v0x5617e62d7b00_0 .net *"_ivl_67", 19 0, L_0x5617e62e9470;  1 drivers
v0x5617e62d7be0_0 .net *"_ivl_68", 19 0, L_0x5617e62e9600;  1 drivers
L_0x7ff6a04453c0 .functor BUFT 1, C4<1100011>, C4<0>, C4<0>, C4<0>;
v0x5617e62d7cc0_0 .net/2u *"_ivl_72", 6 0, L_0x7ff6a04453c0;  1 drivers
v0x5617e62d7da0_0 .net *"_ivl_74", 0 0, L_0x5617e62e9a20;  1 drivers
v0x5617e62d7e60_0 .net *"_ivl_77", 0 0, L_0x5617e62e9b10;  1 drivers
v0x5617e62d7f40_0 .net *"_ivl_78", 49 0, L_0x5617e62e9d10;  1 drivers
v0x5617e62d8020_0 .net *"_ivl_8", 0 0, L_0x5617e62e75b0;  1 drivers
v0x5617e62d80e0_0 .net *"_ivl_80", 61 0, L_0x5617e62ea5c0;  1 drivers
v0x5617e62d81c0_0 .net *"_ivl_82", 63 0, L_0x5617e62ea780;  1 drivers
L_0x7ff6a0445408 .functor BUFT 1, C4<00>, C4<0>, C4<0>, C4<0>;
v0x5617e62d82a0_0 .net *"_ivl_85", 1 0, L_0x7ff6a0445408;  1 drivers
v0x5617e62d8380_0 .net *"_ivl_86", 63 0, L_0x5617e62ea660;  1 drivers
v0x5617e62d8460_0 .net *"_ivl_88", 61 0, L_0x5617e62ea8c0;  1 drivers
L_0x7ff6a0445450 .functor BUFT 1, C4<00>, C4<0>, C4<0>, C4<0>;
v0x5617e62d8540_0 .net *"_ivl_90", 1 0, L_0x7ff6a0445450;  1 drivers
L_0x7ff6a0445498 .functor BUFT 1, C4<0010111>, C4<0>, C4<0>, C4<0>;
v0x5617e62d8a30_0 .net/2u *"_ivl_92", 6 0, L_0x7ff6a0445498;  1 drivers
v0x5617e62d8b10_0 .net *"_ivl_94", 0 0, L_0x5617e62eab30;  1 drivers
v0x5617e62d8bd0_0 .net *"_ivl_97", 0 0, L_0x5617e62ead60;  1 drivers
v0x5617e62d8cb0_0 .net *"_ivl_98", 31 0, L_0x5617e62eae50;  1 drivers
v0x5617e62d8d90_0 .net/s "imm", 63 0, L_0x5617e62fd9f0;  alias, 1 drivers
v0x5617e62d8e70_0 .net/s "imm_field_typeA", 11 0, L_0x5617e62e8980;  1 drivers
v0x5617e62d8f50_0 .net/s "imm_field_typeB", 19 0, L_0x5617e62e9790;  1 drivers
v0x5617e62d9030_0 .net "opcode", 6 0, L_0x5617e62e71c0;  alias, 1 drivers
v0x5617e62d9110_0 .net/s "palavra", 31 0, v0x5617e62d96e0_0;  alias, 1 drivers
L_0x5617e62e7470 .cmp/eq 7, L_0x5617e62e71c0, L_0x7ff6a0445210;
L_0x5617e62e7510 .part v0x5617e62d96e0_0, 20, 12;
L_0x5617e62e75b0 .cmp/eq 7, L_0x5617e62e71c0, L_0x7ff6a0445258;
L_0x5617e62e7650 .part v0x5617e62d96e0_0, 25, 7;
L_0x5617e62e76f0 .part v0x5617e62d96e0_0, 7, 5;
L_0x5617e62e7790 .concat [ 5 7 0 0], L_0x5617e62e76f0, L_0x5617e62e7650;
L_0x5617e62e78c0 .cmp/eq 7, L_0x5617e62e71c0, L_0x7ff6a04452a0;
L_0x5617e62e79b0 .part v0x5617e62d96e0_0, 31, 1;
L_0x5617e62e7aa0 .part v0x5617e62d96e0_0, 7, 1;
L_0x5617e62e7b40 .part v0x5617e62d96e0_0, 25, 6;
L_0x5617e62e7c40 .part v0x5617e62d96e0_0, 8, 4;
L_0x5617e62e7ce0 .concat [ 4 6 1 1], L_0x5617e62e7c40, L_0x5617e62e7b40, L_0x5617e62e7aa0, L_0x5617e62e79b0;
L_0x5617e62e7ee0 .cmp/eq 7, L_0x5617e62e71c0, L_0x7ff6a04452e8;
L_0x5617e62e7fd0 .part v0x5617e62d96e0_0, 20, 12;
L_0x5617e62e8300 .part v0x5617e62d96e0_0, 20, 12;
L_0x5617e62e83a0 .functor MUXZ 12, L_0x5617e62e8300, L_0x5617e62e7fd0, L_0x5617e62e7ee0, C4<>;
L_0x5617e62e85c0 .functor MUXZ 12, L_0x5617e62e83a0, L_0x5617e62e7ce0, L_0x5617e62e78c0, C4<>;
L_0x5617e62e8750 .functor MUXZ 12, L_0x5617e62e85c0, L_0x5617e62e7790, L_0x5617e62e75b0, C4<>;
L_0x5617e62e8980 .functor MUXZ 12, L_0x5617e62e8750, L_0x5617e62e7510, L_0x5617e62e7470, C4<>;
L_0x5617e62e8b10 .cmp/eq 7, L_0x5617e62e71c0, L_0x7ff6a0445330;
L_0x5617e62e87f0 .part v0x5617e62d96e0_0, 12, 20;
L_0x5617e62e8cb0 .cmp/eq 7, L_0x5617e62e71c0, L_0x7ff6a0445378;
L_0x5617e62e8e60 .part v0x5617e62d96e0_0, 31, 1;
L_0x5617e62e8f00 .part v0x5617e62d96e0_0, 12, 8;
L_0x5617e62e9070 .part v0x5617e62d96e0_0, 20, 1;
L_0x5617e62e9110 .part v0x5617e62d96e0_0, 21, 10;
L_0x5617e62e9290 .concat [ 10 1 8 1], L_0x5617e62e9110, L_0x5617e62e9070, L_0x5617e62e8f00, L_0x5617e62e8e60;
L_0x5617e62e9470 .part v0x5617e62d96e0_0, 12, 20;
L_0x5617e62e9600 .functor MUXZ 20, L_0x5617e62e9470, L_0x5617e62e9290, L_0x5617e62e8cb0, C4<>;
L_0x5617e62e9790 .functor MUXZ 20, L_0x5617e62e9600, L_0x5617e62e87f0, L_0x5617e62e8b10, C4<>;
L_0x5617e62e9a20 .cmp/eq 7, L_0x5617e62e71c0, L_0x7ff6a04453c0;
L_0x5617e62e9b10 .part L_0x5617e62e8980, 11, 1;
LS_0x5617e62e9d10_0_0 .concat [ 1 1 1 1], L_0x5617e62e9b10, L_0x5617e62e9b10, L_0x5617e62e9b10, L_0x5617e62e9b10;
LS_0x5617e62e9d10_0_4 .concat [ 1 1 1 1], L_0x5617e62e9b10, L_0x5617e62e9b10, L_0x5617e62e9b10, L_0x5617e62e9b10;
LS_0x5617e62e9d10_0_8 .concat [ 1 1 1 1], L_0x5617e62e9b10, L_0x5617e62e9b10, L_0x5617e62e9b10, L_0x5617e62e9b10;
LS_0x5617e62e9d10_0_12 .concat [ 1 1 1 1], L_0x5617e62e9b10, L_0x5617e62e9b10, L_0x5617e62e9b10, L_0x5617e62e9b10;
LS_0x5617e62e9d10_0_16 .concat [ 1 1 1 1], L_0x5617e62e9b10, L_0x5617e62e9b10, L_0x5617e62e9b10, L_0x5617e62e9b10;
LS_0x5617e62e9d10_0_20 .concat [ 1 1 1 1], L_0x5617e62e9b10, L_0x5617e62e9b10, L_0x5617e62e9b10, L_0x5617e62e9b10;
LS_0x5617e62e9d10_0_24 .concat [ 1 1 1 1], L_0x5617e62e9b10, L_0x5617e62e9b10, L_0x5617e62e9b10, L_0x5617e62e9b10;
LS_0x5617e62e9d10_0_28 .concat [ 1 1 1 1], L_0x5617e62e9b10, L_0x5617e62e9b10, L_0x5617e62e9b10, L_0x5617e62e9b10;
LS_0x5617e62e9d10_0_32 .concat [ 1 1 1 1], L_0x5617e62e9b10, L_0x5617e62e9b10, L_0x5617e62e9b10, L_0x5617e62e9b10;
LS_0x5617e62e9d10_0_36 .concat [ 1 1 1 1], L_0x5617e62e9b10, L_0x5617e62e9b10, L_0x5617e62e9b10, L_0x5617e62e9b10;
LS_0x5617e62e9d10_0_40 .concat [ 1 1 1 1], L_0x5617e62e9b10, L_0x5617e62e9b10, L_0x5617e62e9b10, L_0x5617e62e9b10;
LS_0x5617e62e9d10_0_44 .concat [ 1 1 1 1], L_0x5617e62e9b10, L_0x5617e62e9b10, L_0x5617e62e9b10, L_0x5617e62e9b10;
LS_0x5617e62e9d10_0_48 .concat [ 1 1 0 0], L_0x5617e62e9b10, L_0x5617e62e9b10;
LS_0x5617e62e9d10_1_0 .concat [ 4 4 4 4], LS_0x5617e62e9d10_0_0, LS_0x5617e62e9d10_0_4, LS_0x5617e62e9d10_0_8, LS_0x5617e62e9d10_0_12;
LS_0x5617e62e9d10_1_4 .concat [ 4 4 4 4], LS_0x5617e62e9d10_0_16, LS_0x5617e62e9d10_0_20, LS_0x5617e62e9d10_0_24, LS_0x5617e62e9d10_0_28;
LS_0x5617e62e9d10_1_8 .concat [ 4 4 4 4], LS_0x5617e62e9d10_0_32, LS_0x5617e62e9d10_0_36, LS_0x5617e62e9d10_0_40, LS_0x5617e62e9d10_0_44;
LS_0x5617e62e9d10_1_12 .concat [ 2 0 0 0], LS_0x5617e62e9d10_0_48;
L_0x5617e62e9d10 .concat [ 16 16 16 2], LS_0x5617e62e9d10_1_0, LS_0x5617e62e9d10_1_4, LS_0x5617e62e9d10_1_8, LS_0x5617e62e9d10_1_12;
L_0x5617e62ea5c0 .concat [ 12 50 0 0], L_0x5617e62e8980, L_0x5617e62e9d10;
L_0x5617e62ea780 .concat [ 62 2 0 0], L_0x5617e62ea5c0, L_0x7ff6a0445408;
L_0x5617e62ea8c0 .part L_0x5617e62ea780, 0, 62;
L_0x5617e62ea660 .concat [ 2 62 0 0], L_0x7ff6a0445450, L_0x5617e62ea8c0;
L_0x5617e62eab30 .cmp/eq 7, L_0x5617e62e71c0, L_0x7ff6a0445498;
L_0x5617e62ead60 .part L_0x5617e62e9790, 19, 1;
LS_0x5617e62eae50_0_0 .concat [ 1 1 1 1], L_0x5617e62ead60, L_0x5617e62ead60, L_0x5617e62ead60, L_0x5617e62ead60;
LS_0x5617e62eae50_0_4 .concat [ 1 1 1 1], L_0x5617e62ead60, L_0x5617e62ead60, L_0x5617e62ead60, L_0x5617e62ead60;
LS_0x5617e62eae50_0_8 .concat [ 1 1 1 1], L_0x5617e62ead60, L_0x5617e62ead60, L_0x5617e62ead60, L_0x5617e62ead60;
LS_0x5617e62eae50_0_12 .concat [ 1 1 1 1], L_0x5617e62ead60, L_0x5617e62ead60, L_0x5617e62ead60, L_0x5617e62ead60;
LS_0x5617e62eae50_0_16 .concat [ 1 1 1 1], L_0x5617e62ead60, L_0x5617e62ead60, L_0x5617e62ead60, L_0x5617e62ead60;
LS_0x5617e62eae50_0_20 .concat [ 1 1 1 1], L_0x5617e62ead60, L_0x5617e62ead60, L_0x5617e62ead60, L_0x5617e62ead60;
LS_0x5617e62eae50_0_24 .concat [ 1 1 1 1], L_0x5617e62ead60, L_0x5617e62ead60, L_0x5617e62ead60, L_0x5617e62ead60;
LS_0x5617e62eae50_0_28 .concat [ 1 1 1 1], L_0x5617e62ead60, L_0x5617e62ead60, L_0x5617e62ead60, L_0x5617e62ead60;
LS_0x5617e62eae50_1_0 .concat [ 4 4 4 4], LS_0x5617e62eae50_0_0, LS_0x5617e62eae50_0_4, LS_0x5617e62eae50_0_8, LS_0x5617e62eae50_0_12;
LS_0x5617e62eae50_1_4 .concat [ 4 4 4 4], LS_0x5617e62eae50_0_16, LS_0x5617e62eae50_0_20, LS_0x5617e62eae50_0_24, LS_0x5617e62eae50_0_28;
L_0x5617e62eae50 .concat [ 16 16 0 0], LS_0x5617e62eae50_1_0, LS_0x5617e62eae50_1_4;
L_0x5617e62eb5b0 .concat [ 20 32 0 0], L_0x5617e62e9790, L_0x5617e62eae50;
L_0x5617e62eb650 .concat [ 52 12 0 0], L_0x5617e62eb5b0, L_0x7ff6a04454e0;
L_0x5617e62fb900 .part L_0x5617e62eb650, 0, 52;
L_0x5617e62fb9f0 .concat [ 12 52 0 0], L_0x7ff6a0445528, L_0x5617e62fb900;
L_0x5617e62fbca0 .cmp/eq 7, L_0x5617e62e71c0, L_0x7ff6a0445570;
L_0x5617e62fbd90 .part L_0x5617e62e9790, 19, 1;
LS_0x5617e62fbfb0_0_0 .concat [ 1 1 1 1], L_0x5617e62fbd90, L_0x5617e62fbd90, L_0x5617e62fbd90, L_0x5617e62fbd90;
LS_0x5617e62fbfb0_0_4 .concat [ 1 1 1 1], L_0x5617e62fbd90, L_0x5617e62fbd90, L_0x5617e62fbd90, L_0x5617e62fbd90;
LS_0x5617e62fbfb0_0_8 .concat [ 1 1 1 1], L_0x5617e62fbd90, L_0x5617e62fbd90, L_0x5617e62fbd90, L_0x5617e62fbd90;
LS_0x5617e62fbfb0_0_12 .concat [ 1 1 1 1], L_0x5617e62fbd90, L_0x5617e62fbd90, L_0x5617e62fbd90, L_0x5617e62fbd90;
LS_0x5617e62fbfb0_0_16 .concat [ 1 1 1 1], L_0x5617e62fbd90, L_0x5617e62fbd90, L_0x5617e62fbd90, L_0x5617e62fbd90;
LS_0x5617e62fbfb0_0_20 .concat [ 1 1 1 1], L_0x5617e62fbd90, L_0x5617e62fbd90, L_0x5617e62fbd90, L_0x5617e62fbd90;
LS_0x5617e62fbfb0_0_24 .concat [ 1 1 1 1], L_0x5617e62fbd90, L_0x5617e62fbd90, L_0x5617e62fbd90, L_0x5617e62fbd90;
LS_0x5617e62fbfb0_0_28 .concat [ 1 1 1 1], L_0x5617e62fbd90, L_0x5617e62fbd90, L_0x5617e62fbd90, L_0x5617e62fbd90;
LS_0x5617e62fbfb0_0_32 .concat [ 1 1 1 1], L_0x5617e62fbd90, L_0x5617e62fbd90, L_0x5617e62fbd90, L_0x5617e62fbd90;
LS_0x5617e62fbfb0_0_36 .concat [ 1 1 1 1], L_0x5617e62fbd90, L_0x5617e62fbd90, L_0x5617e62fbd90, L_0x5617e62fbd90;
LS_0x5617e62fbfb0_0_40 .concat [ 1 1 1 0], L_0x5617e62fbd90, L_0x5617e62fbd90, L_0x5617e62fbd90;
LS_0x5617e62fbfb0_1_0 .concat [ 4 4 4 4], LS_0x5617e62fbfb0_0_0, LS_0x5617e62fbfb0_0_4, LS_0x5617e62fbfb0_0_8, LS_0x5617e62fbfb0_0_12;
LS_0x5617e62fbfb0_1_4 .concat [ 4 4 4 4], LS_0x5617e62fbfb0_0_16, LS_0x5617e62fbfb0_0_20, LS_0x5617e62fbfb0_0_24, LS_0x5617e62fbfb0_0_28;
LS_0x5617e62fbfb0_1_8 .concat [ 4 4 3 0], LS_0x5617e62fbfb0_0_32, LS_0x5617e62fbfb0_0_36, LS_0x5617e62fbfb0_0_40;
L_0x5617e62fbfb0 .concat [ 16 16 11 0], LS_0x5617e62fbfb0_1_0, LS_0x5617e62fbfb0_1_4, LS_0x5617e62fbfb0_1_8;
L_0x5617e62fc460 .concat [ 20 43 0 0], L_0x5617e62e9790, L_0x5617e62fbfb0;
L_0x5617e62fc690 .concat [ 63 1 0 0], L_0x5617e62fc460, L_0x7ff6a04455b8;
L_0x5617e62fc7d0 .part L_0x5617e62fc690, 0, 63;
L_0x5617e62fca60 .concat [ 1 63 0 0], L_0x7ff6a0445600, L_0x5617e62fc7d0;
L_0x5617e62fcba0 .part L_0x5617e62e8980, 11, 1;
LS_0x5617e62fcdf0_0_0 .concat [ 1 1 1 1], L_0x5617e62fcba0, L_0x5617e62fcba0, L_0x5617e62fcba0, L_0x5617e62fcba0;
LS_0x5617e62fcdf0_0_4 .concat [ 1 1 1 1], L_0x5617e62fcba0, L_0x5617e62fcba0, L_0x5617e62fcba0, L_0x5617e62fcba0;
LS_0x5617e62fcdf0_0_8 .concat [ 1 1 1 1], L_0x5617e62fcba0, L_0x5617e62fcba0, L_0x5617e62fcba0, L_0x5617e62fcba0;
LS_0x5617e62fcdf0_0_12 .concat [ 1 1 1 1], L_0x5617e62fcba0, L_0x5617e62fcba0, L_0x5617e62fcba0, L_0x5617e62fcba0;
LS_0x5617e62fcdf0_0_16 .concat [ 1 1 1 1], L_0x5617e62fcba0, L_0x5617e62fcba0, L_0x5617e62fcba0, L_0x5617e62fcba0;
LS_0x5617e62fcdf0_0_20 .concat [ 1 1 1 1], L_0x5617e62fcba0, L_0x5617e62fcba0, L_0x5617e62fcba0, L_0x5617e62fcba0;
LS_0x5617e62fcdf0_0_24 .concat [ 1 1 1 1], L_0x5617e62fcba0, L_0x5617e62fcba0, L_0x5617e62fcba0, L_0x5617e62fcba0;
LS_0x5617e62fcdf0_0_28 .concat [ 1 1 1 1], L_0x5617e62fcba0, L_0x5617e62fcba0, L_0x5617e62fcba0, L_0x5617e62fcba0;
LS_0x5617e62fcdf0_0_32 .concat [ 1 1 1 1], L_0x5617e62fcba0, L_0x5617e62fcba0, L_0x5617e62fcba0, L_0x5617e62fcba0;
LS_0x5617e62fcdf0_0_36 .concat [ 1 1 1 1], L_0x5617e62fcba0, L_0x5617e62fcba0, L_0x5617e62fcba0, L_0x5617e62fcba0;
LS_0x5617e62fcdf0_0_40 .concat [ 1 1 1 1], L_0x5617e62fcba0, L_0x5617e62fcba0, L_0x5617e62fcba0, L_0x5617e62fcba0;
LS_0x5617e62fcdf0_0_44 .concat [ 1 1 1 1], L_0x5617e62fcba0, L_0x5617e62fcba0, L_0x5617e62fcba0, L_0x5617e62fcba0;
LS_0x5617e62fcdf0_0_48 .concat [ 1 1 1 1], L_0x5617e62fcba0, L_0x5617e62fcba0, L_0x5617e62fcba0, L_0x5617e62fcba0;
LS_0x5617e62fcdf0_1_0 .concat [ 4 4 4 4], LS_0x5617e62fcdf0_0_0, LS_0x5617e62fcdf0_0_4, LS_0x5617e62fcdf0_0_8, LS_0x5617e62fcdf0_0_12;
LS_0x5617e62fcdf0_1_4 .concat [ 4 4 4 4], LS_0x5617e62fcdf0_0_16, LS_0x5617e62fcdf0_0_20, LS_0x5617e62fcdf0_0_24, LS_0x5617e62fcdf0_0_28;
LS_0x5617e62fcdf0_1_8 .concat [ 4 4 4 4], LS_0x5617e62fcdf0_0_32, LS_0x5617e62fcdf0_0_36, LS_0x5617e62fcdf0_0_40, LS_0x5617e62fcdf0_0_44;
LS_0x5617e62fcdf0_1_12 .concat [ 4 0 0 0], LS_0x5617e62fcdf0_0_48;
L_0x5617e62fcdf0 .concat [ 16 16 16 4], LS_0x5617e62fcdf0_1_0, LS_0x5617e62fcdf0_1_4, LS_0x5617e62fcdf0_1_8, LS_0x5617e62fcdf0_1_12;
L_0x5617e62fd2a0 .concat [ 12 52 0 0], L_0x5617e62e8980, L_0x5617e62fcdf0;
L_0x5617e62fd500 .functor MUXZ 64, L_0x5617e62fd2a0, L_0x5617e62fca60, L_0x5617e62fbca0, C4<>;
L_0x5617e62fd690 .functor MUXZ 64, L_0x5617e62fd500, L_0x5617e62fb9f0, L_0x5617e62eab30, C4<>;
L_0x5617e62fd9f0 .functor MUXZ 64, L_0x5617e62fd690, L_0x5617e62ea660, L_0x5617e62e9a20, C4<>;
S_0x5617e62d9270 .scope module, "huu" "IR" 2 106, 4 142 0, S_0x5617e6295f60;
 .timescale 0 0;
    .port_info 0 /INPUT 1 "clock";
    .port_info 1 /INPUT 1 "r_enable";
    .port_info 2 /INPUT 32 "data_in";
    .port_info 3 /OUTPUT 32 "data_out";
    .port_info 4 /OUTPUT 5 "rs1";
    .port_info 5 /OUTPUT 5 "rs2";
    .port_info 6 /OUTPUT 5 "rd";
    .port_info 7 /OUTPUT 7 "opcode";
    .port_info 8 /OUTPUT 1 "funct7";
    .port_info 9 /OUTPUT 3 "funct3";
v0x5617e62d9520_0 .net "clock", 0 0, v0x5617e62e43d0_0;  1 drivers
v0x5617e62d9600_0 .net "data_in", 31 0, L_0x5617e62e6ee0;  alias, 1 drivers
v0x5617e62d96e0_0 .var "data_out", 31 0;
v0x5617e62d9780_0 .net "funct3", 2 0, L_0x5617e62e7390;  alias, 1 drivers
v0x5617e62d9850_0 .net "funct7", 0 0, L_0x5617e62e72f0;  alias, 1 drivers
v0x5617e62d9940_0 .net "opcode", 6 0, L_0x5617e62e71c0;  alias, 1 drivers
v0x5617e62d9a10_0 .net "r_enable", 0 0, v0x5617e62ddd70_0;  alias, 1 drivers
v0x5617e62d9ab0_0 .net "rd", 4 0, L_0x5617e62e6f50;  alias, 1 drivers
v0x5617e62d9b70_0 .net "rs1", 4 0, L_0x5617e62e6ff0;  alias, 1 drivers
v0x5617e62d9c50_0 .net "rs2", 4 0, L_0x5617e62e7120;  alias, 1 drivers
E_0x5617e62be7a0 .event posedge, v0x5617e62d9520_0;
L_0x5617e62e6f50 .part v0x5617e62d96e0_0, 7, 5;
L_0x5617e62e6ff0 .part v0x5617e62d96e0_0, 15, 5;
L_0x5617e62e7120 .part v0x5617e62d96e0_0, 20, 5;
L_0x5617e62e71c0 .part v0x5617e62d96e0_0, 0, 7;
L_0x5617e62e72f0 .part v0x5617e62d96e0_0, 30, 1;
L_0x5617e62e7390 .part v0x5617e62d96e0_0, 12, 3;
S_0x5617e62d9e70 .scope module, "ihs" "Mux3" 2 139, 4 301 0, S_0x5617e6295f60;
 .timescale 0 0;
    .port_info 0 /INPUT 32 "imm_some";
    .port_info 1 /INPUT 32 "four_some";
    .port_info 2 /INPUT 1 "flag";
    .port_info 3 /OUTPUT 32 "S3";
L_0x7ff6a0445720 .functor BUFT 1, C4<0>, C4<0>, C4<0>, C4<0>;
L_0x5617e62e7e70 .functor XNOR 1, L_0x7ff6a04450a8, L_0x7ff6a0445720, C4<0>, C4<0>;
v0x5617e62da050_0 .net "S3", 31 0, L_0x5617e62fe440;  alias, 1 drivers
v0x5617e62da150_0 .net/2u *"_ivl_0", 0 0, L_0x7ff6a0445720;  1 drivers
v0x5617e62da230_0 .net *"_ivl_2", 0 0, L_0x5617e62e7e70;  1 drivers
v0x5617e62da300_0 .net "flag", 0 0, L_0x7ff6a04450a8;  alias, 1 drivers
v0x5617e62da3c0_0 .net "four_some", 31 0, L_0x5617e62fde50;  alias, 1 drivers
v0x5617e62da4f0_0 .net "imm_some", 31 0, L_0x5617e62fe350;  alias, 1 drivers
L_0x5617e62fe440 .functor MUXZ 32, L_0x5617e62fe350, L_0x5617e62fde50, L_0x5617e62e7e70, C4<>;
S_0x5617e62da650 .scope module, "iss" "Mux4" 2 146, 4 313 0, S_0x5617e6295f60;
 .timescale 0 0;
    .port_info 0 /INPUT 64 "doutA";
    .port_info 1 /INPUT 32 "PC";
    .port_info 2 /INPUT 1 "sinalMux";
    .port_info 3 /OUTPUT 64 "S4";
L_0x7ff6a0445768 .functor BUFT 1, C4<0>, C4<0>, C4<0>, C4<0>;
L_0x5617e62fe530 .functor XNOR 1, L_0x5617e63000a0, L_0x7ff6a0445768, C4<0>, C4<0>;
v0x5617e62da8a0_0 .net "PC", 31 0, v0x5617e62de5f0_0;  alias, 1 drivers
v0x5617e62da9b0_0 .net "S4", 63 0, L_0x5617e62fe910;  alias, 1 drivers
v0x5617e62daa70_0 .net/2u *"_ivl_0", 0 0, L_0x7ff6a0445768;  1 drivers
v0x5617e62dab60_0 .net *"_ivl_10", 61 0, L_0x5617e62fe6e0;  1 drivers
L_0x7ff6a04457f8 .functor BUFT 1, C4<00>, C4<0>, C4<0>, C4<0>;
v0x5617e62dac40_0 .net *"_ivl_12", 1 0, L_0x7ff6a04457f8;  1 drivers
v0x5617e62dad70_0 .net *"_ivl_2", 0 0, L_0x5617e62fe530;  1 drivers
v0x5617e62dae30_0 .net *"_ivl_4", 63 0, L_0x5617e62fe5f0;  1 drivers
L_0x7ff6a04457b0 .functor BUFT 1, C4<00000000000000000000000000000000>, C4<0>, C4<0>, C4<0>;
v0x5617e62daf10_0 .net *"_ivl_7", 31 0, L_0x7ff6a04457b0;  1 drivers
v0x5617e62daff0_0 .net *"_ivl_8", 63 0, L_0x5617e62fe7d0;  1 drivers
v0x5617e62db0d0_0 .net "doutA", 63 0, v0x5617e62dfa40_0;  alias, 1 drivers
v0x5617e62db1b0_0 .net "sinalMux", 0 0, L_0x5617e63000a0;  alias, 1 drivers
L_0x5617e62fe5f0 .concat [ 32 32 0 0], v0x5617e62de5f0_0, L_0x7ff6a04457b0;
L_0x5617e62fe6e0 .part L_0x5617e62fe5f0, 0, 62;
L_0x5617e62fe7d0 .concat [ 2 62 0 0], L_0x7ff6a04457f8, L_0x5617e62fe6e0;
L_0x5617e62fe910 .functor MUXZ 64, v0x5617e62dfa40_0, L_0x5617e62fe7d0, L_0x5617e62fe530, C4<>;
S_0x5617e62db2f0 .scope module, "its" "somador_imm" 2 133, 4 78 0, S_0x5617e6295f60;
 .timescale 0 0;
    .port_info 0 /INPUT 64 "dout";
    .port_info 1 /INPUT 64 "imm";
    .port_info 2 /OUTPUT 32 "soma";
v0x5617e62db4f0_0 .net *"_ivl_0", 63 0, L_0x5617e62fdf90;  1 drivers
v0x5617e62db5f0_0 .net *"_ivl_3", 31 0, L_0x5617e62fe030;  1 drivers
v0x5617e62db6d0_0 .net *"_ivl_4", 63 0, L_0x5617e62fe0d0;  1 drivers
L_0x7ff6a04456d8 .functor BUFT 1, C4<00000000000000000000000000000000>, C4<0>, C4<0>, C4<0>;
v0x5617e62db790_0 .net *"_ivl_7", 31 0, L_0x7ff6a04456d8;  1 drivers
v0x5617e62db870_0 .net *"_ivl_8", 63 0, L_0x5617e62fe210;  1 drivers
v0x5617e62db9a0_0 .net "dout", 63 0, L_0x5617e62fe910;  alias, 1 drivers
v0x5617e62dba60_0 .net "imm", 63 0, L_0x5617e62fd9f0;  alias, 1 drivers
v0x5617e62dbb30_0 .net "soma", 31 0, L_0x5617e62fe350;  alias, 1 drivers
L_0x5617e62fdf90 .concat [ 64 0 0 0], L_0x5617e62fe910;
L_0x5617e62fe030 .part L_0x5617e62fd9f0, 0, 32;
L_0x5617e62fe0d0 .concat [ 32 32 0 0], L_0x5617e62fe030, L_0x7ff6a04456d8;
L_0x5617e62fe210 .arith/sum 64, L_0x5617e62fdf90, L_0x5617e62fe0d0;
L_0x5617e62fe350 .part L_0x5617e62fe210, 0, 32;
S_0x5617e62dbc60 .scope module, "itt" "somador_four" 2 127, 4 69 0, S_0x5617e6295f60;
 .timescale 0 0;
    .port_info 0 /INPUT 32 "dout_pc";
    .port_info 1 /OUTPUT 32 "soma";
v0x5617e62dbe40_0 .net *"_ivl_0", 31 0, L_0x5617e62fdc20;  1 drivers
v0x5617e62dbf40_0 .net *"_ivl_2", 29 0, L_0x5617e62fdb80;  1 drivers
L_0x7ff6a0445648 .functor BUFT 1, C4<00>, C4<0>, C4<0>, C4<0>;
v0x5617e62dc020_0 .net *"_ivl_4", 1 0, L_0x7ff6a0445648;  1 drivers
v0x5617e62dc110_0 .net *"_ivl_6", 31 0, L_0x5617e62fdd60;  1 drivers
L_0x7ff6a0445690 .functor BUFT 1, C4<00000000000000000000000000000100>, C4<0>, C4<0>, C4<0>;
v0x5617e62dc1f0_0 .net/2u *"_ivl_8", 31 0, L_0x7ff6a0445690;  1 drivers
v0x5617e62dc320_0 .net "dout_pc", 31 0, v0x5617e62de5f0_0;  alias, 1 drivers
v0x5617e62dc430_0 .net "soma", 31 0, L_0x5617e62fde50;  alias, 1 drivers
L_0x5617e62fdb80 .part v0x5617e62de5f0_0, 0, 30;
L_0x5617e62fdc20 .concat [ 2 30 0 0], L_0x7ff6a0445648, L_0x5617e62fdb80;
L_0x5617e62fdd60 .concat [ 32 0 0 0], L_0x5617e62fdc20;
L_0x5617e62fde50 .arith/sum 32, L_0x5617e62fdd60, L_0x7ff6a0445690;
S_0x5617e62dc530 .scope module, "sta" "state_machineUC" 2 167, 3 1 0, S_0x5617e6295f60;
 .timescale 0 0;
    .port_info 0 /INPUT 1 "clk";
    .port_info 1 /INPUT 1 "reset";
    .port_info 2 /OUTPUT 4 "state_reg";
P_0x5617e62dc7a0 .param/l "DECODE" 0 3 6, C4<0010>;
P_0x5617e62dc7e0 .param/l "EXECUTE" 0 3 6, C4<0011>;
P_0x5617e62dc820 .param/l "FETCH" 0 3 6, C4<0001>;
P_0x5617e62dc860 .param/l "IDLE" 0 3 6, C4<0000>;
P_0x5617e62dc8a0 .param/l "WRITE_BACK" 0 3 7, C4<0100>;
v0x5617e62dcb20_0 .net "clk", 0 0, v0x5617e62e43d0_0;  alias, 1 drivers
v0x5617e62dcbe0_0 .net "reset", 0 0, v0x5617e62e4ef0_0;  1 drivers
v0x5617e62dcc80_0 .var "state_next", 3 0;
v0x5617e62dcd70_0 .var "state_reg", 3 0;
S_0x5617e62dced0 .scope module, "ucc" "UC" 2 173, 3 62 0, S_0x5617e6295f60;
 .timescale 0 0;
    .port_info 0 /INPUT 1 "clk";
    .port_info 1 /INPUT 4 "state_reg";
    .port_info 2 /INPUT 7 "opcode";
    .port_info 3 /OUTPUT 2 "aluop";
    .port_info 4 /OUTPUT 1 "Mux1";
    .port_info 5 /OUTPUT 2 "Mux2";
    .port_info 6 /OUTPUT 1 "Mux4";
    .port_info 7 /OUTPUT 1 "weMem";
    .port_info 8 /OUTPUT 1 "weReg";
    .port_info 9 /OUTPUT 1 "wePc";
    .port_info 10 /OUTPUT 1 "weIR";
P_0x5617e62dd0b0 .param/l "DECODE" 0 3 76, C4<0010>;
P_0x5617e62dd0f0 .param/l "EXECUTE" 0 3 76, C4<0011>;
P_0x5617e62dd130 .param/l "FETCH" 0 3 76, C4<0001>;
P_0x5617e62dd170 .param/l "IDLE" 0 3 76, C4<0000>;
P_0x5617e62dd1b0 .param/l "WRITE_BACK" 0 3 77, C4<0100>;
v0x5617e62dd430_0 .net "Mux1", 0 0, L_0x5617e6300300;  alias, 1 drivers
v0x5617e62dd4f0_0 .net "Mux2", 1 0, L_0x5617e63001d0;  alias, 1 drivers
v0x5617e62dd5d0_0 .net "Mux4", 0 0, L_0x5617e63000a0;  alias, 1 drivers
v0x5617e62dd6d0_0 .net *"_ivl_8", 7 0, L_0x5617e6300510;  1 drivers
v0x5617e62dd770_0 .net "aluop", 1 0, L_0x5617e6300430;  alias, 1 drivers
v0x5617e62dd880_0 .net "clk", 0 0, v0x5617e62e43d0_0;  alias, 1 drivers
v0x5617e62dd970_0 .var "control", 8 0;
v0x5617e62dda30_0 .net "opcode", 6 0, L_0x5617e62e71c0;  alias, 1 drivers
v0x5617e62ddb40_0 .var "reg_opcode", 6 0;
v0x5617e62ddcb0_0 .net "state_reg", 3 0, v0x5617e62dcd70_0;  alias, 1 drivers
v0x5617e62ddd70_0 .var "weIR", 0 0;
v0x5617e62dde10_0 .net "weMem", 0 0, L_0x5617e62fff70;  alias, 1 drivers
v0x5617e62ddeb0_0 .var "wePc", 0 0;
v0x5617e62ddf50_0 .net "weReg", 0 0, L_0x5617e62ffed0;  alias, 1 drivers
L_0x5617e62ffed0 .part L_0x5617e6300510, 7, 1;
L_0x5617e62fff70 .part L_0x5617e6300510, 6, 1;
L_0x5617e63000a0 .part L_0x5617e6300510, 5, 1;
L_0x5617e63001d0 .part L_0x5617e6300510, 3, 2;
L_0x5617e6300300 .part L_0x5617e6300510, 2, 1;
L_0x5617e6300430 .part L_0x5617e6300510, 0, 2;
L_0x5617e6300510 .part v0x5617e62dd970_0, 0, 8;
S_0x5617e62de1d0 .scope module, "uhh" "PC" 2 99, 4 121 0, S_0x5617e6295f60;
 .timescale 0 0;
    .port_info 0 /INPUT 1 "clock";
    .port_info 1 /INPUT 1 "r_enable";
    .port_info 2 /INPUT 32 "data_in";
    .port_info 3 /OUTPUT 32 "data_out";
v0x5617e62de440_0 .net "clock", 0 0, v0x5617e62e43d0_0;  alias, 1 drivers
v0x5617e62de500_0 .net "data_in", 31 0, L_0x5617e62fe440;  alias, 1 drivers
v0x5617e62de5f0_0 .var "data_out", 31 0;
v0x5617e62de6c0_0 .net "r_enable", 0 0, v0x5617e62ddeb0_0;  alias, 1 drivers
E_0x5617e62beb90 .event negedge, v0x5617e62d9520_0;
S_0x5617e62de800 .scope module, "utH" "memoria_ins" 2 93, 5 1 0, S_0x5617e6295f60;
 .timescale 0 0;
    .port_info 0 /INPUT 32 "ads";
    .port_info 1 /OUTPUT 32 "dout";
L_0x5617e62e6ee0 .functor BUFZ 32, L_0x5617e62e6e40, C4<00000000000000000000000000000000>, C4<00000000000000000000000000000000>, C4<00000000000000000000000000000000>;
v0x5617e62dea00_0 .net *"_ivl_0", 31 0, L_0x5617e62e6e40;  1 drivers
v0x5617e62deb00_0 .net "ads", 31 0, L_0x5617e62feba0;  alias, 1 drivers
v0x5617e62debc0_0 .net "dout", 31 0, L_0x5617e62e6ee0;  alias, 1 drivers
o0x7ff6a0490658 .functor BUFZ 3, C4<zzz>; HiZ drive
v0x5617e62decc0_0 .net "funct3", 2 0, o0x7ff6a0490658;  0 drivers
o0x7ff6a0490688 .functor BUFZ 1, C4<z>; HiZ drive
v0x5617e62ded60_0 .net "funct7", 0 0, o0x7ff6a0490688;  0 drivers
o0x7ff6a04906b8 .functor BUFZ 7, C4<zzzzzzz>; HiZ drive
v0x5617e62dee70_0 .net "opcode", 6 0, o0x7ff6a04906b8;  0 drivers
o0x7ff6a04906e8 .functor BUFZ 5, C4<zzzzz>; HiZ drive
v0x5617e62def50_0 .net "rd", 4 0, o0x7ff6a04906e8;  0 drivers
v0x5617e62df030 .array/s "registradores", 0 31, 31 0;
o0x7ff6a0490718 .functor BUFZ 5, C4<zzzzz>; HiZ drive
v0x5617e62df0f0_0 .net "rs1", 4 0, o0x7ff6a0490718;  0 drivers
o0x7ff6a0490748 .functor BUFZ 5, C4<zzzzz>; HiZ drive
v0x5617e62df260_0 .net "rs2", 4 0, o0x7ff6a0490748;  0 drivers
L_0x5617e62e6e40 .array/port v0x5617e62df030, L_0x5617e62feba0;
S_0x5617e62df3a0 .scope module, "utt" "registrador" 2 57, 4 206 0, S_0x5617e6295f60;
 .timescale 0 0;
    .port_info 0 /INPUT 1 "clk";
    .port_info 1 /INPUT 64 "din";
    .port_info 2 /INPUT 1 "we";
    .port_info 3 /INPUT 5 "Rw";
    .port_info 4 /INPUT 5 "Ra";
    .port_info 5 /INPUT 5 "Rb";
    .port_info 6 /OUTPUT 64 "doutA";
    .port_info 7 /OUTPUT 64 "doutB";
v0x5617e62df5c0_0 .net "Ra", 4 0, L_0x5617e62e6ff0;  alias, 1 drivers
v0x5617e62df6a0_0 .net "Rb", 4 0, L_0x5617e62e7120;  alias, 1 drivers
v0x5617e62df770_0 .net "Rw", 4 0, L_0x5617e62e6f50;  alias, 1 drivers
v0x5617e62df870_0 .net "clk", 0 0, v0x5617e62e43d0_0;  alias, 1 drivers
v0x5617e62df9a0_0 .net/s "din", 63 0, L_0x5617e62e6c20;  alias, 1 drivers
v0x5617e62dfa40_0 .var/s "doutA", 63 0;
v0x5617e62dfb00_0 .var/s "doutB", 63 0;
v0x5617e62dfbc0 .array/s "registradores", 0 31, 63 0;
v0x5617e62e0080_0 .net "we", 0 0, L_0x5617e62ffed0;  alias, 1 drivers
v0x5617e62dfbc0_10 .array/port v0x5617e62dfbc0, 10;
E_0x5617e62bee30 .event edge, v0x5617e62dfbc0_10;
v0x5617e62dfbc0_9 .array/port v0x5617e62dfbc0, 9;
E_0x5617e62bef80 .event edge, v0x5617e62dfbc0_9;
S_0x5617e62e02c0 .scope module, "utu" "memoria" 2 69, 4 89 0, S_0x5617e6295f60;
 .timescale 0 0;
    .port_info 0 /INPUT 64 "ads";
    .port_info 1 /INPUT 1 "we";
    .port_info 2 /INPUT 64 "din";
    .port_info 3 /OUTPUT 64 "dout";
v0x5617e62e05d0_0 .net *"_ivl_0", 63 0, L_0x5617e62e60a0;  1 drivers
v0x5617e62e06d0_0 .net "ads", 63 0, L_0x5617e62e5ed0;  alias, 1 drivers
v0x5617e62e07b0_0 .net/s "din", 63 0, v0x5617e62dfb00_0;  alias, 1 drivers
v0x5617e62e08b0_0 .net/s "dout", 63 0, L_0x5617e62e6140;  alias, 1 drivers
v0x5617e62e0970 .array/s "registradores", 0 31, 63 0;
v0x5617e62e0e80_0 .net "we", 0 0, L_0x5617e62fff70;  alias, 1 drivers
v0x5617e62e0970_13 .array/port v0x5617e62e0970, 13;
E_0x5617e62e04f0 .event edge, v0x5617e62e0970_13;
E_0x5617e62e0570 .event posedge, v0x5617e62dde10_0;
L_0x5617e62e60a0 .array/port v0x5617e62e0970, L_0x5617e62e5ed0;
L_0x5617e62e6140 .functor MUXZ 64, L_0x5617e62e60a0, v0x5617e62dfb00_0, L_0x5617e62fff70, C4<>;
S_0x5617e62e0fb0 .scope module, "utv" "Mux1" 2 77, 4 273 0, S_0x5617e6295f60;
 .timescale 0 0;
    .port_info 0 /INPUT 64 "imm";
    .port_info 1 /INPUT 64 "doutB";
    .port_info 2 /INPUT 1 "sinalMux";
    .port_info 3 /OUTPUT 64 "S1";
L_0x7ff6a04450f0 .functor BUFT 1, C4<0>, C4<0>, C4<0>, C4<0>;
L_0x5617e62e5a70 .functor XNOR 1, L_0x5617e6300300, L_0x7ff6a04450f0, C4<0>, C4<0>;
v0x5617e62e1200_0 .net/s "S1", 63 0, L_0x5617e62e62c0;  alias, 1 drivers
v0x5617e62e1300_0 .net/2u *"_ivl_0", 0 0, L_0x7ff6a04450f0;  1 drivers
v0x5617e62e13e0_0 .net *"_ivl_2", 0 0, L_0x5617e62e5a70;  1 drivers
v0x5617e62e14b0_0 .net/s "doutB", 63 0, v0x5617e62dfb00_0;  alias, 1 drivers
v0x5617e62e15c0_0 .net/s "imm", 63 0, L_0x5617e62fd9f0;  alias, 1 drivers
v0x5617e62e1720_0 .net "sinalMux", 0 0, L_0x5617e6300300;  alias, 1 drivers
L_0x5617e62e62c0 .functor MUXZ 64, v0x5617e62dfb00_0, L_0x5617e62fd9f0, L_0x5617e62e5a70, C4<>;
S_0x5617e62e1820 .scope module, "uut" "ULA" 2 49, 4 6 0, S_0x5617e6295f60;
 .timescale 0 0;
    .port_info 0 /INPUT 64 "b";
    .port_info 1 /INPUT 64 "a";
    .port_info 2 /INPUT 4 "sinal";
    .port_info 3 /OUTPUT 64 "soma";
    .port_info 4 /OUTPUT 1 "flag";
L_0x7ff6a0445018 .functor BUFT 1, C4<0010>, C4<0>, C4<0>, C4<0>;
v0x5617e62e1a80_0 .net/2u *"_ivl_0", 3 0, L_0x7ff6a0445018;  1 drivers
v0x5617e62e1b80_0 .net/s *"_ivl_10", 63 0, L_0x5617e62e5c10;  1 drivers
v0x5617e62e1c60_0 .net/s *"_ivl_12", 63 0, L_0x5617e62e5d40;  1 drivers
v0x5617e62e1d20_0 .net *"_ivl_14", 63 0, L_0x5617e62e5de0;  1 drivers
v0x5617e62e1e00_0 .net *"_ivl_2", 0 0, L_0x5617e62e5930;  1 drivers
v0x5617e62e1f10_0 .net/s *"_ivl_4", 63 0, L_0x5617e62e59d0;  1 drivers
L_0x7ff6a0445060 .functor BUFT 1, C4<0110>, C4<0>, C4<0>, C4<0>;
v0x5617e62e1ff0_0 .net/2u *"_ivl_6", 3 0, L_0x7ff6a0445060;  1 drivers
v0x5617e62e20d0_0 .net *"_ivl_8", 0 0, L_0x5617e62e5ae0;  1 drivers
v0x5617e62e2190_0 .net/s "a", 63 0, v0x5617e62dfa40_0;  alias, 1 drivers
v0x5617e62e22e0_0 .net/s "b", 63 0, L_0x5617e62e62c0;  alias, 1 drivers
v0x5617e62e23a0_0 .net "flag", 0 0, L_0x7ff6a04450a8;  alias, 1 drivers
v0x5617e62e2440_0 .net "sinal", 3 0, L_0x5617e62ffcd0;  alias, 1 drivers
v0x5617e62e2510_0 .net/s "soma", 63 0, L_0x5617e62e5ed0;  alias, 1 drivers
L_0x5617e62e5930 .cmp/eq 4, L_0x5617e62ffcd0, L_0x7ff6a0445018;
L_0x5617e62e59d0 .arith/sum 64, v0x5617e62dfa40_0, L_0x5617e62e62c0;
L_0x5617e62e5ae0 .cmp/eq 4, L_0x5617e62ffcd0, L_0x7ff6a0445060;
L_0x5617e62e5c10 .arith/sub 64, v0x5617e62dfa40_0, L_0x5617e62e62c0;
L_0x5617e62e5d40 .arith/sub 64, v0x5617e62dfa40_0, L_0x5617e62e62c0;
L_0x5617e62e5de0 .functor MUXZ 64, L_0x5617e62e5d40, L_0x5617e62e5c10, L_0x5617e62e5ae0, C4<>;
L_0x5617e62e5ed0 .functor MUXZ 64, L_0x5617e62e5de0, L_0x5617e62e59d0, L_0x5617e62e5930, C4<>;
S_0x5617e62e2670 .scope module, "uvv" "Mux2" 2 84, 4 286 0, S_0x5617e6295f60;
 .timescale 0 0;
    .port_info 0 /INPUT 64 "dout";
    .port_info 1 /INPUT 64 "soma";
    .port_info 2 /INPUT 32 "PC_four";
    .port_info 3 /INPUT 32 "PC_imm";
    .port_info 4 /INPUT 2 "sinalMux";
    .port_info 5 /OUTPUT 64 "S2";
v0x5617e62e2930_0 .net/s "PC_four", 31 0, L_0x5617e62fde50;  alias, 1 drivers
v0x5617e62e2a60_0 .net/s "PC_imm", 31 0, L_0x5617e62fe350;  alias, 1 drivers
v0x5617e62e2b70_0 .net/s "S2", 63 0, L_0x5617e62e6c20;  alias, 1 drivers
L_0x7ff6a0445138 .functor BUFT 1, C4<00>, C4<0>, C4<0>, C4<0>;
v0x5617e62e2c10_0 .net/2u *"_ivl_0", 1 0, L_0x7ff6a0445138;  1 drivers
v0x5617e62e2cd0_0 .net *"_ivl_10", 0 0, L_0x5617e62e6660;  1 drivers
v0x5617e62e2de0_0 .net/s *"_ivl_12", 63 0, L_0x5617e62e6750;  1 drivers
v0x5617e62e2ec0_0 .net/s *"_ivl_14", 63 0, L_0x5617e62e6880;  1 drivers
v0x5617e62e2fa0_0 .net *"_ivl_16", 63 0, L_0x5617e62e69b0;  1 drivers
v0x5617e62e3080_0 .net *"_ivl_18", 63 0, L_0x5617e62e6ae0;  1 drivers
v0x5617e62e3160_0 .net *"_ivl_2", 0 0, L_0x5617e62e6440;  1 drivers
L_0x7ff6a0445180 .functor BUFT 1, C4<01>, C4<0>, C4<0>, C4<0>;
v0x5617e62e3220_0 .net/2u *"_ivl_4", 1 0, L_0x7ff6a0445180;  1 drivers
v0x5617e62e3300_0 .net *"_ivl_6", 0 0, L_0x5617e62e6530;  1 drivers
L_0x7ff6a04451c8 .functor BUFT 1, C4<10>, C4<0>, C4<0>, C4<0>;
v0x5617e62e33c0_0 .net/2u *"_ivl_8", 1 0, L_0x7ff6a04451c8;  1 drivers
v0x5617e62e34a0_0 .net/s "dout", 63 0, L_0x5617e62e6140;  alias, 1 drivers
v0x5617e62e3560_0 .net "sinalMux", 1 0, L_0x5617e63001d0;  alias, 1 drivers
v0x5617e62e3600_0 .net/s "soma", 63 0, L_0x5617e62e5ed0;  alias, 1 drivers
L_0x5617e62e6440 .cmp/eq 2, L_0x5617e63001d0, L_0x7ff6a0445138;
L_0x5617e62e6530 .cmp/eq 2, L_0x5617e63001d0, L_0x7ff6a0445180;
L_0x5617e62e6660 .cmp/eq 2, L_0x5617e63001d0, L_0x7ff6a04451c8;
L_0x5617e62e6750 .extend/s 64, L_0x5617e62fde50;
L_0x5617e62e6880 .extend/s 64, L_0x5617e62fe350;
L_0x5617e62e69b0 .functor MUXZ 64, L_0x5617e62e6880, L_0x5617e62e6750, L_0x5617e62e6660, C4<>;
L_0x5617e62e6ae0 .functor MUXZ 64, L_0x5617e62e69b0, L_0x5617e62e5ed0, L_0x5617e62e6530, C4<>;
L_0x5617e62e6c20 .functor MUXZ 64, L_0x5617e62e6ae0, L_0x5617e62e6140, L_0x5617e62e6440, C4<>;
    .scope S_0x5617e62df3a0;
T_0 ;
    %pushi/vec4 1, 0, 64;
    %ix/load 4, 0, 0;
    %flag_set/imm 4, 0;
    %store/vec4a v0x5617e62dfbc0, 4, 0;
    %pushi/vec4 1, 0, 64;
    %ix/load 4, 1, 0;
    %flag_set/imm 4, 0;
    %store/vec4a v0x5617e62dfbc0, 4, 0;
    %pushi/vec4 1, 0, 64;
    %ix/load 4, 2, 0;
    %flag_set/imm 4, 0;
    %store/vec4a v0x5617e62dfbc0, 4, 0;
    %pushi/vec4 0, 0, 64;
    %ix/load 4, 3, 0;
    %flag_set/imm 4, 0;
    %store/vec4a v0x5617e62dfbc0, 4, 0;
    %pushi/vec4 4294967295, 0, 32;
    %concati/vec4 4294967295, 0, 32;
    %ix/load 4, 4, 0;
    %flag_set/imm 4, 0;
    %store/vec4a v0x5617e62dfbc0, 4, 0;
    %pushi/vec4 1, 0, 64;
    %ix/load 4, 5, 0;
    %flag_set/imm 4, 0;
    %store/vec4a v0x5617e62dfbc0, 4, 0;
    %pushi/vec4 62, 0, 64;
    %ix/load 4, 8, 0;
    %flag_set/imm 4, 0;
    %store/vec4a v0x5617e62dfbc0, 4, 0;
    %end;
    .thread T_0;
    .scope S_0x5617e62df3a0;
T_1 ;
    %wait E_0x5617e62be7a0;
    %load/vec4 v0x5617e62e0080_0;
    %flag_set/vec4 8;
    %jmp/0xz  T_1.0, 8;
    %load/vec4 v0x5617e62df9a0_0;
    %load/vec4 v0x5617e62df770_0;
    %pad/u 7;
    %ix/vec4 3;
    %ix/load 4, 0, 0; Constant delay
    %assign/vec4/a/d v0x5617e62dfbc0, 0, 4;
T_1.0 ;
    %load/vec4 v0x5617e62df5c0_0;
    %pad/u 7;
    %ix/vec4 4;
    %load/vec4a v0x5617e62dfbc0, 4;
    %assign/vec4 v0x5617e62dfa40_0, 0;
    %load/vec4 v0x5617e62df6a0_0;
    %pad/u 7;
    %ix/vec4 4;
    %load/vec4a v0x5617e62dfbc0, 4;
    %assign/vec4 v0x5617e62dfb00_0, 0;
    %jmp T_1;
    .thread T_1;
    .scope S_0x5617e62df3a0;
T_2 ;
    %wait E_0x5617e62bef80;
    %vpi_call 4 259 "$display", "Conte\303\272do do x9 no banco de registradores: %d", &A<v0x5617e62dfbc0, 9> {0 0 0};
    %jmp T_2;
    .thread T_2, $push;
    .scope S_0x5617e62df3a0;
T_3 ;
    %wait E_0x5617e62bee30;
    %vpi_call 4 265 "$display", "Conte\303\272do do x10 no banco de registradores: %d", &A<v0x5617e62dfbc0, 10> {0 0 0};
    %jmp T_3;
    .thread T_3, $push;
    .scope S_0x5617e62e02c0;
T_4 ;
    %pushi/vec4 45, 0, 64;
    %ix/load 4, 0, 0;
    %flag_set/imm 4, 0;
    %store/vec4a v0x5617e62e0970, 4, 0;
    %pushi/vec4 11, 0, 64;
    %ix/load 4, 1, 0;
    %flag_set/imm 4, 0;
    %store/vec4a v0x5617e62e0970, 4, 0;
    %pushi/vec4 14, 0, 64;
    %ix/load 4, 3, 0;
    %flag_set/imm 4, 0;
    %store/vec4a v0x5617e62e0970, 4, 0;
    %end;
    .thread T_4;
    .scope S_0x5617e62e02c0;
T_5 ;
    %wait E_0x5617e62e0570;
    %load/vec4 v0x5617e62e07b0_0;
    %ix/getv 3, v0x5617e62e06d0_0;
    %ix/load 4, 0, 0; Constant delay
    %assign/vec4/a/d v0x5617e62e0970, 0, 4;
    %jmp T_5;
    .thread T_5;
    .scope S_0x5617e62e02c0;
T_6 ;
    %wait E_0x5617e62e04f0;
    %vpi_call 4 114 "$display", "Conte\303\272do registrador 13 da mem\303\263ria: %d", &A<v0x5617e62e0970, 13> {0 0 0};
    %jmp T_6;
    .thread T_6, $push;
    .scope S_0x5617e62de800;
T_7 ;
    %pushi/vec4 8422579, 0, 32;
    %ix/load 4, 0, 0;
    %flag_set/imm 4, 0;
    %store/vec4a v0x5617e62df030, 4, 0;
    %pushi/vec4 1075053875, 0, 32;
    %ix/load 4, 1, 0;
    %flag_set/imm 4, 0;
    %store/vec4a v0x5617e62df030, 4, 0;
    %end;
    .thread T_7;
    .scope S_0x5617e62de1d0;
T_8 ;
    %pushi/vec4 0, 0, 32;
    %assign/vec4 v0x5617e62de5f0_0, 0;
    %end;
    .thread T_8;
    .scope S_0x5617e62de1d0;
T_9 ;
    %wait E_0x5617e62beb90;
    %load/vec4 v0x5617e62de6c0_0;
    %flag_set/vec4 8;
    %jmp/0xz  T_9.0, 8;
    %load/vec4 v0x5617e62de500_0;
    %parti/s 6, 2, 3;
    %pad/u 32;
    %assign/vec4 v0x5617e62de5f0_0, 0;
T_9.0 ;
    %jmp T_9;
    .thread T_9;
    .scope S_0x5617e62d9270;
T_10 ;
    %wait E_0x5617e62be7a0;
    %load/vec4 v0x5617e62d9a10_0;
    %flag_set/vec4 8;
    %jmp/0xz  T_10.0, 8;
    %load/vec4 v0x5617e62d9600_0;
    %assign/vec4 v0x5617e62d96e0_0, 0;
T_10.0 ;
    %jmp T_10;
    .thread T_10;
    .scope S_0x5617e62dc530;
T_11 ;
    %wait E_0x5617e62be7a0;
    %load/vec4 v0x5617e62dcbe0_0;
    %flag_set/vec4 8;
    %jmp/0xz  T_11.0, 8;
    %pushi/vec4 0, 0, 4;
    %assign/vec4 v0x5617e62dcd70_0, 0;
    %jmp T_11.1;
T_11.0 ;
    %load/vec4 v0x5617e62dcd70_0;
    %dup/vec4;
    %pushi/vec4 0, 0, 4;
    %cmp/u;
    %jmp/1 T_11.2, 6;
    %dup/vec4;
    %pushi/vec4 1, 0, 4;
    %cmp/u;
    %jmp/1 T_11.3, 6;
    %dup/vec4;
    %pushi/vec4 2, 0, 4;
    %cmp/u;
    %jmp/1 T_11.4, 6;
    %dup/vec4;
    %pushi/vec4 3, 0, 4;
    %cmp/u;
    %jmp/1 T_11.5, 6;
    %dup/vec4;
    %pushi/vec4 4, 0, 4;
    %cmp/u;
    %jmp/1 T_11.6, 6;
    %pushi/vec4 0, 0, 4;
    %store/vec4 v0x5617e62dcc80_0, 0, 4;
    %jmp T_11.8;
T_11.2 ;
    %pushi/vec4 1, 0, 4;
    %store/vec4 v0x5617e62dcc80_0, 0, 4;
    %jmp T_11.8;
T_11.3 ;
    %pushi/vec4 2, 0, 4;
    %store/vec4 v0x5617e62dcc80_0, 0, 4;
    %jmp T_11.8;
T_11.4 ;
    %pushi/vec4 3, 0, 4;
    %store/vec4 v0x5617e62dcc80_0, 0, 4;
    %jmp T_11.8;
T_11.5 ;
    %pushi/vec4 4, 0, 4;
    %store/vec4 v0x5617e62dcc80_0, 0, 4;
    %jmp T_11.8;
T_11.6 ;
    %pushi/vec4 0, 0, 4;
    %store/vec4 v0x5617e62dcc80_0, 0, 4;
    %jmp T_11.8;
T_11.8 ;
    %pop/vec4 1;
    %load/vec4 v0x5617e62dcc80_0;
    %assign/vec4 v0x5617e62dcd70_0, 0;
T_11.1 ;
    %jmp T_11;
    .thread T_11;
    .scope S_0x5617e62dced0;
T_12 ;
    %wait E_0x5617e62be7a0;
    %load/vec4 v0x5617e62ddcb0_0;
    %dup/vec4;
    %pushi/vec4 0, 0, 4;
    %cmp/u;
    %jmp/1 T_12.0, 6;
    %dup/vec4;
    %pushi/vec4 1, 0, 4;
    %cmp/u;
    %jmp/1 T_12.1, 6;
    %dup/vec4;
    %pushi/vec4 2, 0, 4;
    %cmp/u;
    %jmp/1 T_12.2, 6;
    %dup/vec4;
    %pushi/vec4 3, 0, 4;
    %cmp/u;
    %jmp/1 T_12.3, 6;
    %dup/vec4;
    %pushi/vec4 4, 0, 4;
    %cmp/u;
    %jmp/1 T_12.4, 6;
    %jmp T_12.5;
T_12.0 ;
    %jmp T_12.5;
T_12.1 ;
    %pushi/vec4 1, 0, 1;
    %store/vec4 v0x5617e62ddd70_0, 0, 1;
    %jmp T_12.5;
T_12.2 ;
    %pushi/vec4 0, 0, 1;
    %store/vec4 v0x5617e62ddd70_0, 0, 1;
    %load/vec4 v0x5617e62dda30_0;
    %assign/vec4 v0x5617e62ddb40_0, 0;
    %jmp T_12.5;
T_12.3 ;
    %load/vec4 v0x5617e62ddb40_0;
    %dup/vec4;
    %pushi/vec4 3, 0, 7;
    %cmp/u;
    %jmp/1 T_12.6, 6;
    %dup/vec4;
    %pushi/vec4 35, 0, 7;
    %cmp/u;
    %jmp/1 T_12.7, 6;
    %dup/vec4;
    %pushi/vec4 51, 0, 7;
    %cmp/u;
    %jmp/1 T_12.8, 6;
    %pushi/vec4 255, 255, 9;
    %assign/vec4 v0x5617e62dd970_0, 0;
    %jmp T_12.10;
T_12.6 ;
    %pushi/vec4 128, 0, 9;
    %assign/vec4 v0x5617e62dd970_0, 0;
    %jmp T_12.10;
T_12.7 ;
    %pushi/vec4 64, 0, 9;
    %assign/vec4 v0x5617e62dd970_0, 0;
    %jmp T_12.10;
T_12.8 ;
    %pushi/vec4 174, 32, 9;
    %assign/vec4 v0x5617e62dd970_0, 0;
    %jmp T_12.10;
T_12.10 ;
    %pop/vec4 1;
    %pushi/vec4 0, 0, 1;
    %store/vec4 v0x5617e62ddd70_0, 0, 1;
    %pushi/vec4 1, 0, 1;
    %store/vec4 v0x5617e62ddeb0_0, 0, 1;
    %jmp T_12.5;
T_12.4 ;
    %pushi/vec4 0, 0, 1;
    %store/vec4 v0x5617e62ddeb0_0, 0, 1;
    %jmp T_12.5;
T_12.5 ;
    %pop/vec4 1;
    %jmp T_12;
    .thread T_12;
    .scope S_0x5617e6295f60;
T_13 ;
    %vpi_call 2 190 "$dumpfile", "testbench.vcd" {0 0 0};
    %end;
    .thread T_13;
    .scope S_0x5617e6295f60;
T_14 ;
    %vpi_call 2 191 "$dumpvars", 32'sb00000000000000000000000000000000, S_0x5617e6295f60 {0 0 0};
    %end;
    .thread T_14;
    .scope S_0x5617e6295f60;
T_15 ;
    %pushi/vec4 0, 0, 1;
    %store/vec4 v0x5617e62e43d0_0, 0, 1;
    %pushi/vec4 1, 0, 1;
    %store/vec4 v0x5617e62e4ef0_0, 0, 1;
    %delay 10, 0;
    %pushi/vec4 1, 0, 1;
    %store/vec4 v0x5617e62e5260_0, 0, 1;
    %pushi/vec4 0, 0, 1;
    %store/vec4 v0x5617e62e4ef0_0, 0, 1;
    %pushi/vec4 0, 0, 32;
    %store/vec4 v0x5617e62e4cd0_0, 0, 32;
    %delay 10, 0;
    %delay 10, 0;
    %delay 10, 0;
    %delay 10, 0;
    %delay 10, 0;
    %pushi/vec4 0, 0, 1;
    %store/vec4 v0x5617e62e5260_0, 0, 1;
    %delay 10, 0;
    %delay 10, 0;
    %delay 10, 0;
    %delay 10, 0;
    %delay 10, 0;
    %delay 10, 0;
    %delay 10, 0;
    %delay 10, 0;
    %delay 10, 0;
    %delay 10, 0;
    %delay 10, 0;
    %delay 10, 0;
    %delay 10, 0;
    %delay 10, 0;
    %delay 10, 0;
    %delay 10, 0;
    %delay 10, 0;
    %delay 10, 0;
    %delay 10, 0;
    %vpi_call 2 236 "$display", "Fim da simula\303\247\303\243o" {0 0 0};
    %vpi_call 2 237 "$finish" {0 0 0};
    %end;
    .thread T_15;
    .scope S_0x5617e6295f60;
T_16 ;
    %delay 10, 0;
    %load/vec4 v0x5617e62e43d0_0;
    %inv;
    %store/vec4 v0x5617e62e43d0_0, 0, 1;
    %jmp T_16;
    .thread T_16;
# The file index is used to find the file name in the following table.
:file_names 6;
    "N/A";
    "<interactive>";
    "testbench.v";
    "state_machineUC.v";
    "Dataflow.v";
    "memoria_ins.v";
