#! /usr/bin/vvp
:ivl_version "10.3 (stable)";
:ivl_delay_selection "TYPICAL";
:vpi_time_precision - 9;
:vpi_module "system";
:vpi_module "vhdl_sys";
:vpi_module "v2005_math";
:vpi_module "va_math";
S_0x564b90f73f00 .scope module, "testbench" "testbench" 2 3;
 .timescale -9 -9;
v0x564b90f85820_0 .var/s "a_tb", 8 0;
v0x564b90f85900_0 .var/s "b_tb", 8 0;
v0x564b90f859d0_0 .var "clock_tb", 0 0;
v0x564b90f85aa0_0 .net/s "res_tb", 8 0, L_0x564b90f86020;  1 drivers
v0x564b90f85b70_0 .var "sinal_tb", 0 0;
S_0x564b90f74080 .scope module, "utt" "adder" 2 15, 3 1 0, S_0x564b90f73f00;
 .timescale 0 0;
    .port_info 0 /INPUT 9 "a"
    .port_info 1 /INPUT 9 "b"
    .port_info 2 /INPUT 1 "sinal"
    .port_info 3 /OUTPUT 9 "soma"
L_0x7ff08781e018 .functor BUFT 1, C4<0>, C4<0>, C4<0>, C4<0>;
L_0x564b90f85c90 .functor XNOR 1, v0x564b90f85b70_0, L_0x7ff08781e018, C4<0>, C4<0>;
v0x564b90f3e030_0 .net/2u *"_s0", 0 0, L_0x7ff08781e018;  1 drivers
v0x564b90f85160_0 .net *"_s2", 0 0, L_0x564b90f85c90;  1 drivers
v0x564b90f85220_0 .net/s *"_s4", 8 0, L_0x564b90f85dd0;  1 drivers
v0x564b90f85310_0 .net/s *"_s6", 8 0, L_0x564b90f85f80;  1 drivers
v0x564b90f853f0_0 .net/s "a", 8 0, v0x564b90f85820_0;  1 drivers
v0x564b90f85520_0 .net/s "b", 8 0, v0x564b90f85900_0;  1 drivers
v0x564b90f85600_0 .net "sinal", 0 0, v0x564b90f85b70_0;  1 drivers
v0x564b90f856c0_0 .net/s "soma", 8 0, L_0x564b90f86020;  alias, 1 drivers
L_0x564b90f85dd0 .arith/sum 9, v0x564b90f85820_0, v0x564b90f85900_0;
L_0x564b90f85f80 .arith/sub 9, v0x564b90f85820_0, v0x564b90f85900_0;
L_0x564b90f86020 .functor MUXZ 9, L_0x564b90f85f80, L_0x564b90f85dd0, L_0x564b90f85c90, C4<>;
    .scope S_0x564b90f73f00;
T_0 ;
    %pushi/vec4 511, 0, 9;
    %store/vec4 v0x564b90f85820_0, 0, 9;
    %pushi/vec4 1, 0, 1;
    %store/vec4 v0x564b90f85b70_0, 0, 1;
    %pushi/vec4 4, 0, 9;
    %store/vec4 v0x564b90f85900_0, 0, 9;
    %delay 100, 0;
    %vpi_call 2 28 "$display", "%d", v0x564b90f85aa0_0 {0 0 0};
    %vpi_call 2 29 "$finish" {0 0 0};
    %end;
    .thread T_0;
    .scope S_0x564b90f73f00;
T_1 ;
    %delay 1, 0;
    %load/vec4 v0x564b90f859d0_0;
    %inv;
    %store/vec4 v0x564b90f859d0_0, 0, 1;
    %jmp T_1;
    .thread T_1;
# The file index is used to find the file name in the following table.
:file_names 4;
    "N/A";
    "<interactive>";
    "tb.v";
    "adder.v";
