#! /usr/bin/vvp
:ivl_version "11.0 (stable)";
:ivl_delay_selection "TYPICAL";
:vpi_time_precision - 9;
:vpi_module "/usr/lib/x86_64-linux-gnu/ivl/system.vpi";
:vpi_module "/usr/lib/x86_64-linux-gnu/ivl/vhdl_sys.vpi";
:vpi_module "/usr/lib/x86_64-linux-gnu/ivl/vhdl_textio.vpi";
:vpi_module "/usr/lib/x86_64-linux-gnu/ivl/v2005_math.vpi";
:vpi_module "/usr/lib/x86_64-linux-gnu/ivl/va_math.vpi";
S_0x55ba5a3f5e20 .scope module, "testbench" "testbench" 2 3;
 .timescale -9 -9;
v0x55ba5a4522e0_0 .net "C_tb", 31 0, L_0x55ba5a478180;  1 drivers
v0x55ba5a452410_0 .net "IR_tb", 31 0, L_0x55ba5a4702e0;  1 drivers
v0x55ba5a4524d0_0 .net "PC_tb", 31 0, v0x55ba5a443d40_0;  1 drivers
v0x55ba5a452600_0 .net "Ra_tb", 4 0, L_0x55ba5a470a50;  1 drivers
v0x55ba5a4526c0_0 .net "Rb_tb", 4 0, L_0x55ba5a470ec0;  1 drivers
v0x55ba5a452820_0 .net "Rw_tb", 4 0, L_0x55ba5a470650;  1 drivers
v0x55ba5a452930_0 .net/s "S1_tb", 63 0, L_0x55ba5a46f870;  1 drivers
v0x55ba5a452a40_0 .net/s "S2_tb", 63 0, L_0x55ba5a4700b0;  1 drivers
v0x55ba5a452b50_0 .net/s "S4_tb", 63 0, L_0x55ba5a478630;  1 drivers
v0x55ba5a452ca0_0 .var "clock_tb", 0 0;
v0x55ba5a452d40_0 .net/s "doutA_tb", 63 0, v0x55ba5a446160_0;  1 drivers
v0x55ba5a452e00_0 .net/s "doutB_tb", 63 0, v0x55ba5a446220_0;  1 drivers
v0x55ba5a452ec0_0 .net "doutIR_tb", 31 0, v0x55ba5a440fd0_0;  1 drivers
v0x55ba5a452fd0_0 .net "doutMem_tb", 63 0, L_0x55ba5a46f670;  1 drivers
v0x55ba5a4530e0_0 .net "flag_tb", 0 0, L_0x55ba5a46f4e0;  1 drivers
v0x55ba5a4531d0_0 .net/s "imm_tb", 63 0, L_0x55ba5a477730;  1 drivers
v0x55ba5a453290_0 .net "opcode_tb", 6 0, L_0x55ba5a471340;  1 drivers
v0x55ba5a4533a0_0 .net/s "res_tb", 63 0, L_0x55ba5a465df0;  1 drivers
v0x55ba5a453460_0 .var "sinalMux1_tb", 0 0;
v0x55ba5a453500_0 .var "sinalMux2_tb", 1 0;
v0x55ba5a4535a0_0 .var "sinalMux4_tb", 0 0;
v0x55ba5a453640_0 .net "somafour_tb", 31 0, L_0x55ba5a477b90;  1 drivers
v0x55ba5a4536e0_0 .net "somaimm_tb", 31 0, L_0x55ba5a478090;  1 drivers
v0x55ba5a453780_0 .var "weIR_tb", 0 0;
v0x55ba5a453820_0 .var "weMemIns_tb", 0 0;
v0x55ba5a4538c0_0 .var "weMem_tb", 0 0;
v0x55ba5a453960_0 .var "wePC_tb", 0 0;
v0x55ba5a453a00_0 .var "weReg_tb", 0 0;
S_0x55ba5a3cbdd0 .scope module, "hii" "imm_generator" 2 101, 3 237 0, S_0x55ba5a3f5e20;
 .timescale 0 0;
    .port_info 0 /INPUT 32 "palavra";
    .port_info 1 /INPUT 7 "opcode";
    .port_info 2 /OUTPUT 64 "imm";
L_0x7f6fac18cf00 .functor BUFT 1, C4<0000011>, C4<0>, C4<0>, C4<0>;
v0x55ba5a3ad740_0 .net/2u *"_ivl_0", 6 0, L_0x7f6fac18cf00;  1 drivers
v0x55ba5a3e9b70_0 .net *"_ivl_100", 51 0, L_0x55ba5a474ef0;  1 drivers
v0x55ba5a3ff020_0 .net *"_ivl_102", 63 0, L_0x55ba5a474f90;  1 drivers
L_0x7f6fac18d1d0 .functor BUFT 1, C4<000000000000>, C4<0>, C4<0>, C4<0>;
v0x55ba5a43ca80_0 .net *"_ivl_105", 11 0, L_0x7f6fac18d1d0;  1 drivers
v0x55ba5a43cb60_0 .net *"_ivl_106", 63 0, L_0x55ba5a475730;  1 drivers
v0x55ba5a43cc90_0 .net *"_ivl_108", 51 0, L_0x55ba5a475230;  1 drivers
v0x55ba5a43cd70_0 .net *"_ivl_11", 6 0, L_0x55ba5a471750;  1 drivers
L_0x7f6fac18d218 .functor BUFT 1, C4<000000000000>, C4<0>, C4<0>, C4<0>;
v0x55ba5a43ce50_0 .net *"_ivl_110", 11 0, L_0x7f6fac18d218;  1 drivers
L_0x7f6fac18d260 .functor BUFT 1, C4<1101111>, C4<0>, C4<0>, C4<0>;
v0x55ba5a43cf30_0 .net/2u *"_ivl_112", 6 0, L_0x7f6fac18d260;  1 drivers
v0x55ba5a43d010_0 .net *"_ivl_114", 0 0, L_0x55ba5a4759e0;  1 drivers
v0x55ba5a43d0d0_0 .net *"_ivl_117", 0 0, L_0x55ba5a475ad0;  1 drivers
v0x55ba5a43d1b0_0 .net *"_ivl_118", 42 0, L_0x55ba5a475cf0;  1 drivers
v0x55ba5a43d290_0 .net *"_ivl_120", 62 0, L_0x55ba5a4761a0;  1 drivers
v0x55ba5a43d370_0 .net *"_ivl_122", 63 0, L_0x55ba5a4763d0;  1 drivers
L_0x7f6fac18d2a8 .functor BUFT 1, C4<0>, C4<0>, C4<0>, C4<0>;
v0x55ba5a43d450_0 .net *"_ivl_125", 0 0, L_0x7f6fac18d2a8;  1 drivers
v0x55ba5a43d530_0 .net *"_ivl_126", 63 0, L_0x55ba5a4767a0;  1 drivers
v0x55ba5a43d610_0 .net *"_ivl_128", 62 0, L_0x55ba5a476510;  1 drivers
v0x55ba5a43d6f0_0 .net *"_ivl_13", 4 0, L_0x55ba5a4717f0;  1 drivers
L_0x7f6fac18d2f0 .functor BUFT 1, C4<0>, C4<0>, C4<0>, C4<0>;
v0x55ba5a43d7d0_0 .net *"_ivl_130", 0 0, L_0x7f6fac18d2f0;  1 drivers
v0x55ba5a43d8b0_0 .net *"_ivl_133", 0 0, L_0x55ba5a4768e0;  1 drivers
v0x55ba5a43d990_0 .net *"_ivl_134", 51 0, L_0x55ba5a476b30;  1 drivers
v0x55ba5a43da70_0 .net *"_ivl_136", 63 0, L_0x55ba5a476fe0;  1 drivers
v0x55ba5a43db50_0 .net *"_ivl_138", 63 0, L_0x55ba5a477240;  1 drivers
v0x55ba5a43dc30_0 .net *"_ivl_14", 11 0, L_0x55ba5a471890;  1 drivers
v0x55ba5a43dd10_0 .net *"_ivl_140", 63 0, L_0x55ba5a4773d0;  1 drivers
L_0x7f6fac18cf90 .functor BUFT 1, C4<1100011>, C4<0>, C4<0>, C4<0>;
v0x55ba5a43ddf0_0 .net/2u *"_ivl_16", 6 0, L_0x7f6fac18cf90;  1 drivers
v0x55ba5a43ded0_0 .net *"_ivl_18", 0 0, L_0x55ba5a4719c0;  1 drivers
v0x55ba5a43df90_0 .net *"_ivl_2", 0 0, L_0x55ba5a471520;  1 drivers
v0x55ba5a43e050_0 .net *"_ivl_21", 0 0, L_0x55ba5a471ab0;  1 drivers
v0x55ba5a43e130_0 .net *"_ivl_23", 0 0, L_0x55ba5a471ba0;  1 drivers
v0x55ba5a43e210_0 .net *"_ivl_25", 5 0, L_0x55ba5a471c40;  1 drivers
v0x55ba5a43e2f0_0 .net *"_ivl_27", 3 0, L_0x55ba5a471d40;  1 drivers
v0x55ba5a43e3d0_0 .net *"_ivl_28", 11 0, L_0x55ba5a471de0;  1 drivers
L_0x7f6fac18cfd8 .functor BUFT 1, C4<0010011>, C4<0>, C4<0>, C4<0>;
v0x55ba5a43e4b0_0 .net/2u *"_ivl_30", 6 0, L_0x7f6fac18cfd8;  1 drivers
v0x55ba5a43e590_0 .net *"_ivl_32", 0 0, L_0x55ba5a471fe0;  1 drivers
v0x55ba5a43e650_0 .net *"_ivl_35", 11 0, L_0x55ba5a4720d0;  1 drivers
v0x55ba5a43e730_0 .net *"_ivl_37", 11 0, L_0x55ba5a4721f0;  1 drivers
v0x55ba5a43e810_0 .net *"_ivl_38", 11 0, L_0x55ba5a472290;  1 drivers
v0x55ba5a43e8f0_0 .net *"_ivl_40", 11 0, L_0x55ba5a4724b0;  1 drivers
v0x55ba5a43e9d0_0 .net *"_ivl_42", 11 0, L_0x55ba5a472640;  1 drivers
L_0x7f6fac18d020 .functor BUFT 1, C4<0010111>, C4<0>, C4<0>, C4<0>;
v0x55ba5a43eab0_0 .net/2u *"_ivl_46", 6 0, L_0x7f6fac18d020;  1 drivers
v0x55ba5a43eb90_0 .net *"_ivl_48", 0 0, L_0x55ba5a472a00;  1 drivers
v0x55ba5a43ec50_0 .net *"_ivl_5", 11 0, L_0x55ba5a4715c0;  1 drivers
v0x55ba5a43ed30_0 .net *"_ivl_51", 19 0, L_0x55ba5a4726e0;  1 drivers
L_0x7f6fac18d068 .functor BUFT 1, C4<1101111>, C4<0>, C4<0>, C4<0>;
v0x55ba5a43ee10_0 .net/2u *"_ivl_52", 6 0, L_0x7f6fac18d068;  1 drivers
v0x55ba5a43eef0_0 .net *"_ivl_54", 0 0, L_0x55ba5a472cb0;  1 drivers
v0x55ba5a43efb0_0 .net *"_ivl_57", 0 0, L_0x55ba5a472e60;  1 drivers
v0x55ba5a43f090_0 .net *"_ivl_59", 7 0, L_0x55ba5a472f00;  1 drivers
L_0x7f6fac18cf48 .functor BUFT 1, C4<0100011>, C4<0>, C4<0>, C4<0>;
v0x55ba5a43f170_0 .net/2u *"_ivl_6", 6 0, L_0x7f6fac18cf48;  1 drivers
v0x55ba5a43f250_0 .net *"_ivl_61", 0 0, L_0x55ba5a473070;  1 drivers
v0x55ba5a43f330_0 .net *"_ivl_63", 9 0, L_0x55ba5a473110;  1 drivers
v0x55ba5a43f410_0 .net *"_ivl_64", 19 0, L_0x55ba5a473290;  1 drivers
v0x55ba5a43f4f0_0 .net *"_ivl_67", 19 0, L_0x55ba5a473470;  1 drivers
v0x55ba5a43f5d0_0 .net *"_ivl_68", 19 0, L_0x55ba5a473600;  1 drivers
L_0x7f6fac18d0b0 .functor BUFT 1, C4<1100011>, C4<0>, C4<0>, C4<0>;
v0x55ba5a43f6b0_0 .net/2u *"_ivl_72", 6 0, L_0x7f6fac18d0b0;  1 drivers
v0x55ba5a43f790_0 .net *"_ivl_74", 0 0, L_0x55ba5a473a20;  1 drivers
v0x55ba5a43f850_0 .net *"_ivl_77", 0 0, L_0x55ba5a473b10;  1 drivers
v0x55ba5a43f930_0 .net *"_ivl_78", 49 0, L_0x55ba5a473d10;  1 drivers
v0x55ba5a43fa10_0 .net *"_ivl_8", 0 0, L_0x55ba5a471660;  1 drivers
v0x55ba5a43fad0_0 .net *"_ivl_80", 61 0, L_0x55ba5a474010;  1 drivers
v0x55ba5a43fbb0_0 .net *"_ivl_82", 63 0, L_0x55ba5a4741d0;  1 drivers
L_0x7f6fac18d0f8 .functor BUFT 1, C4<00>, C4<0>, C4<0>, C4<0>;
v0x55ba5a43fc90_0 .net *"_ivl_85", 1 0, L_0x7f6fac18d0f8;  1 drivers
v0x55ba5a43fd70_0 .net *"_ivl_86", 63 0, L_0x55ba5a4740b0;  1 drivers
v0x55ba5a43fe50_0 .net *"_ivl_88", 61 0, L_0x55ba5a474310;  1 drivers
L_0x7f6fac18d140 .functor BUFT 1, C4<00>, C4<0>, C4<0>, C4<0>;
v0x55ba5a43ff30_0 .net *"_ivl_90", 1 0, L_0x7f6fac18d140;  1 drivers
L_0x7f6fac18d188 .functor BUFT 1, C4<0010111>, C4<0>, C4<0>, C4<0>;
v0x55ba5a440420_0 .net/2u *"_ivl_92", 6 0, L_0x7f6fac18d188;  1 drivers
v0x55ba5a440500_0 .net *"_ivl_94", 0 0, L_0x55ba5a474580;  1 drivers
v0x55ba5a4405c0_0 .net *"_ivl_97", 0 0, L_0x55ba5a4747b0;  1 drivers
v0x55ba5a4406a0_0 .net *"_ivl_98", 31 0, L_0x55ba5a4748a0;  1 drivers
v0x55ba5a440780_0 .net/s "imm", 63 0, L_0x55ba5a477730;  alias, 1 drivers
v0x55ba5a440860_0 .net/s "imm_field_typeA", 11 0, L_0x55ba5a472870;  1 drivers
v0x55ba5a440940_0 .net/s "imm_field_typeB", 19 0, L_0x55ba5a473790;  1 drivers
v0x55ba5a440a20_0 .net "opcode", 6 0, L_0x55ba5a471340;  alias, 1 drivers
v0x55ba5a440b00_0 .net/s "palavra", 31 0, v0x55ba5a440fd0_0;  alias, 1 drivers
L_0x55ba5a471520 .cmp/eq 7, L_0x55ba5a471340, L_0x7f6fac18cf00;
L_0x55ba5a4715c0 .part v0x55ba5a440fd0_0, 20, 12;
L_0x55ba5a471660 .cmp/eq 7, L_0x55ba5a471340, L_0x7f6fac18cf48;
L_0x55ba5a471750 .part v0x55ba5a440fd0_0, 25, 7;
L_0x55ba5a4717f0 .part v0x55ba5a440fd0_0, 7, 5;
L_0x55ba5a471890 .concat [ 5 7 0 0], L_0x55ba5a4717f0, L_0x55ba5a471750;
L_0x55ba5a4719c0 .cmp/eq 7, L_0x55ba5a471340, L_0x7f6fac18cf90;
L_0x55ba5a471ab0 .part v0x55ba5a440fd0_0, 31, 1;
L_0x55ba5a471ba0 .part v0x55ba5a440fd0_0, 7, 1;
L_0x55ba5a471c40 .part v0x55ba5a440fd0_0, 25, 6;
L_0x55ba5a471d40 .part v0x55ba5a440fd0_0, 8, 4;
L_0x55ba5a471de0 .concat [ 4 6 1 1], L_0x55ba5a471d40, L_0x55ba5a471c40, L_0x55ba5a471ba0, L_0x55ba5a471ab0;
L_0x55ba5a471fe0 .cmp/eq 7, L_0x55ba5a471340, L_0x7f6fac18cfd8;
L_0x55ba5a4720d0 .part v0x55ba5a440fd0_0, 20, 12;
L_0x55ba5a4721f0 .part v0x55ba5a440fd0_0, 20, 12;
L_0x55ba5a472290 .functor MUXZ 12, L_0x55ba5a4721f0, L_0x55ba5a4720d0, L_0x55ba5a471fe0, C4<>;
L_0x55ba5a4724b0 .functor MUXZ 12, L_0x55ba5a472290, L_0x55ba5a471de0, L_0x55ba5a4719c0, C4<>;
L_0x55ba5a472640 .functor MUXZ 12, L_0x55ba5a4724b0, L_0x55ba5a471890, L_0x55ba5a471660, C4<>;
L_0x55ba5a472870 .functor MUXZ 12, L_0x55ba5a472640, L_0x55ba5a4715c0, L_0x55ba5a471520, C4<>;
L_0x55ba5a472a00 .cmp/eq 7, L_0x55ba5a471340, L_0x7f6fac18d020;
L_0x55ba5a4726e0 .part v0x55ba5a440fd0_0, 12, 20;
L_0x55ba5a472cb0 .cmp/eq 7, L_0x55ba5a471340, L_0x7f6fac18d068;
L_0x55ba5a472e60 .part v0x55ba5a440fd0_0, 31, 1;
L_0x55ba5a472f00 .part v0x55ba5a440fd0_0, 12, 8;
L_0x55ba5a473070 .part v0x55ba5a440fd0_0, 20, 1;
L_0x55ba5a473110 .part v0x55ba5a440fd0_0, 21, 10;
L_0x55ba5a473290 .concat [ 10 1 8 1], L_0x55ba5a473110, L_0x55ba5a473070, L_0x55ba5a472f00, L_0x55ba5a472e60;
L_0x55ba5a473470 .part v0x55ba5a440fd0_0, 12, 20;
L_0x55ba5a473600 .functor MUXZ 20, L_0x55ba5a473470, L_0x55ba5a473290, L_0x55ba5a472cb0, C4<>;
L_0x55ba5a473790 .functor MUXZ 20, L_0x55ba5a473600, L_0x55ba5a4726e0, L_0x55ba5a472a00, C4<>;
L_0x55ba5a473a20 .cmp/eq 7, L_0x55ba5a471340, L_0x7f6fac18d0b0;
L_0x55ba5a473b10 .part L_0x55ba5a472870, 11, 1;
LS_0x55ba5a473d10_0_0 .concat [ 1 1 1 1], L_0x55ba5a473b10, L_0x55ba5a473b10, L_0x55ba5a473b10, L_0x55ba5a473b10;
LS_0x55ba5a473d10_0_4 .concat [ 1 1 1 1], L_0x55ba5a473b10, L_0x55ba5a473b10, L_0x55ba5a473b10, L_0x55ba5a473b10;
LS_0x55ba5a473d10_0_8 .concat [ 1 1 1 1], L_0x55ba5a473b10, L_0x55ba5a473b10, L_0x55ba5a473b10, L_0x55ba5a473b10;
LS_0x55ba5a473d10_0_12 .concat [ 1 1 1 1], L_0x55ba5a473b10, L_0x55ba5a473b10, L_0x55ba5a473b10, L_0x55ba5a473b10;
LS_0x55ba5a473d10_0_16 .concat [ 1 1 1 1], L_0x55ba5a473b10, L_0x55ba5a473b10, L_0x55ba5a473b10, L_0x55ba5a473b10;
LS_0x55ba5a473d10_0_20 .concat [ 1 1 1 1], L_0x55ba5a473b10, L_0x55ba5a473b10, L_0x55ba5a473b10, L_0x55ba5a473b10;
LS_0x55ba5a473d10_0_24 .concat [ 1 1 1 1], L_0x55ba5a473b10, L_0x55ba5a473b10, L_0x55ba5a473b10, L_0x55ba5a473b10;
LS_0x55ba5a473d10_0_28 .concat [ 1 1 1 1], L_0x55ba5a473b10, L_0x55ba5a473b10, L_0x55ba5a473b10, L_0x55ba5a473b10;
LS_0x55ba5a473d10_0_32 .concat [ 1 1 1 1], L_0x55ba5a473b10, L_0x55ba5a473b10, L_0x55ba5a473b10, L_0x55ba5a473b10;
LS_0x55ba5a473d10_0_36 .concat [ 1 1 1 1], L_0x55ba5a473b10, L_0x55ba5a473b10, L_0x55ba5a473b10, L_0x55ba5a473b10;
LS_0x55ba5a473d10_0_40 .concat [ 1 1 1 1], L_0x55ba5a473b10, L_0x55ba5a473b10, L_0x55ba5a473b10, L_0x55ba5a473b10;
LS_0x55ba5a473d10_0_44 .concat [ 1 1 1 1], L_0x55ba5a473b10, L_0x55ba5a473b10, L_0x55ba5a473b10, L_0x55ba5a473b10;
LS_0x55ba5a473d10_0_48 .concat [ 1 1 0 0], L_0x55ba5a473b10, L_0x55ba5a473b10;
LS_0x55ba5a473d10_1_0 .concat [ 4 4 4 4], LS_0x55ba5a473d10_0_0, LS_0x55ba5a473d10_0_4, LS_0x55ba5a473d10_0_8, LS_0x55ba5a473d10_0_12;
LS_0x55ba5a473d10_1_4 .concat [ 4 4 4 4], LS_0x55ba5a473d10_0_16, LS_0x55ba5a473d10_0_20, LS_0x55ba5a473d10_0_24, LS_0x55ba5a473d10_0_28;
LS_0x55ba5a473d10_1_8 .concat [ 4 4 4 4], LS_0x55ba5a473d10_0_32, LS_0x55ba5a473d10_0_36, LS_0x55ba5a473d10_0_40, LS_0x55ba5a473d10_0_44;
LS_0x55ba5a473d10_1_12 .concat [ 2 0 0 0], LS_0x55ba5a473d10_0_48;
L_0x55ba5a473d10 .concat [ 16 16 16 2], LS_0x55ba5a473d10_1_0, LS_0x55ba5a473d10_1_4, LS_0x55ba5a473d10_1_8, LS_0x55ba5a473d10_1_12;
L_0x55ba5a474010 .concat [ 12 50 0 0], L_0x55ba5a472870, L_0x55ba5a473d10;
L_0x55ba5a4741d0 .concat [ 62 2 0 0], L_0x55ba5a474010, L_0x7f6fac18d0f8;
L_0x55ba5a474310 .part L_0x55ba5a4741d0, 0, 62;
L_0x55ba5a4740b0 .concat [ 2 62 0 0], L_0x7f6fac18d140, L_0x55ba5a474310;
L_0x55ba5a474580 .cmp/eq 7, L_0x55ba5a471340, L_0x7f6fac18d188;
L_0x55ba5a4747b0 .part L_0x55ba5a473790, 19, 1;
LS_0x55ba5a4748a0_0_0 .concat [ 1 1 1 1], L_0x55ba5a4747b0, L_0x55ba5a4747b0, L_0x55ba5a4747b0, L_0x55ba5a4747b0;
LS_0x55ba5a4748a0_0_4 .concat [ 1 1 1 1], L_0x55ba5a4747b0, L_0x55ba5a4747b0, L_0x55ba5a4747b0, L_0x55ba5a4747b0;
LS_0x55ba5a4748a0_0_8 .concat [ 1 1 1 1], L_0x55ba5a4747b0, L_0x55ba5a4747b0, L_0x55ba5a4747b0, L_0x55ba5a4747b0;
LS_0x55ba5a4748a0_0_12 .concat [ 1 1 1 1], L_0x55ba5a4747b0, L_0x55ba5a4747b0, L_0x55ba5a4747b0, L_0x55ba5a4747b0;
LS_0x55ba5a4748a0_0_16 .concat [ 1 1 1 1], L_0x55ba5a4747b0, L_0x55ba5a4747b0, L_0x55ba5a4747b0, L_0x55ba5a4747b0;
LS_0x55ba5a4748a0_0_20 .concat [ 1 1 1 1], L_0x55ba5a4747b0, L_0x55ba5a4747b0, L_0x55ba5a4747b0, L_0x55ba5a4747b0;
LS_0x55ba5a4748a0_0_24 .concat [ 1 1 1 1], L_0x55ba5a4747b0, L_0x55ba5a4747b0, L_0x55ba5a4747b0, L_0x55ba5a4747b0;
LS_0x55ba5a4748a0_0_28 .concat [ 1 1 1 1], L_0x55ba5a4747b0, L_0x55ba5a4747b0, L_0x55ba5a4747b0, L_0x55ba5a4747b0;
LS_0x55ba5a4748a0_1_0 .concat [ 4 4 4 4], LS_0x55ba5a4748a0_0_0, LS_0x55ba5a4748a0_0_4, LS_0x55ba5a4748a0_0_8, LS_0x55ba5a4748a0_0_12;
LS_0x55ba5a4748a0_1_4 .concat [ 4 4 4 4], LS_0x55ba5a4748a0_0_16, LS_0x55ba5a4748a0_0_20, LS_0x55ba5a4748a0_0_24, LS_0x55ba5a4748a0_0_28;
L_0x55ba5a4748a0 .concat [ 16 16 0 0], LS_0x55ba5a4748a0_1_0, LS_0x55ba5a4748a0_1_4;
L_0x55ba5a474ef0 .concat [ 20 32 0 0], L_0x55ba5a473790, L_0x55ba5a4748a0;
L_0x55ba5a474f90 .concat [ 52 12 0 0], L_0x55ba5a474ef0, L_0x7f6fac18d1d0;
L_0x55ba5a475230 .part L_0x55ba5a474f90, 0, 52;
L_0x55ba5a475730 .concat [ 12 52 0 0], L_0x7f6fac18d218, L_0x55ba5a475230;
L_0x55ba5a4759e0 .cmp/eq 7, L_0x55ba5a471340, L_0x7f6fac18d260;
L_0x55ba5a475ad0 .part L_0x55ba5a473790, 19, 1;
LS_0x55ba5a475cf0_0_0 .concat [ 1 1 1 1], L_0x55ba5a475ad0, L_0x55ba5a475ad0, L_0x55ba5a475ad0, L_0x55ba5a475ad0;
LS_0x55ba5a475cf0_0_4 .concat [ 1 1 1 1], L_0x55ba5a475ad0, L_0x55ba5a475ad0, L_0x55ba5a475ad0, L_0x55ba5a475ad0;
LS_0x55ba5a475cf0_0_8 .concat [ 1 1 1 1], L_0x55ba5a475ad0, L_0x55ba5a475ad0, L_0x55ba5a475ad0, L_0x55ba5a475ad0;
LS_0x55ba5a475cf0_0_12 .concat [ 1 1 1 1], L_0x55ba5a475ad0, L_0x55ba5a475ad0, L_0x55ba5a475ad0, L_0x55ba5a475ad0;
LS_0x55ba5a475cf0_0_16 .concat [ 1 1 1 1], L_0x55ba5a475ad0, L_0x55ba5a475ad0, L_0x55ba5a475ad0, L_0x55ba5a475ad0;
LS_0x55ba5a475cf0_0_20 .concat [ 1 1 1 1], L_0x55ba5a475ad0, L_0x55ba5a475ad0, L_0x55ba5a475ad0, L_0x55ba5a475ad0;
LS_0x55ba5a475cf0_0_24 .concat [ 1 1 1 1], L_0x55ba5a475ad0, L_0x55ba5a475ad0, L_0x55ba5a475ad0, L_0x55ba5a475ad0;
LS_0x55ba5a475cf0_0_28 .concat [ 1 1 1 1], L_0x55ba5a475ad0, L_0x55ba5a475ad0, L_0x55ba5a475ad0, L_0x55ba5a475ad0;
LS_0x55ba5a475cf0_0_32 .concat [ 1 1 1 1], L_0x55ba5a475ad0, L_0x55ba5a475ad0, L_0x55ba5a475ad0, L_0x55ba5a475ad0;
LS_0x55ba5a475cf0_0_36 .concat [ 1 1 1 1], L_0x55ba5a475ad0, L_0x55ba5a475ad0, L_0x55ba5a475ad0, L_0x55ba5a475ad0;
LS_0x55ba5a475cf0_0_40 .concat [ 1 1 1 0], L_0x55ba5a475ad0, L_0x55ba5a475ad0, L_0x55ba5a475ad0;
LS_0x55ba5a475cf0_1_0 .concat [ 4 4 4 4], LS_0x55ba5a475cf0_0_0, LS_0x55ba5a475cf0_0_4, LS_0x55ba5a475cf0_0_8, LS_0x55ba5a475cf0_0_12;
LS_0x55ba5a475cf0_1_4 .concat [ 4 4 4 4], LS_0x55ba5a475cf0_0_16, LS_0x55ba5a475cf0_0_20, LS_0x55ba5a475cf0_0_24, LS_0x55ba5a475cf0_0_28;
LS_0x55ba5a475cf0_1_8 .concat [ 4 4 3 0], LS_0x55ba5a475cf0_0_32, LS_0x55ba5a475cf0_0_36, LS_0x55ba5a475cf0_0_40;
L_0x55ba5a475cf0 .concat [ 16 16 11 0], LS_0x55ba5a475cf0_1_0, LS_0x55ba5a475cf0_1_4, LS_0x55ba5a475cf0_1_8;
L_0x55ba5a4761a0 .concat [ 20 43 0 0], L_0x55ba5a473790, L_0x55ba5a475cf0;
L_0x55ba5a4763d0 .concat [ 63 1 0 0], L_0x55ba5a4761a0, L_0x7f6fac18d2a8;
L_0x55ba5a476510 .part L_0x55ba5a4763d0, 0, 63;
L_0x55ba5a4767a0 .concat [ 1 63 0 0], L_0x7f6fac18d2f0, L_0x55ba5a476510;
L_0x55ba5a4768e0 .part L_0x55ba5a472870, 11, 1;
LS_0x55ba5a476b30_0_0 .concat [ 1 1 1 1], L_0x55ba5a4768e0, L_0x55ba5a4768e0, L_0x55ba5a4768e0, L_0x55ba5a4768e0;
LS_0x55ba5a476b30_0_4 .concat [ 1 1 1 1], L_0x55ba5a4768e0, L_0x55ba5a4768e0, L_0x55ba5a4768e0, L_0x55ba5a4768e0;
LS_0x55ba5a476b30_0_8 .concat [ 1 1 1 1], L_0x55ba5a4768e0, L_0x55ba5a4768e0, L_0x55ba5a4768e0, L_0x55ba5a4768e0;
LS_0x55ba5a476b30_0_12 .concat [ 1 1 1 1], L_0x55ba5a4768e0, L_0x55ba5a4768e0, L_0x55ba5a4768e0, L_0x55ba5a4768e0;
LS_0x55ba5a476b30_0_16 .concat [ 1 1 1 1], L_0x55ba5a4768e0, L_0x55ba5a4768e0, L_0x55ba5a4768e0, L_0x55ba5a4768e0;
LS_0x55ba5a476b30_0_20 .concat [ 1 1 1 1], L_0x55ba5a4768e0, L_0x55ba5a4768e0, L_0x55ba5a4768e0, L_0x55ba5a4768e0;
LS_0x55ba5a476b30_0_24 .concat [ 1 1 1 1], L_0x55ba5a4768e0, L_0x55ba5a4768e0, L_0x55ba5a4768e0, L_0x55ba5a4768e0;
LS_0x55ba5a476b30_0_28 .concat [ 1 1 1 1], L_0x55ba5a4768e0, L_0x55ba5a4768e0, L_0x55ba5a4768e0, L_0x55ba5a4768e0;
LS_0x55ba5a476b30_0_32 .concat [ 1 1 1 1], L_0x55ba5a4768e0, L_0x55ba5a4768e0, L_0x55ba5a4768e0, L_0x55ba5a4768e0;
LS_0x55ba5a476b30_0_36 .concat [ 1 1 1 1], L_0x55ba5a4768e0, L_0x55ba5a4768e0, L_0x55ba5a4768e0, L_0x55ba5a4768e0;
LS_0x55ba5a476b30_0_40 .concat [ 1 1 1 1], L_0x55ba5a4768e0, L_0x55ba5a4768e0, L_0x55ba5a4768e0, L_0x55ba5a4768e0;
LS_0x55ba5a476b30_0_44 .concat [ 1 1 1 1], L_0x55ba5a4768e0, L_0x55ba5a4768e0, L_0x55ba5a4768e0, L_0x55ba5a4768e0;
LS_0x55ba5a476b30_0_48 .concat [ 1 1 1 1], L_0x55ba5a4768e0, L_0x55ba5a4768e0, L_0x55ba5a4768e0, L_0x55ba5a4768e0;
LS_0x55ba5a476b30_1_0 .concat [ 4 4 4 4], LS_0x55ba5a476b30_0_0, LS_0x55ba5a476b30_0_4, LS_0x55ba5a476b30_0_8, LS_0x55ba5a476b30_0_12;
LS_0x55ba5a476b30_1_4 .concat [ 4 4 4 4], LS_0x55ba5a476b30_0_16, LS_0x55ba5a476b30_0_20, LS_0x55ba5a476b30_0_24, LS_0x55ba5a476b30_0_28;
LS_0x55ba5a476b30_1_8 .concat [ 4 4 4 4], LS_0x55ba5a476b30_0_32, LS_0x55ba5a476b30_0_36, LS_0x55ba5a476b30_0_40, LS_0x55ba5a476b30_0_44;
LS_0x55ba5a476b30_1_12 .concat [ 4 0 0 0], LS_0x55ba5a476b30_0_48;
L_0x55ba5a476b30 .concat [ 16 16 16 4], LS_0x55ba5a476b30_1_0, LS_0x55ba5a476b30_1_4, LS_0x55ba5a476b30_1_8, LS_0x55ba5a476b30_1_12;
L_0x55ba5a476fe0 .concat [ 12 52 0 0], L_0x55ba5a472870, L_0x55ba5a476b30;
L_0x55ba5a477240 .functor MUXZ 64, L_0x55ba5a476fe0, L_0x55ba5a4767a0, L_0x55ba5a4759e0, C4<>;
L_0x55ba5a4773d0 .functor MUXZ 64, L_0x55ba5a477240, L_0x55ba5a475730, L_0x55ba5a474580, C4<>;
L_0x55ba5a477730 .functor MUXZ 64, L_0x55ba5a4773d0, L_0x55ba5a4740b0, L_0x55ba5a473a20, C4<>;
S_0x55ba5a440c60 .scope module, "huu" "IR" 2 93, 3 219 0, S_0x55ba5a3f5e20;
 .timescale 0 0;
    .port_info 0 /INPUT 1 "clock";
    .port_info 1 /INPUT 1 "r_enable";
    .port_info 2 /INPUT 32 "data_in";
    .port_info 3 /OUTPUT 32 "data_out";
v0x55ba5a440e10_0 .net "clock", 0 0, v0x55ba5a452ca0_0;  1 drivers
v0x55ba5a440ef0_0 .net "data_in", 31 0, L_0x55ba5a4702e0;  alias, 1 drivers
v0x55ba5a440fd0_0 .var "data_out", 31 0;
v0x55ba5a441070_0 .var "opcode", 6 0;
v0x55ba5a441130_0 .net "r_enable", 0 0, v0x55ba5a453780_0;  1 drivers
E_0x55ba5a392a40 .event posedge, v0x55ba5a440e10_0;
S_0x55ba5a4412c0 .scope module, "ihs" "Mux3" 2 120, 3 395 0, S_0x55ba5a3f5e20;
 .timescale 0 0;
    .port_info 0 /INPUT 32 "imm_some";
    .port_info 1 /INPUT 32 "four_some";
    .port_info 2 /INPUT 1 "flag";
    .port_info 3 /OUTPUT 32 "S3";
L_0x7f6fac18d410 .functor BUFT 1, C4<0>, C4<0>, C4<0>, C4<0>;
L_0x55ba5a471f70 .functor XNOR 1, L_0x55ba5a46f4e0, L_0x7f6fac18d410, C4<0>, C4<0>;
v0x55ba5a4414a0_0 .net "S3", 31 0, L_0x55ba5a478180;  alias, 1 drivers
v0x55ba5a441580_0 .net/2u *"_ivl_0", 0 0, L_0x7f6fac18d410;  1 drivers
v0x55ba5a441660_0 .net *"_ivl_2", 0 0, L_0x55ba5a471f70;  1 drivers
v0x55ba5a441700_0 .net "flag", 0 0, L_0x55ba5a46f4e0;  alias, 1 drivers
v0x55ba5a4417c0_0 .net "four_some", 31 0, L_0x55ba5a477b90;  alias, 1 drivers
v0x55ba5a4418f0_0 .net "imm_some", 31 0, L_0x55ba5a478090;  alias, 1 drivers
L_0x55ba5a478180 .functor MUXZ 32, L_0x55ba5a478090, L_0x55ba5a477b90, L_0x55ba5a471f70, C4<>;
S_0x55ba5a441a50 .scope module, "iss" "Mux4" 2 127, 3 407 0, S_0x55ba5a3f5e20;
 .timescale 0 0;
    .port_info 0 /INPUT 64 "doutA";
    .port_info 1 /INPUT 32 "PC";
    .port_info 2 /INPUT 1 "sinalMux";
    .port_info 3 /OUTPUT 64 "S4";
L_0x7f6fac18d458 .functor BUFT 1, C4<0>, C4<0>, C4<0>, C4<0>;
L_0x55ba5a470db0 .functor XNOR 1, v0x55ba5a4535a0_0, L_0x7f6fac18d458, C4<0>, C4<0>;
v0x55ba5a441ca0_0 .net "PC", 31 0, v0x55ba5a443d40_0;  alias, 1 drivers
v0x55ba5a441da0_0 .net "S4", 63 0, L_0x55ba5a478630;  alias, 1 drivers
v0x55ba5a441e80_0 .net/2u *"_ivl_0", 0 0, L_0x7f6fac18d458;  1 drivers
v0x55ba5a441f70_0 .net *"_ivl_10", 61 0, L_0x55ba5a478400;  1 drivers
L_0x7f6fac18d4e8 .functor BUFT 1, C4<00>, C4<0>, C4<0>, C4<0>;
v0x55ba5a442050_0 .net *"_ivl_12", 1 0, L_0x7f6fac18d4e8;  1 drivers
v0x55ba5a442180_0 .net *"_ivl_2", 0 0, L_0x55ba5a470db0;  1 drivers
v0x55ba5a442240_0 .net *"_ivl_4", 63 0, L_0x55ba5a478310;  1 drivers
L_0x7f6fac18d4a0 .functor BUFT 1, C4<00000000000000000000000000000000>, C4<0>, C4<0>, C4<0>;
v0x55ba5a442320_0 .net *"_ivl_7", 31 0, L_0x7f6fac18d4a0;  1 drivers
v0x55ba5a442400_0 .net *"_ivl_8", 63 0, L_0x55ba5a4784f0;  1 drivers
v0x55ba5a4424e0_0 .net "doutA", 63 0, v0x55ba5a446160_0;  alias, 1 drivers
v0x55ba5a4425c0_0 .net "sinalMux", 0 0, v0x55ba5a4535a0_0;  1 drivers
L_0x55ba5a478310 .concat [ 32 32 0 0], v0x55ba5a443d40_0, L_0x7f6fac18d4a0;
L_0x55ba5a478400 .part L_0x55ba5a478310, 0, 62;
L_0x55ba5a4784f0 .concat [ 2 62 0 0], L_0x7f6fac18d4e8, L_0x55ba5a478400;
L_0x55ba5a478630 .functor MUXZ 64, v0x55ba5a446160_0, L_0x55ba5a4784f0, L_0x55ba5a470db0, C4<>;
S_0x55ba5a442700 .scope module, "its" "somador_imm" 2 114, 3 76 0, S_0x55ba5a3f5e20;
 .timescale 0 0;
    .port_info 0 /INPUT 64 "dout";
    .port_info 1 /INPUT 64 "imm";
    .port_info 2 /OUTPUT 32 "soma";
v0x55ba5a442950_0 .net *"_ivl_0", 63 0, L_0x55ba5a477cd0;  1 drivers
v0x55ba5a442a50_0 .net *"_ivl_3", 31 0, L_0x55ba5a477d70;  1 drivers
v0x55ba5a442b30_0 .net *"_ivl_4", 63 0, L_0x55ba5a477e10;  1 drivers
L_0x7f6fac18d3c8 .functor BUFT 1, C4<00000000000000000000000000000000>, C4<0>, C4<0>, C4<0>;
v0x55ba5a442bf0_0 .net *"_ivl_7", 31 0, L_0x7f6fac18d3c8;  1 drivers
v0x55ba5a442cd0_0 .net *"_ivl_8", 63 0, L_0x55ba5a477f50;  1 drivers
v0x55ba5a442e00_0 .net "dout", 63 0, L_0x55ba5a478630;  alias, 1 drivers
v0x55ba5a442ec0_0 .net "imm", 63 0, L_0x55ba5a477730;  alias, 1 drivers
v0x55ba5a442f60_0 .net "soma", 31 0, L_0x55ba5a478090;  alias, 1 drivers
L_0x55ba5a477cd0 .concat [ 64 0 0 0], L_0x55ba5a478630;
L_0x55ba5a477d70 .part L_0x55ba5a477730, 0, 32;
L_0x55ba5a477e10 .concat [ 32 32 0 0], L_0x55ba5a477d70, L_0x7f6fac18d3c8;
L_0x55ba5a477f50 .arith/sum 64, L_0x55ba5a477cd0, L_0x55ba5a477e10;
L_0x55ba5a478090 .part L_0x55ba5a477f50, 0, 32;
S_0x55ba5a443090 .scope module, "itt" "somador_four" 2 108, 3 67 0, S_0x55ba5a3f5e20;
 .timescale 0 0;
    .port_info 0 /INPUT 32 "dout_pc";
    .port_info 1 /OUTPUT 32 "soma";
v0x55ba5a443270_0 .net *"_ivl_0", 31 0, L_0x55ba5a477960;  1 drivers
v0x55ba5a443370_0 .net *"_ivl_2", 29 0, L_0x55ba5a4778c0;  1 drivers
L_0x7f6fac18d338 .functor BUFT 1, C4<00>, C4<0>, C4<0>, C4<0>;
v0x55ba5a443450_0 .net *"_ivl_4", 1 0, L_0x7f6fac18d338;  1 drivers
v0x55ba5a443540_0 .net *"_ivl_6", 31 0, L_0x55ba5a477aa0;  1 drivers
L_0x7f6fac18d380 .functor BUFT 1, C4<00000000000000000000000000000100>, C4<0>, C4<0>, C4<0>;
v0x55ba5a443620_0 .net/2u *"_ivl_8", 31 0, L_0x7f6fac18d380;  1 drivers
v0x55ba5a443750_0 .net "dout_pc", 31 0, v0x55ba5a443d40_0;  alias, 1 drivers
v0x55ba5a443810_0 .net "soma", 31 0, L_0x55ba5a477b90;  alias, 1 drivers
L_0x55ba5a4778c0 .part v0x55ba5a443d40_0, 0, 30;
L_0x55ba5a477960 .concat [ 2 30 0 0], L_0x7f6fac18d338, L_0x55ba5a4778c0;
L_0x55ba5a477aa0 .concat [ 32 0 0 0], L_0x55ba5a477960;
L_0x55ba5a477b90 .arith/sum 32, L_0x55ba5a477aa0, L_0x7f6fac18d380;
S_0x55ba5a443920 .scope module, "uhh" "PC" 2 86, 3 198 0, S_0x55ba5a3f5e20;
 .timescale 0 0;
    .port_info 0 /INPUT 1 "clock";
    .port_info 1 /INPUT 1 "r_enable";
    .port_info 2 /INPUT 32 "data_in";
    .port_info 3 /OUTPUT 32 "data_out";
v0x55ba5a443ba0_0 .net "clock", 0 0, v0x55ba5a452ca0_0;  alias, 1 drivers
v0x55ba5a443c70_0 .net "data_in", 31 0, L_0x55ba5a478180;  alias, 1 drivers
v0x55ba5a443d40_0 .var "data_out", 31 0;
v0x55ba5a443e60_0 .net "r_enable", 0 0, v0x55ba5a453960_0;  1 drivers
S_0x55ba5a443f80 .scope module, "utH" "memoria_ins" 2 75, 3 118 0, S_0x55ba5a3f5e20;
 .timescale 0 0;
    .port_info 0 /INPUT 32 "ads";
    .port_info 1 /OUTPUT 32 "dout";
    .port_info 2 /OUTPUT 5 "rs1";
    .port_info 3 /OUTPUT 5 "rs2";
    .port_info 4 /OUTPUT 5 "rd";
    .port_info 5 /OUTPUT 7 "opcode";
    .port_info 6 /INPUT 1 "we";
v0x55ba5a444210_0 .net *"_ivl_1", 31 0, L_0x55ba5a470240;  1 drivers
v0x55ba5a444310_0 .net *"_ivl_11", 4 0, L_0x55ba5a470560;  1 drivers
v0x55ba5a4443f0_0 .net *"_ivl_16", 4 0, L_0x55ba5a4707d0;  1 drivers
v0x55ba5a4444b0_0 .net *"_ivl_17", 31 0, L_0x55ba5a470870;  1 drivers
v0x55ba5a444590_0 .net *"_ivl_20", 4 0, L_0x55ba5a470960;  1 drivers
v0x55ba5a4446c0_0 .net *"_ivl_25", 4 0, L_0x55ba5a470be0;  1 drivers
v0x55ba5a4447a0_0 .net *"_ivl_26", 31 0, L_0x55ba5a470d10;  1 drivers
v0x55ba5a444880_0 .net *"_ivl_29", 4 0, L_0x55ba5a470e20;  1 drivers
v0x55ba5a444960_0 .net *"_ivl_34", 6 0, L_0x55ba5a471080;  1 drivers
v0x55ba5a444a40_0 .net *"_ivl_35", 31 0, L_0x55ba5a471120;  1 drivers
v0x55ba5a444b20_0 .net *"_ivl_38", 6 0, L_0x55ba5a471250;  1 drivers
v0x55ba5a444c00_0 .net *"_ivl_7", 4 0, L_0x55ba5a4703d0;  1 drivers
v0x55ba5a444ce0_0 .net *"_ivl_8", 31 0, L_0x55ba5a4704c0;  1 drivers
v0x55ba5a444dc0_0 .net "ads", 31 0, v0x55ba5a443d40_0;  alias, 1 drivers
v0x55ba5a444e80_0 .net "dout", 31 0, L_0x55ba5a4702e0;  alias, 1 drivers
v0x55ba5a444f40_0 .net "opcode", 6 0, L_0x55ba5a471340;  alias, 1 drivers
v0x55ba5a445010_0 .net "rd", 4 0, L_0x55ba5a470650;  alias, 1 drivers
v0x55ba5a4450d0 .array/s "registradores", 0 31, 31 0;
v0x55ba5a445590_0 .net "rs1", 4 0, L_0x55ba5a470a50;  alias, 1 drivers
v0x55ba5a445670_0 .net "rs2", 4 0, L_0x55ba5a470ec0;  alias, 1 drivers
v0x55ba5a445750_0 .net "we", 0 0, v0x55ba5a453820_0;  1 drivers
L_0x55ba5a470240 .array/port v0x55ba5a4450d0, v0x55ba5a443d40_0;
v0x55ba5a4450d0_0 .array/port v0x55ba5a4450d0, 0;
L_0x55ba5a4702e0 .functor MUXZ 32, L_0x55ba5a470240, v0x55ba5a4450d0_0, v0x55ba5a453820_0, C4<>;
L_0x55ba5a4703d0 .part v0x55ba5a4450d0_0, 7, 5;
L_0x55ba5a4704c0 .array/port v0x55ba5a4450d0, v0x55ba5a443d40_0;
L_0x55ba5a470560 .part L_0x55ba5a4704c0, 7, 5;
L_0x55ba5a470650 .functor MUXZ 5, L_0x55ba5a470560, L_0x55ba5a4703d0, v0x55ba5a453820_0, C4<>;
L_0x55ba5a4707d0 .part v0x55ba5a4450d0_0, 15, 5;
L_0x55ba5a470870 .array/port v0x55ba5a4450d0, v0x55ba5a443d40_0;
L_0x55ba5a470960 .part L_0x55ba5a470870, 15, 5;
L_0x55ba5a470a50 .functor MUXZ 5, L_0x55ba5a470960, L_0x55ba5a4707d0, v0x55ba5a453820_0, C4<>;
L_0x55ba5a470be0 .part v0x55ba5a4450d0_0, 20, 5;
L_0x55ba5a470d10 .array/port v0x55ba5a4450d0, v0x55ba5a443d40_0;
L_0x55ba5a470e20 .part L_0x55ba5a470d10, 20, 5;
L_0x55ba5a470ec0 .functor MUXZ 5, L_0x55ba5a470e20, L_0x55ba5a470be0, v0x55ba5a453820_0, C4<>;
L_0x55ba5a471080 .part v0x55ba5a4450d0_0, 0, 7;
L_0x55ba5a471120 .array/port v0x55ba5a4450d0, v0x55ba5a443d40_0;
L_0x55ba5a471250 .part L_0x55ba5a471120, 0, 7;
L_0x55ba5a471340 .functor MUXZ 7, L_0x55ba5a471250, L_0x55ba5a471080, v0x55ba5a453820_0, C4<>;
S_0x55ba5a4458f0 .scope module, "utt" "registrador" 2 39, 3 270 0, S_0x55ba5a3f5e20;
 .timescale 0 0;
    .port_info 0 /INPUT 1 "clk";
    .port_info 1 /INPUT 64 "din";
    .port_info 2 /INPUT 1 "we";
    .port_info 3 /INPUT 5 "Rw";
    .port_info 4 /INPUT 5 "Ra";
    .port_info 5 /INPUT 5 "Rb";
    .port_info 6 /OUTPUT 64 "doutA";
    .port_info 7 /OUTPUT 64 "doutB";
v0x55ba5a445cf0_0 .net "Ra", 4 0, L_0x55ba5a470a50;  alias, 1 drivers
v0x55ba5a445db0_0 .net "Rb", 4 0, L_0x55ba5a470ec0;  alias, 1 drivers
v0x55ba5a445e80_0 .net "Rw", 4 0, L_0x55ba5a470650;  alias, 1 drivers
v0x55ba5a445f80_0 .net "clk", 0 0, v0x55ba5a452ca0_0;  alias, 1 drivers
v0x55ba5a446070_0 .net/s "din", 63 0, L_0x55ba5a4700b0;  alias, 1 drivers
v0x55ba5a446160_0 .var/s "doutA", 63 0;
v0x55ba5a446220_0 .var/s "doutB", 63 0;
v0x55ba5a4462e0 .array/s "registradores", 0 31, 63 0;
v0x55ba5a4467a0_0 .net "we", 0 0, v0x55ba5a453a00_0;  1 drivers
v0x55ba5a4462e0_14 .array/port v0x55ba5a4462e0, 14;
E_0x55ba5a3c5030 .event edge, v0x55ba5a4462e0_14;
v0x55ba5a4462e0_13 .array/port v0x55ba5a4462e0, 13;
E_0x55ba5a426bd0 .event edge, v0x55ba5a4462e0_13;
v0x55ba5a4462e0_12 .array/port v0x55ba5a4462e0, 12;
E_0x55ba5a426ea0 .event edge, v0x55ba5a4462e0_12;
v0x55ba5a4462e0_11 .array/port v0x55ba5a4462e0, 11;
E_0x55ba5a445b00 .event edge, v0x55ba5a4462e0_11;
v0x55ba5a4462e0_10 .array/port v0x55ba5a4462e0, 10;
E_0x55ba5a445b90 .event edge, v0x55ba5a4462e0_10;
v0x55ba5a4462e0_9 .array/port v0x55ba5a4462e0, 9;
E_0x55ba5a445bf0 .event edge, v0x55ba5a4462e0_9;
v0x55ba5a4462e0_7 .array/port v0x55ba5a4462e0, 7;
E_0x55ba5a445c90 .event edge, v0x55ba5a4462e0_7;
S_0x55ba5a4469f0 .scope module, "utu" "memoria" 2 51, 3 87 0, S_0x55ba5a3f5e20;
 .timescale 0 0;
    .port_info 0 /INPUT 64 "ads";
    .port_info 1 /INPUT 1 "we";
    .port_info 2 /INPUT 64 "din";
    .port_info 3 /OUTPUT 64 "dout";
v0x55ba5a446cd0_0 .net *"_ivl_0", 63 0, L_0x55ba5a46f5d0;  1 drivers
v0x55ba5a446dd0_0 .net "ads", 63 0, L_0x55ba5a465df0;  alias, 1 drivers
v0x55ba5a446eb0_0 .net/s "din", 63 0, v0x55ba5a446220_0;  alias, 1 drivers
v0x55ba5a446fb0_0 .net/s "dout", 63 0, L_0x55ba5a46f670;  alias, 1 drivers
v0x55ba5a447070 .array/s "registradores", 0 31, 63 0;
v0x55ba5a447580_0 .net "we", 0 0, v0x55ba5a4538c0_0;  1 drivers
v0x55ba5a447070_13 .array/port v0x55ba5a447070, 13;
E_0x55ba5a446bf0 .event edge, v0x55ba5a447070_13;
E_0x55ba5a446c70 .event posedge, v0x55ba5a447580_0;
L_0x55ba5a46f5d0 .array/port v0x55ba5a447070, L_0x55ba5a465df0;
L_0x55ba5a46f670 .functor MUXZ 64, L_0x55ba5a46f5d0, v0x55ba5a446220_0, v0x55ba5a4538c0_0, C4<>;
S_0x55ba5a4476c0 .scope module, "utv" "Mux1" 2 59, 3 367 0, S_0x55ba5a3f5e20;
 .timescale 0 0;
    .port_info 0 /INPUT 64 "imm";
    .port_info 1 /INPUT 64 "doutB";
    .port_info 2 /INPUT 1 "sinalMux";
    .port_info 3 /OUTPUT 64 "S1";
L_0x7f6fac18cde0 .functor BUFT 1, C4<0>, C4<0>, C4<0>, C4<0>;
L_0x55ba5a46f7b0 .functor XNOR 1, v0x55ba5a453460_0, L_0x7f6fac18cde0, C4<0>, C4<0>;
v0x55ba5a447910_0 .net/s "S1", 63 0, L_0x55ba5a46f870;  alias, 1 drivers
v0x55ba5a447a10_0 .net/2u *"_ivl_0", 0 0, L_0x7f6fac18cde0;  1 drivers
v0x55ba5a447af0_0 .net *"_ivl_2", 0 0, L_0x55ba5a46f7b0;  1 drivers
v0x55ba5a447bc0_0 .net/s "doutB", 63 0, v0x55ba5a446220_0;  alias, 1 drivers
v0x55ba5a447cd0_0 .net/s "imm", 63 0, L_0x55ba5a477730;  alias, 1 drivers
v0x55ba5a447e30_0 .net "sinalMux", 0 0, v0x55ba5a453460_0;  1 drivers
L_0x55ba5a46f870 .functor MUXZ 64, v0x55ba5a446220_0, L_0x55ba5a477730, L_0x55ba5a46f7b0, C4<>;
S_0x55ba5a447f70 .scope module, "uut" "ULA" 2 31, 3 1 0, S_0x55ba5a3f5e20;
 .timescale 0 0;
    .port_info 0 /INPUT 64 "b";
    .port_info 1 /INPUT 64 "a";
    .port_info 2 /INPUT 32 "sinal";
    .port_info 3 /OUTPUT 64 "soma";
    .port_info 4 /OUTPUT 1 "flag";
L_0x55ba5a453aa0 .functor BUFZ 64, v0x55ba5a446160_0, C4<0000000000000000000000000000000000000000000000000000000000000000>, C4<0000000000000000000000000000000000000000000000000000000000000000>, C4<0000000000000000000000000000000000000000000000000000000000000000>;
L_0x55ba5a453b10 .functor BUFZ 64, L_0x55ba5a46f870, C4<0000000000000000000000000000000000000000000000000000000000000000>, C4<0000000000000000000000000000000000000000000000000000000000000000>, C4<0000000000000000000000000000000000000000000000000000000000000000>;
L_0x55ba5a454890 .functor AND 1, L_0x55ba5a454930, L_0x55ba5a464d10, C4<1>, C4<1>;
L_0x55ba5a454010 .functor AND 1, L_0x55ba5a467ee0, L_0x55ba5a468270, C4<1>, C4<1>;
L_0x55ba5a468ec0 .functor AND 1, L_0x55ba5a468820, L_0x55ba5a468ba0, C4<1>, C4<1>;
L_0x55ba5a469d50 .functor AND 1, L_0x55ba5a469620, L_0x55ba5a469a00, C4<1>, C4<1>;
L_0x55ba5a46a790 .functor AND 1, L_0x55ba5a46a270, L_0x55ba5a46a650, C4<1>, C4<1>;
L_0x55ba5a46b500 .functor AND 1, L_0x55ba5a46af50, L_0x55ba5a46b390, C4<1>, C4<1>;
L_0x55ba5a46c280 .functor AND 1, L_0x55ba5a46ba80, L_0x55ba5a46beb0, C4<1>, C4<1>;
L_0x7f6fac18c018 .functor BUFT 1, C4<0>, C4<0>, C4<0>, C4<0>;
v0x55ba5a4481d0_0 .net *"_ivl_10", 0 0, L_0x7f6fac18c018;  1 drivers
v0x55ba5a4482d0_0 .net *"_ivl_101", 0 0, L_0x55ba5a466b30;  1 drivers
L_0x7f6fac18c498 .functor BUFT 1, C4<01>, C4<0>, C4<0>, C4<0>;
v0x55ba5a448390_0 .net/2s *"_ivl_103", 1 0, L_0x7f6fac18c498;  1 drivers
L_0x7f6fac18c4e0 .functor BUFT 1, C4<00>, C4<0>, C4<0>, C4<0>;
v0x55ba5a448450_0 .net/2s *"_ivl_105", 1 0, L_0x7f6fac18c4e0;  1 drivers
v0x55ba5a448530_0 .net *"_ivl_107", 1 0, L_0x55ba5a466d80;  1 drivers
v0x55ba5a448660_0 .net *"_ivl_11", 64 0, L_0x55ba5a453e00;  1 drivers
v0x55ba5a448740_0 .net *"_ivl_112", 6 0, L_0x55ba5a467120;  1 drivers
L_0x7f6fac18c528 .functor BUFT 1, C4<0000011>, C4<0>, C4<0>, C4<0>;
v0x55ba5a448820_0 .net/2u *"_ivl_113", 6 0, L_0x7f6fac18c528;  1 drivers
v0x55ba5a448900_0 .net *"_ivl_115", 0 0, L_0x55ba5a466e20;  1 drivers
L_0x7f6fac18c570 .functor BUFT 1, C4<00>, C4<0>, C4<0>, C4<0>;
v0x55ba5a448a50_0 .net/2u *"_ivl_117", 1 0, L_0x7f6fac18c570;  1 drivers
v0x55ba5a448b30_0 .net *"_ivl_120", 6 0, L_0x55ba5a467340;  1 drivers
L_0x7f6fac18c5b8 .functor BUFT 1, C4<0100011>, C4<0>, C4<0>, C4<0>;
v0x55ba5a448c10_0 .net/2u *"_ivl_121", 6 0, L_0x7f6fac18c5b8;  1 drivers
v0x55ba5a448cf0_0 .net *"_ivl_123", 0 0, L_0x55ba5a467520;  1 drivers
L_0x7f6fac18c600 .functor BUFT 1, C4<00>, C4<0>, C4<0>, C4<0>;
v0x55ba5a448db0_0 .net/2u *"_ivl_125", 1 0, L_0x7f6fac18c600;  1 drivers
v0x55ba5a448e90_0 .net *"_ivl_128", 6 0, L_0x55ba5a467660;  1 drivers
L_0x7f6fac18c648 .functor BUFT 1, C4<0110011>, C4<0>, C4<0>, C4<0>;
v0x55ba5a448f70_0 .net/2u *"_ivl_129", 6 0, L_0x7f6fac18c648;  1 drivers
v0x55ba5a449050_0 .net *"_ivl_131", 0 0, L_0x55ba5a467850;  1 drivers
L_0x7f6fac18c690 .functor BUFT 1, C4<00>, C4<0>, C4<0>, C4<0>;
v0x55ba5a449220_0 .net/2u *"_ivl_133", 1 0, L_0x7f6fac18c690;  1 drivers
v0x55ba5a449300_0 .net *"_ivl_136", 6 0, L_0x55ba5a467990;  1 drivers
L_0x7f6fac18c6d8 .functor BUFT 1, C4<0010011>, C4<0>, C4<0>, C4<0>;
v0x55ba5a4493e0_0 .net/2u *"_ivl_137", 6 0, L_0x7f6fac18c6d8;  1 drivers
v0x55ba5a4494c0_0 .net *"_ivl_139", 0 0, L_0x55ba5a467b90;  1 drivers
L_0x7f6fac18c060 .functor BUFT 1, C4<0>, C4<0>, C4<0>, C4<0>;
v0x55ba5a449580_0 .net *"_ivl_14", 0 0, L_0x7f6fac18c060;  1 drivers
L_0x7f6fac18c720 .functor BUFT 1, C4<00>, C4<0>, C4<0>, C4<0>;
v0x55ba5a449660_0 .net/2u *"_ivl_141", 1 0, L_0x7f6fac18c720;  1 drivers
v0x55ba5a449740_0 .net *"_ivl_144", 6 0, L_0x55ba5a467cd0;  1 drivers
L_0x7f6fac18c768 .functor BUFT 1, C4<1100011>, C4<0>, C4<0>, C4<0>;
v0x55ba5a449820_0 .net/2u *"_ivl_145", 6 0, L_0x7f6fac18c768;  1 drivers
v0x55ba5a449900_0 .net *"_ivl_147", 0 0, L_0x55ba5a467ee0;  1 drivers
v0x55ba5a4499c0_0 .net *"_ivl_15", 64 0, L_0x55ba5a453f70;  1 drivers
v0x55ba5a449aa0_0 .net *"_ivl_150", 2 0, L_0x55ba5a468050;  1 drivers
L_0x7f6fac18c7b0 .functor BUFT 1, C4<000>, C4<0>, C4<0>, C4<0>;
v0x55ba5a449b80_0 .net/2u *"_ivl_151", 2 0, L_0x7f6fac18c7b0;  1 drivers
v0x55ba5a449c60_0 .net *"_ivl_153", 0 0, L_0x55ba5a468270;  1 drivers
v0x55ba5a449d20_0 .net *"_ivl_156", 0 0, L_0x55ba5a454010;  1 drivers
v0x55ba5a449de0_0 .net *"_ivl_157", 1 0, L_0x55ba5a4684b0;  1 drivers
L_0x7f6fac18c7f8 .functor BUFT 1, C4<0>, C4<0>, C4<0>, C4<0>;
v0x55ba5a449ec0_0 .net *"_ivl_160", 0 0, L_0x7f6fac18c7f8;  1 drivers
v0x55ba5a449fa0_0 .net *"_ivl_162", 6 0, L_0x55ba5a468780;  1 drivers
L_0x7f6fac18c840 .functor BUFT 1, C4<1100011>, C4<0>, C4<0>, C4<0>;
v0x55ba5a44a080_0 .net/2u *"_ivl_163", 6 0, L_0x7f6fac18c840;  1 drivers
v0x55ba5a44a160_0 .net *"_ivl_165", 0 0, L_0x55ba5a468820;  1 drivers
v0x55ba5a44a220_0 .net *"_ivl_168", 2 0, L_0x55ba5a468b00;  1 drivers
L_0x7f6fac18c888 .functor BUFT 1, C4<001>, C4<0>, C4<0>, C4<0>;
v0x55ba5a44a300_0 .net/2u *"_ivl_169", 2 0, L_0x7f6fac18c888;  1 drivers
v0x55ba5a44a3e0_0 .net *"_ivl_171", 0 0, L_0x55ba5a468ba0;  1 drivers
v0x55ba5a44a4a0_0 .net *"_ivl_174", 0 0, L_0x55ba5a468ec0;  1 drivers
v0x55ba5a44a560_0 .net *"_ivl_176", 0 0, L_0x55ba5a468fd0;  1 drivers
v0x55ba5a44a620_0 .net *"_ivl_177", 1 0, L_0x55ba5a469070;  1 drivers
v0x55ba5a44a700_0 .net *"_ivl_18", 6 0, L_0x55ba5a454120;  1 drivers
L_0x7f6fac18c8d0 .functor BUFT 1, C4<0>, C4<0>, C4<0>, C4<0>;
v0x55ba5a44a7e0_0 .net *"_ivl_180", 0 0, L_0x7f6fac18c8d0;  1 drivers
v0x55ba5a44a8c0_0 .net *"_ivl_182", 6 0, L_0x55ba5a469370;  1 drivers
L_0x7f6fac18c918 .functor BUFT 1, C4<1100011>, C4<0>, C4<0>, C4<0>;
v0x55ba5a44a9a0_0 .net/2u *"_ivl_183", 6 0, L_0x7f6fac18c918;  1 drivers
v0x55ba5a44aa80_0 .net *"_ivl_185", 0 0, L_0x55ba5a469620;  1 drivers
v0x55ba5a44ab40_0 .net *"_ivl_188", 2 0, L_0x55ba5a469960;  1 drivers
L_0x7f6fac18c960 .functor BUFT 1, C4<100>, C4<0>, C4<0>, C4<0>;
v0x55ba5a44ac20_0 .net/2u *"_ivl_189", 2 0, L_0x7f6fac18c960;  1 drivers
L_0x7f6fac18c0a8 .functor BUFT 1, C4<0000011>, C4<0>, C4<0>, C4<0>;
v0x55ba5a44ad00_0 .net/2u *"_ivl_19", 6 0, L_0x7f6fac18c0a8;  1 drivers
v0x55ba5a44ade0_0 .net *"_ivl_191", 0 0, L_0x55ba5a469a00;  1 drivers
v0x55ba5a44aea0_0 .net *"_ivl_194", 0 0, L_0x55ba5a469d50;  1 drivers
v0x55ba5a44af60_0 .net *"_ivl_195", 1 0, L_0x55ba5a469ea0;  1 drivers
L_0x7f6fac18c9a8 .functor BUFT 1, C4<0>, C4<0>, C4<0>, C4<0>;
v0x55ba5a44b040_0 .net *"_ivl_198", 0 0, L_0x7f6fac18c9a8;  1 drivers
v0x55ba5a44b120_0 .net *"_ivl_200", 6 0, L_0x55ba5a469fe0;  1 drivers
L_0x7f6fac18c9f0 .functor BUFT 1, C4<1100011>, C4<0>, C4<0>, C4<0>;
v0x55ba5a44b200_0 .net/2u *"_ivl_201", 6 0, L_0x7f6fac18c9f0;  1 drivers
v0x55ba5a44b2e0_0 .net *"_ivl_203", 0 0, L_0x55ba5a46a270;  1 drivers
v0x55ba5a44b3a0_0 .net *"_ivl_206", 2 0, L_0x55ba5a46a3b0;  1 drivers
L_0x7f6fac18ca38 .functor BUFT 1, C4<101>, C4<0>, C4<0>, C4<0>;
v0x55ba5a44b480_0 .net/2u *"_ivl_207", 2 0, L_0x7f6fac18ca38;  1 drivers
v0x55ba5a44b560_0 .net *"_ivl_209", 0 0, L_0x55ba5a46a650;  1 drivers
v0x55ba5a44b620_0 .net *"_ivl_21", 0 0, L_0x55ba5a454290;  1 drivers
v0x55ba5a44b6e0_0 .net *"_ivl_212", 0 0, L_0x55ba5a46a790;  1 drivers
v0x55ba5a44b7a0_0 .net *"_ivl_214", 0 0, L_0x55ba5a46a8a0;  1 drivers
v0x55ba5a44b860_0 .net *"_ivl_215", 1 0, L_0x55ba5a46ab50;  1 drivers
L_0x7f6fac18ca80 .functor BUFT 1, C4<0>, C4<0>, C4<0>, C4<0>;
v0x55ba5a44b940_0 .net *"_ivl_218", 0 0, L_0x7f6fac18ca80;  1 drivers
v0x55ba5a44be30_0 .net *"_ivl_220", 6 0, L_0x55ba5a46ac90;  1 drivers
L_0x7f6fac18cac8 .functor BUFT 1, C4<1100011>, C4<0>, C4<0>, C4<0>;
v0x55ba5a44bf10_0 .net/2u *"_ivl_221", 6 0, L_0x7f6fac18cac8;  1 drivers
v0x55ba5a44bff0_0 .net *"_ivl_223", 0 0, L_0x55ba5a46af50;  1 drivers
v0x55ba5a44c0b0_0 .net *"_ivl_226", 2 0, L_0x55ba5a46b0c0;  1 drivers
L_0x7f6fac18cb10 .functor BUFT 1, C4<110>, C4<0>, C4<0>, C4<0>;
v0x55ba5a44c190_0 .net/2u *"_ivl_227", 2 0, L_0x7f6fac18cb10;  1 drivers
v0x55ba5a44c270_0 .net *"_ivl_229", 0 0, L_0x55ba5a46b390;  1 drivers
v0x55ba5a44c330_0 .net/s *"_ivl_23", 63 0, L_0x55ba5a454380;  1 drivers
v0x55ba5a44c410_0 .net *"_ivl_232", 0 0, L_0x55ba5a46b500;  1 drivers
v0x55ba5a44c4d0_0 .net *"_ivl_233", 1 0, L_0x55ba5a46b660;  1 drivers
L_0x7f6fac18cb58 .functor BUFT 1, C4<0>, C4<0>, C4<0>, C4<0>;
v0x55ba5a44c5b0_0 .net *"_ivl_236", 0 0, L_0x7f6fac18cb58;  1 drivers
v0x55ba5a44c690_0 .net *"_ivl_238", 6 0, L_0x55ba5a46b9e0;  1 drivers
L_0x7f6fac18cba0 .functor BUFT 1, C4<1100011>, C4<0>, C4<0>, C4<0>;
v0x55ba5a44c770_0 .net/2u *"_ivl_239", 6 0, L_0x7f6fac18cba0;  1 drivers
v0x55ba5a44c850_0 .net *"_ivl_241", 0 0, L_0x55ba5a46ba80;  1 drivers
v0x55ba5a44c910_0 .net *"_ivl_244", 2 0, L_0x55ba5a46be10;  1 drivers
L_0x7f6fac18cbe8 .functor BUFT 1, C4<111>, C4<0>, C4<0>, C4<0>;
v0x55ba5a44c9f0_0 .net/2u *"_ivl_245", 2 0, L_0x7f6fac18cbe8;  1 drivers
v0x55ba5a44cad0_0 .net *"_ivl_247", 0 0, L_0x55ba5a46beb0;  1 drivers
v0x55ba5a44cb90_0 .net *"_ivl_250", 0 0, L_0x55ba5a46c280;  1 drivers
v0x55ba5a44cc50_0 .net *"_ivl_252", 0 0, L_0x55ba5a46c390;  1 drivers
v0x55ba5a44cd10_0 .net *"_ivl_253", 1 0, L_0x55ba5a46c430;  1 drivers
L_0x7f6fac18cc30 .functor BUFT 1, C4<0>, C4<0>, C4<0>, C4<0>;
v0x55ba5a44cdf0_0 .net *"_ivl_256", 0 0, L_0x7f6fac18cc30;  1 drivers
v0x55ba5a44ced0_0 .net *"_ivl_258", 6 0, L_0x55ba5a46c7e0;  1 drivers
L_0x7f6fac18cc78 .functor BUFT 1, C4<1101111>, C4<0>, C4<0>, C4<0>;
v0x55ba5a44cfb0_0 .net/2u *"_ivl_259", 6 0, L_0x7f6fac18cc78;  1 drivers
v0x55ba5a44d090_0 .net *"_ivl_26", 6 0, L_0x55ba5a454500;  1 drivers
v0x55ba5a44d170_0 .net *"_ivl_261", 0 0, L_0x55ba5a46c880;  1 drivers
L_0x7f6fac18ccc0 .functor BUFT 1, C4<01>, C4<0>, C4<0>, C4<0>;
v0x55ba5a44d230_0 .net/2u *"_ivl_263", 1 0, L_0x7f6fac18ccc0;  1 drivers
v0x55ba5a44d310_0 .net *"_ivl_266", 6 0, L_0x55ba5a46cc70;  1 drivers
L_0x7f6fac18cd08 .functor BUFT 1, C4<1100111>, C4<0>, C4<0>, C4<0>;
v0x55ba5a44d3f0_0 .net/2u *"_ivl_267", 6 0, L_0x7f6fac18cd08;  1 drivers
v0x55ba5a44d4d0_0 .net *"_ivl_269", 0 0, L_0x55ba5a46cd40;  1 drivers
L_0x7f6fac18c0f0 .functor BUFT 1, C4<0100011>, C4<0>, C4<0>, C4<0>;
v0x55ba5a44d590_0 .net/2u *"_ivl_27", 6 0, L_0x7f6fac18c0f0;  1 drivers
L_0x7f6fac18cd50 .functor BUFT 1, C4<01>, C4<0>, C4<0>, C4<0>;
v0x55ba5a44d670_0 .net/2u *"_ivl_271", 1 0, L_0x7f6fac18cd50;  1 drivers
L_0x7f6fac18cd98 .functor BUFT 1, C4<00>, C4<0>, C4<0>, C4<0>;
v0x55ba5a44d750_0 .net/2u *"_ivl_273", 1 0, L_0x7f6fac18cd98;  1 drivers
v0x55ba5a44d830_0 .net *"_ivl_275", 1 0, L_0x55ba5a46d140;  1 drivers
v0x55ba5a44d910_0 .net *"_ivl_277", 1 0, L_0x55ba5a46d300;  1 drivers
v0x55ba5a44d9f0_0 .net *"_ivl_279", 1 0, L_0x55ba5a46d730;  1 drivers
v0x55ba5a44dad0_0 .net *"_ivl_281", 1 0, L_0x55ba5a46d8c0;  1 drivers
v0x55ba5a44dbb0_0 .net *"_ivl_283", 1 0, L_0x55ba5a46dd00;  1 drivers
v0x55ba5a44dc90_0 .net *"_ivl_285", 1 0, L_0x55ba5a46de90;  1 drivers
v0x55ba5a44dd70_0 .net *"_ivl_287", 1 0, L_0x55ba5a46e2e0;  1 drivers
v0x55ba5a44de50_0 .net *"_ivl_289", 1 0, L_0x55ba5a46e470;  1 drivers
v0x55ba5a44df30_0 .net *"_ivl_29", 0 0, L_0x55ba5a4545d0;  1 drivers
v0x55ba5a44dff0_0 .net *"_ivl_291", 1 0, L_0x55ba5a46e8d0;  1 drivers
v0x55ba5a44e0d0_0 .net *"_ivl_293", 1 0, L_0x55ba5a46ea60;  1 drivers
v0x55ba5a44e1b0_0 .net *"_ivl_295", 1 0, L_0x55ba5a46eed0;  1 drivers
v0x55ba5a44e290_0 .net *"_ivl_297", 1 0, L_0x55ba5a46f060;  1 drivers
v0x55ba5a44e370_0 .net/s *"_ivl_31", 63 0, L_0x55ba5a454750;  1 drivers
v0x55ba5a44e450_0 .net *"_ivl_34", 6 0, L_0x55ba5a4547f0;  1 drivers
L_0x7f6fac18c138 .functor BUFT 1, C4<0110011>, C4<0>, C4<0>, C4<0>;
v0x55ba5a44e530_0 .net/2u *"_ivl_35", 6 0, L_0x7f6fac18c138;  1 drivers
v0x55ba5a44e610_0 .net *"_ivl_37", 0 0, L_0x55ba5a454930;  1 drivers
v0x55ba5a44e6d0_0 .net *"_ivl_40", 6 0, L_0x55ba5a454a70;  1 drivers
v0x55ba5a44e7b0_0 .net *"_ivl_41", 31 0, L_0x55ba5a454b90;  1 drivers
L_0x7f6fac18c180 .functor BUFT 1, C4<0000000000000000000000000>, C4<0>, C4<0>, C4<0>;
v0x55ba5a44e890_0 .net *"_ivl_44", 24 0, L_0x7f6fac18c180;  1 drivers
L_0x7f6fac18c1c8 .functor BUFT 1, C4<00000000000000000000000000000000>, C4<0>, C4<0>, C4<0>;
v0x55ba5a44e970_0 .net/2u *"_ivl_45", 31 0, L_0x7f6fac18c1c8;  1 drivers
v0x55ba5a44ea50_0 .net *"_ivl_47", 0 0, L_0x55ba5a464d10;  1 drivers
v0x55ba5a44eb10_0 .net *"_ivl_50", 0 0, L_0x55ba5a454890;  1 drivers
v0x55ba5a44ebd0_0 .net/s *"_ivl_51", 63 0, L_0x55ba5a464fb0;  1 drivers
v0x55ba5a44ecb0_0 .net *"_ivl_54", 6 0, L_0x55ba5a465050;  1 drivers
L_0x7f6fac18c210 .functor BUFT 1, C4<0010011>, C4<0>, C4<0>, C4<0>;
v0x55ba5a44ed90_0 .net/2u *"_ivl_55", 6 0, L_0x7f6fac18c210;  1 drivers
v0x55ba5a44ee70_0 .net *"_ivl_57", 0 0, L_0x55ba5a4652a0;  1 drivers
v0x55ba5a44ef30_0 .net/s *"_ivl_59", 63 0, L_0x55ba5a465410;  1 drivers
v0x55ba5a44f010_0 .net/s *"_ivl_61", 63 0, L_0x55ba5a465200;  1 drivers
v0x55ba5a44f0f0_0 .net *"_ivl_63", 63 0, L_0x55ba5a465780;  1 drivers
v0x55ba5a44f1d0_0 .net *"_ivl_65", 63 0, L_0x55ba5a465a00;  1 drivers
v0x55ba5a44f2b0_0 .net *"_ivl_67", 63 0, L_0x55ba5a465b90;  1 drivers
v0x55ba5a44f390_0 .net *"_ivl_7", 64 0, L_0x55ba5a453cc0;  1 drivers
L_0x7f6fac18c258 .functor BUFT 1, C4<0000000000000000000000000000000000000000000000000000000000000000>, C4<0>, C4<0>, C4<0>;
v0x55ba5a44fc80_0 .net/2s *"_ivl_71", 63 0, L_0x7f6fac18c258;  1 drivers
v0x55ba5a44fd60_0 .net *"_ivl_73", 0 0, L_0x55ba5a465f80;  1 drivers
L_0x7f6fac18c2a0 .functor BUFT 1, C4<01>, C4<0>, C4<0>, C4<0>;
v0x55ba5a44fe20_0 .net/2s *"_ivl_75", 1 0, L_0x7f6fac18c2a0;  1 drivers
L_0x7f6fac18c2e8 .functor BUFT 1, C4<00>, C4<0>, C4<0>, C4<0>;
v0x55ba5a44ff00_0 .net/2s *"_ivl_77", 1 0, L_0x7f6fac18c2e8;  1 drivers
v0x55ba5a44ffe0_0 .net *"_ivl_79", 1 0, L_0x55ba5a466100;  1 drivers
L_0x7f6fac18c330 .functor BUFT 1, C4<0000000000000000000000000000000000000000000000000000000000000000>, C4<0>, C4<0>, C4<0>;
v0x55ba5a4500c0_0 .net/2s *"_ivl_83", 63 0, L_0x7f6fac18c330;  1 drivers
v0x55ba5a4501a0_0 .net *"_ivl_85", 0 0, L_0x55ba5a466470;  1 drivers
L_0x7f6fac18c378 .functor BUFT 1, C4<01>, C4<0>, C4<0>, C4<0>;
v0x55ba5a450260_0 .net/2s *"_ivl_87", 1 0, L_0x7f6fac18c378;  1 drivers
L_0x7f6fac18c3c0 .functor BUFT 1, C4<00>, C4<0>, C4<0>, C4<0>;
v0x55ba5a450340_0 .net/2s *"_ivl_89", 1 0, L_0x7f6fac18c3c0;  1 drivers
v0x55ba5a450420_0 .net *"_ivl_91", 1 0, L_0x55ba5a466560;  1 drivers
v0x55ba5a450500_0 .net *"_ivl_95", 31 0, L_0x55ba5a4668e0;  1 drivers
L_0x7f6fac18c408 .functor BUFT 1, C4<0000000000000000000000000000000>, C4<0>, C4<0>, C4<0>;
v0x55ba5a4505e0_0 .net *"_ivl_98", 30 0, L_0x7f6fac18c408;  1 drivers
L_0x7f6fac18c450 .functor BUFT 1, C4<00000000000000000000000000000001>, C4<0>, C4<0>, C4<0>;
v0x55ba5a4506c0_0 .net/2u *"_ivl_99", 31 0, L_0x7f6fac18c450;  1 drivers
v0x55ba5a4507a0_0 .net/s "a", 63 0, v0x55ba5a446160_0;  alias, 1 drivers
v0x55ba5a450860_0 .net "au", 63 0, L_0x55ba5a453aa0;  1 drivers
v0x55ba5a450940_0 .net/s "b", 63 0, L_0x55ba5a46f870;  alias, 1 drivers
v0x55ba5a450a00_0 .net "bu", 63 0, L_0x55ba5a453b10;  1 drivers
v0x55ba5a450ac0_0 .net "flag", 0 0, L_0x55ba5a46f4e0;  alias, 1 drivers
v0x55ba5a450b60_0 .net "flagBEQ", 0 0, L_0x55ba5a466290;  1 drivers
v0x55ba5a450c00_0 .net "flagBLT", 0 0, L_0x55ba5a4667f0;  1 drivers
v0x55ba5a450cc0_0 .net "flagBLTU", 0 0, L_0x55ba5a467030;  1 drivers
v0x55ba5a450d80_0 .net "is_negative", 0 0, L_0x55ba5a453b80;  1 drivers
v0x55ba5a450e40_0 .net "sinal", 31 0, L_0x55ba5a4702e0;  alias, 1 drivers
v0x55ba5a450f50_0 .net/s "soma", 63 0, L_0x55ba5a465df0;  alias, 1 drivers
v0x55ba5a451010_0 .net "soma_", 63 0, L_0x55ba5a453c20;  1 drivers
L_0x55ba5a453b80 .part L_0x55ba5a453f70, 64, 1;
L_0x55ba5a453c20 .part L_0x55ba5a453f70, 0, 64;
L_0x55ba5a453cc0 .concat [ 64 1 0 0], L_0x55ba5a453aa0, L_0x7f6fac18c018;
L_0x55ba5a453e00 .concat [ 64 1 0 0], L_0x55ba5a453b10, L_0x7f6fac18c060;
L_0x55ba5a453f70 .arith/sub 65, L_0x55ba5a453cc0, L_0x55ba5a453e00;
L_0x55ba5a454120 .part L_0x55ba5a4702e0, 0, 7;
L_0x55ba5a454290 .cmp/eq 7, L_0x55ba5a454120, L_0x7f6fac18c0a8;
L_0x55ba5a454380 .arith/sum 64, v0x55ba5a446160_0, L_0x55ba5a46f870;
L_0x55ba5a454500 .part L_0x55ba5a4702e0, 0, 7;
L_0x55ba5a4545d0 .cmp/eq 7, L_0x55ba5a454500, L_0x7f6fac18c0f0;
L_0x55ba5a454750 .arith/sum 64, v0x55ba5a446160_0, L_0x55ba5a46f870;
L_0x55ba5a4547f0 .part L_0x55ba5a4702e0, 0, 7;
L_0x55ba5a454930 .cmp/eq 7, L_0x55ba5a4547f0, L_0x7f6fac18c138;
L_0x55ba5a454a70 .part L_0x55ba5a4702e0, 25, 7;
L_0x55ba5a454b90 .concat [ 7 25 0 0], L_0x55ba5a454a70, L_0x7f6fac18c180;
L_0x55ba5a464d10 .cmp/eq 32, L_0x55ba5a454b90, L_0x7f6fac18c1c8;
L_0x55ba5a464fb0 .arith/sum 64, v0x55ba5a446160_0, L_0x55ba5a46f870;
L_0x55ba5a465050 .part L_0x55ba5a4702e0, 0, 7;
L_0x55ba5a4652a0 .cmp/eq 7, L_0x55ba5a465050, L_0x7f6fac18c210;
L_0x55ba5a465410 .arith/sum 64, v0x55ba5a446160_0, L_0x55ba5a46f870;
L_0x55ba5a465200 .arith/sub 64, v0x55ba5a446160_0, L_0x55ba5a46f870;
L_0x55ba5a465780 .functor MUXZ 64, L_0x55ba5a465200, L_0x55ba5a465410, L_0x55ba5a4652a0, C4<>;
L_0x55ba5a465a00 .functor MUXZ 64, L_0x55ba5a465780, L_0x55ba5a464fb0, L_0x55ba5a454890, C4<>;
L_0x55ba5a465b90 .functor MUXZ 64, L_0x55ba5a465a00, L_0x55ba5a454750, L_0x55ba5a4545d0, C4<>;
L_0x55ba5a465df0 .functor MUXZ 64, L_0x55ba5a465b90, L_0x55ba5a454380, L_0x55ba5a454290, C4<>;
L_0x55ba5a465f80 .cmp/eq 64, L_0x55ba5a465df0, L_0x7f6fac18c258;
L_0x55ba5a466100 .functor MUXZ 2, L_0x7f6fac18c2e8, L_0x7f6fac18c2a0, L_0x55ba5a465f80, C4<>;
L_0x55ba5a466290 .part L_0x55ba5a466100, 0, 1;
L_0x55ba5a466470 .cmp/gt.s 64, L_0x7f6fac18c330, L_0x55ba5a465df0;
L_0x55ba5a466560 .functor MUXZ 2, L_0x7f6fac18c3c0, L_0x7f6fac18c378, L_0x55ba5a466470, C4<>;
L_0x55ba5a4667f0 .part L_0x55ba5a466560, 0, 1;
L_0x55ba5a4668e0 .concat [ 1 31 0 0], L_0x55ba5a453b80, L_0x7f6fac18c408;
L_0x55ba5a466b30 .cmp/eq 32, L_0x55ba5a4668e0, L_0x7f6fac18c450;
L_0x55ba5a466d80 .functor MUXZ 2, L_0x7f6fac18c4e0, L_0x7f6fac18c498, L_0x55ba5a466b30, C4<>;
L_0x55ba5a467030 .part L_0x55ba5a466d80, 0, 1;
L_0x55ba5a467120 .part L_0x55ba5a4702e0, 0, 7;
L_0x55ba5a466e20 .cmp/eq 7, L_0x55ba5a467120, L_0x7f6fac18c528;
L_0x55ba5a467340 .part L_0x55ba5a4702e0, 0, 7;
L_0x55ba5a467520 .cmp/eq 7, L_0x55ba5a467340, L_0x7f6fac18c5b8;
L_0x55ba5a467660 .part L_0x55ba5a4702e0, 0, 7;
L_0x55ba5a467850 .cmp/eq 7, L_0x55ba5a467660, L_0x7f6fac18c648;
L_0x55ba5a467990 .part L_0x55ba5a4702e0, 0, 7;
L_0x55ba5a467b90 .cmp/eq 7, L_0x55ba5a467990, L_0x7f6fac18c6d8;
L_0x55ba5a467cd0 .part L_0x55ba5a4702e0, 0, 7;
L_0x55ba5a467ee0 .cmp/eq 7, L_0x55ba5a467cd0, L_0x7f6fac18c768;
L_0x55ba5a468050 .part L_0x55ba5a4702e0, 12, 3;
L_0x55ba5a468270 .cmp/eq 3, L_0x55ba5a468050, L_0x7f6fac18c7b0;
L_0x55ba5a4684b0 .concat [ 1 1 0 0], L_0x55ba5a466290, L_0x7f6fac18c7f8;
L_0x55ba5a468780 .part L_0x55ba5a4702e0, 0, 7;
L_0x55ba5a468820 .cmp/eq 7, L_0x55ba5a468780, L_0x7f6fac18c840;
L_0x55ba5a468b00 .part L_0x55ba5a4702e0, 12, 3;
L_0x55ba5a468ba0 .cmp/eq 3, L_0x55ba5a468b00, L_0x7f6fac18c888;
L_0x55ba5a468fd0 .reduce/nor L_0x55ba5a466290;
L_0x55ba5a469070 .concat [ 1 1 0 0], L_0x55ba5a468fd0, L_0x7f6fac18c8d0;
L_0x55ba5a469370 .part L_0x55ba5a4702e0, 0, 7;
L_0x55ba5a469620 .cmp/eq 7, L_0x55ba5a469370, L_0x7f6fac18c918;
L_0x55ba5a469960 .part L_0x55ba5a4702e0, 12, 3;
L_0x55ba5a469a00 .cmp/eq 3, L_0x55ba5a469960, L_0x7f6fac18c960;
L_0x55ba5a469ea0 .concat [ 1 1 0 0], L_0x55ba5a4667f0, L_0x7f6fac18c9a8;
L_0x55ba5a469fe0 .part L_0x55ba5a4702e0, 0, 7;
L_0x55ba5a46a270 .cmp/eq 7, L_0x55ba5a469fe0, L_0x7f6fac18c9f0;
L_0x55ba5a46a3b0 .part L_0x55ba5a4702e0, 12, 3;
L_0x55ba5a46a650 .cmp/eq 3, L_0x55ba5a46a3b0, L_0x7f6fac18ca38;
L_0x55ba5a46a8a0 .reduce/nor L_0x55ba5a4667f0;
L_0x55ba5a46ab50 .concat [ 1 1 0 0], L_0x55ba5a46a8a0, L_0x7f6fac18ca80;
L_0x55ba5a46ac90 .part L_0x55ba5a4702e0, 0, 7;
L_0x55ba5a46af50 .cmp/eq 7, L_0x55ba5a46ac90, L_0x7f6fac18cac8;
L_0x55ba5a46b0c0 .part L_0x55ba5a4702e0, 12, 3;
L_0x55ba5a46b390 .cmp/eq 3, L_0x55ba5a46b0c0, L_0x7f6fac18cb10;
L_0x55ba5a46b660 .concat [ 1 1 0 0], L_0x55ba5a467030, L_0x7f6fac18cb58;
L_0x55ba5a46b9e0 .part L_0x55ba5a4702e0, 0, 7;
L_0x55ba5a46ba80 .cmp/eq 7, L_0x55ba5a46b9e0, L_0x7f6fac18cba0;
L_0x55ba5a46be10 .part L_0x55ba5a4702e0, 12, 3;
L_0x55ba5a46beb0 .cmp/eq 3, L_0x55ba5a46be10, L_0x7f6fac18cbe8;
L_0x55ba5a46c390 .reduce/nor L_0x55ba5a467030;
L_0x55ba5a46c430 .concat [ 1 1 0 0], L_0x55ba5a46c390, L_0x7f6fac18cc30;
L_0x55ba5a46c7e0 .part L_0x55ba5a4702e0, 0, 7;
L_0x55ba5a46c880 .cmp/eq 7, L_0x55ba5a46c7e0, L_0x7f6fac18cc78;
L_0x55ba5a46cc70 .part L_0x55ba5a4702e0, 0, 7;
L_0x55ba5a46cd40 .cmp/eq 7, L_0x55ba5a46cc70, L_0x7f6fac18cd08;
L_0x55ba5a46d140 .functor MUXZ 2, L_0x7f6fac18cd98, L_0x7f6fac18cd50, L_0x55ba5a46cd40, C4<>;
L_0x55ba5a46d300 .functor MUXZ 2, L_0x55ba5a46d140, L_0x7f6fac18ccc0, L_0x55ba5a46c880, C4<>;
L_0x55ba5a46d730 .functor MUXZ 2, L_0x55ba5a46d300, L_0x55ba5a46c430, L_0x55ba5a46c280, C4<>;
L_0x55ba5a46d8c0 .functor MUXZ 2, L_0x55ba5a46d730, L_0x55ba5a46b660, L_0x55ba5a46b500, C4<>;
L_0x55ba5a46dd00 .functor MUXZ 2, L_0x55ba5a46d8c0, L_0x55ba5a46ab50, L_0x55ba5a46a790, C4<>;
L_0x55ba5a46de90 .functor MUXZ 2, L_0x55ba5a46dd00, L_0x55ba5a469ea0, L_0x55ba5a469d50, C4<>;
L_0x55ba5a46e2e0 .functor MUXZ 2, L_0x55ba5a46de90, L_0x55ba5a469070, L_0x55ba5a468ec0, C4<>;
L_0x55ba5a46e470 .functor MUXZ 2, L_0x55ba5a46e2e0, L_0x55ba5a4684b0, L_0x55ba5a454010, C4<>;
L_0x55ba5a46e8d0 .functor MUXZ 2, L_0x55ba5a46e470, L_0x7f6fac18c720, L_0x55ba5a467b90, C4<>;
L_0x55ba5a46ea60 .functor MUXZ 2, L_0x55ba5a46e8d0, L_0x7f6fac18c690, L_0x55ba5a467850, C4<>;
L_0x55ba5a46eed0 .functor MUXZ 2, L_0x55ba5a46ea60, L_0x7f6fac18c600, L_0x55ba5a467520, C4<>;
L_0x55ba5a46f060 .functor MUXZ 2, L_0x55ba5a46eed0, L_0x7f6fac18c570, L_0x55ba5a466e20, C4<>;
L_0x55ba5a46f4e0 .part L_0x55ba5a46f060, 0, 1;
S_0x55ba5a451170 .scope module, "uvv" "Mux2" 2 66, 3 380 0, S_0x55ba5a3f5e20;
 .timescale 0 0;
    .port_info 0 /INPUT 64 "dout";
    .port_info 1 /INPUT 64 "soma";
    .port_info 2 /INPUT 32 "PC_four";
    .port_info 3 /INPUT 32 "PC_imm";
    .port_info 4 /INPUT 2 "sinalMux";
    .port_info 5 /OUTPUT 64 "S2";
v0x55ba5a451430_0 .net/s "PC_four", 31 0, L_0x55ba5a477b90;  alias, 1 drivers
v0x55ba5a451560_0 .net/s "PC_imm", 31 0, L_0x55ba5a478090;  alias, 1 drivers
v0x55ba5a451670_0 .net/s "S2", 63 0, L_0x55ba5a4700b0;  alias, 1 drivers
L_0x7f6fac18ce28 .functor BUFT 1, C4<00>, C4<0>, C4<0>, C4<0>;
v0x55ba5a451710_0 .net/2u *"_ivl_0", 1 0, L_0x7f6fac18ce28;  1 drivers
v0x55ba5a4517d0_0 .net *"_ivl_10", 0 0, L_0x55ba5a46fb40;  1 drivers
v0x55ba5a4518e0_0 .net/s *"_ivl_12", 63 0, L_0x55ba5a46fbe0;  1 drivers
v0x55ba5a4519c0_0 .net/s *"_ivl_14", 63 0, L_0x55ba5a46fd10;  1 drivers
v0x55ba5a451aa0_0 .net *"_ivl_16", 63 0, L_0x55ba5a46fe40;  1 drivers
v0x55ba5a451b80_0 .net *"_ivl_18", 63 0, L_0x55ba5a46ff70;  1 drivers
v0x55ba5a451c60_0 .net *"_ivl_2", 0 0, L_0x55ba5a46f960;  1 drivers
L_0x7f6fac18ce70 .functor BUFT 1, C4<01>, C4<0>, C4<0>, C4<0>;
v0x55ba5a451d20_0 .net/2u *"_ivl_4", 1 0, L_0x7f6fac18ce70;  1 drivers
v0x55ba5a451e00_0 .net *"_ivl_6", 0 0, L_0x55ba5a46fa50;  1 drivers
L_0x7f6fac18ceb8 .functor BUFT 1, C4<10>, C4<0>, C4<0>, C4<0>;
v0x55ba5a451ec0_0 .net/2u *"_ivl_8", 1 0, L_0x7f6fac18ceb8;  1 drivers
v0x55ba5a451fa0_0 .net/s "dout", 63 0, L_0x55ba5a46f670;  alias, 1 drivers
v0x55ba5a452060_0 .net "sinalMux", 1 0, v0x55ba5a453500_0;  1 drivers
v0x55ba5a452120_0 .net/s "soma", 63 0, L_0x55ba5a465df0;  alias, 1 drivers
L_0x55ba5a46f960 .cmp/eq 2, v0x55ba5a453500_0, L_0x7f6fac18ce28;
L_0x55ba5a46fa50 .cmp/eq 2, v0x55ba5a453500_0, L_0x7f6fac18ce70;
L_0x55ba5a46fb40 .cmp/eq 2, v0x55ba5a453500_0, L_0x7f6fac18ceb8;
L_0x55ba5a46fbe0 .extend/s 64, L_0x55ba5a477b90;
L_0x55ba5a46fd10 .extend/s 64, L_0x55ba5a478090;
L_0x55ba5a46fe40 .functor MUXZ 64, L_0x55ba5a46fd10, L_0x55ba5a46fbe0, L_0x55ba5a46fb40, C4<>;
L_0x55ba5a46ff70 .functor MUXZ 64, L_0x55ba5a46fe40, L_0x55ba5a465df0, L_0x55ba5a46fa50, C4<>;
L_0x55ba5a4700b0 .functor MUXZ 64, L_0x55ba5a46ff70, L_0x55ba5a46f670, L_0x55ba5a46f960, C4<>;
    .scope S_0x55ba5a4458f0;
T_0 ;
    %pushi/vec4 1, 0, 64;
    %ix/load 4, 0, 0;
    %flag_set/imm 4, 0;
    %store/vec4a v0x55ba5a4462e0, 4, 0;
    %pushi/vec4 1, 0, 64;
    %ix/load 4, 1, 0;
    %flag_set/imm 4, 0;
    %store/vec4a v0x55ba5a4462e0, 4, 0;
    %pushi/vec4 1, 0, 64;
    %ix/load 4, 2, 0;
    %flag_set/imm 4, 0;
    %store/vec4a v0x55ba5a4462e0, 4, 0;
    %pushi/vec4 0, 0, 64;
    %ix/load 4, 3, 0;
    %flag_set/imm 4, 0;
    %store/vec4a v0x55ba5a4462e0, 4, 0;
    %pushi/vec4 4294967295, 0, 32;
    %concati/vec4 4294967295, 0, 32;
    %ix/load 4, 4, 0;
    %flag_set/imm 4, 0;
    %store/vec4a v0x55ba5a4462e0, 4, 0;
    %pushi/vec4 1, 0, 64;
    %ix/load 4, 5, 0;
    %flag_set/imm 4, 0;
    %store/vec4a v0x55ba5a4462e0, 4, 0;
    %pushi/vec4 62, 0, 64;
    %ix/load 4, 8, 0;
    %flag_set/imm 4, 0;
    %store/vec4a v0x55ba5a4462e0, 4, 0;
    %end;
    .thread T_0;
    .scope S_0x55ba5a4458f0;
T_1 ;
    %wait E_0x55ba5a392a40;
    %load/vec4 v0x55ba5a4467a0_0;
    %flag_set/vec4 8;
    %jmp/0xz  T_1.0, 8;
    %load/vec4 v0x55ba5a446070_0;
    %load/vec4 v0x55ba5a445e80_0;
    %pad/u 7;
    %ix/vec4 3;
    %ix/load 4, 0, 0; Constant delay
    %assign/vec4/a/d v0x55ba5a4462e0, 0, 4;
T_1.0 ;
    %load/vec4 v0x55ba5a445cf0_0;
    %pad/u 7;
    %ix/vec4 4;
    %load/vec4a v0x55ba5a4462e0, 4;
    %assign/vec4 v0x55ba5a446160_0, 0;
    %load/vec4 v0x55ba5a445db0_0;
    %pad/u 7;
    %ix/vec4 4;
    %load/vec4a v0x55ba5a4462e0, 4;
    %assign/vec4 v0x55ba5a446220_0, 0;
    %jmp T_1;
    .thread T_1;
    .scope S_0x55ba5a4458f0;
T_2 ;
    %wait E_0x55ba5a445c90;
    %vpi_call 3 323 "$display", "Conte\303\272do do x7 no banco de registradores: %d", &A<v0x55ba5a4462e0, 7> {0 0 0};
    %jmp T_2;
    .thread T_2, $push;
    .scope S_0x55ba5a4458f0;
T_3 ;
    %wait E_0x55ba5a445bf0;
    %vpi_call 3 329 "$display", "Conte\303\272do do x9 no banco de registradores: %d", &A<v0x55ba5a4462e0, 9> {0 0 0};
    %jmp T_3;
    .thread T_3, $push;
    .scope S_0x55ba5a4458f0;
T_4 ;
    %wait E_0x55ba5a445b90;
    %vpi_call 3 335 "$display", "Conte\303\272do do x10 no banco de registradores: %d", &A<v0x55ba5a4462e0, 10> {0 0 0};
    %jmp T_4;
    .thread T_4, $push;
    .scope S_0x55ba5a4458f0;
T_5 ;
    %wait E_0x55ba5a445b00;
    %vpi_call 3 341 "$display", "Conte\303\272do do x11 no banco de registradores: %d", &A<v0x55ba5a4462e0, 11> {0 0 0};
    %jmp T_5;
    .thread T_5, $push;
    .scope S_0x55ba5a4458f0;
T_6 ;
    %wait E_0x55ba5a426ea0;
    %vpi_call 3 347 "$display", "Conte\303\272do do x12 no banco de registradores: %d", &A<v0x55ba5a4462e0, 12> {0 0 0};
    %jmp T_6;
    .thread T_6, $push;
    .scope S_0x55ba5a4458f0;
T_7 ;
    %wait E_0x55ba5a426bd0;
    %vpi_call 3 353 "$display", "Conte\303\272do do x13 no banco de registradores: %d", &A<v0x55ba5a4462e0, 13> {0 0 0};
    %jmp T_7;
    .thread T_7, $push;
    .scope S_0x55ba5a4458f0;
T_8 ;
    %wait E_0x55ba5a3c5030;
    %vpi_call 3 359 "$display", "Conte\303\272do do x14 no banco de registradores: %d", &A<v0x55ba5a4462e0, 14> {0 0 0};
    %jmp T_8;
    .thread T_8, $push;
    .scope S_0x55ba5a4469f0;
T_9 ;
    %pushi/vec4 45, 0, 64;
    %ix/load 4, 0, 0;
    %flag_set/imm 4, 0;
    %store/vec4a v0x55ba5a447070, 4, 0;
    %pushi/vec4 11, 0, 64;
    %ix/load 4, 1, 0;
    %flag_set/imm 4, 0;
    %store/vec4a v0x55ba5a447070, 4, 0;
    %pushi/vec4 14, 0, 64;
    %ix/load 4, 3, 0;
    %flag_set/imm 4, 0;
    %store/vec4a v0x55ba5a447070, 4, 0;
    %end;
    .thread T_9;
    .scope S_0x55ba5a4469f0;
T_10 ;
    %wait E_0x55ba5a446c70;
    %load/vec4 v0x55ba5a446eb0_0;
    %ix/getv 3, v0x55ba5a446dd0_0;
    %ix/load 4, 0, 0; Constant delay
    %assign/vec4/a/d v0x55ba5a447070, 0, 4;
    %jmp T_10;
    .thread T_10;
    .scope S_0x55ba5a4469f0;
T_11 ;
    %wait E_0x55ba5a446bf0;
    %vpi_call 3 112 "$display", "Conte\303\272do registrador 13 da mem\303\263ria: %d", &A<v0x55ba5a447070, 13> {0 0 0};
    %jmp T_11;
    .thread T_11, $push;
    .scope S_0x55ba5a443f80;
T_12 ;
    %pushi/vec4 1114723, 0, 32;
    %ix/load 4, 0, 0;
    %flag_set/imm 4, 0;
    %store/vec4a v0x55ba5a4450d0, 4, 0;
    %pushi/vec4 1163875, 0, 32;
    %ix/load 4, 1, 0;
    %flag_set/imm 4, 0;
    %store/vec4a v0x55ba5a4450d0, 4, 0;
    %pushi/vec4 4262567907, 0, 32;
    %ix/load 4, 2, 0;
    %flag_set/imm 4, 0;
    %store/vec4a v0x55ba5a4450d0, 4, 0;
    %pushi/vec4 4262584291, 0, 32;
    %ix/load 4, 3, 0;
    %flag_set/imm 4, 0;
    %store/vec4a v0x55ba5a4450d0, 4, 0;
    %pushi/vec4 2151866979, 0, 32;
    %ix/load 4, 4, 0;
    %flag_set/imm 4, 0;
    %store/vec4a v0x55ba5a4450d0, 4, 0;
    %pushi/vec4 4387427, 0, 32;
    %ix/load 4, 6, 0;
    %flag_set/imm 4, 0;
    %store/vec4a v0x55ba5a4450d0, 4, 0;
    %pushi/vec4 3253123, 0, 32;
    %ix/load 4, 7, 0;
    %flag_set/imm 4, 0;
    %store/vec4a v0x55ba5a4450d0, 4, 0;
    %pushi/vec4 4270043043, 0, 32;
    %ix/load 4, 8, 0;
    %flag_set/imm 4, 0;
    %store/vec4a v0x55ba5a4450d0, 4, 0;
    %pushi/vec4 8422579, 0, 32;
    %ix/load 4, 9, 0;
    %flag_set/imm 4, 0;
    %store/vec4a v0x55ba5a4450d0, 4, 0;
    %pushi/vec4 1075053875, 0, 32;
    %ix/load 4, 10, 0;
    %flag_set/imm 4, 0;
    %store/vec4a v0x55ba5a4450d0, 4, 0;
    %pushi/vec4 3179923, 0, 32;
    %ix/load 4, 11, 0;
    %flag_set/imm 4, 0;
    %store/vec4a v0x55ba5a4450d0, 4, 0;
    %pushi/vec4 5655, 0, 32;
    %ix/load 4, 12, 0;
    %flag_set/imm 4, 0;
    %store/vec4a v0x55ba5a4450d0, 4, 0;
    %pushi/vec4 8390383, 0, 32;
    %ix/load 4, 13, 0;
    %flag_set/imm 4, 0;
    %store/vec4a v0x55ba5a4450d0, 4, 0;
    %pushi/vec4 3376999, 0, 32;
    %ix/load 4, 15, 0;
    %flag_set/imm 4, 0;
    %store/vec4a v0x55ba5a4450d0, 4, 0;
    %end;
    .thread T_12;
    .scope S_0x55ba5a443920;
T_13 ;
    %pushi/vec4 0, 0, 32;
    %assign/vec4 v0x55ba5a443d40_0, 0;
    %end;
    .thread T_13;
    .scope S_0x55ba5a443920;
T_14 ;
    %wait E_0x55ba5a392a40;
    %load/vec4 v0x55ba5a443e60_0;
    %flag_set/vec4 8;
    %jmp/0xz  T_14.0, 8;
    %load/vec4 v0x55ba5a443c70_0;
    %parti/s 6, 2, 3;
    %pad/u 32;
    %assign/vec4 v0x55ba5a443d40_0, 0;
T_14.0 ;
    %jmp T_14;
    .thread T_14;
    .scope S_0x55ba5a440c60;
T_15 ;
    %wait E_0x55ba5a392a40;
    %load/vec4 v0x55ba5a441130_0;
    %flag_set/vec4 8;
    %jmp/0xz  T_15.0, 8;
    %load/vec4 v0x55ba5a440ef0_0;
    %assign/vec4 v0x55ba5a440fd0_0, 0;
T_15.0 ;
    %jmp T_15;
    .thread T_15;
    .scope S_0x55ba5a3f5e20;
T_16 ;
    %vpi_call 2 135 "$dumpfile", "testbench.vcd" {0 0 0};
    %end;
    .thread T_16;
    .scope S_0x55ba5a3f5e20;
T_17 ;
    %vpi_call 2 136 "$dumpvars", 32'sb00000000000000000000000000000000, S_0x55ba5a3f5e20 {0 0 0};
    %end;
    .thread T_17;
    .scope S_0x55ba5a3f5e20;
T_18 ;
    %pushi/vec4 1, 0, 1;
    %store/vec4 v0x55ba5a453460_0, 0, 1;
    %pushi/vec4 0, 0, 1;
    %store/vec4 v0x55ba5a4535a0_0, 0, 1;
    %pushi/vec4 0, 0, 1;
    %store/vec4 v0x55ba5a452ca0_0, 0, 1;
    %pushi/vec4 0, 0, 2;
    %store/vec4 v0x55ba5a453500_0, 0, 2;
    %pushi/vec4 1, 0, 1;
    %store/vec4 v0x55ba5a453780_0, 0, 1;
    %pushi/vec4 0, 0, 1;
    %store/vec4 v0x55ba5a4538c0_0, 0, 1;
    %pushi/vec4 1, 0, 1;
    %store/vec4 v0x55ba5a453820_0, 0, 1;
    %pushi/vec4 0, 0, 1;
    %store/vec4 v0x55ba5a453a00_0, 0, 1;
    %pushi/vec4 0, 0, 1;
    %store/vec4 v0x55ba5a453960_0, 0, 1;
    %delay 10, 0;
    %delay 10, 0;
    %vpi_call 2 160 "$display", "Flag BEQ entre x1 e x2: %d", v0x55ba5a4530e0_0 {0 0 0};
    %pushi/vec4 1, 0, 1;
    %store/vec4 v0x55ba5a453960_0, 0, 1;
    %pushi/vec4 0, 0, 1;
    %store/vec4 v0x55ba5a453820_0, 0, 1;
    %pushi/vec4 0, 0, 1;
    %store/vec4 v0x55ba5a4535a0_0, 0, 1;
    %pushi/vec4 1, 0, 1;
    %store/vec4 v0x55ba5a453780_0, 0, 1;
    %pushi/vec4 1, 0, 1;
    %store/vec4 v0x55ba5a453460_0, 0, 1;
    %pushi/vec4 0, 0, 2;
    %store/vec4 v0x55ba5a453500_0, 0, 2;
    %pushi/vec4 0, 0, 1;
    %store/vec4 v0x55ba5a4538c0_0, 0, 1;
    %pushi/vec4 0, 0, 1;
    %store/vec4 v0x55ba5a453a00_0, 0, 1;
    %delay 10, 0;
    %delay 10, 0;
    %pushi/vec4 0, 0, 1;
    %store/vec4 v0x55ba5a453960_0, 0, 1;
    %delay 10, 0;
    %delay 10, 0;
    %vpi_call 2 180 "$display", "Flag BNE entre x1 e x3: %d", v0x55ba5a4530e0_0 {0 0 0};
    %pushi/vec4 1, 0, 1;
    %store/vec4 v0x55ba5a453960_0, 0, 1;
    %pushi/vec4 0, 0, 1;
    %store/vec4 v0x55ba5a453820_0, 0, 1;
    %pushi/vec4 0, 0, 1;
    %store/vec4 v0x55ba5a4535a0_0, 0, 1;
    %pushi/vec4 1, 0, 1;
    %store/vec4 v0x55ba5a453780_0, 0, 1;
    %pushi/vec4 1, 0, 1;
    %store/vec4 v0x55ba5a453460_0, 0, 1;
    %pushi/vec4 0, 0, 2;
    %store/vec4 v0x55ba5a453500_0, 0, 2;
    %pushi/vec4 0, 0, 1;
    %store/vec4 v0x55ba5a4538c0_0, 0, 1;
    %pushi/vec4 0, 0, 1;
    %store/vec4 v0x55ba5a453a00_0, 0, 1;
    %delay 10, 0;
    %delay 10, 0;
    %pushi/vec4 0, 0, 1;
    %store/vec4 v0x55ba5a453960_0, 0, 1;
    %delay 10, 0;
    %delay 10, 0;
    %vpi_call 2 198 "$display", "Flag BLT entre x1 e x3: %d", v0x55ba5a4530e0_0 {0 0 0};
    %pushi/vec4 1, 0, 1;
    %store/vec4 v0x55ba5a453960_0, 0, 1;
    %pushi/vec4 0, 0, 1;
    %store/vec4 v0x55ba5a453820_0, 0, 1;
    %pushi/vec4 0, 0, 1;
    %store/vec4 v0x55ba5a4535a0_0, 0, 1;
    %pushi/vec4 1, 0, 1;
    %store/vec4 v0x55ba5a453780_0, 0, 1;
    %pushi/vec4 1, 0, 1;
    %store/vec4 v0x55ba5a453460_0, 0, 1;
    %pushi/vec4 0, 0, 2;
    %store/vec4 v0x55ba5a453500_0, 0, 2;
    %pushi/vec4 0, 0, 1;
    %store/vec4 v0x55ba5a4538c0_0, 0, 1;
    %pushi/vec4 0, 0, 1;
    %store/vec4 v0x55ba5a453a00_0, 0, 1;
    %delay 10, 0;
    %delay 10, 0;
    %pushi/vec4 0, 0, 1;
    %store/vec4 v0x55ba5a453960_0, 0, 1;
    %delay 10, 0;
    %delay 10, 0;
    %vpi_call 2 216 "$display", "Flag BGE entre x1 e x3: %d", v0x55ba5a4530e0_0 {0 0 0};
    %pushi/vec4 1, 0, 1;
    %store/vec4 v0x55ba5a453960_0, 0, 1;
    %pushi/vec4 0, 0, 1;
    %store/vec4 v0x55ba5a453820_0, 0, 1;
    %pushi/vec4 0, 0, 1;
    %store/vec4 v0x55ba5a4535a0_0, 0, 1;
    %pushi/vec4 1, 0, 1;
    %store/vec4 v0x55ba5a453780_0, 0, 1;
    %pushi/vec4 1, 0, 1;
    %store/vec4 v0x55ba5a453460_0, 0, 1;
    %pushi/vec4 0, 0, 2;
    %store/vec4 v0x55ba5a453500_0, 0, 2;
    %pushi/vec4 0, 0, 1;
    %store/vec4 v0x55ba5a4538c0_0, 0, 1;
    %pushi/vec4 0, 0, 1;
    %store/vec4 v0x55ba5a453a00_0, 0, 1;
    %delay 10, 0;
    %delay 10, 0;
    %pushi/vec4 0, 0, 1;
    %store/vec4 v0x55ba5a453960_0, 0, 1;
    %delay 10, 0;
    %delay 10, 0;
    %vpi_call 2 234 "$display", "Flag BLTU entre x5 e x4: %d", v0x55ba5a4530e0_0 {0 0 0};
    %delay 10, 0;
    %pushi/vec4 1, 0, 1;
    %store/vec4 v0x55ba5a453960_0, 0, 1;
    %pushi/vec4 0, 0, 1;
    %store/vec4 v0x55ba5a453820_0, 0, 1;
    %pushi/vec4 0, 0, 1;
    %store/vec4 v0x55ba5a4535a0_0, 0, 1;
    %pushi/vec4 1, 0, 1;
    %store/vec4 v0x55ba5a453780_0, 0, 1;
    %pushi/vec4 1, 0, 1;
    %store/vec4 v0x55ba5a453460_0, 0, 1;
    %pushi/vec4 0, 0, 2;
    %store/vec4 v0x55ba5a453500_0, 0, 2;
    %pushi/vec4 0, 0, 1;
    %store/vec4 v0x55ba5a4538c0_0, 0, 1;
    %pushi/vec4 0, 0, 1;
    %store/vec4 v0x55ba5a453a00_0, 0, 1;
    %delay 10, 0;
    %delay 10, 0;
    %pushi/vec4 0, 0, 1;
    %store/vec4 v0x55ba5a453960_0, 0, 1;
    %delay 10, 0;
    %delay 10, 0;
    %vpi_call 2 253 "$display", "Flag BGEU entre x5 e x4: %d", v0x55ba5a4530e0_0 {0 0 0};
    %delay 10, 0;
    %pushi/vec4 1, 0, 1;
    %store/vec4 v0x55ba5a453960_0, 0, 1;
    %pushi/vec4 0, 0, 1;
    %store/vec4 v0x55ba5a453820_0, 0, 1;
    %pushi/vec4 1, 0, 1;
    %store/vec4 v0x55ba5a453780_0, 0, 1;
    %pushi/vec4 0, 0, 1;
    %store/vec4 v0x55ba5a453460_0, 0, 1;
    %pushi/vec4 0, 0, 2;
    %store/vec4 v0x55ba5a453500_0, 0, 2;
    %pushi/vec4 0, 0, 1;
    %store/vec4 v0x55ba5a4538c0_0, 0, 1;
    %delay 10, 0;
    %delay 10, 0;
    %pushi/vec4 0, 0, 1;
    %store/vec4 v0x55ba5a453960_0, 0, 1;
    %pushi/vec4 1, 0, 1;
    %store/vec4 v0x55ba5a453a00_0, 0, 1;
    %delay 10, 0;
    %delay 10, 0;
    %vpi_call 2 271 "$display", "Flag do LOAD: %d", v0x55ba5a4530e0_0 {0 0 0};
    %delay 10, 0;
    %delay 10, 0;
    %delay 10, 0;
    %pushi/vec4 1, 0, 1;
    %store/vec4 v0x55ba5a453960_0, 0, 1;
    %delay 10, 0;
    %delay 10, 0;
    %pushi/vec4 0, 0, 1;
    %store/vec4 v0x55ba5a453960_0, 0, 1;
    %delay 10, 0;
    %delay 10, 0;
    %pushi/vec4 0, 0, 1;
    %store/vec4 v0x55ba5a453820_0, 0, 1;
    %pushi/vec4 1, 0, 1;
    %store/vec4 v0x55ba5a453780_0, 0, 1;
    %pushi/vec4 0, 0, 1;
    %store/vec4 v0x55ba5a453460_0, 0, 1;
    %pushi/vec4 0, 0, 2;
    %store/vec4 v0x55ba5a453500_0, 0, 2;
    %pushi/vec4 1, 0, 1;
    %store/vec4 v0x55ba5a4538c0_0, 0, 1;
    %pushi/vec4 0, 0, 1;
    %store/vec4 v0x55ba5a453a00_0, 0, 1;
    %vpi_call 2 290 "$display", "Flag do STORE: %d", v0x55ba5a4530e0_0 {0 0 0};
    %delay 10, 0;
    %delay 10, 0;
    %pushi/vec4 0, 0, 1;
    %store/vec4 v0x55ba5a453960_0, 0, 1;
    %delay 10, 0;
    %delay 10, 0;
    %pushi/vec4 1, 0, 1;
    %store/vec4 v0x55ba5a453960_0, 0, 1;
    %pushi/vec4 0, 0, 1;
    %store/vec4 v0x55ba5a453820_0, 0, 1;
    %pushi/vec4 1, 0, 1;
    %store/vec4 v0x55ba5a453780_0, 0, 1;
    %pushi/vec4 1, 0, 1;
    %store/vec4 v0x55ba5a453460_0, 0, 1;
    %pushi/vec4 1, 0, 2;
    %store/vec4 v0x55ba5a453500_0, 0, 2;
    %pushi/vec4 0, 0, 1;
    %store/vec4 v0x55ba5a4538c0_0, 0, 1;
    %delay 10, 0;
    %delay 10, 0;
    %pushi/vec4 0, 0, 1;
    %store/vec4 v0x55ba5a453960_0, 0, 1;
    %delay 10, 0;
    %pushi/vec4 1, 0, 1;
    %store/vec4 v0x55ba5a453a00_0, 0, 1;
    %delay 10, 0;
    %vpi_call 2 312 "$display", "Flag do ADD: %d", v0x55ba5a4530e0_0 {0 0 0};
    %delay 10, 0;
    %pushi/vec4 0, 0, 1;
    %store/vec4 v0x55ba5a453a00_0, 0, 1;
    %delay 10, 0;
    %delay 10, 0;
    %pushi/vec4 1, 0, 1;
    %store/vec4 v0x55ba5a453960_0, 0, 1;
    %delay 10, 0;
    %delay 10, 0;
    %pushi/vec4 0, 0, 1;
    %store/vec4 v0x55ba5a453820_0, 0, 1;
    %pushi/vec4 1, 0, 1;
    %store/vec4 v0x55ba5a453780_0, 0, 1;
    %pushi/vec4 1, 0, 1;
    %store/vec4 v0x55ba5a453460_0, 0, 1;
    %pushi/vec4 1, 0, 2;
    %store/vec4 v0x55ba5a453500_0, 0, 2;
    %pushi/vec4 0, 0, 1;
    %store/vec4 v0x55ba5a4538c0_0, 0, 1;
    %delay 10, 0;
    %vpi_call 2 328 "$display", "Flag do SUB: %d", v0x55ba5a4530e0_0 {0 0 0};
    %pushi/vec4 0, 0, 1;
    %store/vec4 v0x55ba5a453960_0, 0, 1;
    %delay 10, 0;
    %pushi/vec4 1, 0, 1;
    %store/vec4 v0x55ba5a453a00_0, 0, 1;
    %delay 10, 0;
    %pushi/vec4 1, 0, 1;
    %store/vec4 v0x55ba5a453960_0, 0, 1;
    %delay 10, 0;
    %delay 10, 0;
    %pushi/vec4 0, 0, 1;
    %store/vec4 v0x55ba5a453960_0, 0, 1;
    %pushi/vec4 0, 0, 1;
    %store/vec4 v0x55ba5a453a00_0, 0, 1;
    %pushi/vec4 0, 0, 1;
    %store/vec4 v0x55ba5a453820_0, 0, 1;
    %pushi/vec4 1, 0, 1;
    %store/vec4 v0x55ba5a453780_0, 0, 1;
    %pushi/vec4 0, 0, 1;
    %store/vec4 v0x55ba5a453460_0, 0, 1;
    %pushi/vec4 1, 0, 2;
    %store/vec4 v0x55ba5a453500_0, 0, 2;
    %pushi/vec4 0, 0, 1;
    %store/vec4 v0x55ba5a4538c0_0, 0, 1;
    %vpi_call 2 346 "$display", "Flag do ADDI: %d", v0x55ba5a4530e0_0 {0 0 0};
    %delay 10, 0;
    %delay 10, 0;
    %pushi/vec4 0, 0, 1;
    %store/vec4 v0x55ba5a453960_0, 0, 1;
    %delay 10, 0;
    %pushi/vec4 1, 0, 1;
    %store/vec4 v0x55ba5a453a00_0, 0, 1;
    %delay 10, 0;
    %pushi/vec4 1, 0, 1;
    %store/vec4 v0x55ba5a453960_0, 0, 1;
    %delay 10, 0;
    %pushi/vec4 0, 0, 1;
    %store/vec4 v0x55ba5a453960_0, 0, 1;
    %pushi/vec4 0, 0, 1;
    %store/vec4 v0x55ba5a453a00_0, 0, 1;
    %pushi/vec4 0, 0, 1;
    %store/vec4 v0x55ba5a453820_0, 0, 1;
    %pushi/vec4 1, 0, 1;
    %store/vec4 v0x55ba5a453780_0, 0, 1;
    %pushi/vec4 0, 0, 1;
    %store/vec4 v0x55ba5a453460_0, 0, 1;
    %pushi/vec4 3, 0, 2;
    %store/vec4 v0x55ba5a453500_0, 0, 2;
    %pushi/vec4 0, 0, 1;
    %store/vec4 v0x55ba5a4538c0_0, 0, 1;
    %vpi_call 2 365 "$display", "Flag do AUIPC: %d", v0x55ba5a4530e0_0 {0 0 0};
    %delay 10, 0;
    %delay 10, 0;
    %pushi/vec4 0, 0, 1;
    %store/vec4 v0x55ba5a453960_0, 0, 1;
    %delay 10, 0;
    %pushi/vec4 1, 0, 1;
    %store/vec4 v0x55ba5a453a00_0, 0, 1;
    %delay 10, 0;
    %pushi/vec4 1, 0, 1;
    %store/vec4 v0x55ba5a453960_0, 0, 1;
    %delay 10, 0;
    %delay 10, 0;
    %pushi/vec4 0, 0, 1;
    %store/vec4 v0x55ba5a453960_0, 0, 1;
    %pushi/vec4 0, 0, 1;
    %store/vec4 v0x55ba5a453a00_0, 0, 1;
    %pushi/vec4 0, 0, 1;
    %store/vec4 v0x55ba5a453820_0, 0, 1;
    %pushi/vec4 1, 0, 1;
    %store/vec4 v0x55ba5a453780_0, 0, 1;
    %pushi/vec4 0, 0, 1;
    %store/vec4 v0x55ba5a453460_0, 0, 1;
    %pushi/vec4 2, 0, 2;
    %store/vec4 v0x55ba5a453500_0, 0, 2;
    %pushi/vec4 0, 0, 1;
    %store/vec4 v0x55ba5a4535a0_0, 0, 1;
    %pushi/vec4 0, 0, 1;
    %store/vec4 v0x55ba5a4538c0_0, 0, 1;
    %vpi_call 2 386 "$display", "Flag do JAL: %d", v0x55ba5a4530e0_0 {0 0 0};
    %delay 10, 0;
    %delay 10, 0;
    %pushi/vec4 0, 0, 1;
    %store/vec4 v0x55ba5a453960_0, 0, 1;
    %delay 10, 0;
    %pushi/vec4 1, 0, 1;
    %store/vec4 v0x55ba5a453a00_0, 0, 1;
    %delay 10, 0;
    %pushi/vec4 1, 0, 1;
    %store/vec4 v0x55ba5a453960_0, 0, 1;
    %delay 10, 0;
    %delay 10, 0;
    %pushi/vec4 0, 0, 1;
    %store/vec4 v0x55ba5a453960_0, 0, 1;
    %pushi/vec4 0, 0, 1;
    %store/vec4 v0x55ba5a453a00_0, 0, 1;
    %pushi/vec4 0, 0, 1;
    %store/vec4 v0x55ba5a453820_0, 0, 1;
    %pushi/vec4 1, 0, 1;
    %store/vec4 v0x55ba5a453780_0, 0, 1;
    %pushi/vec4 0, 0, 1;
    %store/vec4 v0x55ba5a453460_0, 0, 1;
    %pushi/vec4 2, 0, 2;
    %store/vec4 v0x55ba5a453500_0, 0, 2;
    %pushi/vec4 1, 0, 1;
    %store/vec4 v0x55ba5a4535a0_0, 0, 1;
    %pushi/vec4 0, 0, 1;
    %store/vec4 v0x55ba5a4538c0_0, 0, 1;
    %vpi_call 2 408 "$display", "Flag do JALR: %d", v0x55ba5a4530e0_0 {0 0 0};
    %delay 10, 0;
    %pushi/vec4 0, 0, 1;
    %store/vec4 v0x55ba5a453960_0, 0, 1;
    %delay 10, 0;
    %pushi/vec4 1, 0, 1;
    %store/vec4 v0x55ba5a453a00_0, 0, 1;
    %delay 10, 0;
    %delay 10, 0;
    %vpi_call 2 417 "$finish" {0 0 0};
    %end;
    .thread T_18;
    .scope S_0x55ba5a3f5e20;
T_19 ;
    %delay 10, 0;
    %load/vec4 v0x55ba5a452ca0_0;
    %inv;
    %store/vec4 v0x55ba5a452ca0_0, 0, 1;
    %jmp T_19;
    .thread T_19;
# The file index is used to find the file name in the following table.
:file_names 4;
    "N/A";
    "<interactive>";
    "testbench.v";
    "Dataflow.v";
