#! /usr/bin/vvp
:ivl_version "10.3 (stable)";
:ivl_delay_selection "TYPICAL";
:vpi_time_precision - 9;
:vpi_module "system";
:vpi_module "vhdl_sys";
:vpi_module "v2005_math";
:vpi_module "va_math";
S_0x55fb96d38920 .scope module, "ALUControl" "ALUControl" 2 194;
 .timescale 0 0;
    .port_info 0 /INPUT 4 "alu_cmd"
    .port_info 1 /INPUT 1 "funct7"
    .port_info 2 /INPUT 3 "funct3"
    .port_info 3 /OUTPUT 4 "control"
L_0x55fb96d9b480 .functor AND 1, L_0x55fb96d9b210, L_0x55fb96d9b3b0, C4<1>, C4<1>;
L_0x55fb96d9ba40 .functor AND 1, L_0x55fb96d9b590, L_0x55fb96d9b8c0, C4<1>, C4<1>;
L_0x7f0b1f0b6018 .functor BUFT 1, C4<0000>, C4<0>, C4<0>, C4<0>;
v0x55fb96d37b30_0 .net/2u *"_s0", 3 0, L_0x7f0b1f0b6018;  1 drivers
v0x55fb96d46460_0 .net *"_s10", 0 0, L_0x55fb96d9b480;  1 drivers
L_0x7f0b1f0b60a8 .functor BUFT 1, C4<0010>, C4<0>, C4<0>, C4<0>;
v0x55fb96d82e60_0 .net/2u *"_s12", 3 0, L_0x7f0b1f0b60a8;  1 drivers
L_0x7f0b1f0b60f0 .functor BUFT 1, C4<0000>, C4<0>, C4<0>, C4<0>;
v0x55fb96d82f20_0 .net/2u *"_s14", 3 0, L_0x7f0b1f0b60f0;  1 drivers
v0x55fb96d83000_0 .net *"_s16", 0 0, L_0x55fb96d9b590;  1 drivers
v0x55fb96d830c0_0 .net *"_s18", 3 0, L_0x55fb96d9b730;  1 drivers
v0x55fb96d831a0_0 .net *"_s2", 0 0, L_0x55fb96d9b210;  1 drivers
L_0x7f0b1f0b6138 .functor BUFT 1, C4<0110>, C4<0>, C4<0>, C4<0>;
v0x55fb96d83260_0 .net/2u *"_s20", 3 0, L_0x7f0b1f0b6138;  1 drivers
v0x55fb96d83340_0 .net *"_s22", 0 0, L_0x55fb96d9b8c0;  1 drivers
v0x55fb96d83400_0 .net *"_s24", 0 0, L_0x55fb96d9ba40;  1 drivers
L_0x7f0b1f0b6180 .functor BUFT 1, C4<0110>, C4<0>, C4<0>, C4<0>;
v0x55fb96d834c0_0 .net/2u *"_s26", 3 0, L_0x7f0b1f0b6180;  1 drivers
L_0x7f0b1f0b61c8 .functor BUFT 1, C4<0001>, C4<0>, C4<0>, C4<0>;
v0x55fb96d835a0_0 .net/2u *"_s28", 3 0, L_0x7f0b1f0b61c8;  1 drivers
v0x55fb96d83680_0 .net *"_s30", 0 0, L_0x55fb96d9bb50;  1 drivers
L_0x7f0b1f0b6210 .functor BUFT 1, C4<1010>, C4<0>, C4<0>, C4<0>;
v0x55fb96d83740_0 .net/2u *"_s32", 3 0, L_0x7f0b1f0b6210;  1 drivers
L_0x7f0b1f0b6258 .functor BUFT 1, C4<0010>, C4<0>, C4<0>, C4<0>;
v0x55fb96d83820_0 .net/2u *"_s34", 3 0, L_0x7f0b1f0b6258;  1 drivers
v0x55fb96d83900_0 .net *"_s36", 0 0, L_0x55fb96d9bcd0;  1 drivers
L_0x7f0b1f0b62a0 .functor BUFT 1, C4<0110>, C4<0>, C4<0>, C4<0>;
v0x55fb96d839c0_0 .net/2u *"_s38", 3 0, L_0x7f0b1f0b62a0;  1 drivers
v0x55fb96d83aa0_0 .net *"_s4", 3 0, L_0x55fb96d9b2b0;  1 drivers
L_0x7f0b1f0b62e8 .functor BUFT 1, C4<0011>, C4<0>, C4<0>, C4<0>;
v0x55fb96d83b80_0 .net/2u *"_s40", 3 0, L_0x7f0b1f0b62e8;  1 drivers
v0x55fb96d83c60_0 .net *"_s42", 0 0, L_0x55fb96d9be50;  1 drivers
L_0x7f0b1f0b6330 .functor BUFT 1, C4<1111>, C4<0>, C4<0>, C4<0>;
v0x55fb96d83d20_0 .net/2u *"_s44", 3 0, L_0x7f0b1f0b6330;  1 drivers
L_0x7f0b1f0b6378 .functor BUFT 1, C4<xxxx>, C4<0>, C4<0>, C4<0>;
v0x55fb96d83e00_0 .net *"_s46", 3 0, L_0x7f0b1f0b6378;  1 drivers
v0x55fb96d83ee0_0 .net *"_s48", 3 0, L_0x55fb96d9bf50;  1 drivers
v0x55fb96d83fc0_0 .net *"_s50", 3 0, L_0x55fb96d9c120;  1 drivers
v0x55fb96d840a0_0 .net *"_s52", 3 0, L_0x55fb96d9c2b0;  1 drivers
v0x55fb96d84180_0 .net *"_s54", 3 0, L_0x55fb96d9c4b0;  1 drivers
L_0x7f0b1f0b6060 .functor BUFT 1, C4<0000>, C4<0>, C4<0>, C4<0>;
v0x55fb96d84260_0 .net/2u *"_s6", 3 0, L_0x7f0b1f0b6060;  1 drivers
v0x55fb96d84340_0 .net *"_s8", 0 0, L_0x55fb96d9b3b0;  1 drivers
o0x7f0b1f0ff558 .functor BUFZ 4, C4<zzzz>; HiZ drive
v0x55fb96d84400_0 .net "alu_cmd", 3 0, o0x7f0b1f0ff558;  0 drivers
v0x55fb96d844e0_0 .net "control", 3 0, L_0x55fb96d9c640;  1 drivers
o0x7f0b1f0ff5b8 .functor BUFZ 3, C4<zzz>; HiZ drive
v0x55fb96d845c0_0 .net "funct3", 2 0, o0x7f0b1f0ff5b8;  0 drivers
o0x7f0b1f0ff5e8 .functor BUFZ 1, C4<z>; HiZ drive
v0x55fb96d846a0_0 .net "funct7", 0 0, o0x7f0b1f0ff5e8;  0 drivers
L_0x55fb96d9b210 .cmp/eq 4, o0x7f0b1f0ff558, L_0x7f0b1f0b6018;
L_0x55fb96d9b2b0 .concat [ 3 1 0 0], o0x7f0b1f0ff5b8, o0x7f0b1f0ff5e8;
L_0x55fb96d9b3b0 .cmp/eq 4, L_0x55fb96d9b2b0, L_0x7f0b1f0b6060;
L_0x55fb96d9b590 .cmp/eq 4, o0x7f0b1f0ff558, L_0x7f0b1f0b60f0;
L_0x55fb96d9b730 .concat [ 3 1 0 0], o0x7f0b1f0ff5b8, o0x7f0b1f0ff5e8;
L_0x55fb96d9b8c0 .cmp/eq 4, L_0x55fb96d9b730, L_0x7f0b1f0b6138;
L_0x55fb96d9bb50 .cmp/eq 4, o0x7f0b1f0ff558, L_0x7f0b1f0b61c8;
L_0x55fb96d9bcd0 .cmp/eq 4, o0x7f0b1f0ff558, L_0x7f0b1f0b6258;
L_0x55fb96d9be50 .cmp/eq 4, o0x7f0b1f0ff558, L_0x7f0b1f0b62e8;
L_0x55fb96d9bf50 .functor MUXZ 4, L_0x7f0b1f0b6378, L_0x7f0b1f0b6330, L_0x55fb96d9be50, C4<>;
L_0x55fb96d9c120 .functor MUXZ 4, L_0x55fb96d9bf50, L_0x7f0b1f0b62a0, L_0x55fb96d9bcd0, C4<>;
L_0x55fb96d9c2b0 .functor MUXZ 4, L_0x55fb96d9c120, L_0x7f0b1f0b6210, L_0x55fb96d9bb50, C4<>;
L_0x55fb96d9c4b0 .functor MUXZ 4, L_0x55fb96d9c2b0, L_0x7f0b1f0b6180, L_0x55fb96d9ba40, C4<>;
L_0x55fb96d9c640 .functor MUXZ 4, L_0x55fb96d9c4b0, L_0x7f0b1f0b60a8, L_0x55fb96d9b480, C4<>;
S_0x55fb96d385a0 .scope module, "testbench" "testbench" 3 9;
 .timescale -9 -9;
v0x55fb96d9b020_0 .var "clock_tb", 0 0;
v0x55fb96d9b0c0_0 .var "rst_n_tb", 0 0;
S_0x55fb96d847e0 .scope module, "riscv" "processador" 3 13, 4 1 0, S_0x55fb96d385a0;
 .timescale 0 0;
    .port_info 0 /INPUT 1 "clk"
    .port_info 1 /INPUT 1 "rst_n"
v0x55fb96d9a8e0_0 .net "clk", 0 0, v0x55fb96d9b020_0;  1 drivers
v0x55fb96d9a9a0_0 .net "d_mem_addr", 5 0, L_0x55fb96d9d400;  1 drivers
v0x55fb96d9aab0_0 .net "d_mem_data", 63 0, L_0x55fb96dafd30;  1 drivers
v0x55fb96d9abe0_0 .net "d_mem_we", 0 0, L_0x55fb96d9cf60;  1 drivers
v0x55fb96d9ad10_0 .net "i_mem_addr", 5 0, L_0x55fb96d9d530;  1 drivers
v0x55fb96d9add0_0 .net "i_mem_data", 31 0, L_0x55fb96db8810;  1 drivers
v0x55fb96d9af20_0 .net "rst_n", 0 0, v0x55fb96d9b0c0_0;  1 drivers
S_0x55fb96d849a0 .scope module, "i_mem" "memoria_ins" 4 21, 5 1 0, S_0x55fb96d847e0;
 .timescale 0 0;
    .port_info 0 /INPUT 6 "ads"
    .port_info 1 /OUTPUT 32 "dout"
L_0x55fb96db8810 .functor BUFZ 32, L_0x55fb96db8630, C4<00000000000000000000000000000000>, C4<00000000000000000000000000000000>, C4<00000000000000000000000000000000>;
v0x55fb96d84bb0_0 .net *"_s0", 31 0, L_0x55fb96db8630;  1 drivers
v0x55fb96d84cb0_0 .net *"_s2", 6 0, L_0x55fb96db86d0;  1 drivers
L_0x7f0b1f0b7068 .functor BUFT 1, C4<0>, C4<0>, C4<0>, C4<0>;
v0x55fb96d84d90_0 .net *"_s5", 0 0, L_0x7f0b1f0b7068;  1 drivers
v0x55fb96d84e50_0 .net "ads", 5 0, L_0x55fb96d9d530;  alias, 1 drivers
v0x55fb96d84f30_0 .net "dout", 31 0, L_0x55fb96db8810;  alias, 1 drivers
o0x7f0b1f0ff7c8 .functor BUFZ 3, C4<zzz>; HiZ drive
v0x55fb96d85060_0 .net "funct3", 2 0, o0x7f0b1f0ff7c8;  0 drivers
o0x7f0b1f0ff7f8 .functor BUFZ 1, C4<z>; HiZ drive
v0x55fb96d85140_0 .net "funct7", 0 0, o0x7f0b1f0ff7f8;  0 drivers
o0x7f0b1f0ff828 .functor BUFZ 7, C4<zzzzzzz>; HiZ drive
v0x55fb96d85200_0 .net "opcode", 6 0, o0x7f0b1f0ff828;  0 drivers
o0x7f0b1f0ff858 .functor BUFZ 5, C4<zzzzz>; HiZ drive
v0x55fb96d852e0_0 .net "rd", 4 0, o0x7f0b1f0ff858;  0 drivers
v0x55fb96d853c0 .array/s "registradores", 0 31, 31 0;
o0x7f0b1f0ff888 .functor BUFZ 5, C4<zzzzz>; HiZ drive
v0x55fb96d85480_0 .net "rs1", 4 0, o0x7f0b1f0ff888;  0 drivers
o0x7f0b1f0ff8b8 .functor BUFZ 5, C4<zzzzz>; HiZ drive
v0x55fb96d85560_0 .net "rs2", 4 0, o0x7f0b1f0ff8b8;  0 drivers
L_0x55fb96db8630 .array/port v0x55fb96d853c0, L_0x55fb96db86d0;
L_0x55fb96db86d0 .concat [ 6 1 0 0], L_0x55fb96d9d530, L_0x7f0b1f0b7068;
S_0x55fb96d856a0 .scope module, "prv" "polirv" 4 11, 6 1 0, S_0x55fb96d847e0;
 .timescale 0 0;
    .port_info 0 /INPUT 1 "clk"
    .port_info 1 /INPUT 1 "rst_n"
    .port_info 2 /OUTPUT 6 "i_mem_addr"
    .port_info 3 /INPUT 32 "i_mem_data"
    .port_info 4 /OUTPUT 1 "d_mem_we"
    .port_info 5 /OUTPUT 6 "d_mem_addr"
    .port_info 6 /INOUT 64 "d_mem_data"
P_0x55fb96d6e700 .param/l "d_addr_bits" 0 6 4, +C4<00000000000000000000000000000110>;
P_0x55fb96d6e740 .param/l "i_addr_bits" 0 6 3, +C4<00000000000000000000000000000110>;
v0x55fb96d99cd0_0 .net "alu_cmd", 3 0, L_0x55fb96d9cd90;  1 drivers
o0x7f0b1f1031e8 .functor BUFZ 4, C4<zzzz>; HiZ drive
v0x55fb96d99db0_0 .net "alu_flags", 3 0, o0x7f0b1f1031e8;  0 drivers
v0x55fb96d99e70_0 .net "alu_src", 0 0, L_0x55fb96d9d0d0;  1 drivers
v0x55fb96d99f10_0 .net "clk", 0 0, v0x55fb96d9b020_0;  alias, 1 drivers
v0x55fb96d9a040_0 .net "d_mem_addr", 5 0, L_0x55fb96d9d400;  alias, 1 drivers
v0x55fb96d9a0e0_0 .net "d_mem_data", 63 0, L_0x55fb96dafd30;  alias, 1 drivers
v0x55fb96d9a180_0 .net "d_mem_we", 0 0, L_0x55fb96d9cf60;  alias, 1 drivers
v0x55fb96d9a220_0 .net "i_mem_addr", 5 0, L_0x55fb96d9d530;  alias, 1 drivers
v0x55fb96d9a330_0 .net "i_mem_data", 31 0, L_0x55fb96db8810;  alias, 1 drivers
v0x55fb96d9a480_0 .net "opcode", 6 0, L_0x55fb96db0a20;  1 drivers
v0x55fb96d9a540_0 .net "pc_src", 0 0, L_0x55fb96d9d1d0;  1 drivers
v0x55fb96d9a5e0_0 .net "rf_src", 0 0, L_0x55fb96d9d2d0;  1 drivers
v0x55fb96d9a680_0 .net "rf_we", 0 0, L_0x55fb96d9cfd0;  1 drivers
v0x55fb96d9a720_0 .net "rst_n", 0 0, v0x55fb96d9b0c0_0;  alias, 1 drivers
S_0x55fb96d85a00 .scope module, "fd_inst" "fd" 6 36, 2 5 0, S_0x55fb96d856a0;
 .timescale 0 0;
    .port_info 0 /INPUT 1 "clk"
    .port_info 1 /INPUT 1 "rst_n"
    .port_info 2 /OUTPUT 7 "opcode"
    .port_info 3 /INPUT 1 "d_mem_we"
    .port_info 4 /INPUT 1 "rf_we"
    .port_info 5 /INPUT 4 "alu_cmd"
    .port_info 6 /OUTPUT 4 "alu_flags"
    .port_info 7 /INPUT 1 "alu_src"
    .port_info 8 /INPUT 1 "pc_src"
    .port_info 9 /INPUT 1 "rf_src"
    .port_info 10 /OUTPUT 6 "i_mem_addr"
    .port_info 11 /INPUT 32 "i_mem_data"
    .port_info 12 /OUTPUT 6 "d_mem_addr"
    .port_info 13 /INOUT 64 "d_mem_data"
P_0x55fb96d85870 .param/l "d_addr_bits" 0 2 8, +C4<00000000000000000000000000000110>;
P_0x55fb96d858b0 .param/l "i_addr_bits" 0 2 7, +C4<00000000000000000000000000000110>;
v0x55fb96d942a0_0 .net "C", 31 0, L_0x55fb96db7db0;  1 drivers
v0x55fb96d943d0_0 .net "PC", 31 0, v0x55fb96d8e560_0;  1 drivers
v0x55fb96d94520_0 .net "Ra", 4 0, L_0x55fb96db08e0;  1 drivers
v0x55fb96d945c0_0 .net "Rb", 4 0, L_0x55fb96db0980;  1 drivers
v0x55fb96d946d0_0 .net "Rw", 4 0, L_0x55fb96db0840;  1 drivers
v0x55fb96d94830_0 .net/s "S1", 63 0, L_0x55fb96dafe20;  1 drivers
v0x55fb96d94940_0 .net/s "S2", 63 0, L_0x55fb96db06c0;  1 drivers
v0x55fb96d94a50_0 .net/s "S4", 63 0, L_0x55fb96db8210;  1 drivers
v0x55fb96d94b60_0 .net "S5", 31 0, L_0x55fb96db84a0;  1 drivers
v0x55fb96d94cb0_0 .net *"_s10", 0 0, L_0x55fb96dad710;  1 drivers
L_0x7f0b1f0b6498 .functor BUFT 1, C4<01>, C4<0>, C4<0>, C4<0>;
v0x55fb96d94d50_0 .net/2s *"_s12", 1 0, L_0x7f0b1f0b6498;  1 drivers
L_0x7f0b1f0b64e0 .functor BUFT 1, C4<00>, C4<0>, C4<0>, C4<0>;
v0x55fb96d94e30_0 .net/2s *"_s14", 1 0, L_0x7f0b1f0b64e0;  1 drivers
v0x55fb96d94f10_0 .net *"_s16", 1 0, L_0x55fb96dad8c0;  1 drivers
v0x55fb96d94ff0_0 .net *"_s4", 31 0, L_0x55fb96d9d660;  1 drivers
L_0x7f0b1f0b6408 .functor BUFT 1, C4<000000000000000000000000000000>, C4<0>, C4<0>, C4<0>;
v0x55fb96d950d0_0 .net *"_s7", 29 0, L_0x7f0b1f0b6408;  1 drivers
L_0x7f0b1f0b6450 .functor BUFT 1, C4<00000000000000000000000000000011>, C4<0>, C4<0>, C4<0>;
v0x55fb96d951b0_0 .net/2u *"_s8", 31 0, L_0x7f0b1f0b6450;  1 drivers
v0x55fb96d95290_0 .net "alu_cmd", 3 0, L_0x55fb96d9cd90;  alias, 1 drivers
v0x55fb96d95350_0 .net "alu_flags", 3 0, o0x7f0b1f1031e8;  alias, 0 drivers
v0x55fb96d95410_0 .net "alu_src", 0 0, L_0x55fb96d9d0d0;  alias, 1 drivers
v0x55fb96d954b0_0 .net "clk", 0 0, v0x55fb96d9b020_0;  alias, 1 drivers
v0x55fb96d95550_0 .net "clock", 0 0, L_0x55fb96dad960;  1 drivers
v0x55fb96d955f0_0 .var "contador_clock", 1 0;
v0x55fb96d956d0_0 .net "d_mem_addr", 5 0, L_0x55fb96d9d400;  alias, 1 drivers
v0x55fb96d957b0_0 .net "d_mem_data", 63 0, L_0x55fb96dafd30;  alias, 1 drivers
v0x55fb96d95870_0 .net "d_mem_we", 0 0, L_0x55fb96d9cf60;  alias, 1 drivers
v0x55fb96d95910_0 .net/s "doutA", 63 0, v0x55fb96d8ef50_0;  1 drivers
v0x55fb96d959b0_0 .net/s "doutB", 63 0, v0x55fb96d8f010_0;  1 drivers
v0x55fb96d95a70_0 .net "doutIR", 31 0, v0x55fb96d8b2e0_0;  1 drivers
v0x55fb96d95b80_0 .net "flag", 0 0, L_0x55fb96dafba0;  1 drivers
v0x55fb96d95c70_0 .net "funct3", 2 0, L_0x55fb96db0b60;  1 drivers
v0x55fb96d95d30_0 .net "funct7", 0 0, L_0x55fb96db0ac0;  1 drivers
v0x55fb96d95dd0_0 .net "i_mem_addr", 5 0, L_0x55fb96d9d530;  alias, 1 drivers
v0x55fb96d95e70_0 .net "i_mem_data", 31 0, L_0x55fb96db8810;  alias, 1 drivers
v0x55fb96d96170_0 .net/s "imm", 63 0, L_0x55fb96db7400;  1 drivers
o0x7f0b1f0ffa38 .functor BUFZ 32, C4<zzzzzzzzzzzzzzzzzzzzzzzzzzzzzzzz>; HiZ drive
v0x55fb96d96210_0 .net "instruction", 31 0, o0x7f0b1f0ffa38;  0 drivers
v0x55fb96d962d0_0 .net "opcode", 6 0, L_0x55fb96db0a20;  alias, 1 drivers
v0x55fb96d963c0_0 .net "pc_src", 0 0, L_0x55fb96d9d1d0;  alias, 1 drivers
RS_0x7f0b1f101d48 .resolv tri, L_0x55fb96dadae0, L_0x55fb96daf050;
v0x55fb96d96460_0 .net8/s "res", 63 0, RS_0x7f0b1f101d48;  2 drivers
v0x55fb96d96500_0 .net "rf_src", 0 0, L_0x55fb96d9d2d0;  alias, 1 drivers
v0x55fb96d965a0_0 .net "rf_we", 0 0, L_0x55fb96d9cfd0;  alias, 1 drivers
v0x55fb96d96640_0 .net "rst_n", 0 0, v0x55fb96d9b0c0_0;  alias, 1 drivers
o0x7f0b1f0ffa08 .functor BUFZ 1, C4<z>; HiZ drive
v0x55fb96d966e0_0 .net "sinalMux5", 0 0, o0x7f0b1f0ffa08;  0 drivers
v0x55fb96d96780_0 .net "somafour", 31 0, L_0x55fb96db7860;  1 drivers
v0x55fb96d96820_0 .net "somaimm", 31 0, L_0x55fb96db7d10;  1 drivers
o0x7f0b1f100a28 .functor BUFZ 1, C4<z>; HiZ drive
v0x55fb96d968c0_0 .net "weIR", 0 0, o0x7f0b1f100a28;  0 drivers
o0x7f0b1f101418 .functor BUFZ 1, C4<z>; HiZ drive
v0x55fb96d96960_0 .net "wePC", 0 0, o0x7f0b1f101418;  0 drivers
E_0x55fb96ce7c30 .event edge, v0x55fb96d954b0_0;
L_0x55fb96d9d400 .part RS_0x7f0b1f101d48, 0, 6;
L_0x55fb96d9d530 .part v0x55fb96d8e560_0, 2, 6;
L_0x55fb96d9d660 .concat [ 2 30 0 0], v0x55fb96d955f0_0, L_0x7f0b1f0b6408;
L_0x55fb96dad710 .cmp/eq 32, L_0x55fb96d9d660, L_0x7f0b1f0b6450;
L_0x55fb96dad8c0 .functor MUXZ 2, L_0x7f0b1f0b64e0, L_0x7f0b1f0b6498, L_0x55fb96dad710, C4<>;
L_0x55fb96dad960 .part L_0x55fb96dad8c0, 0, 1;
S_0x55fb96d85ea0 .scope module, "hhh" "Mux5" 2 175, 2 489 0, S_0x55fb96d85a00;
 .timescale 0 0;
    .port_info 0 /INPUT 32 "dout_PC"
    .port_info 1 /INPUT 32 "tb"
    .port_info 2 /INPUT 1 "sinalMux"
    .port_info 3 /OUTPUT 32 "S5"
L_0x7f0b1f0b7020 .functor BUFT 1, C4<0>, C4<0>, C4<0>, C4<0>;
L_0x55fb96db8390 .functor XNOR 1, o0x7f0b1f0ffa08, L_0x7f0b1f0b7020, C4<0>, C4<0>;
v0x55fb96d860c0_0 .net "S5", 31 0, L_0x55fb96db84a0;  alias, 1 drivers
v0x55fb96d861c0_0 .net/2u *"_s0", 0 0, L_0x7f0b1f0b7020;  1 drivers
v0x55fb96d862a0_0 .net *"_s2", 0 0, L_0x55fb96db8390;  1 drivers
v0x55fb96d86370_0 .net "dout_PC", 31 0, v0x55fb96d8e560_0;  alias, 1 drivers
v0x55fb96d86450_0 .net "sinalMux", 0 0, o0x7f0b1f0ffa08;  alias, 0 drivers
v0x55fb96d86560_0 .net "tb", 31 0, o0x7f0b1f0ffa38;  alias, 0 drivers
L_0x55fb96db84a0 .functor MUXZ 32, o0x7f0b1f0ffa38, v0x55fb96d8e560_0, L_0x55fb96db8390, C4<>;
S_0x55fb96d866c0 .scope module, "hii" "imm_generator" 2 142, 2 338 0, S_0x55fb96d85a00;
 .timescale 0 0;
    .port_info 0 /INPUT 32 "palavra"
    .port_info 1 /INPUT 7 "opcode"
    .port_info 2 /OUTPUT 64 "imm"
L_0x7f0b1f0b69f0 .functor BUFT 1, C4<0000011>, C4<0>, C4<0>, C4<0>;
v0x55fb96d86900_0 .net/2u *"_s0", 6 0, L_0x7f0b1f0b69f0;  1 drivers
v0x55fb96d86a00_0 .net *"_s100", 51 0, L_0x55fb96db4fd0;  1 drivers
v0x55fb96d86ae0_0 .net *"_s102", 63 0, L_0x55fb96db5070;  1 drivers
L_0x7f0b1f0b6cc0 .functor BUFT 1, C4<000000000000>, C4<0>, C4<0>, C4<0>;
v0x55fb96d86ba0_0 .net *"_s105", 11 0, L_0x7f0b1f0b6cc0;  1 drivers
v0x55fb96d86c80_0 .net *"_s106", 63 0, L_0x55fb96db5400;  1 drivers
v0x55fb96d86db0_0 .net *"_s108", 51 0, L_0x55fb96db5310;  1 drivers
v0x55fb96d86e90_0 .net *"_s11", 6 0, L_0x55fb96db1130;  1 drivers
L_0x7f0b1f0b6d08 .functor BUFT 1, C4<000000000000>, C4<0>, C4<0>, C4<0>;
v0x55fb96d86f70_0 .net *"_s110", 11 0, L_0x7f0b1f0b6d08;  1 drivers
L_0x7f0b1f0b6d50 .functor BUFT 1, C4<1101111>, C4<0>, C4<0>, C4<0>;
v0x55fb96d87050_0 .net/2u *"_s112", 6 0, L_0x7f0b1f0b6d50;  1 drivers
v0x55fb96d87130_0 .net *"_s114", 0 0, L_0x55fb96db56b0;  1 drivers
v0x55fb96d871f0_0 .net *"_s117", 0 0, L_0x55fb96db57a0;  1 drivers
v0x55fb96d872d0_0 .net *"_s118", 42 0, L_0x55fb96db59c0;  1 drivers
v0x55fb96d873b0_0 .net *"_s120", 62 0, L_0x55fb96db5e70;  1 drivers
v0x55fb96d87490_0 .net *"_s122", 63 0, L_0x55fb96db60a0;  1 drivers
L_0x7f0b1f0b6d98 .functor BUFT 1, C4<0>, C4<0>, C4<0>, C4<0>;
v0x55fb96d87570_0 .net *"_s125", 0 0, L_0x7f0b1f0b6d98;  1 drivers
v0x55fb96d87650_0 .net *"_s126", 63 0, L_0x55fb96db6470;  1 drivers
v0x55fb96d87730_0 .net *"_s128", 62 0, L_0x55fb96db61e0;  1 drivers
v0x55fb96d87810_0 .net *"_s13", 4 0, L_0x55fb96db11d0;  1 drivers
L_0x7f0b1f0b6de0 .functor BUFT 1, C4<0>, C4<0>, C4<0>, C4<0>;
v0x55fb96d878f0_0 .net *"_s130", 0 0, L_0x7f0b1f0b6de0;  1 drivers
v0x55fb96d879d0_0 .net *"_s133", 0 0, L_0x55fb96db65b0;  1 drivers
v0x55fb96d87ab0_0 .net *"_s134", 51 0, L_0x55fb96db6800;  1 drivers
v0x55fb96d87b90_0 .net *"_s136", 63 0, L_0x55fb96db6cb0;  1 drivers
v0x55fb96d87c70_0 .net *"_s138", 63 0, L_0x55fb96db6f10;  1 drivers
v0x55fb96d87d50_0 .net *"_s14", 11 0, L_0x55fb96db1270;  1 drivers
v0x55fb96d87e30_0 .net *"_s140", 63 0, L_0x55fb96db70a0;  1 drivers
L_0x7f0b1f0b6a80 .functor BUFT 1, C4<1100011>, C4<0>, C4<0>, C4<0>;
v0x55fb96d87f10_0 .net/2u *"_s16", 6 0, L_0x7f0b1f0b6a80;  1 drivers
v0x55fb96d87ff0_0 .net *"_s18", 0 0, L_0x55fb96db13f0;  1 drivers
v0x55fb96d880b0_0 .net *"_s2", 0 0, L_0x55fb96db0da0;  1 drivers
v0x55fb96d88170_0 .net *"_s21", 0 0, L_0x55fb96db14e0;  1 drivers
v0x55fb96d88250_0 .net *"_s23", 0 0, L_0x55fb96db15d0;  1 drivers
v0x55fb96d88330_0 .net *"_s25", 5 0, L_0x55fb96db1670;  1 drivers
v0x55fb96d88410_0 .net *"_s27", 3 0, L_0x55fb96db1770;  1 drivers
v0x55fb96d884f0_0 .net *"_s28", 11 0, L_0x55fb96db1810;  1 drivers
L_0x7f0b1f0b6ac8 .functor BUFT 1, C4<0010011>, C4<0>, C4<0>, C4<0>;
v0x55fb96d887e0_0 .net/2u *"_s30", 6 0, L_0x7f0b1f0b6ac8;  1 drivers
v0x55fb96d888c0_0 .net *"_s32", 0 0, L_0x55fb96db1a10;  1 drivers
v0x55fb96d88980_0 .net *"_s35", 11 0, L_0x55fb96db1b00;  1 drivers
v0x55fb96d88a60_0 .net *"_s37", 11 0, L_0x55fb96db1e30;  1 drivers
v0x55fb96d88b40_0 .net *"_s38", 11 0, L_0x55fb96db1ed0;  1 drivers
v0x55fb96d88c20_0 .net *"_s40", 11 0, L_0x55fb96db20f0;  1 drivers
v0x55fb96d88d00_0 .net *"_s42", 11 0, L_0x55fb96db2280;  1 drivers
L_0x7f0b1f0b6b10 .functor BUFT 1, C4<0010111>, C4<0>, C4<0>, C4<0>;
v0x55fb96d88de0_0 .net/2u *"_s46", 6 0, L_0x7f0b1f0b6b10;  1 drivers
v0x55fb96d88ec0_0 .net *"_s48", 0 0, L_0x55fb96db2640;  1 drivers
v0x55fb96d88f80_0 .net *"_s5", 11 0, L_0x55fb96db0e90;  1 drivers
v0x55fb96d89060_0 .net *"_s51", 19 0, L_0x55fb96db2320;  1 drivers
L_0x7f0b1f0b6b58 .functor BUFT 1, C4<1101111>, C4<0>, C4<0>, C4<0>;
v0x55fb96d89140_0 .net/2u *"_s52", 6 0, L_0x7f0b1f0b6b58;  1 drivers
v0x55fb96d89220_0 .net *"_s54", 0 0, L_0x55fb96db27e0;  1 drivers
v0x55fb96d892e0_0 .net *"_s57", 0 0, L_0x55fb96db2990;  1 drivers
v0x55fb96d893c0_0 .net *"_s59", 7 0, L_0x55fb96db2a30;  1 drivers
L_0x7f0b1f0b6a38 .functor BUFT 1, C4<0100011>, C4<0>, C4<0>, C4<0>;
v0x55fb96d894a0_0 .net/2u *"_s6", 6 0, L_0x7f0b1f0b6a38;  1 drivers
v0x55fb96d89580_0 .net *"_s61", 0 0, L_0x55fb96db2ba0;  1 drivers
v0x55fb96d89660_0 .net *"_s63", 9 0, L_0x55fb96db2c40;  1 drivers
v0x55fb96d89740_0 .net *"_s64", 19 0, L_0x55fb96db2dc0;  1 drivers
v0x55fb96d89820_0 .net *"_s67", 19 0, L_0x55fb96db2fa0;  1 drivers
v0x55fb96d89900_0 .net *"_s68", 19 0, L_0x55fb96db3130;  1 drivers
L_0x7f0b1f0b6ba0 .functor BUFT 1, C4<1100011>, C4<0>, C4<0>, C4<0>;
v0x55fb96d899e0_0 .net/2u *"_s72", 6 0, L_0x7f0b1f0b6ba0;  1 drivers
v0x55fb96d89ac0_0 .net *"_s74", 0 0, L_0x55fb96db3550;  1 drivers
v0x55fb96d89b80_0 .net *"_s77", 0 0, L_0x55fb96db3640;  1 drivers
v0x55fb96d89c60_0 .net *"_s78", 49 0, L_0x55fb96db3840;  1 drivers
v0x55fb96d89d40_0 .net *"_s8", 0 0, L_0x55fb96db0f30;  1 drivers
v0x55fb96d89e00_0 .net *"_s80", 61 0, L_0x55fb96db40f0;  1 drivers
v0x55fb96d89ee0_0 .net *"_s82", 63 0, L_0x55fb96db42b0;  1 drivers
L_0x7f0b1f0b6be8 .functor BUFT 1, C4<00>, C4<0>, C4<0>, C4<0>;
v0x55fb96d89fc0_0 .net *"_s85", 1 0, L_0x7f0b1f0b6be8;  1 drivers
v0x55fb96d8a0a0_0 .net *"_s86", 63 0, L_0x55fb96db4190;  1 drivers
v0x55fb96d8a180_0 .net *"_s88", 61 0, L_0x55fb96db43f0;  1 drivers
L_0x7f0b1f0b6c30 .functor BUFT 1, C4<00>, C4<0>, C4<0>, C4<0>;
v0x55fb96d8a260_0 .net *"_s90", 1 0, L_0x7f0b1f0b6c30;  1 drivers
L_0x7f0b1f0b6c78 .functor BUFT 1, C4<0010111>, C4<0>, C4<0>, C4<0>;
v0x55fb96d8a750_0 .net/2u *"_s92", 6 0, L_0x7f0b1f0b6c78;  1 drivers
v0x55fb96d8a830_0 .net *"_s94", 0 0, L_0x55fb96db4660;  1 drivers
v0x55fb96d8a8f0_0 .net *"_s97", 0 0, L_0x55fb96db4890;  1 drivers
v0x55fb96d8a9d0_0 .net *"_s98", 31 0, L_0x55fb96db4980;  1 drivers
v0x55fb96d8aab0_0 .net/s "imm", 63 0, L_0x55fb96db7400;  alias, 1 drivers
v0x55fb96d8ab90_0 .net/s "imm_field_typeA", 11 0, L_0x55fb96db24b0;  1 drivers
v0x55fb96d8ac70_0 .net/s "imm_field_typeB", 19 0, L_0x55fb96db32c0;  1 drivers
v0x55fb96d8ad50_0 .net "opcode", 6 0, L_0x55fb96db0a20;  alias, 1 drivers
v0x55fb96d8ae30_0 .net/s "palavra", 31 0, v0x55fb96d8b2e0_0;  alias, 1 drivers
L_0x55fb96db0da0 .cmp/eq 7, L_0x55fb96db0a20, L_0x7f0b1f0b69f0;
L_0x55fb96db0e90 .part v0x55fb96d8b2e0_0, 20, 12;
L_0x55fb96db0f30 .cmp/eq 7, L_0x55fb96db0a20, L_0x7f0b1f0b6a38;
L_0x55fb96db1130 .part v0x55fb96d8b2e0_0, 25, 7;
L_0x55fb96db11d0 .part v0x55fb96d8b2e0_0, 7, 5;
L_0x55fb96db1270 .concat [ 5 7 0 0], L_0x55fb96db11d0, L_0x55fb96db1130;
L_0x55fb96db13f0 .cmp/eq 7, L_0x55fb96db0a20, L_0x7f0b1f0b6a80;
L_0x55fb96db14e0 .part v0x55fb96d8b2e0_0, 31, 1;
L_0x55fb96db15d0 .part v0x55fb96d8b2e0_0, 7, 1;
L_0x55fb96db1670 .part v0x55fb96d8b2e0_0, 25, 6;
L_0x55fb96db1770 .part v0x55fb96d8b2e0_0, 8, 4;
L_0x55fb96db1810 .concat [ 4 6 1 1], L_0x55fb96db1770, L_0x55fb96db1670, L_0x55fb96db15d0, L_0x55fb96db14e0;
L_0x55fb96db1a10 .cmp/eq 7, L_0x55fb96db0a20, L_0x7f0b1f0b6ac8;
L_0x55fb96db1b00 .part v0x55fb96d8b2e0_0, 20, 12;
L_0x55fb96db1e30 .part v0x55fb96d8b2e0_0, 20, 12;
L_0x55fb96db1ed0 .functor MUXZ 12, L_0x55fb96db1e30, L_0x55fb96db1b00, L_0x55fb96db1a10, C4<>;
L_0x55fb96db20f0 .functor MUXZ 12, L_0x55fb96db1ed0, L_0x55fb96db1810, L_0x55fb96db13f0, C4<>;
L_0x55fb96db2280 .functor MUXZ 12, L_0x55fb96db20f0, L_0x55fb96db1270, L_0x55fb96db0f30, C4<>;
L_0x55fb96db24b0 .functor MUXZ 12, L_0x55fb96db2280, L_0x55fb96db0e90, L_0x55fb96db0da0, C4<>;
L_0x55fb96db2640 .cmp/eq 7, L_0x55fb96db0a20, L_0x7f0b1f0b6b10;
L_0x55fb96db2320 .part v0x55fb96d8b2e0_0, 12, 20;
L_0x55fb96db27e0 .cmp/eq 7, L_0x55fb96db0a20, L_0x7f0b1f0b6b58;
L_0x55fb96db2990 .part v0x55fb96d8b2e0_0, 31, 1;
L_0x55fb96db2a30 .part v0x55fb96d8b2e0_0, 12, 8;
L_0x55fb96db2ba0 .part v0x55fb96d8b2e0_0, 20, 1;
L_0x55fb96db2c40 .part v0x55fb96d8b2e0_0, 21, 10;
L_0x55fb96db2dc0 .concat [ 10 1 8 1], L_0x55fb96db2c40, L_0x55fb96db2ba0, L_0x55fb96db2a30, L_0x55fb96db2990;
L_0x55fb96db2fa0 .part v0x55fb96d8b2e0_0, 12, 20;
L_0x55fb96db3130 .functor MUXZ 20, L_0x55fb96db2fa0, L_0x55fb96db2dc0, L_0x55fb96db27e0, C4<>;
L_0x55fb96db32c0 .functor MUXZ 20, L_0x55fb96db3130, L_0x55fb96db2320, L_0x55fb96db2640, C4<>;
L_0x55fb96db3550 .cmp/eq 7, L_0x55fb96db0a20, L_0x7f0b1f0b6ba0;
L_0x55fb96db3640 .part L_0x55fb96db24b0, 11, 1;
LS_0x55fb96db3840_0_0 .concat [ 1 1 1 1], L_0x55fb96db3640, L_0x55fb96db3640, L_0x55fb96db3640, L_0x55fb96db3640;
LS_0x55fb96db3840_0_4 .concat [ 1 1 1 1], L_0x55fb96db3640, L_0x55fb96db3640, L_0x55fb96db3640, L_0x55fb96db3640;
LS_0x55fb96db3840_0_8 .concat [ 1 1 1 1], L_0x55fb96db3640, L_0x55fb96db3640, L_0x55fb96db3640, L_0x55fb96db3640;
LS_0x55fb96db3840_0_12 .concat [ 1 1 1 1], L_0x55fb96db3640, L_0x55fb96db3640, L_0x55fb96db3640, L_0x55fb96db3640;
LS_0x55fb96db3840_0_16 .concat [ 1 1 1 1], L_0x55fb96db3640, L_0x55fb96db3640, L_0x55fb96db3640, L_0x55fb96db3640;
LS_0x55fb96db3840_0_20 .concat [ 1 1 1 1], L_0x55fb96db3640, L_0x55fb96db3640, L_0x55fb96db3640, L_0x55fb96db3640;
LS_0x55fb96db3840_0_24 .concat [ 1 1 1 1], L_0x55fb96db3640, L_0x55fb96db3640, L_0x55fb96db3640, L_0x55fb96db3640;
LS_0x55fb96db3840_0_28 .concat [ 1 1 1 1], L_0x55fb96db3640, L_0x55fb96db3640, L_0x55fb96db3640, L_0x55fb96db3640;
LS_0x55fb96db3840_0_32 .concat [ 1 1 1 1], L_0x55fb96db3640, L_0x55fb96db3640, L_0x55fb96db3640, L_0x55fb96db3640;
LS_0x55fb96db3840_0_36 .concat [ 1 1 1 1], L_0x55fb96db3640, L_0x55fb96db3640, L_0x55fb96db3640, L_0x55fb96db3640;
LS_0x55fb96db3840_0_40 .concat [ 1 1 1 1], L_0x55fb96db3640, L_0x55fb96db3640, L_0x55fb96db3640, L_0x55fb96db3640;
LS_0x55fb96db3840_0_44 .concat [ 1 1 1 1], L_0x55fb96db3640, L_0x55fb96db3640, L_0x55fb96db3640, L_0x55fb96db3640;
LS_0x55fb96db3840_0_48 .concat [ 1 1 0 0], L_0x55fb96db3640, L_0x55fb96db3640;
LS_0x55fb96db3840_1_0 .concat [ 4 4 4 4], LS_0x55fb96db3840_0_0, LS_0x55fb96db3840_0_4, LS_0x55fb96db3840_0_8, LS_0x55fb96db3840_0_12;
LS_0x55fb96db3840_1_4 .concat [ 4 4 4 4], LS_0x55fb96db3840_0_16, LS_0x55fb96db3840_0_20, LS_0x55fb96db3840_0_24, LS_0x55fb96db3840_0_28;
LS_0x55fb96db3840_1_8 .concat [ 4 4 4 4], LS_0x55fb96db3840_0_32, LS_0x55fb96db3840_0_36, LS_0x55fb96db3840_0_40, LS_0x55fb96db3840_0_44;
LS_0x55fb96db3840_1_12 .concat [ 2 0 0 0], LS_0x55fb96db3840_0_48;
L_0x55fb96db3840 .concat [ 16 16 16 2], LS_0x55fb96db3840_1_0, LS_0x55fb96db3840_1_4, LS_0x55fb96db3840_1_8, LS_0x55fb96db3840_1_12;
L_0x55fb96db40f0 .concat [ 12 50 0 0], L_0x55fb96db24b0, L_0x55fb96db3840;
L_0x55fb96db42b0 .concat [ 62 2 0 0], L_0x55fb96db40f0, L_0x7f0b1f0b6be8;
L_0x55fb96db43f0 .part L_0x55fb96db42b0, 0, 62;
L_0x55fb96db4190 .concat [ 2 62 0 0], L_0x7f0b1f0b6c30, L_0x55fb96db43f0;
L_0x55fb96db4660 .cmp/eq 7, L_0x55fb96db0a20, L_0x7f0b1f0b6c78;
L_0x55fb96db4890 .part L_0x55fb96db32c0, 19, 1;
LS_0x55fb96db4980_0_0 .concat [ 1 1 1 1], L_0x55fb96db4890, L_0x55fb96db4890, L_0x55fb96db4890, L_0x55fb96db4890;
LS_0x55fb96db4980_0_4 .concat [ 1 1 1 1], L_0x55fb96db4890, L_0x55fb96db4890, L_0x55fb96db4890, L_0x55fb96db4890;
LS_0x55fb96db4980_0_8 .concat [ 1 1 1 1], L_0x55fb96db4890, L_0x55fb96db4890, L_0x55fb96db4890, L_0x55fb96db4890;
LS_0x55fb96db4980_0_12 .concat [ 1 1 1 1], L_0x55fb96db4890, L_0x55fb96db4890, L_0x55fb96db4890, L_0x55fb96db4890;
LS_0x55fb96db4980_0_16 .concat [ 1 1 1 1], L_0x55fb96db4890, L_0x55fb96db4890, L_0x55fb96db4890, L_0x55fb96db4890;
LS_0x55fb96db4980_0_20 .concat [ 1 1 1 1], L_0x55fb96db4890, L_0x55fb96db4890, L_0x55fb96db4890, L_0x55fb96db4890;
LS_0x55fb96db4980_0_24 .concat [ 1 1 1 1], L_0x55fb96db4890, L_0x55fb96db4890, L_0x55fb96db4890, L_0x55fb96db4890;
LS_0x55fb96db4980_0_28 .concat [ 1 1 1 1], L_0x55fb96db4890, L_0x55fb96db4890, L_0x55fb96db4890, L_0x55fb96db4890;
LS_0x55fb96db4980_1_0 .concat [ 4 4 4 4], LS_0x55fb96db4980_0_0, LS_0x55fb96db4980_0_4, LS_0x55fb96db4980_0_8, LS_0x55fb96db4980_0_12;
LS_0x55fb96db4980_1_4 .concat [ 4 4 4 4], LS_0x55fb96db4980_0_16, LS_0x55fb96db4980_0_20, LS_0x55fb96db4980_0_24, LS_0x55fb96db4980_0_28;
L_0x55fb96db4980 .concat [ 16 16 0 0], LS_0x55fb96db4980_1_0, LS_0x55fb96db4980_1_4;
L_0x55fb96db4fd0 .concat [ 20 32 0 0], L_0x55fb96db32c0, L_0x55fb96db4980;
L_0x55fb96db5070 .concat [ 52 12 0 0], L_0x55fb96db4fd0, L_0x7f0b1f0b6cc0;
L_0x55fb96db5310 .part L_0x55fb96db5070, 0, 52;
L_0x55fb96db5400 .concat [ 12 52 0 0], L_0x7f0b1f0b6d08, L_0x55fb96db5310;
L_0x55fb96db56b0 .cmp/eq 7, L_0x55fb96db0a20, L_0x7f0b1f0b6d50;
L_0x55fb96db57a0 .part L_0x55fb96db32c0, 19, 1;
LS_0x55fb96db59c0_0_0 .concat [ 1 1 1 1], L_0x55fb96db57a0, L_0x55fb96db57a0, L_0x55fb96db57a0, L_0x55fb96db57a0;
LS_0x55fb96db59c0_0_4 .concat [ 1 1 1 1], L_0x55fb96db57a0, L_0x55fb96db57a0, L_0x55fb96db57a0, L_0x55fb96db57a0;
LS_0x55fb96db59c0_0_8 .concat [ 1 1 1 1], L_0x55fb96db57a0, L_0x55fb96db57a0, L_0x55fb96db57a0, L_0x55fb96db57a0;
LS_0x55fb96db59c0_0_12 .concat [ 1 1 1 1], L_0x55fb96db57a0, L_0x55fb96db57a0, L_0x55fb96db57a0, L_0x55fb96db57a0;
LS_0x55fb96db59c0_0_16 .concat [ 1 1 1 1], L_0x55fb96db57a0, L_0x55fb96db57a0, L_0x55fb96db57a0, L_0x55fb96db57a0;
LS_0x55fb96db59c0_0_20 .concat [ 1 1 1 1], L_0x55fb96db57a0, L_0x55fb96db57a0, L_0x55fb96db57a0, L_0x55fb96db57a0;
LS_0x55fb96db59c0_0_24 .concat [ 1 1 1 1], L_0x55fb96db57a0, L_0x55fb96db57a0, L_0x55fb96db57a0, L_0x55fb96db57a0;
LS_0x55fb96db59c0_0_28 .concat [ 1 1 1 1], L_0x55fb96db57a0, L_0x55fb96db57a0, L_0x55fb96db57a0, L_0x55fb96db57a0;
LS_0x55fb96db59c0_0_32 .concat [ 1 1 1 1], L_0x55fb96db57a0, L_0x55fb96db57a0, L_0x55fb96db57a0, L_0x55fb96db57a0;
LS_0x55fb96db59c0_0_36 .concat [ 1 1 1 1], L_0x55fb96db57a0, L_0x55fb96db57a0, L_0x55fb96db57a0, L_0x55fb96db57a0;
LS_0x55fb96db59c0_0_40 .concat [ 1 1 1 0], L_0x55fb96db57a0, L_0x55fb96db57a0, L_0x55fb96db57a0;
LS_0x55fb96db59c0_1_0 .concat [ 4 4 4 4], LS_0x55fb96db59c0_0_0, LS_0x55fb96db59c0_0_4, LS_0x55fb96db59c0_0_8, LS_0x55fb96db59c0_0_12;
LS_0x55fb96db59c0_1_4 .concat [ 4 4 4 4], LS_0x55fb96db59c0_0_16, LS_0x55fb96db59c0_0_20, LS_0x55fb96db59c0_0_24, LS_0x55fb96db59c0_0_28;
LS_0x55fb96db59c0_1_8 .concat [ 4 4 3 0], LS_0x55fb96db59c0_0_32, LS_0x55fb96db59c0_0_36, LS_0x55fb96db59c0_0_40;
L_0x55fb96db59c0 .concat [ 16 16 11 0], LS_0x55fb96db59c0_1_0, LS_0x55fb96db59c0_1_4, LS_0x55fb96db59c0_1_8;
L_0x55fb96db5e70 .concat [ 20 43 0 0], L_0x55fb96db32c0, L_0x55fb96db59c0;
L_0x55fb96db60a0 .concat [ 63 1 0 0], L_0x55fb96db5e70, L_0x7f0b1f0b6d98;
L_0x55fb96db61e0 .part L_0x55fb96db60a0, 0, 63;
L_0x55fb96db6470 .concat [ 1 63 0 0], L_0x7f0b1f0b6de0, L_0x55fb96db61e0;
L_0x55fb96db65b0 .part L_0x55fb96db24b0, 11, 1;
LS_0x55fb96db6800_0_0 .concat [ 1 1 1 1], L_0x55fb96db65b0, L_0x55fb96db65b0, L_0x55fb96db65b0, L_0x55fb96db65b0;
LS_0x55fb96db6800_0_4 .concat [ 1 1 1 1], L_0x55fb96db65b0, L_0x55fb96db65b0, L_0x55fb96db65b0, L_0x55fb96db65b0;
LS_0x55fb96db6800_0_8 .concat [ 1 1 1 1], L_0x55fb96db65b0, L_0x55fb96db65b0, L_0x55fb96db65b0, L_0x55fb96db65b0;
LS_0x55fb96db6800_0_12 .concat [ 1 1 1 1], L_0x55fb96db65b0, L_0x55fb96db65b0, L_0x55fb96db65b0, L_0x55fb96db65b0;
LS_0x55fb96db6800_0_16 .concat [ 1 1 1 1], L_0x55fb96db65b0, L_0x55fb96db65b0, L_0x55fb96db65b0, L_0x55fb96db65b0;
LS_0x55fb96db6800_0_20 .concat [ 1 1 1 1], L_0x55fb96db65b0, L_0x55fb96db65b0, L_0x55fb96db65b0, L_0x55fb96db65b0;
LS_0x55fb96db6800_0_24 .concat [ 1 1 1 1], L_0x55fb96db65b0, L_0x55fb96db65b0, L_0x55fb96db65b0, L_0x55fb96db65b0;
LS_0x55fb96db6800_0_28 .concat [ 1 1 1 1], L_0x55fb96db65b0, L_0x55fb96db65b0, L_0x55fb96db65b0, L_0x55fb96db65b0;
LS_0x55fb96db6800_0_32 .concat [ 1 1 1 1], L_0x55fb96db65b0, L_0x55fb96db65b0, L_0x55fb96db65b0, L_0x55fb96db65b0;
LS_0x55fb96db6800_0_36 .concat [ 1 1 1 1], L_0x55fb96db65b0, L_0x55fb96db65b0, L_0x55fb96db65b0, L_0x55fb96db65b0;
LS_0x55fb96db6800_0_40 .concat [ 1 1 1 1], L_0x55fb96db65b0, L_0x55fb96db65b0, L_0x55fb96db65b0, L_0x55fb96db65b0;
LS_0x55fb96db6800_0_44 .concat [ 1 1 1 1], L_0x55fb96db65b0, L_0x55fb96db65b0, L_0x55fb96db65b0, L_0x55fb96db65b0;
LS_0x55fb96db6800_0_48 .concat [ 1 1 1 1], L_0x55fb96db65b0, L_0x55fb96db65b0, L_0x55fb96db65b0, L_0x55fb96db65b0;
LS_0x55fb96db6800_1_0 .concat [ 4 4 4 4], LS_0x55fb96db6800_0_0, LS_0x55fb96db6800_0_4, LS_0x55fb96db6800_0_8, LS_0x55fb96db6800_0_12;
LS_0x55fb96db6800_1_4 .concat [ 4 4 4 4], LS_0x55fb96db6800_0_16, LS_0x55fb96db6800_0_20, LS_0x55fb96db6800_0_24, LS_0x55fb96db6800_0_28;
LS_0x55fb96db6800_1_8 .concat [ 4 4 4 4], LS_0x55fb96db6800_0_32, LS_0x55fb96db6800_0_36, LS_0x55fb96db6800_0_40, LS_0x55fb96db6800_0_44;
LS_0x55fb96db6800_1_12 .concat [ 4 0 0 0], LS_0x55fb96db6800_0_48;
L_0x55fb96db6800 .concat [ 16 16 16 4], LS_0x55fb96db6800_1_0, LS_0x55fb96db6800_1_4, LS_0x55fb96db6800_1_8, LS_0x55fb96db6800_1_12;
L_0x55fb96db6cb0 .concat [ 12 52 0 0], L_0x55fb96db24b0, L_0x55fb96db6800;
L_0x55fb96db6f10 .functor MUXZ 64, L_0x55fb96db6cb0, L_0x55fb96db6470, L_0x55fb96db56b0, C4<>;
L_0x55fb96db70a0 .functor MUXZ 64, L_0x55fb96db6f10, L_0x55fb96db5400, L_0x55fb96db4660, C4<>;
L_0x55fb96db7400 .functor MUXZ 64, L_0x55fb96db70a0, L_0x55fb96db4190, L_0x55fb96db3550, C4<>;
S_0x55fb96d8af90 .scope module, "huu" "IR" 2 128, 2 307 0, S_0x55fb96d85a00;
 .timescale 0 0;
    .port_info 0 /INPUT 1 "clock"
    .port_info 1 /INPUT 1 "r_enable"
    .port_info 2 /INPUT 32 "data_in"
    .port_info 3 /OUTPUT 32 "data_out"
    .port_info 4 /OUTPUT 5 "rs1"
    .port_info 5 /OUTPUT 5 "rs2"
    .port_info 6 /OUTPUT 5 "rd"
    .port_info 7 /OUTPUT 7 "opcode"
    .port_info 8 /OUTPUT 1 "funct7"
    .port_info 9 /OUTPUT 3 "funct3"
v0x55fb96d8b130_0 .net "clock", 0 0, L_0x55fb96dad960;  alias, 1 drivers
v0x55fb96d8b1f0_0 .net "data_in", 31 0, L_0x55fb96db8810;  alias, 1 drivers
v0x55fb96d8b2e0_0 .var "data_out", 31 0;
v0x55fb96d8b3e0_0 .net "funct3", 2 0, L_0x55fb96db0b60;  alias, 1 drivers
v0x55fb96d8b480_0 .net "funct7", 0 0, L_0x55fb96db0ac0;  alias, 1 drivers
v0x55fb96d8b590_0 .net "opcode", 6 0, L_0x55fb96db0a20;  alias, 1 drivers
v0x55fb96d8b650_0 .net "r_enable", 0 0, o0x7f0b1f100a28;  alias, 0 drivers
v0x55fb96d8b6f0_0 .net "rd", 4 0, L_0x55fb96db0840;  alias, 1 drivers
v0x55fb96d8b7d0_0 .net "rs1", 4 0, L_0x55fb96db08e0;  alias, 1 drivers
v0x55fb96d8b8b0_0 .net "rs2", 4 0, L_0x55fb96db0980;  alias, 1 drivers
E_0x55fb96d6e540 .event posedge, v0x55fb96d8b130_0;
L_0x55fb96db0840 .part v0x55fb96d8b2e0_0, 7, 5;
L_0x55fb96db08e0 .part v0x55fb96d8b2e0_0, 15, 5;
L_0x55fb96db0980 .part v0x55fb96d8b2e0_0, 20, 5;
L_0x55fb96db0a20 .part v0x55fb96d8b2e0_0, 0, 7;
L_0x55fb96db0ac0 .part v0x55fb96d8b2e0_0, 30, 1;
L_0x55fb96db0b60 .part v0x55fb96d8b2e0_0, 12, 3;
S_0x55fb96d8bad0 .scope module, "ihs" "Mux3" 2 161, 2 465 0, S_0x55fb96d85a00;
 .timescale 0 0;
    .port_info 0 /INPUT 32 "imm_some"
    .port_info 1 /INPUT 32 "four_some"
    .port_info 2 /INPUT 1 "flag"
    .port_info 3 /OUTPUT 32 "S3"
L_0x7f0b1f0b6f00 .functor BUFT 1, C4<0>, C4<0>, C4<0>, C4<0>;
L_0x55fb96db19a0 .functor XNOR 1, L_0x55fb96dafba0, L_0x7f0b1f0b6f00, C4<0>, C4<0>;
v0x55fb96d8bc80_0 .net "S3", 31 0, L_0x55fb96db7db0;  alias, 1 drivers
v0x55fb96d8bd80_0 .net/2u *"_s0", 0 0, L_0x7f0b1f0b6f00;  1 drivers
v0x55fb96d8be60_0 .net *"_s2", 0 0, L_0x55fb96db19a0;  1 drivers
v0x55fb96d8bf30_0 .net "flag", 0 0, L_0x55fb96dafba0;  alias, 1 drivers
v0x55fb96d8bff0_0 .net "four_some", 31 0, L_0x55fb96db7860;  alias, 1 drivers
v0x55fb96d8c120_0 .net "imm_some", 31 0, L_0x55fb96db7d10;  alias, 1 drivers
L_0x55fb96db7db0 .functor MUXZ 32, L_0x55fb96db7d10, L_0x55fb96db7860, L_0x55fb96db19a0, C4<>;
S_0x55fb96d8c280 .scope module, "iss" "Mux4" 2 168, 2 477 0, S_0x55fb96d85a00;
 .timescale 0 0;
    .port_info 0 /INPUT 64 "doutA"
    .port_info 1 /INPUT 32 "PC"
    .port_info 2 /INPUT 1 "sinalMux"
    .port_info 3 /OUTPUT 64 "S4"
L_0x7f0b1f0b6f48 .functor BUFT 1, C4<0>, C4<0>, C4<0>, C4<0>;
L_0x55fb96dade40 .functor XNOR 1, L_0x55fb96d9d1d0, L_0x7f0b1f0b6f48, C4<0>, C4<0>;
v0x55fb96d8c4a0_0 .net "PC", 31 0, v0x55fb96d8e560_0;  alias, 1 drivers
v0x55fb96d8c580_0 .net "S4", 63 0, L_0x55fb96db8210;  alias, 1 drivers
v0x55fb96d8c640_0 .net/2u *"_s0", 0 0, L_0x7f0b1f0b6f48;  1 drivers
v0x55fb96d8c730_0 .net *"_s10", 61 0, L_0x55fb96db7fe0;  1 drivers
L_0x7f0b1f0b6fd8 .functor BUFT 1, C4<00>, C4<0>, C4<0>, C4<0>;
v0x55fb96d8c810_0 .net *"_s12", 1 0, L_0x7f0b1f0b6fd8;  1 drivers
v0x55fb96d8c940_0 .net *"_s2", 0 0, L_0x55fb96dade40;  1 drivers
v0x55fb96d8ca00_0 .net *"_s4", 63 0, L_0x55fb96db7ef0;  1 drivers
L_0x7f0b1f0b6f90 .functor BUFT 1, C4<00000000000000000000000000000000>, C4<0>, C4<0>, C4<0>;
v0x55fb96d8cae0_0 .net *"_s7", 31 0, L_0x7f0b1f0b6f90;  1 drivers
v0x55fb96d8cbc0_0 .net *"_s8", 63 0, L_0x55fb96db80d0;  1 drivers
v0x55fb96d8cd30_0 .net "doutA", 63 0, v0x55fb96d8ef50_0;  alias, 1 drivers
v0x55fb96d8ce10_0 .net "sinalMux", 0 0, L_0x55fb96d9d1d0;  alias, 1 drivers
L_0x55fb96db7ef0 .concat [ 32 32 0 0], v0x55fb96d8e560_0, L_0x7f0b1f0b6f90;
L_0x55fb96db7fe0 .part L_0x55fb96db7ef0, 0, 62;
L_0x55fb96db80d0 .concat [ 2 62 0 0], L_0x7f0b1f0b6fd8, L_0x55fb96db7fe0;
L_0x55fb96db8210 .functor MUXZ 64, v0x55fb96d8ef50_0, L_0x55fb96db80d0, L_0x55fb96dade40, C4<>;
S_0x55fb96d8cf50 .scope module, "its" "somador_imm" 2 155, 2 243 0, S_0x55fb96d85a00;
 .timescale 0 0;
    .port_info 0 /INPUT 64 "dout"
    .port_info 1 /INPUT 64 "imm"
    .port_info 2 /OUTPUT 32 "soma"
v0x55fb96d8d140_0 .net *"_s0", 63 0, L_0x55fb96db7950;  1 drivers
v0x55fb96d8d240_0 .net *"_s3", 31 0, L_0x55fb96db79f0;  1 drivers
v0x55fb96d8d320_0 .net *"_s4", 63 0, L_0x55fb96db7a90;  1 drivers
L_0x7f0b1f0b6eb8 .functor BUFT 1, C4<00000000000000000000000000000000>, C4<0>, C4<0>, C4<0>;
v0x55fb96d8d3e0_0 .net *"_s7", 31 0, L_0x7f0b1f0b6eb8;  1 drivers
v0x55fb96d8d4c0_0 .net *"_s8", 63 0, L_0x55fb96db7bd0;  1 drivers
v0x55fb96d8d5f0_0 .net "dout", 63 0, L_0x55fb96db8210;  alias, 1 drivers
v0x55fb96d8d6b0_0 .net "imm", 63 0, L_0x55fb96db7400;  alias, 1 drivers
v0x55fb96d8d780_0 .net "soma", 31 0, L_0x55fb96db7d10;  alias, 1 drivers
L_0x55fb96db7950 .concat [ 64 0 0 0], L_0x55fb96db8210;
L_0x55fb96db79f0 .part L_0x55fb96db7400, 0, 32;
L_0x55fb96db7a90 .concat [ 32 32 0 0], L_0x55fb96db79f0, L_0x7f0b1f0b6eb8;
L_0x55fb96db7bd0 .arith/sum 64, L_0x55fb96db7950, L_0x55fb96db7a90;
L_0x55fb96db7d10 .part L_0x55fb96db7bd0, 0, 32;
S_0x55fb96d8d8b0 .scope module, "itt" "somador_four" 2 149, 2 234 0, S_0x55fb96d85a00;
 .timescale 0 0;
    .port_info 0 /INPUT 32 "dout_pc"
    .port_info 1 /OUTPUT 32 "soma"
v0x55fb96d8da80_0 .net *"_s0", 31 0, L_0x55fb96db7630;  1 drivers
v0x55fb96d8db80_0 .net *"_s2", 29 0, L_0x55fb96db7590;  1 drivers
L_0x7f0b1f0b6e28 .functor BUFT 1, C4<00>, C4<0>, C4<0>, C4<0>;
v0x55fb96d8dc60_0 .net *"_s4", 1 0, L_0x7f0b1f0b6e28;  1 drivers
v0x55fb96d8dd50_0 .net *"_s6", 31 0, L_0x55fb96db7770;  1 drivers
L_0x7f0b1f0b6e70 .functor BUFT 1, C4<00000000000000000000000000000100>, C4<0>, C4<0>, C4<0>;
v0x55fb96d8de30_0 .net/2u *"_s8", 31 0, L_0x7f0b1f0b6e70;  1 drivers
v0x55fb96d8df60_0 .net "dout_pc", 31 0, v0x55fb96d8e560_0;  alias, 1 drivers
v0x55fb96d8e070_0 .net "soma", 31 0, L_0x55fb96db7860;  alias, 1 drivers
L_0x55fb96db7590 .part v0x55fb96d8e560_0, 0, 30;
L_0x55fb96db7630 .concat [ 2 30 0 0], L_0x7f0b1f0b6e28, L_0x55fb96db7590;
L_0x55fb96db7770 .concat [ 32 0 0 0], L_0x55fb96db7630;
L_0x55fb96db7860 .arith/sum 32, L_0x55fb96db7770, L_0x7f0b1f0b6e70;
S_0x55fb96d8e170 .scope module, "uhh" "PC" 2 121, 2 286 0, S_0x55fb96d85a00;
 .timescale 0 0;
    .port_info 0 /INPUT 1 "clock"
    .port_info 1 /INPUT 1 "r_enable"
    .port_info 2 /INPUT 32 "data_in"
    .port_info 3 /OUTPUT 32 "data_out"
v0x55fb96d8e3a0_0 .net "clock", 0 0, L_0x55fb96dad960;  alias, 1 drivers
v0x55fb96d8e490_0 .net "data_in", 31 0, L_0x55fb96db7db0;  alias, 1 drivers
v0x55fb96d8e560_0 .var "data_out", 31 0;
v0x55fb96d8e630_0 .net "r_enable", 0 0, o0x7f0b1f101418;  alias, 0 drivers
E_0x55fb96d8e340 .event negedge, v0x55fb96d8b130_0;
S_0x55fb96d8e780 .scope module, "utt" "registrador" 2 84, 2 371 0, S_0x55fb96d85a00;
 .timescale 0 0;
    .port_info 0 /INPUT 1 "clk"
    .port_info 1 /INPUT 64 "din"
    .port_info 2 /INPUT 1 "we"
    .port_info 3 /INPUT 5 "Rw"
    .port_info 4 /INPUT 5 "Ra"
    .port_info 5 /INPUT 5 "Rb"
    .port_info 6 /OUTPUT 64 "doutA"
    .port_info 7 /OUTPUT 64 "doutB"
v0x55fb96d8eac0_0 .net "Ra", 4 0, L_0x55fb96db08e0;  alias, 1 drivers
v0x55fb96d8eba0_0 .net "Rb", 4 0, L_0x55fb96db0980;  alias, 1 drivers
v0x55fb96d8ec70_0 .net "Rw", 4 0, L_0x55fb96db0840;  alias, 1 drivers
v0x55fb96d8ed70_0 .net "clk", 0 0, L_0x55fb96dad960;  alias, 1 drivers
v0x55fb96d8ee60_0 .net/s "din", 63 0, L_0x55fb96db06c0;  alias, 1 drivers
v0x55fb96d8ef50_0 .var/s "doutA", 63 0;
v0x55fb96d8f010_0 .var/s "doutB", 63 0;
v0x55fb96d8f0d0 .array/s "registradores", 0 31, 63 0;
v0x55fb96d8f590_0 .net "we", 0 0, L_0x55fb96d9cfd0;  alias, 1 drivers
v0x55fb96d8f0d0_10 .array/port v0x55fb96d8f0d0, 10;
E_0x55fb96d8e9e0 .event edge, v0x55fb96d8f0d0_10;
v0x55fb96d8f0d0_9 .array/port v0x55fb96d8f0d0, 9;
E_0x55fb96d8ea60 .event edge, v0x55fb96d8f0d0_9;
S_0x55fb96d8f7e0 .scope module, "utu" "memoria" 2 96, 2 254 0, S_0x55fb96d85a00;
 .timescale 0 0;
    .port_info 0 /INPUT 64 "ads"
    .port_info 1 /INPUT 1 "we"
    .port_info 2 /INPUT 64 "din"
    .port_info 3 /OUTPUT 64 "dout"
v0x55fb96d8fa40_0 .net *"_s0", 63 0, L_0x55fb96dafc90;  1 drivers
v0x55fb96d8fb40_0 .net8 "ads", 63 0, RS_0x7f0b1f101d48;  alias, 2 drivers
v0x55fb96d8fc20_0 .net/s "din", 63 0, v0x55fb96d8f010_0;  alias, 1 drivers
v0x55fb96d8fd20_0 .net/s "dout", 63 0, L_0x55fb96dafd30;  alias, 1 drivers
v0x55fb96d8fde0 .array/s "registradores", 0 31, 63 0;
v0x55fb96d90400_0 .net "we", 0 0, L_0x55fb96d9cf60;  alias, 1 drivers
v0x55fb96d8fde0_13 .array/port v0x55fb96d8fde0, 13;
E_0x55fb96d8f960 .event edge, v0x55fb96d8fde0_13;
E_0x55fb96d8f9e0 .event posedge, v0x55fb96d90400_0;
L_0x55fb96dafc90 .array/port v0x55fb96d8fde0, RS_0x7f0b1f101d48;
L_0x55fb96dafd30 .functor MUXZ 64, L_0x55fb96dafc90, v0x55fb96d8f010_0, L_0x55fb96d9cf60, C4<>;
S_0x55fb96d90540 .scope module, "utv" "Mux1" 2 104, 2 438 0, S_0x55fb96d85a00;
 .timescale 0 0;
    .port_info 0 /INPUT 64 "imm"
    .port_info 1 /INPUT 64 "doutB"
    .port_info 2 /INPUT 1 "sinalMux"
    .port_info 3 /OUTPUT 64 "S1"
L_0x7f0b1f0b6840 .functor BUFT 1, C4<0>, C4<0>, C4<0>, C4<0>;
L_0x55fb96dae690 .functor XNOR 1, L_0x55fb96d9d0d0, L_0x7f0b1f0b6840, C4<0>, C4<0>;
v0x55fb96d90710_0 .net/s "S1", 63 0, L_0x55fb96dafe20;  alias, 1 drivers
v0x55fb96d90810_0 .net/2u *"_s0", 0 0, L_0x7f0b1f0b6840;  1 drivers
v0x55fb96d908f0_0 .net *"_s2", 0 0, L_0x55fb96dae690;  1 drivers
v0x55fb96d909c0_0 .net/s "doutB", 63 0, v0x55fb96d8f010_0;  alias, 1 drivers
v0x55fb96d90ad0_0 .net/s "imm", 63 0, L_0x55fb96db7400;  alias, 1 drivers
v0x55fb96d90c30_0 .net "sinalMux", 0 0, L_0x55fb96d9d0d0;  alias, 1 drivers
L_0x55fb96dafe20 .functor MUXZ 64, v0x55fb96d8f010_0, L_0x55fb96db7400, L_0x55fb96dae690, C4<>;
S_0x55fb96d90d70 .scope module, "uut" "ULA" 2 76, 2 208 0, S_0x55fb96d85a00;
 .timescale 0 0;
    .port_info 0 /INPUT 64 "b"
    .port_info 1 /INPUT 64 "a"
    .port_info 2 /INPUT 4 "sinal"
    .port_info 3 /OUTPUT 64 "soma"
    .port_info 4 /OUTPUT 1 "flag"
v0x55fb96d90f40_0 .net *"_s11", 0 0, L_0x55fb96dadf00;  1 drivers
v0x55fb96d91020_0 .net/s *"_s13", 63 0, L_0x55fb96dae030;  1 drivers
L_0x7f0b1f0b6570 .functor BUFT 1, C4<0110>, C4<0>, C4<0>, C4<0>;
v0x55fb96d91100_0 .net/2u *"_s15", 3 0, L_0x7f0b1f0b6570;  1 drivers
v0x55fb96d911c0_0 .net *"_s17", 0 0, L_0x55fb96dae160;  1 drivers
v0x55fb96d91280_0 .net/s *"_s19", 63 0, L_0x55fb96dae250;  1 drivers
L_0x7f0b1f0b65b8 .functor BUFT 1, C4<1010>, C4<0>, C4<0>, C4<0>;
v0x55fb96d913b0_0 .net/2u *"_s21", 3 0, L_0x7f0b1f0b65b8;  1 drivers
v0x55fb96d91490_0 .net *"_s23", 0 0, L_0x55fb96dae2f0;  1 drivers
v0x55fb96d91550_0 .net/s *"_s25", 63 0, L_0x55fb96dae550;  1 drivers
L_0x7f0b1f0b6600 .functor BUFT 1, C4<0110>, C4<0>, C4<0>, C4<0>;
v0x55fb96d91630_0 .net/2u *"_s27", 3 0, L_0x7f0b1f0b6600;  1 drivers
v0x55fb96d917a0_0 .net *"_s29", 0 0, L_0x55fb96dae5f0;  1 drivers
v0x55fb96d91860_0 .net/s *"_s3", 64 0, L_0x55fb96dadbd0;  1 drivers
v0x55fb96d91940_0 .net/s *"_s31", 63 0, L_0x55fb96dae700;  1 drivers
v0x55fb96d91a20_0 .net/s *"_s33", 63 0, L_0x55fb96dae8b0;  1 drivers
v0x55fb96d91b00_0 .net *"_s35", 63 0, L_0x55fb96daeae0;  1 drivers
v0x55fb96d91be0_0 .net *"_s37", 63 0, L_0x55fb96daeca0;  1 drivers
v0x55fb96d91cc0_0 .net *"_s39", 63 0, L_0x55fb96daeec0;  1 drivers
L_0x7f0b1f0b6648 .functor BUFT 1, C4<0000>, C4<0>, C4<0>, C4<0>;
v0x55fb96d91da0_0 .net/2u *"_s43", 3 0, L_0x7f0b1f0b6648;  1 drivers
v0x55fb96d91f90_0 .net *"_s45", 0 0, L_0x55fb96daf280;  1 drivers
L_0x7f0b1f0b6690 .functor BUFT 1, C4<00>, C4<0>, C4<0>, C4<0>;
v0x55fb96d92050_0 .net/2s *"_s47", 1 0, L_0x7f0b1f0b6690;  1 drivers
L_0x7f0b1f0b66d8 .functor BUFT 1, C4<1010>, C4<0>, C4<0>, C4<0>;
v0x55fb96d92130_0 .net/2u *"_s49", 3 0, L_0x7f0b1f0b66d8;  1 drivers
v0x55fb96d92210_0 .net/s *"_s5", 64 0, L_0x55fb96dadd00;  1 drivers
v0x55fb96d922f0_0 .net *"_s51", 0 0, L_0x55fb96daf370;  1 drivers
L_0x7f0b1f0b6720 .functor BUFT 1, C4<00>, C4<0>, C4<0>, C4<0>;
v0x55fb96d923b0_0 .net/2s *"_s53", 1 0, L_0x7f0b1f0b6720;  1 drivers
L_0x7f0b1f0b6768 .functor BUFT 1, C4<0110>, C4<0>, C4<0>, C4<0>;
v0x55fb96d92490_0 .net/2u *"_s55", 3 0, L_0x7f0b1f0b6768;  1 drivers
v0x55fb96d92570_0 .net *"_s57", 0 0, L_0x55fb96daf0f0;  1 drivers
L_0x7f0b1f0b67b0 .functor BUFT 1, C4<00>, C4<0>, C4<0>, C4<0>;
v0x55fb96d92630_0 .net/2s *"_s59", 1 0, L_0x7f0b1f0b67b0;  1 drivers
L_0x7f0b1f0b67f8 .functor BUFT 1, C4<01>, C4<0>, C4<0>, C4<0>;
v0x55fb96d92710_0 .net/2s *"_s61", 1 0, L_0x7f0b1f0b67f8;  1 drivers
v0x55fb96d927f0_0 .net *"_s63", 1 0, L_0x55fb96daf560;  1 drivers
v0x55fb96d928d0_0 .net *"_s65", 1 0, L_0x55fb96daf7b0;  1 drivers
v0x55fb96d929b0_0 .net *"_s67", 1 0, L_0x55fb96daf940;  1 drivers
v0x55fb96d92a90_0 .net/s *"_s7", 64 0, L_0x55fb96dadda0;  1 drivers
L_0x7f0b1f0b6528 .functor BUFT 1, C4<0010>, C4<0>, C4<0>, C4<0>;
v0x55fb96d92b70_0 .net/2u *"_s9", 3 0, L_0x7f0b1f0b6528;  1 drivers
v0x55fb96d92c50_0 .net/s "a", 63 0, v0x55fb96d8ef50_0;  alias, 1 drivers
v0x55fb96d92d10_0 .net/s "b", 63 0, L_0x55fb96dafe20;  alias, 1 drivers
v0x55fb96d92dd0_0 .net "flag", 0 0, L_0x55fb96dafba0;  alias, 1 drivers
v0x55fb96d92e70_0 .net "overflow", 0 0, L_0x55fb96dada40;  1 drivers
v0x55fb96d92f10_0 .net "sinal", 3 0, L_0x55fb96d9cd90;  alias, 1 drivers
v0x55fb96d92fd0_0 .net8/s "soma", 63 0, RS_0x7f0b1f101d48;  alias, 2 drivers
L_0x55fb96dada40 .part L_0x55fb96dadda0, 64, 1;
L_0x55fb96dadae0 .part L_0x55fb96dadda0, 0, 64;
L_0x55fb96dadbd0 .extend/s 65, v0x55fb96d8ef50_0;
L_0x55fb96dadd00 .extend/s 65, L_0x55fb96dafe20;
L_0x55fb96dadda0 .arith/sum 65, L_0x55fb96dadbd0, L_0x55fb96dadd00;
L_0x55fb96dadf00 .cmp/eq 4, L_0x55fb96d9cd90, L_0x7f0b1f0b6528;
L_0x55fb96dae030 .arith/sum 64, v0x55fb96d8ef50_0, L_0x55fb96dafe20;
L_0x55fb96dae160 .cmp/eq 4, L_0x55fb96d9cd90, L_0x7f0b1f0b6570;
L_0x55fb96dae250 .arith/sum 64, v0x55fb96d8ef50_0, L_0x55fb96dafe20;
L_0x55fb96dae2f0 .cmp/eq 4, L_0x55fb96d9cd90, L_0x7f0b1f0b65b8;
L_0x55fb96dae550 .arith/sum 64, v0x55fb96d8ef50_0, L_0x55fb96dafe20;
L_0x55fb96dae5f0 .cmp/eq 4, L_0x55fb96d9cd90, L_0x7f0b1f0b6600;
L_0x55fb96dae700 .arith/sub 64, v0x55fb96d8ef50_0, L_0x55fb96dafe20;
L_0x55fb96dae8b0 .arith/sub 64, v0x55fb96d8ef50_0, L_0x55fb96dafe20;
L_0x55fb96daeae0 .functor MUXZ 64, L_0x55fb96dae8b0, L_0x55fb96dae700, L_0x55fb96dae5f0, C4<>;
L_0x55fb96daeca0 .functor MUXZ 64, L_0x55fb96daeae0, L_0x55fb96dae550, L_0x55fb96dae2f0, C4<>;
L_0x55fb96daeec0 .functor MUXZ 64, L_0x55fb96daeca0, L_0x55fb96dae250, L_0x55fb96dae160, C4<>;
L_0x55fb96daf050 .functor MUXZ 64, L_0x55fb96daeec0, L_0x55fb96dae030, L_0x55fb96dadf00, C4<>;
L_0x55fb96daf280 .cmp/eq 4, L_0x55fb96d9cd90, L_0x7f0b1f0b6648;
L_0x55fb96daf370 .cmp/eq 4, L_0x55fb96d9cd90, L_0x7f0b1f0b66d8;
L_0x55fb96daf0f0 .cmp/eq 4, L_0x55fb96d9cd90, L_0x7f0b1f0b6768;
L_0x55fb96daf560 .functor MUXZ 2, L_0x7f0b1f0b67f8, L_0x7f0b1f0b67b0, L_0x55fb96daf0f0, C4<>;
L_0x55fb96daf7b0 .functor MUXZ 2, L_0x55fb96daf560, L_0x7f0b1f0b6720, L_0x55fb96daf370, C4<>;
L_0x55fb96daf940 .functor MUXZ 2, L_0x55fb96daf7b0, L_0x7f0b1f0b6690, L_0x55fb96daf280, C4<>;
L_0x55fb96dafba0 .part L_0x55fb96daf940, 0, 1;
S_0x55fb96d93140 .scope module, "uvv" "Mux2" 2 111, 2 451 0, S_0x55fb96d85a00;
 .timescale 0 0;
    .port_info 0 /INPUT 64 "dout"
    .port_info 1 /INPUT 64 "soma"
    .port_info 2 /INPUT 32 "PC_four"
    .port_info 3 /INPUT 32 "PC_imm"
    .port_info 4 /INPUT 1 "sinalMux"
    .port_info 5 /OUTPUT 64 "S2"
v0x55fb96d933f0_0 .net/s "PC_four", 31 0, L_0x55fb96db7860;  alias, 1 drivers
v0x55fb96d93520_0 .net/s "PC_imm", 31 0, L_0x55fb96db7d10;  alias, 1 drivers
v0x55fb96d93630_0 .net/s "S2", 63 0, L_0x55fb96db06c0;  alias, 1 drivers
v0x55fb96d936d0_0 .net *"_s0", 31 0, L_0x55fb96daff10;  1 drivers
L_0x7f0b1f0b6918 .functor BUFT 1, C4<0000000000000000000000000000000>, C4<0>, C4<0>, C4<0>;
v0x55fb96d93790_0 .net *"_s11", 30 0, L_0x7f0b1f0b6918;  1 drivers
L_0x7f0b1f0b6960 .functor BUFT 1, C4<00000000000000000000000000000001>, C4<0>, C4<0>, C4<0>;
v0x55fb96d938c0_0 .net/2u *"_s12", 31 0, L_0x7f0b1f0b6960;  1 drivers
v0x55fb96d939a0_0 .net *"_s14", 0 0, L_0x55fb96db03f0;  1 drivers
L_0x7f0b1f0b69a8 .functor BUFT 1, C4<0000000000000000000000000000000000000000000000000000000000000000>, C4<0>, C4<0>, C4<0>;
v0x55fb96d93a60_0 .net/2s *"_s16", 63 0, L_0x7f0b1f0b69a8;  1 drivers
v0x55fb96d93b40_0 .net *"_s18", 63 0, L_0x55fb96db0580;  1 drivers
L_0x7f0b1f0b6888 .functor BUFT 1, C4<0000000000000000000000000000000>, C4<0>, C4<0>, C4<0>;
v0x55fb96d93c20_0 .net *"_s3", 30 0, L_0x7f0b1f0b6888;  1 drivers
L_0x7f0b1f0b68d0 .functor BUFT 1, C4<00000000000000000000000000000000>, C4<0>, C4<0>, C4<0>;
v0x55fb96d93d00_0 .net/2u *"_s4", 31 0, L_0x7f0b1f0b68d0;  1 drivers
v0x55fb96d93de0_0 .net *"_s6", 0 0, L_0x55fb96daffb0;  1 drivers
v0x55fb96d93ea0_0 .net *"_s8", 31 0, L_0x55fb96db00f0;  1 drivers
v0x55fb96d93f80_0 .net/s "dout", 63 0, L_0x55fb96dafd30;  alias, 1 drivers
v0x55fb96d94040_0 .net "sinalMux", 0 0, L_0x55fb96d9d2d0;  alias, 1 drivers
v0x55fb96d940e0_0 .net8/s "soma", 63 0, RS_0x7f0b1f101d48;  alias, 2 drivers
L_0x55fb96daff10 .concat [ 1 31 0 0], L_0x55fb96d9d2d0, L_0x7f0b1f0b6888;
L_0x55fb96daffb0 .cmp/eq 32, L_0x55fb96daff10, L_0x7f0b1f0b68d0;
L_0x55fb96db00f0 .concat [ 1 31 0 0], L_0x55fb96d9d2d0, L_0x7f0b1f0b6918;
L_0x55fb96db03f0 .cmp/eq 32, L_0x55fb96db00f0, L_0x7f0b1f0b6960;
L_0x55fb96db0580 .functor MUXZ 64, L_0x7f0b1f0b69a8, RS_0x7f0b1f101d48, L_0x55fb96db03f0, C4<>;
L_0x55fb96db06c0 .functor MUXZ 64, L_0x55fb96db0580, L_0x55fb96dafd30, L_0x55fb96daffb0, C4<>;
S_0x55fb96d96c00 .scope module, "uc_inst" "uc" 6 20, 7 1 0, S_0x55fb96d856a0;
 .timescale 0 0;
    .port_info 0 /INPUT 1 "clk"
    .port_info 1 /INPUT 1 "rst_n"
    .port_info 2 /INPUT 7 "opcode"
    .port_info 3 /OUTPUT 1 "d_mem_we"
    .port_info 4 /OUTPUT 1 "rf_we"
    .port_info 5 /INPUT 4 "alu_flags"
    .port_info 6 /OUTPUT 4 "alu_cmd"
    .port_info 7 /OUTPUT 1 "alu_src"
    .port_info 8 /OUTPUT 1 "pc_src"
    .port_info 9 /OUTPUT 1 "rf_src"
L_0x55fb96d9c350 .functor NOT 1, v0x55fb96d9b0c0_0, C4<0>, C4<0>, C4<0>;
L_0x55fb96d9cf60 .functor BUFZ 1, L_0x55fb96d9c940, C4<0>, C4<0>, C4<0>;
L_0x55fb96d9cfd0 .functor BUFZ 1, L_0x55fb96d9c850, C4<0>, C4<0>, C4<0>;
L_0x55fb96d9d0d0 .functor BUFZ 1, L_0x55fb96d9ccf0, C4<0>, C4<0>, C4<0>;
L_0x55fb96d9d1d0 .functor BUFZ 1, v0x55fb96d98a20_0, C4<0>, C4<0>, C4<0>;
v0x55fb96d98d00_0 .net "Mux1", 0 0, L_0x55fb96d9ccf0;  1 drivers
v0x55fb96d98dc0_0 .net "Mux2", 1 0, L_0x55fb96d9cb70;  1 drivers
v0x55fb96d98e60_0 .net "Mux4", 0 0, L_0x55fb96d9ca80;  1 drivers
v0x55fb96d98f60_0 .net "alu_cmd", 3 0, L_0x55fb96d9cd90;  alias, 1 drivers
v0x55fb96d99000_0 .net "alu_flags", 3 0, o0x7f0b1f1031e8;  alias, 0 drivers
v0x55fb96d990a0_0 .net "alu_src", 0 0, L_0x55fb96d9d0d0;  alias, 1 drivers
v0x55fb96d99190_0 .net "clk", 0 0, v0x55fb96d9b020_0;  alias, 1 drivers
v0x55fb96d99230_0 .net "d_mem_we", 0 0, L_0x55fb96d9cf60;  alias, 1 drivers
v0x55fb96d99320_0 .net "opcode", 6 0, L_0x55fb96db0a20;  alias, 1 drivers
v0x55fb96d994e0_0 .net "pc_src", 0 0, L_0x55fb96d9d1d0;  alias, 1 drivers
v0x55fb96d99580_0 .net "rf_src", 0 0, L_0x55fb96d9d2d0;  alias, 1 drivers
v0x55fb96d99620_0 .net "rf_we", 0 0, L_0x55fb96d9cfd0;  alias, 1 drivers
v0x55fb96d99710_0 .net "rst_n", 0 0, v0x55fb96d9b0c0_0;  alias, 1 drivers
v0x55fb96d997b0_0 .net "state_reg", 3 0, v0x55fb96d97770_0;  1 drivers
v0x55fb96d998a0_0 .net "weIR", 0 0, v0x55fb96d988c0_0;  1 drivers
v0x55fb96d99940_0 .net "weMem", 0 0, L_0x55fb96d9c940;  1 drivers
v0x55fb96d999e0_0 .net "wePc", 0 0, v0x55fb96d98a20_0;  1 drivers
v0x55fb96d99b90_0 .net "weReg", 0 0, L_0x55fb96d9c850;  1 drivers
L_0x55fb96d9d2d0 .part L_0x55fb96d9cb70, 0, 1;
S_0x55fb96d96ef0 .scope module, "sm" "state_machineUC" 7 15, 7 46 0, S_0x55fb96d96c00;
 .timescale 0 0;
    .port_info 0 /INPUT 1 "clk"
    .port_info 1 /INPUT 1 "reset"
    .port_info 2 /OUTPUT 4 "state_reg"
P_0x55fb96d970c0 .param/l "DECODE" 0 7 51, C4<0010>;
P_0x55fb96d97100 .param/l "EXECUTE" 0 7 51, C4<0011>;
P_0x55fb96d97140 .param/l "FETCH" 0 7 51, C4<0001>;
P_0x55fb96d97180 .param/l "IDLE" 0 7 51, C4<0000>;
P_0x55fb96d971c0 .param/l "WRITE_BACK" 0 7 52, C4<0100>;
v0x55fb96d974f0_0 .net "clk", 0 0, v0x55fb96d9b020_0;  alias, 1 drivers
v0x55fb96d975e0_0 .net "reset", 0 0, L_0x55fb96d9c350;  1 drivers
v0x55fb96d97680_0 .var "state_next", 3 0;
v0x55fb96d97770_0 .var "state_reg", 3 0;
E_0x55fb96d93310 .event posedge, v0x55fb96d954b0_0;
S_0x55fb96d978d0 .scope module, "uc" "UC" 7 21, 7 107 0, S_0x55fb96d96c00;
 .timescale 0 0;
    .port_info 0 /INPUT 1 "clk"
    .port_info 1 /INPUT 4 "state_reg"
    .port_info 2 /INPUT 7 "opcode"
    .port_info 3 /OUTPUT 4 "alu_cmd"
    .port_info 4 /OUTPUT 1 "Mux1"
    .port_info 5 /OUTPUT 2 "Mux2"
    .port_info 6 /OUTPUT 1 "Mux4"
    .port_info 7 /OUTPUT 1 "weMem"
    .port_info 8 /OUTPUT 1 "weReg"
    .port_info 9 /OUTPUT 1 "wePc"
    .port_info 10 /OUTPUT 1 "weIR"
P_0x55fb96d97aa0 .param/l "DECODE" 0 7 122, C4<0010>;
P_0x55fb96d97ae0 .param/l "EXECUTE" 0 7 122, C4<0011>;
P_0x55fb96d97b20 .param/l "FETCH" 0 7 122, C4<0001>;
P_0x55fb96d97b60 .param/l "IDLE" 0 7 122, C4<0000>;
P_0x55fb96d97ba0 .param/l "WRITE_BACK" 0 7 123, C4<0100>;
v0x55fb96d97e20_0 .net "Mux1", 0 0, L_0x55fb96d9ccf0;  alias, 1 drivers
v0x55fb96d97ee0_0 .net "Mux2", 1 0, L_0x55fb96d9cb70;  alias, 1 drivers
v0x55fb96d97fc0_0 .net "Mux4", 0 0, L_0x55fb96d9ca80;  alias, 1 drivers
L_0x7f0b1f0b63c0 .functor BUFT 1, C4<0>, C4<0>, C4<0>, C4<0>;
v0x55fb96d98090_0 .net *"_s10", 0 0, L_0x7f0b1f0b63c0;  1 drivers
v0x55fb96d98170_0 .net *"_s7", 9 0, L_0x55fb96d9ce70;  1 drivers
v0x55fb96d982a0_0 .net "alu_cmd", 3 0, L_0x55fb96d9cd90;  alias, 1 drivers
o0x7f0b1f103788 .functor BUFZ 4, C4<zzzz>; HiZ drive
v0x55fb96d983b0_0 .net "alu_flags", 3 0, o0x7f0b1f103788;  0 drivers
v0x55fb96d98490_0 .net "clk", 0 0, v0x55fb96d9b020_0;  alias, 1 drivers
v0x55fb96d98580_0 .var "control", 8 0;
v0x55fb96d98660_0 .net "opcode", 6 0, L_0x55fb96db0a20;  alias, 1 drivers
v0x55fb96d98720_0 .var "reg_opcode", 6 0;
v0x55fb96d98800_0 .net "state_reg", 3 0, v0x55fb96d97770_0;  alias, 1 drivers
v0x55fb96d988c0_0 .var "weIR", 0 0;
v0x55fb96d98960_0 .net "weMem", 0 0, L_0x55fb96d9c940;  alias, 1 drivers
v0x55fb96d98a20_0 .var "wePc", 0 0;
v0x55fb96d98ae0_0 .net "weReg", 0 0, L_0x55fb96d9c850;  alias, 1 drivers
L_0x55fb96d9c850 .part L_0x55fb96d9ce70, 9, 1;
L_0x55fb96d9c940 .part L_0x55fb96d9ce70, 8, 1;
L_0x55fb96d9ca80 .part L_0x55fb96d9ce70, 7, 1;
L_0x55fb96d9cb70 .part L_0x55fb96d9ce70, 5, 2;
L_0x55fb96d9ccf0 .part L_0x55fb96d9ce70, 4, 1;
L_0x55fb96d9cd90 .part L_0x55fb96d9ce70, 0, 4;
L_0x55fb96d9ce70 .concat [ 9 1 0 0], v0x55fb96d98580_0, L_0x7f0b1f0b63c0;
    .scope S_0x55fb96d96ef0;
T_0 ;
    %wait E_0x55fb96d93310;
    %load/vec4 v0x55fb96d975e0_0;
    %flag_set/vec4 8;
    %jmp/0xz  T_0.0, 8;
    %pushi/vec4 0, 0, 4;
    %assign/vec4 v0x55fb96d97770_0, 0;
    %jmp T_0.1;
T_0.0 ;
    %load/vec4 v0x55fb96d97770_0;
    %dup/vec4;
    %pushi/vec4 0, 0, 4;
    %cmp/u;
    %jmp/1 T_0.2, 6;
    %dup/vec4;
    %pushi/vec4 1, 0, 4;
    %cmp/u;
    %jmp/1 T_0.3, 6;
    %dup/vec4;
    %pushi/vec4 2, 0, 4;
    %cmp/u;
    %jmp/1 T_0.4, 6;
    %dup/vec4;
    %pushi/vec4 3, 0, 4;
    %cmp/u;
    %jmp/1 T_0.5, 6;
    %dup/vec4;
    %pushi/vec4 4, 0, 4;
    %cmp/u;
    %jmp/1 T_0.6, 6;
    %pushi/vec4 0, 0, 4;
    %store/vec4 v0x55fb96d97680_0, 0, 4;
    %jmp T_0.8;
T_0.2 ;
    %pushi/vec4 1, 0, 4;
    %store/vec4 v0x55fb96d97680_0, 0, 4;
    %jmp T_0.8;
T_0.3 ;
    %pushi/vec4 2, 0, 4;
    %store/vec4 v0x55fb96d97680_0, 0, 4;
    %jmp T_0.8;
T_0.4 ;
    %pushi/vec4 3, 0, 4;
    %store/vec4 v0x55fb96d97680_0, 0, 4;
    %jmp T_0.8;
T_0.5 ;
    %pushi/vec4 4, 0, 4;
    %store/vec4 v0x55fb96d97680_0, 0, 4;
    %jmp T_0.8;
T_0.6 ;
    %pushi/vec4 0, 0, 4;
    %store/vec4 v0x55fb96d97680_0, 0, 4;
    %jmp T_0.8;
T_0.8 ;
    %pop/vec4 1;
    %load/vec4 v0x55fb96d97680_0;
    %assign/vec4 v0x55fb96d97770_0, 0;
T_0.1 ;
    %jmp T_0;
    .thread T_0;
    .scope S_0x55fb96d978d0;
T_1 ;
    %wait E_0x55fb96d93310;
    %load/vec4 v0x55fb96d98800_0;
    %dup/vec4;
    %pushi/vec4 0, 0, 4;
    %cmp/u;
    %jmp/1 T_1.0, 6;
    %dup/vec4;
    %pushi/vec4 1, 0, 4;
    %cmp/u;
    %jmp/1 T_1.1, 6;
    %dup/vec4;
    %pushi/vec4 2, 0, 4;
    %cmp/u;
    %jmp/1 T_1.2, 6;
    %dup/vec4;
    %pushi/vec4 3, 0, 4;
    %cmp/u;
    %jmp/1 T_1.3, 6;
    %dup/vec4;
    %pushi/vec4 4, 0, 4;
    %cmp/u;
    %jmp/1 T_1.4, 6;
    %jmp T_1.5;
T_1.0 ;
    %jmp T_1.5;
T_1.1 ;
    %pushi/vec4 1, 0, 1;
    %store/vec4 v0x55fb96d988c0_0, 0, 1;
    %jmp T_1.5;
T_1.2 ;
    %pushi/vec4 0, 0, 1;
    %store/vec4 v0x55fb96d988c0_0, 0, 1;
    %load/vec4 v0x55fb96d98660_0;
    %assign/vec4 v0x55fb96d98720_0, 0;
    %jmp T_1.5;
T_1.3 ;
    %load/vec4 v0x55fb96d98720_0;
    %dup/vec4;
    %pushi/vec4 3, 0, 7;
    %cmp/u;
    %jmp/1 T_1.6, 6;
    %dup/vec4;
    %pushi/vec4 35, 0, 7;
    %cmp/u;
    %jmp/1 T_1.7, 6;
    %dup/vec4;
    %pushi/vec4 51, 0, 7;
    %cmp/u;
    %jmp/1 T_1.8, 6;
    %pushi/vec4 255, 255, 9;
    %assign/vec4 v0x55fb96d98580_0, 0;
    %jmp T_1.10;
T_1.6 ;
    %pushi/vec4 128, 0, 9;
    %assign/vec4 v0x55fb96d98580_0, 0;
    %jmp T_1.10;
T_1.7 ;
    %pushi/vec4 64, 0, 9;
    %assign/vec4 v0x55fb96d98580_0, 0;
    %jmp T_1.10;
T_1.8 ;
    %pushi/vec4 174, 32, 9;
    %assign/vec4 v0x55fb96d98580_0, 0;
    %jmp T_1.10;
T_1.10 ;
    %pop/vec4 1;
    %pushi/vec4 0, 0, 1;
    %store/vec4 v0x55fb96d988c0_0, 0, 1;
    %pushi/vec4 1, 0, 1;
    %store/vec4 v0x55fb96d98a20_0, 0, 1;
    %jmp T_1.5;
T_1.4 ;
    %pushi/vec4 0, 0, 1;
    %store/vec4 v0x55fb96d98a20_0, 0, 1;
    %jmp T_1.5;
T_1.5 ;
    %pop/vec4 1;
    %jmp T_1;
    .thread T_1;
    .scope S_0x55fb96d8e780;
T_2 ;
    %pushi/vec4 1, 0, 64;
    %ix/load 4, 0, 0;
    %flag_set/imm 4, 0;
    %store/vec4a v0x55fb96d8f0d0, 4, 0;
    %pushi/vec4 1, 0, 64;
    %ix/load 4, 1, 0;
    %flag_set/imm 4, 0;
    %store/vec4a v0x55fb96d8f0d0, 4, 0;
    %pushi/vec4 1, 0, 64;
    %ix/load 4, 2, 0;
    %flag_set/imm 4, 0;
    %store/vec4a v0x55fb96d8f0d0, 4, 0;
    %pushi/vec4 0, 0, 64;
    %ix/load 4, 3, 0;
    %flag_set/imm 4, 0;
    %store/vec4a v0x55fb96d8f0d0, 4, 0;
    %pushi/vec4 4294967295, 0, 32;
    %concati/vec4 4294967295, 0, 32;
    %ix/load 4, 4, 0;
    %flag_set/imm 4, 0;
    %store/vec4a v0x55fb96d8f0d0, 4, 0;
    %pushi/vec4 1, 0, 64;
    %ix/load 4, 5, 0;
    %flag_set/imm 4, 0;
    %store/vec4a v0x55fb96d8f0d0, 4, 0;
    %pushi/vec4 62, 0, 64;
    %ix/load 4, 8, 0;
    %flag_set/imm 4, 0;
    %store/vec4a v0x55fb96d8f0d0, 4, 0;
    %end;
    .thread T_2;
    .scope S_0x55fb96d8e780;
T_3 ;
    %wait E_0x55fb96d6e540;
    %load/vec4 v0x55fb96d8f590_0;
    %flag_set/vec4 8;
    %jmp/0xz  T_3.0, 8;
    %load/vec4 v0x55fb96d8ee60_0;
    %load/vec4 v0x55fb96d8ec70_0;
    %pad/u 7;
    %ix/vec4 3;
    %ix/load 4, 0, 0; Constant delay
    %assign/vec4/a/d v0x55fb96d8f0d0, 0, 4;
T_3.0 ;
    %load/vec4 v0x55fb96d8eac0_0;
    %pad/u 7;
    %ix/vec4 4;
    %load/vec4a v0x55fb96d8f0d0, 4;
    %assign/vec4 v0x55fb96d8ef50_0, 0;
    %load/vec4 v0x55fb96d8eba0_0;
    %pad/u 7;
    %ix/vec4 4;
    %load/vec4a v0x55fb96d8f0d0, 4;
    %assign/vec4 v0x55fb96d8f010_0, 0;
    %jmp T_3;
    .thread T_3;
    .scope S_0x55fb96d8e780;
T_4 ;
    %wait E_0x55fb96d8ea60;
    %vpi_call 2 424 "$display", "Conte\303\272do do x9 no banco de registradores: %d", &A<v0x55fb96d8f0d0, 9> {0 0 0};
    %jmp T_4;
    .thread T_4, $push;
    .scope S_0x55fb96d8e780;
T_5 ;
    %wait E_0x55fb96d8e9e0;
    %vpi_call 2 430 "$display", "Conte\303\272do do x10 no banco de registradores: %d", &A<v0x55fb96d8f0d0, 10> {0 0 0};
    %jmp T_5;
    .thread T_5, $push;
    .scope S_0x55fb96d8f7e0;
T_6 ;
    %pushi/vec4 45, 0, 64;
    %ix/load 4, 0, 0;
    %flag_set/imm 4, 0;
    %store/vec4a v0x55fb96d8fde0, 4, 0;
    %pushi/vec4 11, 0, 64;
    %ix/load 4, 1, 0;
    %flag_set/imm 4, 0;
    %store/vec4a v0x55fb96d8fde0, 4, 0;
    %pushi/vec4 14, 0, 64;
    %ix/load 4, 3, 0;
    %flag_set/imm 4, 0;
    %store/vec4a v0x55fb96d8fde0, 4, 0;
    %end;
    .thread T_6;
    .scope S_0x55fb96d8f7e0;
T_7 ;
    %wait E_0x55fb96d8f9e0;
    %load/vec4 v0x55fb96d8fc20_0;
    %ix/getv 3, v0x55fb96d8fb40_0;
    %ix/load 4, 0, 0; Constant delay
    %assign/vec4/a/d v0x55fb96d8fde0, 0, 4;
    %jmp T_7;
    .thread T_7;
    .scope S_0x55fb96d8f7e0;
T_8 ;
    %wait E_0x55fb96d8f960;
    %vpi_call 2 279 "$display", "Conte\303\272do registrador 13 da mem\303\263ria: %d", &A<v0x55fb96d8fde0, 13> {0 0 0};
    %jmp T_8;
    .thread T_8, $push;
    .scope S_0x55fb96d8e170;
T_9 ;
    %pushi/vec4 0, 0, 32;
    %assign/vec4 v0x55fb96d8e560_0, 0;
    %end;
    .thread T_9;
    .scope S_0x55fb96d8e170;
T_10 ;
    %wait E_0x55fb96d8e340;
    %load/vec4 v0x55fb96d8e630_0;
    %flag_set/vec4 8;
    %jmp/0xz  T_10.0, 8;
    %load/vec4 v0x55fb96d8e490_0;
    %parti/s 6, 2, 3;
    %pad/u 32;
    %assign/vec4 v0x55fb96d8e560_0, 0;
T_10.0 ;
    %jmp T_10;
    .thread T_10;
    .scope S_0x55fb96d8af90;
T_11 ;
    %wait E_0x55fb96d6e540;
    %load/vec4 v0x55fb96d8b650_0;
    %flag_set/vec4 8;
    %jmp/0xz  T_11.0, 8;
    %load/vec4 v0x55fb96d8b1f0_0;
    %assign/vec4 v0x55fb96d8b2e0_0, 0;
T_11.0 ;
    %jmp T_11;
    .thread T_11;
    .scope S_0x55fb96d85a00;
T_12 ;
    %pushi/vec4 0, 0, 2;
    %assign/vec4 v0x55fb96d955f0_0, 0;
    %end;
    .thread T_12;
    .scope S_0x55fb96d85a00;
T_13 ;
    %wait E_0x55fb96ce7c30;
    %load/vec4 v0x55fb96d955f0_0;
    %addi 1, 0, 2;
    %store/vec4 v0x55fb96d955f0_0, 0, 2;
    %load/vec4 v0x55fb96d955f0_0;
    %pad/u 32;
    %cmpi/e 3, 0, 32;
    %jmp/0xz  T_13.0, 4;
    %pushi/vec4 0, 0, 2;
    %assign/vec4 v0x55fb96d955f0_0, 0;
T_13.0 ;
    %jmp T_13;
    .thread T_13, $push;
    .scope S_0x55fb96d849a0;
T_14 ;
    %pushi/vec4 1114723, 0, 32;
    %ix/load 4, 0, 0;
    %flag_set/imm 4, 0;
    %store/vec4a v0x55fb96d853c0, 4, 0;
    %pushi/vec4 3253123, 0, 32;
    %ix/load 4, 2, 0;
    %flag_set/imm 4, 0;
    %store/vec4a v0x55fb96d853c0, 4, 0;
    %pushi/vec4 4270043043, 0, 32;
    %ix/load 4, 3, 0;
    %flag_set/imm 4, 0;
    %store/vec4a v0x55fb96d853c0, 4, 0;
    %pushi/vec4 8422579, 0, 32;
    %ix/load 4, 4, 0;
    %flag_set/imm 4, 0;
    %store/vec4a v0x55fb96d853c0, 4, 0;
    %pushi/vec4 1075053875, 0, 32;
    %ix/load 4, 5, 0;
    %flag_set/imm 4, 0;
    %store/vec4a v0x55fb96d853c0, 4, 0;
    %pushi/vec4 3179923, 0, 32;
    %ix/load 4, 6, 0;
    %flag_set/imm 4, 0;
    %store/vec4a v0x55fb96d853c0, 4, 0;
    %end;
    .thread T_14;
    .scope S_0x55fb96d385a0;
T_15 ;
    %vpi_call 3 18 "$dumpfile", "testbench.vcd" {0 0 0};
    %end;
    .thread T_15;
    .scope S_0x55fb96d385a0;
T_16 ;
    %vpi_call 3 19 "$dumpvars", 32'sb00000000000000000000000000000000, S_0x55fb96d385a0 {0 0 0};
    %end;
    .thread T_16;
    .scope S_0x55fb96d385a0;
T_17 ;
    %pushi/vec4 0, 0, 1;
    %store/vec4 v0x55fb96d9b020_0, 0, 1;
    %pushi/vec4 1, 0, 1;
    %store/vec4 v0x55fb96d9b0c0_0, 0, 1;
    %delay 10, 0;
    %pushi/vec4 0, 0, 1;
    %store/vec4 v0x55fb96d9b0c0_0, 0, 1;
    %delay 1000, 0;
    %vpi_call 3 32 "$display", "Fim da simula\303\247\303\243o" {0 0 0};
    %vpi_call 3 33 "$finish" {0 0 0};
    %end;
    .thread T_17;
    .scope S_0x55fb96d385a0;
T_18 ;
    %delay 10, 0;
    %load/vec4 v0x55fb96d9b020_0;
    %inv;
    %store/vec4 v0x55fb96d9b020_0, 0, 1;
    %jmp T_18;
    .thread T_18;
# The file index is used to find the file name in the following table.
:file_names 8;
    "N/A";
    "<interactive>";
    "Dataflow.v";
    "testbench.v";
    "processador.v";
    "memoria_ins.v";
    "polirv.v";
    "state_machineUC.v";
